<?xml version="1.0" encoding="UTF-8" standalone="yes"?>
<testsuites name="Complete_Wallet_UI" time="353" tests="10" failures="13" errors="0">
    <testsuite name="Complete_Wallet_UI" tests="10" failures="13" errors="0" time="353" timestamp="2019-10-11 16:14:59" hostname="vinayaka.prabhu - BLRW-36SF9X2.scientificgames.com" id="Test Suites/Complete_Wallet_UI/Complete_Wallet_UI">
        <properties>
            <property name="deviceName" value=""/>
            <property name="devicePlatform" value=""/>
            <property name="logFolder" value="C:\\Users\\vinayaka.prabhu\\Katalon Studio\\Unified_Wallet_UI_Test\\Reports\\Complete_Wallet_UI\\Complete_Wallet_UI\\20191011_161456"/>
            <property name="logFiles" value="C:\\Users\\vinayaka.prabhu\\Katalon Studio\\Unified_Wallet_UI_Test\\Reports\\Complete_Wallet_UI\\Complete_Wallet_UI\\20191011_161456\\execution0.log"/>
            <property name="attachments" value="C:\\Users\\vinayaka.prabhu\\Katalon Studio\\Unified_Wallet_UI_Test\\Reports\\Complete_Wallet_UI\\Complete_Wallet_UI\\20191011_161456\\1570790756230.png, C:\\Users\\vinayaka.prabhu\\Katalon Studio\\Unified_Wallet_UI_Test\\Reports\\Complete_Wallet_UI\\Complete_Wallet_UI\\20191011_161456\\1570790878837.png, C:\\Users\\vinayaka.prabhu\\Katalon Studio\\Unified_Wallet_UI_Test\\Reports\\Complete_Wallet_UI\\Complete_Wallet_UI\\20191011_161456\\1570790886655.png, C:\\Users\\vinayaka.prabhu\\Katalon Studio\\Unified_Wallet_UI_Test\\Reports\\Complete_Wallet_UI\\Complete_Wallet_UI\\20191011_161456\\1570790894434.png, C:\\Users\\vinayaka.prabhu\\Katalon Studio\\Unified_Wallet_UI_Test\\Reports\\Complete_Wallet_UI\\Complete_Wallet_UI\\20191011_161456\\1570790901591.png, C:\\Users\\vinayaka.prabhu\\Katalon Studio\\Unified_Wallet_UI_Test\\Reports\\Complete_Wallet_UI\\Complete_Wallet_UI\\20191011_161456\\1570790914969.png, C:\\Users\\vinayaka.prabhu\\Katalon Studio\\Unified_Wallet_UI_Test\\Reports\\Complete_Wallet_UI\\Complete_Wallet_UI\\20191011_161456\\1570790919371.png, C:\\Users\\vinayaka.prabhu\\Katalon Studio\\Unified_Wallet_UI_Test\\Reports\\Complete_Wallet_UI\\Complete_Wallet_UI\\20191011_161456\\1570790930472.png, C:\\Users\\vinayaka.prabhu\\Katalon Studio\\Unified_Wallet_UI_Test\\Reports\\Complete_Wallet_UI\\Complete_Wallet_UI\\20191011_161456\\1570790930860.png, C:\\Users\\vinayaka.prabhu\\Katalon Studio\\Unified_Wallet_UI_Test\\Reports\\Complete_Wallet_UI\\Complete_Wallet_UI\\20191011_161456\\1570790936339.png, C:\\Users\\vinayaka.prabhu\\Katalon Studio\\Unified_Wallet_UI_Test\\Reports\\Complete_Wallet_UI\\Complete_Wallet_UI\\20191011_161456\\1570790950400.png, C:\\Users\\vinayaka.prabhu\\Katalon Studio\\Unified_Wallet_UI_Test\\Reports\\Complete_Wallet_UI\\Complete_Wallet_UI\\20191011_161456\\1570790965524.png, C:\\Users\\vinayaka.prabhu\\Katalon Studio\\Unified_Wallet_UI_Test\\Reports\\Complete_Wallet_UI\\Complete_Wallet_UI\\20191011_161456\\1570790970567.png, C:\\Users\\vinayaka.prabhu\\Katalon Studio\\Unified_Wallet_UI_Test\\Reports\\Complete_Wallet_UI\\Complete_Wallet_UI\\20191011_161456\\1570790977764.png, C:\\Users\\vinayaka.prabhu\\Katalon Studio\\Unified_Wallet_UI_Test\\Reports\\Complete_Wallet_UI\\Complete_Wallet_UI\\20191011_161456\\1570791006446.png, C:\\Users\\vinayaka.prabhu\\Katalon Studio\\Unified_Wallet_UI_Test\\Reports\\Complete_Wallet_UI\\Complete_Wallet_UI\\20191011_161456\\1570791020669.png, C:\\Users\\vinayaka.prabhu\\Katalon Studio\\Unified_Wallet_UI_Test\\Reports\\Complete_Wallet_UI\\Complete_Wallet_UI\\20191011_161456\\1570791035124.png, C:\\Users\\vinayaka.prabhu\\Katalon Studio\\Unified_Wallet_UI_Test\\Reports\\Complete_Wallet_UI\\Complete_Wallet_UI\\20191011_161456\\1570791053279.png"/>
            <property name="hostName" value="vinayaka.prabhu - BLRW-36SF9X2.scientificgames.com"/>
            <property name="os" value="Windows 10 64bit"/>
            <property name="katalonVersion" value="6.2.2.4"/>
            <property name="browser" value="Chrome 77.0.3865.90"/>
            <property name="hostAddress" value="10.2.200.67"/>
            <property name="sessionId" value="f0117ddd287945a399a0d1351dac34f3"/>
            <property name="seleniumVersion" value="3.141.59"/>
            <property name="proxyInformation" value="ProxyInformation{proxyOption=NO_PROXY, proxyServerType=HTTP, password=, proxyServerAddress=, proxyServerPort=0}"/>
            <property name="platform" value="Windows 10"/>
        </properties>
        <testcase name="Test Cases/Login/AdminLogin_ShouldSucceed" classname="Test Cases/Login/AdminLogin_ShouldSucceed" status="PASSED">
            <system-out>2019-10-11 16:14:59 - [TEST_CASE][PASSED] - Test Cases/Login/AdminLogin_ShouldSucceed: Test Cases/Login/AdminLogin_ShouldSucceed&#xD;
&#xD;
2019-10-11 16:15:00 - [TEST_STEP][PASSED] - openBrowser(""): Browser is opened with url: ''&#xD;
&#xD;
2019-10-11 16:15:00 - [MESSAGE][INFO] - Starting 'Chrome' driver&#xD;
&#xD;
2019-10-11 16:15:00 - [MESSAGE][INFO] - Action delay is set to 0 seconds&#xD;
&#xD;
2019-10-11 16:15:04 - [MESSAGE][PASSED] - Browser is opened with url: ''&#xD;
&#xD;
2019-10-11 16:15:04 - [TEST_STEP][PASSED] - maximizeWindow(): Current window maximized&#xD;
&#xD;
2019-10-11 16:15:05 - [MESSAGE][PASSED] - Current window maximized&#xD;
&#xD;
2019-10-11 16:15:05 - [TEST_STEP][PASSED] - navigateToUrl(login_url): Navigate to 'https://10.2.200.37:8441/login' successfully&#xD;
&#xD;
2019-10-11 16:15:08 - [MESSAGE][PASSED] - Navigate to 'https://10.2.200.37:8441/login' successfully&#xD;
&#xD;
2019-10-11 16:15:08 - [TEST_STEP][PASSED] - setText(findTestObject("Object Repository/Login_OR/AdminLogin_ShouldSucceed/Page_Unified Wallet/input_Sign in_mat-input-0"), username_admin): Text 'admin' is set on object 'Object Repository/Login_OR/AdminLogin_ShouldSucceed/Page_Unified Wallet/input_Sign in_mat-input-0'&#xD;
&#xD;
2019-10-11 16:15:08 - [MESSAGE][PASSED] - Text 'admin' is set on object 'Object Repository/Login_OR/AdminLogin_ShouldSucceed/Page_Unified Wallet/input_Sign in_mat-input-0'&#xD;
&#xD;
2019-10-11 16:15:08 - [TEST_STEP][PASSED] - setEncryptedText(findTestObject("Object Repository/Login_OR/AdminLogin_ShouldSucceed/Page_Unified Wallet/input_Username_mat-input-1"), username_admins_Password): Text ****** has been set on object 'Object Repository/Login_OR/AdminLogin_ShouldSucceed/Page_Unified Wallet/input_Username_mat-input-1'&#xD;
&#xD;
2019-10-11 16:15:09 - [MESSAGE][PASSED] - Text ****** has been set on object 'Object Repository/Login_OR/AdminLogin_ShouldSucceed/Page_Unified Wallet/input_Username_mat-input-1'&#xD;
&#xD;
2019-10-11 16:15:09 - [TEST_STEP][PASSED] - click(findTestObject("Object Repository/Login_OR/AdminLogin_ShouldSucceed/Page_Unified Wallet/button_Login")): Object: 'Object Repository/Login_OR/AdminLogin_ShouldSucceed/Page_Unified Wallet/button_Login' is clicked on&#xD;
&#xD;
2019-10-11 16:15:09 - [MESSAGE][PASSED] - Object: 'Object Repository/Login_OR/AdminLogin_ShouldSucceed/Page_Unified Wallet/button_Login' is clicked on&#xD;
&#xD;
2019-10-11 16:15:09 - [TEST_STEP][PASSED] - delay(2): Delayed 2 second(s)&#xD;
&#xD;
2019-10-11 16:15:11 - [MESSAGE][PASSED] - Delayed 2 second(s)</system-out>
            <system-err></system-err>
        </testcase>
        <testcase name="Test Cases/Employee/Employee_Role_And_Task/Task Group/Add/Add_Role_new_ShoudlSucceed" classname="Test Cases/Employee/Employee_Role_And_Task/Task Group/Add/Add_Role_new_ShoudlSucceed" status="PASSED">
            <system-out>2019-10-11 16:15:11 - [TEST_CASE][PASSED] - Test Cases/Employee/Employee_Role_And_Task/Task Group/Add/Add_Role_new_ShoudlSucceed: Test Cases/Employee/Employee_Role_And_Task/Task Group/Add/Add_Role_new_ShoudlSucceed&#xD;
&#xD;
2019-10-11 16:15:11 - [TEST_STEP][PASSED] - callTestCase(findTestCase("Login/AdminLogin_ShouldSucceed"), [:], STOP_ON_FAILURE): Call Test Case 'Test Cases/Login/AdminLogin_ShouldSucceed' successfully&#xD;
&#xD;
2019-10-11 16:15:11 - [TEST_CASE][PASSED] - Test Cases/Login/AdminLogin_ShouldSucceed: Test Cases/Login/AdminLogin_ShouldSucceed&#xD;
&#xD;
2019-10-11 16:15:11 - [TEST_STEP][PASSED] - openBrowser(""): Browser is opened with url: ''&#xD;
&#xD;
2019-10-11 16:15:11 - [MESSAGE][WARNING] - A browser is already opened. Closing browser and opening a new one&#xD;
&#xD;
2019-10-11 16:15:12 - [MESSAGE][INFO] - Starting 'Chrome' driver&#xD;
&#xD;
2019-10-11 16:15:15 - [MESSAGE][PASSED] - Browser is opened with url: ''&#xD;
&#xD;
2019-10-11 16:15:15 - [TEST_STEP][PASSED] - maximizeWindow(): Current window maximized&#xD;
&#xD;
2019-10-11 16:15:16 - [MESSAGE][PASSED] - Current window maximized&#xD;
&#xD;
2019-10-11 16:15:16 - [TEST_STEP][PASSED] - navigateToUrl(login_url): Navigate to 'https://10.2.200.37:8441/login' successfully&#xD;
&#xD;
2019-10-11 16:15:18 - [MESSAGE][PASSED] - Navigate to 'https://10.2.200.37:8441/login' successfully&#xD;
&#xD;
2019-10-11 16:15:18 - [TEST_STEP][PASSED] - setText(findTestObject("Object Repository/Login_OR/AdminLogin_ShouldSucceed/Page_Unified Wallet/input_Sign in_mat-input-0"), username_admin): Text 'admin' is set on object 'Object Repository/Login_OR/AdminLogin_ShouldSucceed/Page_Unified Wallet/input_Sign in_mat-input-0'&#xD;
&#xD;
2019-10-11 16:15:18 - [MESSAGE][PASSED] - Text 'admin' is set on object 'Object Repository/Login_OR/AdminLogin_ShouldSucceed/Page_Unified Wallet/input_Sign in_mat-input-0'&#xD;
&#xD;
2019-10-11 16:15:18 - [TEST_STEP][PASSED] - setEncryptedText(findTestObject("Object Repository/Login_OR/AdminLogin_ShouldSucceed/Page_Unified Wallet/input_Username_mat-input-1"), username_admins_Password): Text ****** has been set on object 'Object Repository/Login_OR/AdminLogin_ShouldSucceed/Page_Unified Wallet/input_Username_mat-input-1'&#xD;
&#xD;
2019-10-11 16:15:18 - [MESSAGE][PASSED] - Text ****** has been set on object 'Object Repository/Login_OR/AdminLogin_ShouldSucceed/Page_Unified Wallet/input_Username_mat-input-1'&#xD;
&#xD;
2019-10-11 16:15:18 - [TEST_STEP][PASSED] - click(findTestObject("Object Repository/Login_OR/AdminLogin_ShouldSucceed/Page_Unified Wallet/button_Login")): Object: 'Object Repository/Login_OR/AdminLogin_ShouldSucceed/Page_Unified Wallet/button_Login' is clicked on&#xD;
&#xD;
2019-10-11 16:15:18 - [MESSAGE][PASSED] - Object: 'Object Repository/Login_OR/AdminLogin_ShouldSucceed/Page_Unified Wallet/button_Login' is clicked on&#xD;
&#xD;
2019-10-11 16:15:18 - [TEST_STEP][PASSED] - delay(2): Delayed 2 second(s)&#xD;
&#xD;
2019-10-11 16:15:20 - [MESSAGE][PASSED] - Delayed 2 second(s)&#xD;
&#xD;
2019-10-11 16:15:20 - [MESSAGE][PASSED] - Call Test Case 'Test Cases/Login/AdminLogin_ShouldSucceed' successfully&#xD;
&#xD;
2019-10-11 16:15:20 - [TEST_STEP][PASSED] - click(findTestObject("Object Repository/Employee/Employee_Role_And_Task_OR/Task Group_OR/Add_OR/Add_Role_new_shouldSucceed/Add_new_Tgroup/div_more_vert_hamburgerWrapper"), OPTIONAL): Object: 'Object Repository/Employee/Employee_Role_And_Task_OR/Task Group_OR/Add_OR/Add_Role_new_shouldSucceed/Add_new_Tgroup/div_more_vert_hamburgerWrapper' is clicked on&#xD;
&#xD;
2019-10-11 16:15:23 - [MESSAGE][PASSED] - Object: 'Object Repository/Employee/Employee_Role_And_Task_OR/Task Group_OR/Add_OR/Add_Role_new_shouldSucceed/Add_new_Tgroup/div_more_vert_hamburgerWrapper' is clicked on&#xD;
&#xD;
2019-10-11 16:15:23 - [TEST_STEP][PASSED] - click(findTestObject("Object Repository/Employee/Employee_Role_And_Task_OR/Task Group_OR/Add_OR/Add_Role_new_shouldSucceed/Add_new_Tgroup/i_account_circle")): Object: 'Object Repository/Employee/Employee_Role_And_Task_OR/Task Group_OR/Add_OR/Add_Role_new_shouldSucceed/Add_new_Tgroup/i_account_circle' is clicked on&#xD;
&#xD;
2019-10-11 16:15:23 - [MESSAGE][PASSED] - Object: 'Object Repository/Employee/Employee_Role_And_Task_OR/Task Group_OR/Add_OR/Add_Role_new_shouldSucceed/Add_new_Tgroup/i_account_circle' is clicked on&#xD;
&#xD;
2019-10-11 16:15:23 - [TEST_STEP][PASSED] - click(findTestObject("Object Repository/Employee/Employee_Role_And_Task_OR/Task Group_OR/Add_OR/Add_Role_new_shouldSucceed/Add_new_Tgroup/a_assignmentRole And Task")): Object: 'Object Repository/Employee/Employee_Role_And_Task_OR/Task Group_OR/Add_OR/Add_Role_new_shouldSucceed/Add_new_Tgroup/a_assignmentRole And Task' is clicked on&#xD;
&#xD;
2019-10-11 16:15:23 - [MESSAGE][PASSED] - Object: 'Object Repository/Employee/Employee_Role_And_Task_OR/Task Group_OR/Add_OR/Add_Role_new_shouldSucceed/Add_new_Tgroup/a_assignmentRole And Task' is clicked on&#xD;
&#xD;
2019-10-11 16:15:23 - [TEST_STEP][PASSED] - click(findTestObject("Object Repository/Employee/Employee_Role_And_Task_OR/Task Group_OR/Add_OR/Add_Role_new_shouldSucceed/Add_new_Tgroup/div_Task Group"), OPTIONAL): Object: 'Object Repository/Employee/Employee_Role_And_Task_OR/Task Group_OR/Add_OR/Add_Role_new_shouldSucceed/Add_new_Tgroup/div_Task Group' is clicked on&#xD;
&#xD;
2019-10-11 16:15:24 - [MESSAGE][PASSED] - Object: 'Object Repository/Employee/Employee_Role_And_Task_OR/Task Group_OR/Add_OR/Add_Role_new_shouldSucceed/Add_new_Tgroup/div_Task Group' is clicked on&#xD;
&#xD;
2019-10-11 16:15:24 - [TEST_STEP][PASSED] - click(findTestObject("Object Repository/Employee/Employee_Role_And_Task_OR/Task Group_OR/Add_OR/Add_Role_new_shouldSucceed/Add_new_Tgroup/div_Task Group_1")): Object: 'Object Repository/Employee/Employee_Role_And_Task_OR/Task Group_OR/Add_OR/Add_Role_new_shouldSucceed/Add_new_Tgroup/div_Task Group_1' is clicked on&#xD;
&#xD;
2019-10-11 16:15:24 - [MESSAGE][PASSED] - Object: 'Object Repository/Employee/Employee_Role_And_Task_OR/Task Group_OR/Add_OR/Add_Role_new_shouldSucceed/Add_new_Tgroup/div_Task Group_1' is clicked on&#xD;
&#xD;
2019-10-11 16:15:24 - [TEST_STEP][PASSED] - delay(1): Delayed 1 second(s)&#xD;
&#xD;
2019-10-11 16:15:25 - [MESSAGE][PASSED] - Delayed 1 second(s)&#xD;
&#xD;
2019-10-11 16:15:25 - [TEST_STEP][PASSED] - click(findTestObject("Object Repository/Employee/Employee_Role_And_Task_OR/Task Group_OR/Add_OR/Add_Role_new_shouldSucceed/Add_new_Tgroup/i_add")): Object: 'Object Repository/Employee/Employee_Role_And_Task_OR/Task Group_OR/Add_OR/Add_Role_new_shouldSucceed/Add_new_Tgroup/i_add' is clicked on&#xD;
&#xD;
2019-10-11 16:15:25 - [MESSAGE][PASSED] - Object: 'Object Repository/Employee/Employee_Role_And_Task_OR/Task Group_OR/Add_OR/Add_Role_new_shouldSucceed/Add_new_Tgroup/i_add' is clicked on&#xD;
&#xD;
2019-10-11 16:15:25 - [TEST_STEP][PASSED] - setText(findTestObject("Object Repository/Employee/Employee_Role_And_Task_OR/Task Group_OR/Add_OR/Add_Role_new_shouldSucceed/Add_new_Tgroup/input_Create Role_code"), taskgroup_code): Text 'TVINC' is set on object 'Object Repository/Employee/Employee_Role_And_Task_OR/Task Group_OR/Add_OR/Add_Role_new_shouldSucceed/Add_new_Tgroup/input_Create Role_code'&#xD;
&#xD;
2019-10-11 16:15:25 - [MESSAGE][PASSED] - Text 'TVINC' is set on object 'Object Repository/Employee/Employee_Role_And_Task_OR/Task Group_OR/Add_OR/Add_Role_new_shouldSucceed/Add_new_Tgroup/input_Create Role_code'&#xD;
&#xD;
2019-10-11 16:15:25 - [TEST_STEP][PASSED] - setText(findTestObject("Object Repository/Employee/Employee_Role_And_Task_OR/Task Group_OR/Add_OR/Add_Role_new_shouldSucceed/Add_new_Tgroup/input_OrganizationCode_name"), taskgroup_name): Text 'TVINN' is set on object 'Object Repository/Employee/Employee_Role_And_Task_OR/Task Group_OR/Add_OR/Add_Role_new_shouldSucceed/Add_new_Tgroup/input_OrganizationCode_name'&#xD;
&#xD;
2019-10-11 16:15:26 - [MESSAGE][PASSED] - Text 'TVINN' is set on object 'Object Repository/Employee/Employee_Role_And_Task_OR/Task Group_OR/Add_OR/Add_Role_new_shouldSucceed/Add_new_Tgroup/input_OrganizationCode_name'&#xD;
&#xD;
2019-10-11 16:15:26 - [TEST_STEP][PASSED] - setText(findTestObject("Object Repository/Employee/Employee_Role_And_Task_OR/Task Group_OR/Add_OR/Add_Role_new_shouldSucceed/Add_new_Tgroup/input_Name_description"), taskgroup_description): Text 'TVIND' is set on object 'Object Repository/Employee/Employee_Role_And_Task_OR/Task Group_OR/Add_OR/Add_Role_new_shouldSucceed/Add_new_Tgroup/input_Name_description'&#xD;
&#xD;
2019-10-11 16:15:26 - [MESSAGE][PASSED] - Text 'TVIND' is set on object 'Object Repository/Employee/Employee_Role_And_Task_OR/Task Group_OR/Add_OR/Add_Role_new_shouldSucceed/Add_new_Tgroup/input_Name_description'&#xD;
&#xD;
2019-10-11 16:15:26 - [TEST_STEP][PASSED] - click(findTestObject("Object Repository/Employee/Employee_Role_And_Task_OR/Task Group_OR/Add_OR/Add_Role_new_shouldSucceed/Add_new_Tgroup/div_Search_mat-checkbox-inner-container")): Object: 'Object Repository/Employee/Employee_Role_And_Task_OR/Task Group_OR/Add_OR/Add_Role_new_shouldSucceed/Add_new_Tgroup/div_Search_mat-checkbox-inner-container' is clicked on&#xD;
&#xD;
2019-10-11 16:15:26 - [MESSAGE][PASSED] - Object: 'Object Repository/Employee/Employee_Role_And_Task_OR/Task Group_OR/Add_OR/Add_Role_new_shouldSucceed/Add_new_Tgroup/div_Search_mat-checkbox-inner-container' is clicked on&#xD;
&#xD;
2019-10-11 16:15:26 - [TEST_STEP][PASSED] - click(findTestObject("Object Repository/Employee/Employee_Role_And_Task_OR/Task Group_OR/Add_OR/Add_Role_new_shouldSucceed/Add_new_Tgroup/button_Proceed")): Object: 'Object Repository/Employee/Employee_Role_And_Task_OR/Task Group_OR/Add_OR/Add_Role_new_shouldSucceed/Add_new_Tgroup/button_Proceed' is clicked on&#xD;
&#xD;
2019-10-11 16:15:26 - [MESSAGE][PASSED] - Object: 'Object Repository/Employee/Employee_Role_And_Task_OR/Task Group_OR/Add_OR/Add_Role_new_shouldSucceed/Add_new_Tgroup/button_Proceed' is clicked on&#xD;
&#xD;
2019-10-11 16:15:26 - [TEST_STEP][PASSED] - delay(1): Delayed 1 second(s)&#xD;
&#xD;
2019-10-11 16:15:27 - [MESSAGE][PASSED] - Delayed 1 second(s)&#xD;
&#xD;
2019-10-11 16:15:27 - [TEST_STEP][PASSED] - click(findTestObject("Object Repository/Employee/Employee_Role_And_Task_OR/Task Group_OR/Add_OR/Add_Role_new_shouldSucceed/Add_new_Tgroup/div_Search_mat-checkbox-inner-container_1")): Object: 'Object Repository/Employee/Employee_Role_And_Task_OR/Task Group_OR/Add_OR/Add_Role_new_shouldSucceed/Add_new_Tgroup/div_Search_mat-checkbox-inner-container_1' is clicked on&#xD;
&#xD;
2019-10-11 16:15:27 - [MESSAGE][PASSED] - Object: 'Object Repository/Employee/Employee_Role_And_Task_OR/Task Group_OR/Add_OR/Add_Role_new_shouldSucceed/Add_new_Tgroup/div_Search_mat-checkbox-inner-container_1' is clicked on&#xD;
&#xD;
2019-10-11 16:15:27 - [TEST_STEP][PASSED] - click(findTestObject("Object Repository/Employee/Employee_Role_And_Task_OR/Task Group_OR/Add_OR/Add_Role_new_shouldSucceed/Add_new_Tgroup/button_Save")): Object: 'Object Repository/Employee/Employee_Role_And_Task_OR/Task Group_OR/Add_OR/Add_Role_new_shouldSucceed/Add_new_Tgroup/button_Save' is clicked on&#xD;
&#xD;
2019-10-11 16:15:27 - [MESSAGE][PASSED] - Object: 'Object Repository/Employee/Employee_Role_And_Task_OR/Task Group_OR/Add_OR/Add_Role_new_shouldSucceed/Add_new_Tgroup/button_Save' is clicked on&#xD;
&#xD;
2019-10-11 16:15:27 - [TEST_STEP][PASSED] - verifyTextPresent("", false): Text '' is present on page &#xD;
&#xD;
2019-10-11 16:15:27 - [MESSAGE][PASSED] - Text '' is present on page &#xD;
&#xD;
2019-10-11 16:15:27 - [TEST_STEP][PASSED] - click(findTestObject("Object Repository/Employee/Employee_Role_And_Task_OR/Task Group_OR/Add_OR/Add_Role_new_shouldSucceed/Add_new_Tgroup/button_Ok")): Object: 'Object Repository/Employee/Employee_Role_And_Task_OR/Task Group_OR/Add_OR/Add_Role_new_shouldSucceed/Add_new_Tgroup/button_Ok' is clicked on&#xD;
&#xD;
2019-10-11 16:15:28 - [MESSAGE][PASSED] - Object: 'Object Repository/Employee/Employee_Role_And_Task_OR/Task Group_OR/Add_OR/Add_Role_new_shouldSucceed/Add_new_Tgroup/button_Ok' is clicked on&#xD;
&#xD;
2019-10-11 16:15:28 - [TEST_STEP][PASSED] - closeBrowser(): Browser is closed&#xD;
&#xD;
2019-10-11 16:15:29 - [MESSAGE][PASSED] - Browser is closed</system-out>
            <system-err></system-err>
        </testcase>
        <testcase name="Test Cases/Employee/Employee_Role_And_Task/Task Group/Add/Add_Role_existing_ShouldgiveErrorMessage" classname="Test Cases/Employee/Employee_Role_And_Task/Task Group/Add/Add_Role_existing_ShouldgiveErrorMessage" status="PASSED">
            <system-out>2019-10-11 16:15:29 - [TEST_CASE][PASSED] - Test Cases/Employee/Employee_Role_And_Task/Task Group/Add/Add_Role_existing_ShouldgiveErrorMessage: Test Cases/Employee/Employee_Role_And_Task/Task Group/Add/Add_Role_existing_ShouldgiveErrorMessage&#xD;
&#xD;
2019-10-11 16:15:29 - [TEST_STEP][PASSED] - callTestCase(findTestCase("Login/AdminLogin_ShouldSucceed"), [:], STOP_ON_FAILURE): Call Test Case 'Test Cases/Login/AdminLogin_ShouldSucceed' successfully&#xD;
&#xD;
2019-10-11 16:15:29 - [TEST_CASE][PASSED] - Test Cases/Login/AdminLogin_ShouldSucceed: Test Cases/Login/AdminLogin_ShouldSucceed&#xD;
&#xD;
2019-10-11 16:15:29 - [TEST_STEP][PASSED] - openBrowser(""): Browser is opened with url: ''&#xD;
&#xD;
2019-10-11 16:15:29 - [MESSAGE][INFO] - Starting 'Chrome' driver&#xD;
&#xD;
2019-10-11 16:15:32 - [MESSAGE][PASSED] - Browser is opened with url: ''&#xD;
&#xD;
2019-10-11 16:15:32 - [TEST_STEP][PASSED] - maximizeWindow(): Current window maximized&#xD;
&#xD;
2019-10-11 16:15:33 - [MESSAGE][PASSED] - Current window maximized&#xD;
&#xD;
2019-10-11 16:15:33 - [TEST_STEP][PASSED] - navigateToUrl(login_url): Navigate to 'https://10.2.200.37:8441/login' successfully&#xD;
&#xD;
2019-10-11 16:15:34 - [MESSAGE][PASSED] - Navigate to 'https://10.2.200.37:8441/login' successfully&#xD;
&#xD;
2019-10-11 16:15:34 - [TEST_STEP][PASSED] - setText(findTestObject("Object Repository/Login_OR/AdminLogin_ShouldSucceed/Page_Unified Wallet/input_Sign in_mat-input-0"), username_admin): Text 'admin' is set on object 'Object Repository/Login_OR/AdminLogin_ShouldSucceed/Page_Unified Wallet/input_Sign in_mat-input-0'&#xD;
&#xD;
2019-10-11 16:15:35 - [MESSAGE][PASSED] - Text 'admin' is set on object 'Object Repository/Login_OR/AdminLogin_ShouldSucceed/Page_Unified Wallet/input_Sign in_mat-input-0'&#xD;
&#xD;
2019-10-11 16:15:35 - [TEST_STEP][PASSED] - setEncryptedText(findTestObject("Object Repository/Login_OR/AdminLogin_ShouldSucceed/Page_Unified Wallet/input_Username_mat-input-1"), username_admins_Password): Text ****** has been set on object 'Object Repository/Login_OR/AdminLogin_ShouldSucceed/Page_Unified Wallet/input_Username_mat-input-1'&#xD;
&#xD;
2019-10-11 16:15:35 - [MESSAGE][PASSED] - Text ****** has been set on object 'Object Repository/Login_OR/AdminLogin_ShouldSucceed/Page_Unified Wallet/input_Username_mat-input-1'&#xD;
&#xD;
2019-10-11 16:15:35 - [TEST_STEP][PASSED] - click(findTestObject("Object Repository/Login_OR/AdminLogin_ShouldSucceed/Page_Unified Wallet/button_Login")): Object: 'Object Repository/Login_OR/AdminLogin_ShouldSucceed/Page_Unified Wallet/button_Login' is clicked on&#xD;
&#xD;
2019-10-11 16:15:35 - [MESSAGE][PASSED] - Object: 'Object Repository/Login_OR/AdminLogin_ShouldSucceed/Page_Unified Wallet/button_Login' is clicked on&#xD;
&#xD;
2019-10-11 16:15:35 - [TEST_STEP][PASSED] - delay(2): Delayed 2 second(s)&#xD;
&#xD;
2019-10-11 16:15:37 - [MESSAGE][PASSED] - Delayed 2 second(s)&#xD;
&#xD;
2019-10-11 16:15:37 - [MESSAGE][PASSED] - Call Test Case 'Test Cases/Login/AdminLogin_ShouldSucceed' successfully&#xD;
&#xD;
2019-10-11 16:15:37 - [TEST_STEP][PASSED] - click(findTestObject("Object Repository/Employee/Employee_Role_And_Task_OR/Task Group_OR/Add_OR/Add_Role_Existing_ShouldgiveErorMessage/div_more_vert_hamburgerWrapper"), OPTIONAL): Object: 'Object Repository/Employee/Employee_Role_And_Task_OR/Task Group_OR/Add_OR/Add_Role_Existing_ShouldgiveErorMessage/div_more_vert_hamburgerWrapper' is clicked on&#xD;
&#xD;
2019-10-11 16:15:37 - [MESSAGE][PASSED] - Object: 'Object Repository/Employee/Employee_Role_And_Task_OR/Task Group_OR/Add_OR/Add_Role_Existing_ShouldgiveErorMessage/div_more_vert_hamburgerWrapper' is clicked on&#xD;
&#xD;
2019-10-11 16:15:37 - [TEST_STEP][PASSED] - click(findTestObject("Object Repository/Employee/Employee_Role_And_Task_OR/Task Group_OR/Add_OR/Add_Role_Existing_ShouldgiveErorMessage/a_account_circleEmployee")): Object: 'Object Repository/Employee/Employee_Role_And_Task_OR/Task Group_OR/Add_OR/Add_Role_Existing_ShouldgiveErorMessage/a_account_circleEmployee' is clicked on&#xD;
&#xD;
2019-10-11 16:15:37 - [MESSAGE][PASSED] - Object: 'Object Repository/Employee/Employee_Role_And_Task_OR/Task Group_OR/Add_OR/Add_Role_Existing_ShouldgiveErorMessage/a_account_circleEmployee' is clicked on&#xD;
&#xD;
2019-10-11 16:15:37 - [TEST_STEP][PASSED] - click(findTestObject("Object Repository/Employee/Employee_Role_And_Task_OR/Task Group_OR/Add_OR/Add_Role_Existing_ShouldgiveErorMessage/a_assignmentRole And Task")): Object: 'Object Repository/Employee/Employee_Role_And_Task_OR/Task Group_OR/Add_OR/Add_Role_Existing_ShouldgiveErorMessage/a_assignmentRole And Task' is clicked on&#xD;
&#xD;
2019-10-11 16:15:37 - [MESSAGE][PASSED] - Object: 'Object Repository/Employee/Employee_Role_And_Task_OR/Task Group_OR/Add_OR/Add_Role_Existing_ShouldgiveErorMessage/a_assignmentRole And Task' is clicked on&#xD;
&#xD;
2019-10-11 16:15:37 - [TEST_STEP][PASSED] - click(findTestObject("Object Repository/Employee/Employee_Role_And_Task_OR/Task Group_OR/Add_OR/Add_Role_Existing_ShouldgiveErorMessage/div_Task Group")): Object: 'Object Repository/Employee/Employee_Role_And_Task_OR/Task Group_OR/Add_OR/Add_Role_Existing_ShouldgiveErorMessage/div_Task Group' is clicked on&#xD;
&#xD;
2019-10-11 16:15:38 - [MESSAGE][PASSED] - Object: 'Object Repository/Employee/Employee_Role_And_Task_OR/Task Group_OR/Add_OR/Add_Role_Existing_ShouldgiveErorMessage/div_Task Group' is clicked on&#xD;
&#xD;
2019-10-11 16:15:38 - [TEST_STEP][PASSED] - delay(1): Delayed 1 second(s)&#xD;
&#xD;
2019-10-11 16:15:39 - [MESSAGE][PASSED] - Delayed 1 second(s)&#xD;
&#xD;
2019-10-11 16:15:39 - [TEST_STEP][PASSED] - click(findTestObject("Object Repository/Employee/Employee_Role_And_Task_OR/Task Group_OR/Add_OR/Add_Role_Existing_ShouldgiveErorMessage/i_add")): Object: 'Object Repository/Employee/Employee_Role_And_Task_OR/Task Group_OR/Add_OR/Add_Role_Existing_ShouldgiveErorMessage/i_add' is clicked on&#xD;
&#xD;
2019-10-11 16:15:39 - [MESSAGE][PASSED] - Object: 'Object Repository/Employee/Employee_Role_And_Task_OR/Task Group_OR/Add_OR/Add_Role_Existing_ShouldgiveErorMessage/i_add' is clicked on&#xD;
&#xD;
2019-10-11 16:15:39 - [TEST_STEP][PASSED] - setText(findTestObject("Object Repository/Employee/Employee_Role_And_Task_OR/Task Group_OR/Add_OR/Add_Role_Existing_ShouldgiveErorMessage/input_Create Role_code"), taskgroup_code): Text 'TVINC' is set on object 'Object Repository/Employee/Employee_Role_And_Task_OR/Task Group_OR/Add_OR/Add_Role_Existing_ShouldgiveErorMessage/input_Create Role_code'&#xD;
&#xD;
2019-10-11 16:15:39 - [MESSAGE][PASSED] - Text 'TVINC' is set on object 'Object Repository/Employee/Employee_Role_And_Task_OR/Task Group_OR/Add_OR/Add_Role_Existing_ShouldgiveErorMessage/input_Create Role_code'&#xD;
&#xD;
2019-10-11 16:15:39 - [TEST_STEP][PASSED] - setText(findTestObject("Object Repository/Employee/Employee_Role_And_Task_OR/Task Group_OR/Add_OR/Add_Role_Existing_ShouldgiveErorMessage/input_OrganizationCode_name"), taskgroup_name): Text 'TVINN' is set on object 'Object Repository/Employee/Employee_Role_And_Task_OR/Task Group_OR/Add_OR/Add_Role_Existing_ShouldgiveErorMessage/input_OrganizationCode_name'&#xD;
&#xD;
2019-10-11 16:15:39 - [MESSAGE][PASSED] - Text 'TVINN' is set on object 'Object Repository/Employee/Employee_Role_And_Task_OR/Task Group_OR/Add_OR/Add_Role_Existing_ShouldgiveErorMessage/input_OrganizationCode_name'&#xD;
&#xD;
2019-10-11 16:15:39 - [TEST_STEP][PASSED] - setText(findTestObject("Object Repository/Employee/Employee_Role_And_Task_OR/Task Group_OR/Add_OR/Add_Role_Existing_ShouldgiveErorMessage/input_Name_description"), taskgroup_description): Text 'TVIND' is set on object 'Object Repository/Employee/Employee_Role_And_Task_OR/Task Group_OR/Add_OR/Add_Role_Existing_ShouldgiveErorMessage/input_Name_description'&#xD;
&#xD;
2019-10-11 16:15:40 - [MESSAGE][PASSED] - Text 'TVIND' is set on object 'Object Repository/Employee/Employee_Role_And_Task_OR/Task Group_OR/Add_OR/Add_Role_Existing_ShouldgiveErorMessage/input_Name_description'&#xD;
&#xD;
2019-10-11 16:15:40 - [TEST_STEP][PASSED] - delay(1): Delayed 1 second(s)&#xD;
&#xD;
2019-10-11 16:15:41 - [MESSAGE][PASSED] - Delayed 1 second(s)&#xD;
&#xD;
2019-10-11 16:15:41 - [TEST_STEP][PASSED] - check(findTestObject("Object Repository/Employee/Employee_Role_And_Task_OR/Task Group_OR/Add_OR/Add_Role_Existing_ShouldgiveErorMessage/div_Search_mat-checkbox-inner-container")): Object 'Object Repository/Employee/Employee_Role_And_Task_OR/Task Group_OR/Add_OR/Add_Role_Existing_ShouldgiveErorMessage/div_Search_mat-checkbox-inner-container' is checked&#xD;
&#xD;
2019-10-11 16:15:41 - [MESSAGE][PASSED] - Object 'Object Repository/Employee/Employee_Role_And_Task_OR/Task Group_OR/Add_OR/Add_Role_Existing_ShouldgiveErorMessage/div_Search_mat-checkbox-inner-container' is checked&#xD;
&#xD;
2019-10-11 16:15:41 - [TEST_STEP][PASSED] - click(findTestObject("Object Repository/Employee/Employee_Role_And_Task_OR/Task Group_OR/Add_OR/Add_Role_Existing_ShouldgiveErorMessage/button_Proceed")): Object: 'Object Repository/Employee/Employee_Role_And_Task_OR/Task Group_OR/Add_OR/Add_Role_Existing_ShouldgiveErorMessage/button_Proceed' is clicked on&#xD;
&#xD;
2019-10-11 16:15:41 - [MESSAGE][PASSED] - Object: 'Object Repository/Employee/Employee_Role_And_Task_OR/Task Group_OR/Add_OR/Add_Role_Existing_ShouldgiveErorMessage/button_Proceed' is clicked on&#xD;
&#xD;
2019-10-11 16:15:41 - [TEST_STEP][PASSED] - delay(1): Delayed 1 second(s)&#xD;
&#xD;
2019-10-11 16:15:42 - [MESSAGE][PASSED] - Delayed 1 second(s)&#xD;
&#xD;
2019-10-11 16:15:42 - [TEST_STEP][PASSED] - check(findTestObject("Object Repository/Employee/Employee_Role_And_Task_OR/Task Group_OR/Add_OR/Add_Role_Existing_ShouldgiveErorMessage/div_Search_mat-checkbox-inner-container_1")): Object 'Object Repository/Employee/Employee_Role_And_Task_OR/Task Group_OR/Add_OR/Add_Role_Existing_ShouldgiveErorMessage/div_Search_mat-checkbox-inner-container_1' is checked&#xD;
&#xD;
2019-10-11 16:15:42 - [MESSAGE][PASSED] - Object 'Object Repository/Employee/Employee_Role_And_Task_OR/Task Group_OR/Add_OR/Add_Role_Existing_ShouldgiveErorMessage/div_Search_mat-checkbox-inner-container_1' is checked&#xD;
&#xD;
2019-10-11 16:15:42 - [TEST_STEP][PASSED] - click(findTestObject("Object Repository/Employee/Employee_Role_And_Task_OR/Task Group_OR/Add_OR/Add_Role_Existing_ShouldgiveErorMessage/button_Save")): Object: 'Object Repository/Employee/Employee_Role_And_Task_OR/Task Group_OR/Add_OR/Add_Role_Existing_ShouldgiveErorMessage/button_Save' is clicked on&#xD;
&#xD;
2019-10-11 16:15:42 - [MESSAGE][PASSED] - Object: 'Object Repository/Employee/Employee_Role_And_Task_OR/Task Group_OR/Add_OR/Add_Role_Existing_ShouldgiveErorMessage/button_Save' is clicked on&#xD;
&#xD;
2019-10-11 16:15:42 - [TEST_STEP][PASSED] - delay(1): Delayed 1 second(s)&#xD;
&#xD;
2019-10-11 16:15:43 - [MESSAGE][PASSED] - Delayed 1 second(s)&#xD;
&#xD;
2019-10-11 16:15:43 - [TEST_STEP][PASSED] - verifyTextPresent("Task Group name already exists", false): Text 'Task Group name already exists' is present on page &#xD;
&#xD;
2019-10-11 16:15:43 - [MESSAGE][PASSED] - Text 'Task Group name already exists' is present on page &#xD;
&#xD;
2019-10-11 16:15:43 - [TEST_STEP][PASSED] - click(findTestObject("Object Repository/Employee/Employee_Role_And_Task_OR/Task Group_OR/Add_OR/Add_Role_Existing_ShouldgiveErorMessage/button_OK")): Object: 'Object Repository/Employee/Employee_Role_And_Task_OR/Task Group_OR/Add_OR/Add_Role_Existing_ShouldgiveErorMessage/button_OK' is clicked on&#xD;
&#xD;
2019-10-11 16:15:43 - [MESSAGE][PASSED] - Object: 'Object Repository/Employee/Employee_Role_And_Task_OR/Task Group_OR/Add_OR/Add_Role_Existing_ShouldgiveErorMessage/button_OK' is clicked on&#xD;
&#xD;
2019-10-11 16:15:43 - [TEST_STEP][PASSED] - click(findTestObject("Object Repository/Employee/Employee_Role_And_Task_OR/Task Group_OR/Add_OR/Add_Role_Existing_ShouldgiveErorMessage/button_Cancel")): Object: 'Object Repository/Employee/Employee_Role_And_Task_OR/Task Group_OR/Add_OR/Add_Role_Existing_ShouldgiveErorMessage/button_Cancel' is clicked on&#xD;
&#xD;
2019-10-11 16:15:43 - [MESSAGE][PASSED] - Object: 'Object Repository/Employee/Employee_Role_And_Task_OR/Task Group_OR/Add_OR/Add_Role_Existing_ShouldgiveErorMessage/button_Cancel' is clicked on&#xD;
&#xD;
2019-10-11 16:15:43 - [TEST_STEP][PASSED] - closeBrowser(): Browser is closed&#xD;
&#xD;
2019-10-11 16:15:44 - [MESSAGE][PASSED] - Browser is closed</system-out>
            <system-err></system-err>
        </testcase>
        <testcase name="Test Cases/Employee/Employee_Role_And_Task/Task Group/Edit/Edit_ShouldSucceed" classname="Test Cases/Employee/Employee_Role_And_Task/Task Group/Edit/Edit_ShouldSucceed" status="FAILED">
            <failure type="FAILED" message="Test Cases/Employee/Employee_Role_And_Task/Task Group/Edit/Edit_ShouldSucceed FAILED.&#xA;Reason:&#xA;com.kms.katalon.core.exception.StepFailedException: Unable to click on object 'Object Repository/Employee/Employee_Role_And_Task_OR/Task Group_OR/Edit_OR/Edit_should_succeed/div_Search_mat-checkbox-inner-container'&#xD;&#xA;&#x9;at com.kms.katalon.core.webui.keyword.internal.WebUIKeywordMain.stepFailed(WebUIKeywordMain.groovy:64)&#xD;&#xA;&#x9;at com.kms.katalon.core.webui.keyword.internal.WebUIKeywordMain.runKeyword(WebUIKeywordMain.groovy:26)&#xD;&#xA;&#x9;at com.kms.katalon.core.webui.keyword.builtin.ClickKeyword.click(ClickKeyword.groovy:86)&#xD;&#xA;&#x9;at com.kms.katalon.core.webui.keyword.builtin.ClickKeyword.execute(ClickKeyword.groovy:67)&#xD;&#xA;&#x9;at com.kms.katalon.core.keyword.internal.KeywordExecutor.executeKeywordForPlatform(KeywordExecutor.groovy:56)&#xD;&#xA;&#x9;at com.kms.katalon.core.webui.keyword.WebUiBuiltInKeywords.click(WebUiBuiltInKeywords.groovy:616)&#xD;&#xA;&#x9;at com.kms.katalon.core.webui.keyword.WebUiBuiltInKeywords$click$4.call(Unknown Source)&#xD;&#xA;&#x9;at Edit_ShouldSucceed.run(Edit_ShouldSucceed:36)&#xD;&#xA;&#x9;at com.kms.katalon.core.main.ScriptEngine.run(ScriptEngine.java:194)&#xD;&#xA;&#x9;at com.kms.katalon.core.main.ScriptEngine.runScriptAsRawText(ScriptEngine.java:119)&#xD;&#xA;&#x9;at com.kms.katalon.core.main.TestCaseExecutor.runScript(TestCaseExecutor.java:337)&#xD;&#xA;&#x9;at com.kms.katalon.core.main.TestCaseExecutor.doExecute(TestCaseExecutor.java:328)&#xD;&#xA;&#x9;at com.kms.katalon.core.main.TestCaseExecutor.processExecutionPhase(TestCaseExecutor.java:307)&#xD;&#xA;&#x9;at com.kms.katalon.core.main.TestCaseExecutor.accessMainPhase(TestCaseExecutor.java:299)&#xD;&#xA;&#x9;at com.kms.katalon.core.main.TestCaseExecutor.execute(TestCaseExecutor.java:233)&#xD;&#xA;&#x9;at com.kms.katalon.core.main.TestSuiteExecutor.accessTestCaseMainPhase(TestSuiteExecutor.java:133)&#xD;&#xA;&#x9;at com.kms.katalon.core.main.TestSuiteExecutor.accessTestSuiteMainPhase(TestSuiteExecutor.java:116)&#xD;&#xA;&#x9;at com.kms.katalon.core.main.TestSuiteExecutor.execute(TestSuiteExecutor.java:83)&#xD;&#xA;&#x9;at com.kms.katalon.core.main.TestCaseMain.startTestSuite(TestCaseMain.java:157)&#xD;&#xA;&#x9;at com.kms.katalon.core.main.TestCaseMain$startTestSuite$0.call(Unknown Source)&#xD;&#xA;&#x9;at TempTestSuite1570790696642.run(TempTestSuite1570790696642.groovy:35)&#xD;&#xA;Caused by: org.openqa.selenium.ElementNotInteractableException: element not interactable&#xA;  (Session info: chrome=77.0.3865.90)&#xA;Build info: version: '3.141.59', revision: 'e82be7d358', time: '2018-11-14T08:25:53'&#xA;System info: host: 'BLRW-36SF9X2', ip: '10.2.200.67', os.name: 'Windows 10', os.arch: 'amd64', os.version: '10.0', java.version: '1.8.0_181'&#xA;Driver info: com.kms.katalon.selenium.driver.CChromeDriver&#xA;Capabilities {acceptInsecureCerts: false, browserName: chrome, browserVersion: 77.0.3865.90, chrome: {chromedriverVersion: 76.0.3809.25 (a0c95f440512e..., userDataDir: C:\Users\VINAYA~1.PRA\AppDa...}, goog:chromeOptions: {debuggerAddress: localhost:63643}, javascriptEnabled: true, networkConnectionEnabled: false, pageLoadStrategy: normal, platform: XP, platformName: XP, proxy: Proxy(), setWindowRect: true, strictFileInteractability: false, timeouts: {implicit: 0, pageLoad: 300000, script: 30000}, unhandledPromptBehavior: dismiss and notify}&#xA;Session ID: 4f0eeca5d8eddec1f81b0bc7fda6e7bd&#xD;&#xA;&#x9;at org.openqa.selenium.remote.http.W3CHttpResponseCodec.createException(W3CHttpResponseCodec.java:187)&#xD;&#xA;&#x9;at org.openqa.selenium.remote.http.W3CHttpResponseCodec.decode(W3CHttpResponseCodec.java:122)&#xD;&#xA;&#x9;at org.openqa.selenium.remote.http.W3CHttpResponseCodec.decode(W3CHttpResponseCodec.java:49)&#xD;&#xA;&#x9;at org.openqa.selenium.remote.HttpCommandExecutor.execute(HttpCommandExecutor.java:158)&#xD;&#xA;&#x9;at org.openqa.selenium.remote.service.DriverCommandExecutor.execute(DriverCommandExecutor.java:83)&#xD;&#xA;&#x9;at org.openqa.selenium.remote.RemoteWebDriver.execute(RemoteWebDriver.java:552)&#xD;&#xA;&#x9;at com.kms.katalon.selenium.driver.CChromeDriver.execute(CChromeDriver.java:20)&#xD;&#xA;&#x9;at org.openqa.selenium.remote.RemoteWebElement.execute(RemoteWebElement.java:285)&#xD;&#xA;&#x9;at org.openqa.selenium.remote.RemoteWebElement.click(RemoteWebElement.java:84)&#xD;&#xA;&#x9;at com.kms.katalon.core.webui.keyword.builtin.ClickKeyword$_click_closure1.doCall(ClickKeyword.groovy:79)&#xD;&#xA;&#x9;at com.kms.katalon.core.webui.keyword.builtin.ClickKeyword$_click_closure1.call(ClickKeyword.groovy)&#xD;&#xA;&#x9;at com.kms.katalon.core.webui.keyword.internal.WebUIKeywordMain.runKeyword(WebUIKeywordMain.groovy:20)&#xD;&#xA;&#x9;... 19 more&#xD;&#xA;"/>
            <system-out>2019-10-11 16:15:44 - [TEST_CASE][FAILED] - Test Cases/Employee/Employee_Role_And_Task/Task Group/Edit/Edit_ShouldSucceed: Test Cases/Employee/Employee_Role_And_Task/Task Group/Edit/Edit_ShouldSucceed FAILED.
Reason:
com.kms.katalon.core.exception.StepFailedException: Unable to click on object 'Object Repository/Employee/Employee_Role_And_Task_OR/Task Group_OR/Edit_OR/Edit_should_succeed/div_Search_mat-checkbox-inner-container'&#xD;
	at com.kms.katalon.core.webui.keyword.internal.WebUIKeywordMain.stepFailed(WebUIKeywordMain.groovy:64)&#xD;
	at com.kms.katalon.core.webui.keyword.internal.WebUIKeywordMain.runKeyword(WebUIKeywordMain.groovy:26)&#xD;
	at com.kms.katalon.core.webui.keyword.builtin.ClickKeyword.click(ClickKeyword.groovy:86)&#xD;
	at com.kms.katalon.core.webui.keyword.builtin.ClickKeyword.execute(ClickKeyword.groovy:67)&#xD;
	at com.kms.katalon.core.keyword.internal.KeywordExecutor.executeKeywordForPlatform(KeywordExecutor.groovy:56)&#xD;
	at com.kms.katalon.core.webui.keyword.WebUiBuiltInKeywords.click(WebUiBuiltInKeywords.groovy:616)&#xD;
	at com.kms.katalon.core.webui.keyword.WebUiBuiltInKeywords$click$4.call(Unknown Source)&#xD;
	at Edit_ShouldSucceed.run(Edit_ShouldSucceed:36)&#xD;
	at com.kms.katalon.core.main.ScriptEngine.run(ScriptEngine.java:194)&#xD;
	at com.kms.katalon.core.main.ScriptEngine.runScriptAsRawText(ScriptEngine.java:119)&#xD;
	at com.kms.katalon.core.main.TestCaseExecutor.runScript(TestCaseExecutor.java:337)&#xD;
	at com.kms.katalon.core.main.TestCaseExecutor.doExecute(TestCaseExecutor.java:328)&#xD;
	at com.kms.katalon.core.main.TestCaseExecutor.processExecutionPhase(TestCaseExecutor.java:307)&#xD;
	at com.kms.katalon.core.main.TestCaseExecutor.accessMainPhase(TestCaseExecutor.java:299)&#xD;
	at com.kms.katalon.core.main.TestCaseExecutor.execute(TestCaseExecutor.java:233)&#xD;
	at com.kms.katalon.core.main.TestSuiteExecutor.accessTestCaseMainPhase(TestSuiteExecutor.java:133)&#xD;
	at com.kms.katalon.core.main.TestSuiteExecutor.accessTestSuiteMainPhase(TestSuiteExecutor.java:116)&#xD;
	at com.kms.katalon.core.main.TestSuiteExecutor.execute(TestSuiteExecutor.java:83)&#xD;
	at com.kms.katalon.core.main.TestCaseMain.startTestSuite(TestCaseMain.java:157)&#xD;
	at com.kms.katalon.core.main.TestCaseMain$startTestSuite$0.call(Unknown Source)&#xD;
	at TempTestSuite1570790696642.run(TempTestSuite1570790696642.groovy:35)&#xD;
Caused by: org.openqa.selenium.ElementNotInteractableException: element not interactable
  (Session info: chrome=77.0.3865.90)
Build info: version: '3.141.59', revision: 'e82be7d358', time: '2018-11-14T08:25:53'
System info: host: 'BLRW-36SF9X2', ip: '10.2.200.67', os.name: 'Windows 10', os.arch: 'amd64', os.version: '10.0', java.version: '1.8.0_181'
Driver info: com.kms.katalon.selenium.driver.CChromeDriver
Capabilities {acceptInsecureCerts: false, browserName: chrome, browserVersion: 77.0.3865.90, chrome: {chromedriverVersion: 76.0.3809.25 (a0c95f440512e..., userDataDir: C:\Users\VINAYA~1.PRA\AppDa...}, goog:chromeOptions: {debuggerAddress: localhost:63643}, javascriptEnabled: true, networkConnectionEnabled: false, pageLoadStrategy: normal, platform: XP, platformName: XP, proxy: Proxy(), setWindowRect: true, strictFileInteractability: false, timeouts: {implicit: 0, pageLoad: 300000, script: 30000}, unhandledPromptBehavior: dismiss and notify}
Session ID: 4f0eeca5d8eddec1f81b0bc7fda6e7bd&#xD;
	at org.openqa.selenium.remote.http.W3CHttpResponseCodec.createException(W3CHttpResponseCodec.java:187)&#xD;
	at org.openqa.selenium.remote.http.W3CHttpResponseCodec.decode(W3CHttpResponseCodec.java:122)&#xD;
	at org.openqa.selenium.remote.http.W3CHttpResponseCodec.decode(W3CHttpResponseCodec.java:49)&#xD;
	at org.openqa.selenium.remote.HttpCommandExecutor.execute(HttpCommandExecutor.java:158)&#xD;
	at org.openqa.selenium.remote.service.DriverCommandExecutor.execute(DriverCommandExecutor.java:83)&#xD;
	at org.openqa.selenium.remote.RemoteWebDriver.execute(RemoteWebDriver.java:552)&#xD;
	at com.kms.katalon.selenium.driver.CChromeDriver.execute(CChromeDriver.java:20)&#xD;
	at org.openqa.selenium.remote.RemoteWebElement.execute(RemoteWebElement.java:285)&#xD;
	at org.openqa.selenium.remote.RemoteWebElement.click(RemoteWebElement.java:84)&#xD;
	at com.kms.katalon.core.webui.keyword.builtin.ClickKeyword$_click_closure1.doCall(ClickKeyword.groovy:79)&#xD;
	at com.kms.katalon.core.webui.keyword.builtin.ClickKeyword$_click_closure1.call(ClickKeyword.groovy)&#xD;
	at com.kms.katalon.core.webui.keyword.internal.WebUIKeywordMain.runKeyword(WebUIKeywordMain.groovy:20)&#xD;
	... 19 more&#xD;
&#xD;
&#xD;
2019-10-11 16:15:44 - [TEST_STEP][PASSED] - callTestCase(findTestCase("Login/AdminLogin_ShouldSucceed"), [:], STOP_ON_FAILURE): Call Test Case 'Test Cases/Login/AdminLogin_ShouldSucceed' successfully&#xD;
&#xD;
2019-10-11 16:15:44 - [TEST_CASE][PASSED] - Test Cases/Login/AdminLogin_ShouldSucceed: Test Cases/Login/AdminLogin_ShouldSucceed&#xD;
&#xD;
2019-10-11 16:15:44 - [TEST_STEP][PASSED] - openBrowser(""): Browser is opened with url: ''&#xD;
&#xD;
2019-10-11 16:15:44 - [MESSAGE][INFO] - Starting 'Chrome' driver&#xD;
&#xD;
2019-10-11 16:15:47 - [MESSAGE][PASSED] - Browser is opened with url: ''&#xD;
&#xD;
2019-10-11 16:15:47 - [TEST_STEP][PASSED] - maximizeWindow(): Current window maximized&#xD;
&#xD;
2019-10-11 16:15:48 - [MESSAGE][PASSED] - Current window maximized&#xD;
&#xD;
2019-10-11 16:15:48 - [TEST_STEP][PASSED] - navigateToUrl(login_url): Navigate to 'https://10.2.200.37:8441/login' successfully&#xD;
&#xD;
2019-10-11 16:15:50 - [MESSAGE][PASSED] - Navigate to 'https://10.2.200.37:8441/login' successfully&#xD;
&#xD;
2019-10-11 16:15:50 - [TEST_STEP][PASSED] - setText(findTestObject("Object Repository/Login_OR/AdminLogin_ShouldSucceed/Page_Unified Wallet/input_Sign in_mat-input-0"), username_admin): Text 'admin' is set on object 'Object Repository/Login_OR/AdminLogin_ShouldSucceed/Page_Unified Wallet/input_Sign in_mat-input-0'&#xD;
&#xD;
2019-10-11 16:15:50 - [MESSAGE][PASSED] - Text 'admin' is set on object 'Object Repository/Login_OR/AdminLogin_ShouldSucceed/Page_Unified Wallet/input_Sign in_mat-input-0'&#xD;
&#xD;
2019-10-11 16:15:50 - [TEST_STEP][PASSED] - setEncryptedText(findTestObject("Object Repository/Login_OR/AdminLogin_ShouldSucceed/Page_Unified Wallet/input_Username_mat-input-1"), username_admins_Password): Text ****** has been set on object 'Object Repository/Login_OR/AdminLogin_ShouldSucceed/Page_Unified Wallet/input_Username_mat-input-1'&#xD;
&#xD;
2019-10-11 16:15:50 - [MESSAGE][PASSED] - Text ****** has been set on object 'Object Repository/Login_OR/AdminLogin_ShouldSucceed/Page_Unified Wallet/input_Username_mat-input-1'&#xD;
&#xD;
2019-10-11 16:15:50 - [TEST_STEP][PASSED] - click(findTestObject("Object Repository/Login_OR/AdminLogin_ShouldSucceed/Page_Unified Wallet/button_Login")): Object: 'Object Repository/Login_OR/AdminLogin_ShouldSucceed/Page_Unified Wallet/button_Login' is clicked on&#xD;
&#xD;
2019-10-11 16:15:50 - [MESSAGE][PASSED] - Object: 'Object Repository/Login_OR/AdminLogin_ShouldSucceed/Page_Unified Wallet/button_Login' is clicked on&#xD;
&#xD;
2019-10-11 16:15:50 - [TEST_STEP][PASSED] - delay(2): Delayed 2 second(s)&#xD;
&#xD;
2019-10-11 16:15:52 - [MESSAGE][PASSED] - Delayed 2 second(s)&#xD;
&#xD;
2019-10-11 16:15:52 - [MESSAGE][PASSED] - Call Test Case 'Test Cases/Login/AdminLogin_ShouldSucceed' successfully&#xD;
&#xD;
2019-10-11 16:15:52 - [TEST_STEP][PASSED] - click(findTestObject("Object Repository/Employee/Employee_Role_And_Task_OR/Task Group_OR/Edit_OR/Edit_should_succeed/div_more_vert_hamburgerWrapper")): Object: 'Object Repository/Employee/Employee_Role_And_Task_OR/Task Group_OR/Edit_OR/Edit_should_succeed/div_more_vert_hamburgerWrapper' is clicked on&#xD;
&#xD;
2019-10-11 16:15:52 - [MESSAGE][PASSED] - Object: 'Object Repository/Employee/Employee_Role_And_Task_OR/Task Group_OR/Edit_OR/Edit_should_succeed/div_more_vert_hamburgerWrapper' is clicked on&#xD;
&#xD;
2019-10-11 16:15:52 - [TEST_STEP][PASSED] - click(findTestObject("Object Repository/Employee/Employee_Role_And_Task_OR/Task Group_OR/Edit_OR/Edit_should_succeed/a_account_circleEmployee")): Object: 'Object Repository/Employee/Employee_Role_And_Task_OR/Task Group_OR/Edit_OR/Edit_should_succeed/a_account_circleEmployee' is clicked on&#xD;
&#xD;
2019-10-11 16:15:52 - [MESSAGE][PASSED] - Object: 'Object Repository/Employee/Employee_Role_And_Task_OR/Task Group_OR/Edit_OR/Edit_should_succeed/a_account_circleEmployee' is clicked on&#xD;
&#xD;
2019-10-11 16:15:52 - [TEST_STEP][PASSED] - click(findTestObject("Object Repository/Employee/Employee_Role_And_Task_OR/Task Group_OR/Edit_OR/Edit_should_succeed/a_assignmentRole And Task")): Object: 'Object Repository/Employee/Employee_Role_And_Task_OR/Task Group_OR/Edit_OR/Edit_should_succeed/a_assignmentRole And Task' is clicked on&#xD;
&#xD;
2019-10-11 16:15:52 - [MESSAGE][PASSED] - Object: 'Object Repository/Employee/Employee_Role_And_Task_OR/Task Group_OR/Edit_OR/Edit_should_succeed/a_assignmentRole And Task' is clicked on&#xD;
&#xD;
2019-10-11 16:15:52 - [TEST_STEP][PASSED] - click(findTestObject("Object Repository/Employee/Employee_Role_And_Task_OR/Task Group_OR/Edit_OR/Edit_should_succeed/div_Task Group")): Object: 'Object Repository/Employee/Employee_Role_And_Task_OR/Task Group_OR/Edit_OR/Edit_should_succeed/div_Task Group' is clicked on&#xD;
&#xD;
2019-10-11 16:15:53 - [MESSAGE][PASSED] - Object: 'Object Repository/Employee/Employee_Role_And_Task_OR/Task Group_OR/Edit_OR/Edit_should_succeed/div_Task Group' is clicked on&#xD;
&#xD;
2019-10-11 16:15:53 - [TEST_STEP][PASSED] - click(findTestObject("Object Repository/Employee/Employee_Role_And_Task_OR/Task Group_OR/Edit_OR/Edit_should_succeed/mat-cell_TVINC")): Object: 'Object Repository/Employee/Employee_Role_And_Task_OR/Task Group_OR/Edit_OR/Edit_should_succeed/mat-cell_TVINC' is clicked on&#xD;
&#xD;
2019-10-11 16:15:53 - [MESSAGE][PASSED] - Object: 'Object Repository/Employee/Employee_Role_And_Task_OR/Task Group_OR/Edit_OR/Edit_should_succeed/mat-cell_TVINC' is clicked on&#xD;
&#xD;
2019-10-11 16:15:53 - [TEST_STEP][PASSED] - delay(1): Delayed 1 second(s)&#xD;
&#xD;
2019-10-11 16:15:54 - [MESSAGE][PASSED] - Delayed 1 second(s)&#xD;
&#xD;
2019-10-11 16:15:54 - [TEST_STEP][PASSED] - click(findTestObject("Object Repository/Employee/Employee_Role_And_Task_OR/Task Group_OR/Edit_OR/Edit_should_succeed/i_edit")): Object: 'Object Repository/Employee/Employee_Role_And_Task_OR/Task Group_OR/Edit_OR/Edit_should_succeed/i_edit' is clicked on&#xD;
&#xD;
2019-10-11 16:15:54 - [MESSAGE][PASSED] - Object: 'Object Repository/Employee/Employee_Role_And_Task_OR/Task Group_OR/Edit_OR/Edit_should_succeed/i_edit' is clicked on&#xD;
&#xD;
2019-10-11 16:15:54 - [TEST_STEP][PASSED] - click(findTestObject("Object Repository/Employee/Employee_Role_And_Task_OR/Task Group_OR/Edit_OR/Edit_should_succeed/mat-step-header_2Create Role")): Object: 'Object Repository/Employee/Employee_Role_And_Task_OR/Task Group_OR/Edit_OR/Edit_should_succeed/mat-step-header_2Create Role' is clicked on&#xD;
&#xD;
2019-10-11 16:15:55 - [MESSAGE][PASSED] - Object: 'Object Repository/Employee/Employee_Role_And_Task_OR/Task Group_OR/Edit_OR/Edit_should_succeed/mat-step-header_2Create Role' is clicked on&#xD;
&#xD;
2019-10-11 16:15:55 - [TEST_STEP][PASSED] - delay(1): Delayed 1 second(s)&#xD;
&#xD;
2019-10-11 16:15:56 - [MESSAGE][PASSED] - Delayed 1 second(s)&#xD;
&#xD;
2019-10-11 16:15:56 - [TEST_STEP][FAILED] - click(findTestObject("Object Repository/Employee/Employee_Role_And_Task_OR/Task Group_OR/Edit_OR/Edit_should_succeed/div_Search_mat-checkbox-inner-container")): Unable to click on object 'Object Repository/Employee/Employee_Role_And_Task_OR/Task Group_OR/Edit_OR/Edit_should_succeed/div_Search_mat-checkbox-inner-container' (Root cause: com.kms.katalon.core.exception.StepFailedException: Unable to click on object 'Object Repository/Employee/Employee_Role_And_Task_OR/Task Group_OR/Edit_OR/Edit_should_succeed/div_Search_mat-checkbox-inner-container'&#xD;
	at com.kms.katalon.core.webui.keyword.internal.WebUIKeywordMain.stepFailed(WebUIKeywordMain.groovy:64)&#xD;
	at com.kms.katalon.core.webui.keyword.internal.WebUIKeywordMain.runKeyword(WebUIKeywordMain.groovy:26)&#xD;
	at com.kms.katalon.core.webui.keyword.builtin.ClickKeyword.click(ClickKeyword.groovy:86)&#xD;
	at com.kms.katalon.core.webui.keyword.builtin.ClickKeyword.execute(ClickKeyword.groovy:67)&#xD;
	at com.kms.katalon.core.keyword.internal.KeywordExecutor.executeKeywordForPlatform(KeywordExecutor.groovy:56)&#xD;
	at com.kms.katalon.core.webui.keyword.WebUiBuiltInKeywords.click(WebUiBuiltInKeywords.groovy:616)&#xD;
	at com.kms.katalon.core.webui.keyword.WebUiBuiltInKeywords$click$4.call(Unknown Source)&#xD;
	at Edit_ShouldSucceed.run(Edit_ShouldSucceed:36)&#xD;
	at com.kms.katalon.core.main.ScriptEngine.run(ScriptEngine.java:194)&#xD;
	at com.kms.katalon.core.main.ScriptEngine.runScriptAsRawText(ScriptEngine.java:119)&#xD;
	at com.kms.katalon.core.main.TestCaseExecutor.runScript(TestCaseExecutor.java:337)&#xD;
	at com.kms.katalon.core.main.TestCaseExecutor.doExecute(TestCaseExecutor.java:328)&#xD;
	at com.kms.katalon.core.main.TestCaseExecutor.processExecutionPhase(TestCaseExecutor.java:307)&#xD;
	at com.kms.katalon.core.main.TestCaseExecutor.accessMainPhase(TestCaseExecutor.java:299)&#xD;
	at com.kms.katalon.core.main.TestCaseExecutor.execute(TestCaseExecutor.java:233)&#xD;
	at com.kms.katalon.core.main.TestSuiteExecutor.accessTestCaseMainPhase(TestSuiteExecutor.java:133)&#xD;
	at com.kms.katalon.core.main.TestSuiteExecutor.accessTestSuiteMainPhase(TestSuiteExecutor.java:116)&#xD;
	at com.kms.katalon.core.main.TestSuiteExecutor.execute(TestSuiteExecutor.java:83)&#xD;
	at com.kms.katalon.core.main.TestCaseMain.startTestSuite(TestCaseMain.java:157)&#xD;
	at com.kms.katalon.core.main.TestCaseMain$startTestSuite$0.call(Unknown Source)&#xD;
	at TempTestSuite1570790696642.run(TempTestSuite1570790696642.groovy:35)&#xD;
Caused by: org.openqa.selenium.ElementNotInteractableException: element not interactable
  (Session info: chrome=77.0.3865.90)
Build info: version: '3.141.59', revision: 'e82be7d358', time: '2018-11-14T08:25:53'
System info: host: 'BLRW-36SF9X2', ip: '10.2.200.67', os.name: 'Windows 10', os.arch: 'amd64', os.version: '10.0', java.version: '1.8.0_181'
Driver info: com.kms.katalon.selenium.driver.CChromeDriver
Capabilities {acceptInsecureCerts: false, browserName: chrome, browserVersion: 77.0.3865.90, chrome: {chromedriverVersion: 76.0.3809.25 (a0c95f440512e..., userDataDir: C:\Users\VINAYA~1.PRA\AppDa...}, goog:chromeOptions: {debuggerAddress: localhost:63643}, javascriptEnabled: true, networkConnectionEnabled: false, pageLoadStrategy: normal, platform: XP, platformName: XP, proxy: Proxy(), setWindowRect: true, strictFileInteractability: false, timeouts: {implicit: 0, pageLoad: 300000, script: 30000}, unhandledPromptBehavior: dismiss and notify}
Session ID: 4f0eeca5d8eddec1f81b0bc7fda6e7bd&#xD;
	at org.openqa.selenium.remote.http.W3CHttpResponseCodec.createException(W3CHttpResponseCodec.java:187)&#xD;
	at org.openqa.selenium.remote.http.W3CHttpResponseCodec.decode(W3CHttpResponseCodec.java:122)&#xD;
	at org.openqa.selenium.remote.http.W3CHttpResponseCodec.decode(W3CHttpResponseCodec.java:49)&#xD;
	at org.openqa.selenium.remote.HttpCommandExecutor.execute(HttpCommandExecutor.java:158)&#xD;
	at org.openqa.selenium.remote.service.DriverCommandExecutor.execute(DriverCommandExecutor.java:83)&#xD;
	at org.openqa.selenium.remote.RemoteWebDriver.execute(RemoteWebDriver.java:552)&#xD;
	at com.kms.katalon.selenium.driver.CChromeDriver.execute(CChromeDriver.java:20)&#xD;
	at org.openqa.selenium.remote.RemoteWebElement.execute(RemoteWebElement.java:285)&#xD;
	at org.openqa.selenium.remote.RemoteWebElement.click(RemoteWebElement.java:84)&#xD;
	at com.kms.katalon.core.webui.keyword.builtin.ClickKeyword$_click_closure1.doCall(ClickKeyword.groovy:79)&#xD;
	at com.kms.katalon.core.webui.keyword.builtin.ClickKeyword$_click_closure1.call(ClickKeyword.groovy)&#xD;
	at com.kms.katalon.core.webui.keyword.internal.WebUIKeywordMain.runKeyword(WebUIKeywordMain.groovy:20)&#xD;
	at com.kms.katalon.core.webui.keyword.builtin.ClickKeyword.click(ClickKeyword.groovy:86)&#xD;
	at com.kms.katalon.core.webui.keyword.builtin.ClickKeyword.execute(ClickKeyword.groovy:67)&#xD;
	at com.kms.katalon.core.keyword.internal.KeywordExecutor.executeKeywordForPlatform(KeywordExecutor.groovy:56)&#xD;
	at com.kms.katalon.core.webui.keyword.WebUiBuiltInKeywords.click(WebUiBuiltInKeywords.groovy:616)&#xD;
	at com.kms.katalon.core.webui.keyword.WebUiBuiltInKeywords$click$4.call(Unknown Source)&#xD;
	at Script1565776684755.run(Script1565776684755.groovy:36)&#xD;
	... 13 more&#xD;
)&#xD;
&#xD;
2019-10-11 16:15:56 - [MESSAGE][FAILED] - Unable to click on object 'Object Repository/Employee/Employee_Role_And_Task_OR/Task Group_OR/Edit_OR/Edit_should_succeed/div_Search_mat-checkbox-inner-container' (Root cause: com.kms.katalon.core.exception.StepFailedException: Unable to click on object 'Object Repository/Employee/Employee_Role_And_Task_OR/Task Group_OR/Edit_OR/Edit_should_succeed/div_Search_mat-checkbox-inner-container'&#xD;
	at com.kms.katalon.core.webui.keyword.internal.WebUIKeywordMain.stepFailed(WebUIKeywordMain.groovy:64)&#xD;
	at com.kms.katalon.core.webui.keyword.internal.WebUIKeywordMain.runKeyword(WebUIKeywordMain.groovy:26)&#xD;
	at com.kms.katalon.core.webui.keyword.builtin.ClickKeyword.click(ClickKeyword.groovy:86)&#xD;
	at com.kms.katalon.core.webui.keyword.builtin.ClickKeyword.execute(ClickKeyword.groovy:67)&#xD;
	at com.kms.katalon.core.keyword.internal.KeywordExecutor.executeKeywordForPlatform(KeywordExecutor.groovy:56)&#xD;
	at com.kms.katalon.core.webui.keyword.WebUiBuiltInKeywords.click(WebUiBuiltInKeywords.groovy:616)&#xD;
	at com.kms.katalon.core.webui.keyword.WebUiBuiltInKeywords$click$4.call(Unknown Source)&#xD;
	at Edit_ShouldSucceed.run(Edit_ShouldSucceed:36)&#xD;
	at com.kms.katalon.core.main.ScriptEngine.run(ScriptEngine.java:194)&#xD;
	at com.kms.katalon.core.main.ScriptEngine.runScriptAsRawText(ScriptEngine.java:119)&#xD;
	at com.kms.katalon.core.main.TestCaseExecutor.runScript(TestCaseExecutor.java:337)&#xD;
	at com.kms.katalon.core.main.TestCaseExecutor.doExecute(TestCaseExecutor.java:328)&#xD;
	at com.kms.katalon.core.main.TestCaseExecutor.processExecutionPhase(TestCaseExecutor.java:307)&#xD;
	at com.kms.katalon.core.main.TestCaseExecutor.accessMainPhase(TestCaseExecutor.java:299)&#xD;
	at com.kms.katalon.core.main.TestCaseExecutor.execute(TestCaseExecutor.java:233)&#xD;
	at com.kms.katalon.core.main.TestSuiteExecutor.accessTestCaseMainPhase(TestSuiteExecutor.java:133)&#xD;
	at com.kms.katalon.core.main.TestSuiteExecutor.accessTestSuiteMainPhase(TestSuiteExecutor.java:116)&#xD;
	at com.kms.katalon.core.main.TestSuiteExecutor.execute(TestSuiteExecutor.java:83)&#xD;
	at com.kms.katalon.core.main.TestCaseMain.startTestSuite(TestCaseMain.java:157)&#xD;
	at com.kms.katalon.core.main.TestCaseMain$startTestSuite$0.call(Unknown Source)&#xD;
	at TempTestSuite1570790696642.run(TempTestSuite1570790696642.groovy:35)&#xD;
Caused by: org.openqa.selenium.ElementNotInteractableException: element not interactable
  (Session info: chrome=77.0.3865.90)
Build info: version: '3.141.59', revision: 'e82be7d358', time: '2018-11-14T08:25:53'
System info: host: 'BLRW-36SF9X2', ip: '10.2.200.67', os.name: 'Windows 10', os.arch: 'amd64', os.version: '10.0', java.version: '1.8.0_181'
Driver info: com.kms.katalon.selenium.driver.CChromeDriver
Capabilities {acceptInsecureCerts: false, browserName: chrome, browserVersion: 77.0.3865.90, chrome: {chromedriverVersion: 76.0.3809.25 (a0c95f440512e..., userDataDir: C:\Users\VINAYA~1.PRA\AppDa...}, goog:chromeOptions: {debuggerAddress: localhost:63643}, javascriptEnabled: true, networkConnectionEnabled: false, pageLoadStrategy: normal, platform: XP, platformName: XP, proxy: Proxy(), setWindowRect: true, strictFileInteractability: false, timeouts: {implicit: 0, pageLoad: 300000, script: 30000}, unhandledPromptBehavior: dismiss and notify}
Session ID: 4f0eeca5d8eddec1f81b0bc7fda6e7bd&#xD;
	at org.openqa.selenium.remote.http.W3CHttpResponseCodec.createException(W3CHttpResponseCodec.java:187)&#xD;
	at org.openqa.selenium.remote.http.W3CHttpResponseCodec.decode(W3CHttpResponseCodec.java:122)&#xD;
	at org.openqa.selenium.remote.http.W3CHttpResponseCodec.decode(W3CHttpResponseCodec.java:49)&#xD;
	at org.openqa.selenium.remote.HttpCommandExecutor.execute(HttpCommandExecutor.java:158)&#xD;
	at org.openqa.selenium.remote.service.DriverCommandExecutor.execute(DriverCommandExecutor.java:83)&#xD;
	at org.openqa.selenium.remote.RemoteWebDriver.execute(RemoteWebDriver.java:552)&#xD;
	at com.kms.katalon.selenium.driver.CChromeDriver.execute(CChromeDriver.java:20)&#xD;
	at org.openqa.selenium.remote.RemoteWebElement.execute(RemoteWebElement.java:285)&#xD;
	at org.openqa.selenium.remote.RemoteWebElement.click(RemoteWebElement.java:84)&#xD;
	at com.kms.katalon.core.webui.keyword.builtin.ClickKeyword$_click_closure1.doCall(ClickKeyword.groovy:79)&#xD;
	at com.kms.katalon.core.webui.keyword.builtin.ClickKeyword$_click_closure1.call(ClickKeyword.groovy)&#xD;
	at com.kms.katalon.core.webui.keyword.internal.WebUIKeywordMain.runKeyword(WebUIKeywordMain.groovy:20)&#xD;
	at com.kms.katalon.core.webui.keyword.builtin.ClickKeyword.click(ClickKeyword.groovy:86)&#xD;
	at com.kms.katalon.core.webui.keyword.builtin.ClickKeyword.execute(ClickKeyword.groovy:67)&#xD;
	at com.kms.katalon.core.keyword.internal.KeywordExecutor.executeKeywordForPlatform(KeywordExecutor.groovy:56)&#xD;
	at com.kms.katalon.core.webui.keyword.WebUiBuiltInKeywords.click(WebUiBuiltInKeywords.groovy:616)&#xD;
	at com.kms.katalon.core.webui.keyword.WebUiBuiltInKeywords$click$4.call(Unknown Source)&#xD;
	at Script1565776684755.run(Script1565776684755.groovy:36)&#xD;
	... 13 more&#xD;
)&#xD;
[[ATTACHMENT|C:\\Users\\vinayaka.prabhu\\Katalon Studio\\Unified_Wallet_UI_Test\\Reports\\Complete_Wallet_UI\\Complete_Wallet_UI\\20191011_161456\\1570790756230.png]]</system-out>
            <system-err>2019-10-11 16:15:44 - [TEST_CASE][FAILED] - Test Cases/Employee/Employee_Role_And_Task/Task Group/Edit/Edit_ShouldSucceed: Test Cases/Employee/Employee_Role_And_Task/Task Group/Edit/Edit_ShouldSucceed FAILED.
Reason:
com.kms.katalon.core.exception.StepFailedException: Unable to click on object 'Object Repository/Employee/Employee_Role_And_Task_OR/Task Group_OR/Edit_OR/Edit_should_succeed/div_Search_mat-checkbox-inner-container'&#xD;
	at com.kms.katalon.core.webui.keyword.internal.WebUIKeywordMain.stepFailed(WebUIKeywordMain.groovy:64)&#xD;
	at com.kms.katalon.core.webui.keyword.internal.WebUIKeywordMain.runKeyword(WebUIKeywordMain.groovy:26)&#xD;
	at com.kms.katalon.core.webui.keyword.builtin.ClickKeyword.click(ClickKeyword.groovy:86)&#xD;
	at com.kms.katalon.core.webui.keyword.builtin.ClickKeyword.execute(ClickKeyword.groovy:67)&#xD;
	at com.kms.katalon.core.keyword.internal.KeywordExecutor.executeKeywordForPlatform(KeywordExecutor.groovy:56)&#xD;
	at com.kms.katalon.core.webui.keyword.WebUiBuiltInKeywords.click(WebUiBuiltInKeywords.groovy:616)&#xD;
	at com.kms.katalon.core.webui.keyword.WebUiBuiltInKeywords$click$4.call(Unknown Source)&#xD;
	at Edit_ShouldSucceed.run(Edit_ShouldSucceed:36)&#xD;
	at com.kms.katalon.core.main.ScriptEngine.run(ScriptEngine.java:194)&#xD;
	at com.kms.katalon.core.main.ScriptEngine.runScriptAsRawText(ScriptEngine.java:119)&#xD;
	at com.kms.katalon.core.main.TestCaseExecutor.runScript(TestCaseExecutor.java:337)&#xD;
	at com.kms.katalon.core.main.TestCaseExecutor.doExecute(TestCaseExecutor.java:328)&#xD;
	at com.kms.katalon.core.main.TestCaseExecutor.processExecutionPhase(TestCaseExecutor.java:307)&#xD;
	at com.kms.katalon.core.main.TestCaseExecutor.accessMainPhase(TestCaseExecutor.java:299)&#xD;
	at com.kms.katalon.core.main.TestCaseExecutor.execute(TestCaseExecutor.java:233)&#xD;
	at com.kms.katalon.core.main.TestSuiteExecutor.accessTestCaseMainPhase(TestSuiteExecutor.java:133)&#xD;
	at com.kms.katalon.core.main.TestSuiteExecutor.accessTestSuiteMainPhase(TestSuiteExecutor.java:116)&#xD;
	at com.kms.katalon.core.main.TestSuiteExecutor.execute(TestSuiteExecutor.java:83)&#xD;
	at com.kms.katalon.core.main.TestCaseMain.startTestSuite(TestCaseMain.java:157)&#xD;
	at com.kms.katalon.core.main.TestCaseMain$startTestSuite$0.call(Unknown Source)&#xD;
	at TempTestSuite1570790696642.run(TempTestSuite1570790696642.groovy:35)&#xD;
Caused by: org.openqa.selenium.ElementNotInteractableException: element not interactable
  (Session info: chrome=77.0.3865.90)
Build info: version: '3.141.59', revision: 'e82be7d358', time: '2018-11-14T08:25:53'
System info: host: 'BLRW-36SF9X2', ip: '10.2.200.67', os.name: 'Windows 10', os.arch: 'amd64', os.version: '10.0', java.version: '1.8.0_181'
Driver info: com.kms.katalon.selenium.driver.CChromeDriver
Capabilities {acceptInsecureCerts: false, browserName: chrome, browserVersion: 77.0.3865.90, chrome: {chromedriverVersion: 76.0.3809.25 (a0c95f440512e..., userDataDir: C:\Users\VINAYA~1.PRA\AppDa...}, goog:chromeOptions: {debuggerAddress: localhost:63643}, javascriptEnabled: true, networkConnectionEnabled: false, pageLoadStrategy: normal, platform: XP, platformName: XP, proxy: Proxy(), setWindowRect: true, strictFileInteractability: false, timeouts: {implicit: 0, pageLoad: 300000, script: 30000}, unhandledPromptBehavior: dismiss and notify}
Session ID: 4f0eeca5d8eddec1f81b0bc7fda6e7bd&#xD;
	at org.openqa.selenium.remote.http.W3CHttpResponseCodec.createException(W3CHttpResponseCodec.java:187)&#xD;
	at org.openqa.selenium.remote.http.W3CHttpResponseCodec.decode(W3CHttpResponseCodec.java:122)&#xD;
	at org.openqa.selenium.remote.http.W3CHttpResponseCodec.decode(W3CHttpResponseCodec.java:49)&#xD;
	at org.openqa.selenium.remote.HttpCommandExecutor.execute(HttpCommandExecutor.java:158)&#xD;
	at org.openqa.selenium.remote.service.DriverCommandExecutor.execute(DriverCommandExecutor.java:83)&#xD;
	at org.openqa.selenium.remote.RemoteWebDriver.execute(RemoteWebDriver.java:552)&#xD;
	at com.kms.katalon.selenium.driver.CChromeDriver.execute(CChromeDriver.java:20)&#xD;
	at org.openqa.selenium.remote.RemoteWebElement.execute(RemoteWebElement.java:285)&#xD;
	at org.openqa.selenium.remote.RemoteWebElement.click(RemoteWebElement.java:84)&#xD;
	at com.kms.katalon.core.webui.keyword.builtin.ClickKeyword$_click_closure1.doCall(ClickKeyword.groovy:79)&#xD;
	at com.kms.katalon.core.webui.keyword.builtin.ClickKeyword$_click_closure1.call(ClickKeyword.groovy)&#xD;
	at com.kms.katalon.core.webui.keyword.internal.WebUIKeywordMain.runKeyword(WebUIKeywordMain.groovy:20)&#xD;
	... 19 more</system-err>
        </testcase>
        <testcase name="Test Cases/Employee/Employee_Role_And_Task/Roles/Add/Add_Role_new_ShoudlSucceed" classname="Test Cases/Employee/Employee_Role_And_Task/Roles/Add/Add_Role_new_ShoudlSucceed" status="PASSED">
            <system-out>2019-10-11 16:15:56 - [TEST_CASE][PASSED] - Test Cases/Employee/Employee_Role_And_Task/Roles/Add/Add_Role_new_ShoudlSucceed: Test Cases/Employee/Employee_Role_And_Task/Roles/Add/Add_Role_new_ShoudlSucceed&#xD;
&#xD;
2019-10-11 16:15:56 - [TEST_STEP][PASSED] - callTestCase(findTestCase("Login/AdminLogin_ShouldSucceed"), [:], STOP_ON_FAILURE): Call Test Case 'Test Cases/Login/AdminLogin_ShouldSucceed' successfully&#xD;
&#xD;
2019-10-11 16:15:56 - [TEST_CASE][PASSED] - Test Cases/Login/AdminLogin_ShouldSucceed: Test Cases/Login/AdminLogin_ShouldSucceed&#xD;
&#xD;
2019-10-11 16:15:56 - [TEST_STEP][PASSED] - openBrowser(""): Browser is opened with url: ''&#xD;
&#xD;
2019-10-11 16:15:56 - [MESSAGE][WARNING] - A browser is already opened. Closing browser and opening a new one&#xD;
&#xD;
2019-10-11 16:15:57 - [MESSAGE][INFO] - Starting 'Chrome' driver&#xD;
&#xD;
2019-10-11 16:16:00 - [MESSAGE][PASSED] - Browser is opened with url: ''&#xD;
&#xD;
2019-10-11 16:16:00 - [TEST_STEP][PASSED] - maximizeWindow(): Current window maximized&#xD;
&#xD;
2019-10-11 16:16:01 - [MESSAGE][PASSED] - Current window maximized&#xD;
&#xD;
2019-10-11 16:16:01 - [TEST_STEP][PASSED] - navigateToUrl(login_url): Navigate to 'https://10.2.200.37:8441/login' successfully&#xD;
&#xD;
2019-10-11 16:16:02 - [MESSAGE][PASSED] - Navigate to 'https://10.2.200.37:8441/login' successfully&#xD;
&#xD;
2019-10-11 16:16:02 - [TEST_STEP][PASSED] - setText(findTestObject("Object Repository/Login_OR/AdminLogin_ShouldSucceed/Page_Unified Wallet/input_Sign in_mat-input-0"), username_admin): Text 'admin' is set on object 'Object Repository/Login_OR/AdminLogin_ShouldSucceed/Page_Unified Wallet/input_Sign in_mat-input-0'&#xD;
&#xD;
2019-10-11 16:16:02 - [MESSAGE][PASSED] - Text 'admin' is set on object 'Object Repository/Login_OR/AdminLogin_ShouldSucceed/Page_Unified Wallet/input_Sign in_mat-input-0'&#xD;
&#xD;
2019-10-11 16:16:02 - [TEST_STEP][PASSED] - setEncryptedText(findTestObject("Object Repository/Login_OR/AdminLogin_ShouldSucceed/Page_Unified Wallet/input_Username_mat-input-1"), username_admins_Password): Text ****** has been set on object 'Object Repository/Login_OR/AdminLogin_ShouldSucceed/Page_Unified Wallet/input_Username_mat-input-1'&#xD;
&#xD;
2019-10-11 16:16:02 - [MESSAGE][PASSED] - Text ****** has been set on object 'Object Repository/Login_OR/AdminLogin_ShouldSucceed/Page_Unified Wallet/input_Username_mat-input-1'&#xD;
&#xD;
2019-10-11 16:16:02 - [TEST_STEP][PASSED] - click(findTestObject("Object Repository/Login_OR/AdminLogin_ShouldSucceed/Page_Unified Wallet/button_Login")): Object: 'Object Repository/Login_OR/AdminLogin_ShouldSucceed/Page_Unified Wallet/button_Login' is clicked on&#xD;
&#xD;
2019-10-11 16:16:03 - [MESSAGE][PASSED] - Object: 'Object Repository/Login_OR/AdminLogin_ShouldSucceed/Page_Unified Wallet/button_Login' is clicked on&#xD;
&#xD;
2019-10-11 16:16:03 - [TEST_STEP][PASSED] - delay(2): Delayed 2 second(s)&#xD;
&#xD;
2019-10-11 16:16:05 - [MESSAGE][PASSED] - Delayed 2 second(s)&#xD;
&#xD;
2019-10-11 16:16:05 - [MESSAGE][PASSED] - Call Test Case 'Test Cases/Login/AdminLogin_ShouldSucceed' successfully&#xD;
&#xD;
2019-10-11 16:16:05 - [TEST_STEP][PASSED] - click(findTestObject("Object Repository/Employee/Employee_Role_And_Task_OR/Roles_OR/Add_OR/Add_Role_new_Shouldsucceed/Add_new_role/div_more_vert_hamburgerWrapper"), OPTIONAL): Object: 'Object Repository/Employee/Employee_Role_And_Task_OR/Roles_OR/Add_OR/Add_Role_new_Shouldsucceed/Add_new_role/div_more_vert_hamburgerWrapper' is clicked on&#xD;
&#xD;
2019-10-11 16:16:05 - [MESSAGE][PASSED] - Object: 'Object Repository/Employee/Employee_Role_And_Task_OR/Roles_OR/Add_OR/Add_Role_new_Shouldsucceed/Add_new_role/div_more_vert_hamburgerWrapper' is clicked on&#xD;
&#xD;
2019-10-11 16:16:05 - [TEST_STEP][PASSED] - click(findTestObject("Object Repository/Employee/Employee_Role_And_Task_OR/Roles_OR/Add_OR/Add_Role_new_Shouldsucceed/Add_new_role/i_account_circle")): Object: 'Object Repository/Employee/Employee_Role_And_Task_OR/Roles_OR/Add_OR/Add_Role_new_Shouldsucceed/Add_new_role/i_account_circle' is clicked on&#xD;
&#xD;
2019-10-11 16:16:05 - [MESSAGE][PASSED] - Object: 'Object Repository/Employee/Employee_Role_And_Task_OR/Roles_OR/Add_OR/Add_Role_new_Shouldsucceed/Add_new_role/i_account_circle' is clicked on&#xD;
&#xD;
2019-10-11 16:16:05 - [TEST_STEP][PASSED] - click(findTestObject("Object Repository/Employee/Employee_Role_And_Task_OR/Roles_OR/Add_OR/Add_Role_new_Shouldsucceed/Add_new_role/a_assignmentRole And Task")): Object: 'Object Repository/Employee/Employee_Role_And_Task_OR/Roles_OR/Add_OR/Add_Role_new_Shouldsucceed/Add_new_role/a_assignmentRole And Task' is clicked on&#xD;
&#xD;
2019-10-11 16:16:05 - [MESSAGE][PASSED] - Object: 'Object Repository/Employee/Employee_Role_And_Task_OR/Roles_OR/Add_OR/Add_Role_new_Shouldsucceed/Add_new_role/a_assignmentRole And Task' is clicked on&#xD;
&#xD;
2019-10-11 16:16:05 - [TEST_STEP][PASSED] - delay(1): Delayed 1 second(s)&#xD;
&#xD;
2019-10-11 16:16:06 - [MESSAGE][PASSED] - Delayed 1 second(s)&#xD;
&#xD;
2019-10-11 16:16:06 - [TEST_STEP][PASSED] - click(findTestObject("Object Repository/Employee/Employee_Role_And_Task_OR/Roles_OR/Add_OR/Add_Role_new_Shouldsucceed/Add_new_role/i_add")): Object: 'Object Repository/Employee/Employee_Role_And_Task_OR/Roles_OR/Add_OR/Add_Role_new_Shouldsucceed/Add_new_role/i_add' is clicked on&#xD;
&#xD;
2019-10-11 16:16:06 - [MESSAGE][PASSED] - Object: 'Object Repository/Employee/Employee_Role_And_Task_OR/Roles_OR/Add_OR/Add_Role_new_Shouldsucceed/Add_new_role/i_add' is clicked on&#xD;
&#xD;
2019-10-11 16:16:06 - [TEST_STEP][PASSED] - setText(findTestObject("Object Repository/Employee/Employee_Role_And_Task_OR/Roles_OR/Add_OR/Add_Role_new_Shouldsucceed/Add_new_role/input_Add Role_code"), role_code): Text 'RVINC' is set on object 'Object Repository/Employee/Employee_Role_And_Task_OR/Roles_OR/Add_OR/Add_Role_new_Shouldsucceed/Add_new_role/input_Add Role_code'&#xD;
&#xD;
2019-10-11 16:16:06 - [MESSAGE][PASSED] - Text 'RVINC' is set on object 'Object Repository/Employee/Employee_Role_And_Task_OR/Roles_OR/Add_OR/Add_Role_new_Shouldsucceed/Add_new_role/input_Add Role_code'&#xD;
&#xD;
2019-10-11 16:16:06 - [TEST_STEP][PASSED] - setText(findTestObject("Object Repository/Employee/Employee_Role_And_Task_OR/Roles_OR/Add_OR/Add_Role_new_Shouldsucceed/Add_new_role/input_Code_name"), role_name): Text 'RVINN' is set on object 'Object Repository/Employee/Employee_Role_And_Task_OR/Roles_OR/Add_OR/Add_Role_new_Shouldsucceed/Add_new_role/input_Code_name'&#xD;
&#xD;
2019-10-11 16:16:06 - [MESSAGE][PASSED] - Text 'RVINN' is set on object 'Object Repository/Employee/Employee_Role_And_Task_OR/Roles_OR/Add_OR/Add_Role_new_Shouldsucceed/Add_new_role/input_Code_name'&#xD;
&#xD;
2019-10-11 16:16:06 - [TEST_STEP][PASSED] - setText(findTestObject("Object Repository/Employee/Employee_Role_And_Task_OR/Roles_OR/Add_OR/Add_Role_new_Shouldsucceed/Add_new_role/input_Name_description"), role_description): Text 'RVIND' is set on object 'Object Repository/Employee/Employee_Role_And_Task_OR/Roles_OR/Add_OR/Add_Role_new_Shouldsucceed/Add_new_role/input_Name_description'&#xD;
&#xD;
2019-10-11 16:16:06 - [MESSAGE][PASSED] - Text 'RVIND' is set on object 'Object Repository/Employee/Employee_Role_And_Task_OR/Roles_OR/Add_OR/Add_Role_new_Shouldsucceed/Add_new_role/input_Name_description'&#xD;
&#xD;
2019-10-11 16:16:06 - [TEST_STEP][PASSED] - delay(1): Delayed 1 second(s)&#xD;
&#xD;
2019-10-11 16:16:07 - [MESSAGE][PASSED] - Delayed 1 second(s)&#xD;
&#xD;
2019-10-11 16:16:07 - [TEST_STEP][PASSED] - click(findTestObject("Object Repository/Employee/Employee_Role_And_Task_OR/Roles_OR/Add_OR/Add_Role_new_Shouldsucceed/Add_new_role/div_Search_mat-checkbox-inner-container")): Object: 'Object Repository/Employee/Employee_Role_And_Task_OR/Roles_OR/Add_OR/Add_Role_new_Shouldsucceed/Add_new_role/div_Search_mat-checkbox-inner-container' is clicked on&#xD;
&#xD;
2019-10-11 16:16:07 - [MESSAGE][PASSED] - Object: 'Object Repository/Employee/Employee_Role_And_Task_OR/Roles_OR/Add_OR/Add_Role_new_Shouldsucceed/Add_new_role/div_Search_mat-checkbox-inner-container' is clicked on&#xD;
&#xD;
2019-10-11 16:16:07 - [TEST_STEP][PASSED] - delay(1): Delayed 1 second(s)&#xD;
&#xD;
2019-10-11 16:16:08 - [MESSAGE][PASSED] - Delayed 1 second(s)&#xD;
&#xD;
2019-10-11 16:16:08 - [TEST_STEP][PASSED] - click(findTestObject("Object Repository/Employee/Employee_Role_And_Task_OR/Roles_OR/Add_OR/Add_Role_new_Shouldsucceed/Add_new_role/button_Save")): Object: 'Object Repository/Employee/Employee_Role_And_Task_OR/Roles_OR/Add_OR/Add_Role_new_Shouldsucceed/Add_new_role/button_Save' is clicked on&#xD;
&#xD;
2019-10-11 16:16:08 - [MESSAGE][PASSED] - Object: 'Object Repository/Employee/Employee_Role_And_Task_OR/Roles_OR/Add_OR/Add_Role_new_Shouldsucceed/Add_new_role/button_Save' is clicked on&#xD;
&#xD;
2019-10-11 16:16:08 - [TEST_STEP][PASSED] - delay(1): Delayed 1 second(s)&#xD;
&#xD;
2019-10-11 16:16:09 - [MESSAGE][PASSED] - Delayed 1 second(s)&#xD;
&#xD;
2019-10-11 16:16:09 - [TEST_STEP][PASSED] - verifyTextPresent("created successfully", false): Text 'created successfully' is present on page &#xD;
&#xD;
2019-10-11 16:16:10 - [MESSAGE][PASSED] - Text 'created successfully' is present on page &#xD;
&#xD;
2019-10-11 16:16:10 - [TEST_STEP][PASSED] - delay(1): Delayed 1 second(s)&#xD;
&#xD;
2019-10-11 16:16:11 - [MESSAGE][PASSED] - Delayed 1 second(s)&#xD;
&#xD;
2019-10-11 16:16:11 - [TEST_STEP][PASSED] - click(findTestObject("Object Repository/Employee/Employee_Role_And_Task_OR/Roles_OR/Add_OR/Add_Role_new_Shouldsucceed/Add_new_role/button_Cancel")): Object: 'Object Repository/Employee/Employee_Role_And_Task_OR/Roles_OR/Add_OR/Add_Role_new_Shouldsucceed/Add_new_role/button_Cancel' is clicked on&#xD;
&#xD;
2019-10-11 16:16:11 - [MESSAGE][PASSED] - Object: 'Object Repository/Employee/Employee_Role_And_Task_OR/Roles_OR/Add_OR/Add_Role_new_Shouldsucceed/Add_new_role/button_Cancel' is clicked on&#xD;
&#xD;
2019-10-11 16:16:11 - [TEST_STEP][PASSED] - closeBrowser(): Browser is closed&#xD;
&#xD;
2019-10-11 16:16:11 - [MESSAGE][PASSED] - Browser is closed</system-out>
            <system-err></system-err>
        </testcase>
        <testcase name="Test Cases/Employee/Employee_Role_And_Task/Roles/Add/Add_Role_existing_ShouldgiveErrorMessage" classname="Test Cases/Employee/Employee_Role_And_Task/Roles/Add/Add_Role_existing_ShouldgiveErrorMessage" status="PASSED">
            <system-out>2019-10-11 16:16:11 - [TEST_CASE][PASSED] - Test Cases/Employee/Employee_Role_And_Task/Roles/Add/Add_Role_existing_ShouldgiveErrorMessage: Test Cases/Employee/Employee_Role_And_Task/Roles/Add/Add_Role_existing_ShouldgiveErrorMessage&#xD;
&#xD;
2019-10-11 16:16:12 - [TEST_STEP][PASSED] - callTestCase(findTestCase("Login/AdminLogin_ShouldSucceed"), [:], STOP_ON_FAILURE): Call Test Case 'Test Cases/Login/AdminLogin_ShouldSucceed' successfully&#xD;
&#xD;
2019-10-11 16:16:12 - [TEST_CASE][PASSED] - Test Cases/Login/AdminLogin_ShouldSucceed: Test Cases/Login/AdminLogin_ShouldSucceed&#xD;
&#xD;
2019-10-11 16:16:12 - [TEST_STEP][PASSED] - openBrowser(""): Browser is opened with url: ''&#xD;
&#xD;
2019-10-11 16:16:12 - [MESSAGE][INFO] - Starting 'Chrome' driver&#xD;
&#xD;
2019-10-11 16:16:14 - [MESSAGE][PASSED] - Browser is opened with url: ''&#xD;
&#xD;
2019-10-11 16:16:14 - [TEST_STEP][PASSED] - maximizeWindow(): Current window maximized&#xD;
&#xD;
2019-10-11 16:16:15 - [MESSAGE][PASSED] - Current window maximized&#xD;
&#xD;
2019-10-11 16:16:15 - [TEST_STEP][PASSED] - navigateToUrl(login_url): Navigate to 'https://10.2.200.37:8441/login' successfully&#xD;
&#xD;
2019-10-11 16:16:17 - [MESSAGE][PASSED] - Navigate to 'https://10.2.200.37:8441/login' successfully&#xD;
&#xD;
2019-10-11 16:16:17 - [TEST_STEP][PASSED] - setText(findTestObject("Object Repository/Login_OR/AdminLogin_ShouldSucceed/Page_Unified Wallet/input_Sign in_mat-input-0"), username_admin): Text 'admin' is set on object 'Object Repository/Login_OR/AdminLogin_ShouldSucceed/Page_Unified Wallet/input_Sign in_mat-input-0'&#xD;
&#xD;
2019-10-11 16:16:17 - [MESSAGE][PASSED] - Text 'admin' is set on object 'Object Repository/Login_OR/AdminLogin_ShouldSucceed/Page_Unified Wallet/input_Sign in_mat-input-0'&#xD;
&#xD;
2019-10-11 16:16:17 - [TEST_STEP][PASSED] - setEncryptedText(findTestObject("Object Repository/Login_OR/AdminLogin_ShouldSucceed/Page_Unified Wallet/input_Username_mat-input-1"), username_admins_Password): Text ****** has been set on object 'Object Repository/Login_OR/AdminLogin_ShouldSucceed/Page_Unified Wallet/input_Username_mat-input-1'&#xD;
&#xD;
2019-10-11 16:16:17 - [MESSAGE][PASSED] - Text ****** has been set on object 'Object Repository/Login_OR/AdminLogin_ShouldSucceed/Page_Unified Wallet/input_Username_mat-input-1'&#xD;
&#xD;
2019-10-11 16:16:17 - [TEST_STEP][PASSED] - click(findTestObject("Object Repository/Login_OR/AdminLogin_ShouldSucceed/Page_Unified Wallet/button_Login")): Object: 'Object Repository/Login_OR/AdminLogin_ShouldSucceed/Page_Unified Wallet/button_Login' is clicked on&#xD;
&#xD;
2019-10-11 16:16:17 - [MESSAGE][PASSED] - Object: 'Object Repository/Login_OR/AdminLogin_ShouldSucceed/Page_Unified Wallet/button_Login' is clicked on&#xD;
&#xD;
2019-10-11 16:16:17 - [TEST_STEP][PASSED] - delay(2): Delayed 2 second(s)&#xD;
&#xD;
2019-10-11 16:16:19 - [MESSAGE][PASSED] - Delayed 2 second(s)&#xD;
&#xD;
2019-10-11 16:16:19 - [MESSAGE][PASSED] - Call Test Case 'Test Cases/Login/AdminLogin_ShouldSucceed' successfully&#xD;
&#xD;
2019-10-11 16:16:19 - [TEST_STEP][PASSED] - click(findTestObject("Object Repository/Employee/Employee_Role_And_Task_OR/Roles_OR/Add_OR/Add_Role_existing_ShouldgiveerrorMessage/div_more_vert_hamburgerWrapper"), OPTIONAL): Object: 'Object Repository/Employee/Employee_Role_And_Task_OR/Roles_OR/Add_OR/Add_Role_existing_ShouldgiveerrorMessage/div_more_vert_hamburgerWrapper' is clicked on&#xD;
&#xD;
2019-10-11 16:16:19 - [MESSAGE][PASSED] - Object: 'Object Repository/Employee/Employee_Role_And_Task_OR/Roles_OR/Add_OR/Add_Role_existing_ShouldgiveerrorMessage/div_more_vert_hamburgerWrapper' is clicked on&#xD;
&#xD;
2019-10-11 16:16:19 - [TEST_STEP][PASSED] - click(findTestObject("Object Repository/Employee/Employee_Role_And_Task_OR/Roles_OR/Add_OR/Add_Role_existing_ShouldgiveerrorMessage/a_account_circleEmployee")): Object: 'Object Repository/Employee/Employee_Role_And_Task_OR/Roles_OR/Add_OR/Add_Role_existing_ShouldgiveerrorMessage/a_account_circleEmployee' is clicked on&#xD;
&#xD;
2019-10-11 16:16:20 - [MESSAGE][PASSED] - Object: 'Object Repository/Employee/Employee_Role_And_Task_OR/Roles_OR/Add_OR/Add_Role_existing_ShouldgiveerrorMessage/a_account_circleEmployee' is clicked on&#xD;
&#xD;
2019-10-11 16:16:20 - [TEST_STEP][PASSED] - click(findTestObject("Object Repository/Employee/Employee_Role_And_Task_OR/Roles_OR/Add_OR/Add_Role_existing_ShouldgiveerrorMessage/a_assignmentRole And Task")): Object: 'Object Repository/Employee/Employee_Role_And_Task_OR/Roles_OR/Add_OR/Add_Role_existing_ShouldgiveerrorMessage/a_assignmentRole And Task' is clicked on&#xD;
&#xD;
2019-10-11 16:16:20 - [MESSAGE][PASSED] - Object: 'Object Repository/Employee/Employee_Role_And_Task_OR/Roles_OR/Add_OR/Add_Role_existing_ShouldgiveerrorMessage/a_assignmentRole And Task' is clicked on&#xD;
&#xD;
2019-10-11 16:16:20 - [TEST_STEP][PASSED] - delay(1): Delayed 1 second(s)&#xD;
&#xD;
2019-10-11 16:16:21 - [MESSAGE][PASSED] - Delayed 1 second(s)&#xD;
&#xD;
2019-10-11 16:16:21 - [TEST_STEP][PASSED] - click(findTestObject("Object Repository/Employee/Employee_Role_And_Task_OR/Roles_OR/Add_OR/Add_Role_existing_ShouldgiveerrorMessage/i_add")): Object: 'Object Repository/Employee/Employee_Role_And_Task_OR/Roles_OR/Add_OR/Add_Role_existing_ShouldgiveerrorMessage/i_add' is clicked on&#xD;
&#xD;
2019-10-11 16:16:21 - [MESSAGE][PASSED] - Object: 'Object Repository/Employee/Employee_Role_And_Task_OR/Roles_OR/Add_OR/Add_Role_existing_ShouldgiveerrorMessage/i_add' is clicked on&#xD;
&#xD;
2019-10-11 16:16:21 - [TEST_STEP][PASSED] - setText(findTestObject("Object Repository/Employee/Employee_Role_And_Task_OR/Roles_OR/Add_OR/Add_Role_existing_ShouldgiveerrorMessage/input_Add Role_code"), role_code): Text 'RVINC' is set on object 'Object Repository/Employee/Employee_Role_And_Task_OR/Roles_OR/Add_OR/Add_Role_existing_ShouldgiveerrorMessage/input_Add Role_code'&#xD;
&#xD;
2019-10-11 16:16:21 - [MESSAGE][PASSED] - Text 'RVINC' is set on object 'Object Repository/Employee/Employee_Role_And_Task_OR/Roles_OR/Add_OR/Add_Role_existing_ShouldgiveerrorMessage/input_Add Role_code'&#xD;
&#xD;
2019-10-11 16:16:21 - [TEST_STEP][PASSED] - setText(findTestObject("Object Repository/Employee/Employee_Role_And_Task_OR/Roles_OR/Add_OR/Add_Role_existing_ShouldgiveerrorMessage/input_Code_name"), role_name): Text 'RVINN' is set on object 'Object Repository/Employee/Employee_Role_And_Task_OR/Roles_OR/Add_OR/Add_Role_existing_ShouldgiveerrorMessage/input_Code_name'&#xD;
&#xD;
2019-10-11 16:16:21 - [MESSAGE][PASSED] - Text 'RVINN' is set on object 'Object Repository/Employee/Employee_Role_And_Task_OR/Roles_OR/Add_OR/Add_Role_existing_ShouldgiveerrorMessage/input_Code_name'&#xD;
&#xD;
2019-10-11 16:16:21 - [TEST_STEP][PASSED] - setText(findTestObject("Object Repository/Employee/Employee_Role_And_Task_OR/Roles_OR/Add_OR/Add_Role_existing_ShouldgiveerrorMessage/input_Name_description"), role_description): Text 'RVIND' is set on object 'Object Repository/Employee/Employee_Role_And_Task_OR/Roles_OR/Add_OR/Add_Role_existing_ShouldgiveerrorMessage/input_Name_description'&#xD;
&#xD;
2019-10-11 16:16:21 - [MESSAGE][PASSED] - Text 'RVIND' is set on object 'Object Repository/Employee/Employee_Role_And_Task_OR/Roles_OR/Add_OR/Add_Role_existing_ShouldgiveerrorMessage/input_Name_description'&#xD;
&#xD;
2019-10-11 16:16:21 - [TEST_STEP][PASSED] - delay(1): Delayed 1 second(s)&#xD;
&#xD;
2019-10-11 16:16:22 - [MESSAGE][PASSED] - Delayed 1 second(s)&#xD;
&#xD;
2019-10-11 16:16:22 - [TEST_STEP][PASSED] - check(findTestObject("Object Repository/Employee/Employee_Role_And_Task_OR/Roles_OR/Add_OR/Add_Role_existing_ShouldgiveerrorMessage/div_Search_mat-checkbox-inner-container")): Object 'Object Repository/Employee/Employee_Role_And_Task_OR/Roles_OR/Add_OR/Add_Role_existing_ShouldgiveerrorMessage/div_Search_mat-checkbox-inner-container' is checked&#xD;
&#xD;
2019-10-11 16:16:22 - [MESSAGE][PASSED] - Object 'Object Repository/Employee/Employee_Role_And_Task_OR/Roles_OR/Add_OR/Add_Role_existing_ShouldgiveerrorMessage/div_Search_mat-checkbox-inner-container' is checked&#xD;
&#xD;
2019-10-11 16:16:22 - [TEST_STEP][PASSED] - delay(1): Delayed 1 second(s)&#xD;
&#xD;
2019-10-11 16:16:23 - [MESSAGE][PASSED] - Delayed 1 second(s)&#xD;
&#xD;
2019-10-11 16:16:23 - [TEST_STEP][PASSED] - click(findTestObject("Object Repository/Employee/Employee_Role_And_Task_OR/Roles_OR/Add_OR/Add_Role_existing_ShouldgiveerrorMessage/button_Save")): Object: 'Object Repository/Employee/Employee_Role_And_Task_OR/Roles_OR/Add_OR/Add_Role_existing_ShouldgiveerrorMessage/button_Save' is clicked on&#xD;
&#xD;
2019-10-11 16:16:24 - [MESSAGE][PASSED] - Object: 'Object Repository/Employee/Employee_Role_And_Task_OR/Roles_OR/Add_OR/Add_Role_existing_ShouldgiveerrorMessage/button_Save' is clicked on&#xD;
&#xD;
2019-10-11 16:16:24 - [TEST_STEP][PASSED] - delay(1): Delayed 1 second(s)&#xD;
&#xD;
2019-10-11 16:16:25 - [MESSAGE][PASSED] - Delayed 1 second(s)&#xD;
&#xD;
2019-10-11 16:16:25 - [TEST_STEP][PASSED] - verifyTextPresent("Role code already exists ", false): Text 'Role code already exists ' is present on page &#xD;
&#xD;
2019-10-11 16:16:25 - [MESSAGE][PASSED] - Text 'Role code already exists ' is present on page &#xD;
&#xD;
2019-10-11 16:16:25 - [TEST_STEP][PASSED] - delay(1): Delayed 1 second(s)&#xD;
&#xD;
2019-10-11 16:16:26 - [MESSAGE][PASSED] - Delayed 1 second(s)&#xD;
&#xD;
2019-10-11 16:16:26 - [TEST_STEP][PASSED] - click(findTestObject("Object Repository/Employee/Employee_Role_And_Task_OR/Roles_OR/Add_OR/Add_Role_existing_ShouldgiveerrorMessage/button_OK")): Object: 'Object Repository/Employee/Employee_Role_And_Task_OR/Roles_OR/Add_OR/Add_Role_existing_ShouldgiveerrorMessage/button_OK' is clicked on&#xD;
&#xD;
2019-10-11 16:16:26 - [MESSAGE][PASSED] - Object: 'Object Repository/Employee/Employee_Role_And_Task_OR/Roles_OR/Add_OR/Add_Role_existing_ShouldgiveerrorMessage/button_OK' is clicked on&#xD;
&#xD;
2019-10-11 16:16:26 - [TEST_STEP][PASSED] - delay(1): Delayed 1 second(s)&#xD;
&#xD;
2019-10-11 16:16:27 - [MESSAGE][PASSED] - Delayed 1 second(s)&#xD;
&#xD;
2019-10-11 16:16:27 - [TEST_STEP][PASSED] - click(findTestObject("Object Repository/Employee/Employee_Role_And_Task_OR/Roles_OR/Add_OR/Add_Role_existing_ShouldgiveerrorMessage/button_Cancel")): Object: 'Object Repository/Employee/Employee_Role_And_Task_OR/Roles_OR/Add_OR/Add_Role_existing_ShouldgiveerrorMessage/button_Cancel' is clicked on&#xD;
&#xD;
2019-10-11 16:16:27 - [MESSAGE][PASSED] - Object: 'Object Repository/Employee/Employee_Role_And_Task_OR/Roles_OR/Add_OR/Add_Role_existing_ShouldgiveerrorMessage/button_Cancel' is clicked on&#xD;
&#xD;
2019-10-11 16:16:27 - [TEST_STEP][PASSED] - closeBrowser(): Browser is closed&#xD;
&#xD;
2019-10-11 16:16:28 - [MESSAGE][PASSED] - Browser is closed</system-out>
            <system-err></system-err>
        </testcase>
        <testcase name="Test Cases/Employee/Employee_Role_And_Task/Roles/Edit/Edit_Role_ShouldSucceed" classname="Test Cases/Employee/Employee_Role_And_Task/Roles/Edit/Edit_Role_ShouldSucceed" status="PASSED">
            <system-out>2019-10-11 16:16:28 - [TEST_CASE][PASSED] - Test Cases/Employee/Employee_Role_And_Task/Roles/Edit/Edit_Role_ShouldSucceed: Test Cases/Employee/Employee_Role_And_Task/Roles/Edit/Edit_Role_ShouldSucceed&#xD;
&#xD;
2019-10-11 16:16:28 - [TEST_STEP][PASSED] - callTestCase(findTestCase("Login/AdminLogin_ShouldSucceed"), [:], STOP_ON_FAILURE): Call Test Case 'Test Cases/Login/AdminLogin_ShouldSucceed' successfully&#xD;
&#xD;
2019-10-11 16:16:28 - [TEST_CASE][PASSED] - Test Cases/Login/AdminLogin_ShouldSucceed: Test Cases/Login/AdminLogin_ShouldSucceed&#xD;
&#xD;
2019-10-11 16:16:28 - [TEST_STEP][PASSED] - openBrowser(""): Browser is opened with url: ''&#xD;
&#xD;
2019-10-11 16:16:28 - [MESSAGE][INFO] - Starting 'Chrome' driver&#xD;
&#xD;
2019-10-11 16:16:31 - [MESSAGE][PASSED] - Browser is opened with url: ''&#xD;
&#xD;
2019-10-11 16:16:31 - [TEST_STEP][PASSED] - maximizeWindow(): Current window maximized&#xD;
&#xD;
2019-10-11 16:16:32 - [MESSAGE][PASSED] - Current window maximized&#xD;
&#xD;
2019-10-11 16:16:32 - [TEST_STEP][PASSED] - navigateToUrl(login_url): Navigate to 'https://10.2.200.37:8441/login' successfully&#xD;
&#xD;
2019-10-11 16:16:33 - [MESSAGE][PASSED] - Navigate to 'https://10.2.200.37:8441/login' successfully&#xD;
&#xD;
2019-10-11 16:16:33 - [TEST_STEP][PASSED] - setText(findTestObject("Object Repository/Login_OR/AdminLogin_ShouldSucceed/Page_Unified Wallet/input_Sign in_mat-input-0"), username_admin): Text 'admin' is set on object 'Object Repository/Login_OR/AdminLogin_ShouldSucceed/Page_Unified Wallet/input_Sign in_mat-input-0'&#xD;
&#xD;
2019-10-11 16:16:33 - [MESSAGE][PASSED] - Text 'admin' is set on object 'Object Repository/Login_OR/AdminLogin_ShouldSucceed/Page_Unified Wallet/input_Sign in_mat-input-0'&#xD;
&#xD;
2019-10-11 16:16:33 - [TEST_STEP][PASSED] - setEncryptedText(findTestObject("Object Repository/Login_OR/AdminLogin_ShouldSucceed/Page_Unified Wallet/input_Username_mat-input-1"), username_admins_Password): Text ****** has been set on object 'Object Repository/Login_OR/AdminLogin_ShouldSucceed/Page_Unified Wallet/input_Username_mat-input-1'&#xD;
&#xD;
2019-10-11 16:16:33 - [MESSAGE][PASSED] - Text ****** has been set on object 'Object Repository/Login_OR/AdminLogin_ShouldSucceed/Page_Unified Wallet/input_Username_mat-input-1'&#xD;
&#xD;
2019-10-11 16:16:33 - [TEST_STEP][PASSED] - click(findTestObject("Object Repository/Login_OR/AdminLogin_ShouldSucceed/Page_Unified Wallet/button_Login")): Object: 'Object Repository/Login_OR/AdminLogin_ShouldSucceed/Page_Unified Wallet/button_Login' is clicked on&#xD;
&#xD;
2019-10-11 16:16:33 - [MESSAGE][PASSED] - Object: 'Object Repository/Login_OR/AdminLogin_ShouldSucceed/Page_Unified Wallet/button_Login' is clicked on&#xD;
&#xD;
2019-10-11 16:16:33 - [TEST_STEP][PASSED] - delay(2): Delayed 2 second(s)&#xD;
&#xD;
2019-10-11 16:16:35 - [MESSAGE][PASSED] - Delayed 2 second(s)&#xD;
&#xD;
2019-10-11 16:16:35 - [MESSAGE][PASSED] - Call Test Case 'Test Cases/Login/AdminLogin_ShouldSucceed' successfully&#xD;
&#xD;
2019-10-11 16:16:35 - [TEST_STEP][PASSED] - click(findTestObject("Object Repository/Employee/Employee_Role_And_Task_OR/Roles_OR/Edit_OR/Edit_Role_ShouldSucceed/edit_role/div_more_vert_hamburgerWrapper"), OPTIONAL): Object: 'Object Repository/Employee/Employee_Role_And_Task_OR/Roles_OR/Edit_OR/Edit_Role_ShouldSucceed/edit_role/div_more_vert_hamburgerWrapper' is clicked on&#xD;
&#xD;
2019-10-11 16:16:35 - [MESSAGE][PASSED] - Object: 'Object Repository/Employee/Employee_Role_And_Task_OR/Roles_OR/Edit_OR/Edit_Role_ShouldSucceed/edit_role/div_more_vert_hamburgerWrapper' is clicked on&#xD;
&#xD;
2019-10-11 16:16:35 - [TEST_STEP][PASSED] - click(findTestObject("Object Repository/Employee/Employee_Role_And_Task_OR/Roles_OR/Edit_OR/Edit_Role_ShouldSucceed/edit_role/a_account_circleEmployee")): Object: 'Object Repository/Employee/Employee_Role_And_Task_OR/Roles_OR/Edit_OR/Edit_Role_ShouldSucceed/edit_role/a_account_circleEmployee' is clicked on&#xD;
&#xD;
2019-10-11 16:16:35 - [MESSAGE][PASSED] - Object: 'Object Repository/Employee/Employee_Role_And_Task_OR/Roles_OR/Edit_OR/Edit_Role_ShouldSucceed/edit_role/a_account_circleEmployee' is clicked on&#xD;
&#xD;
2019-10-11 16:16:35 - [TEST_STEP][PASSED] - click(findTestObject("Object Repository/Employee/Employee_Role_And_Task_OR/Roles_OR/Edit_OR/Edit_Role_ShouldSucceed/edit_role/a_assignmentRole And Task")): Object: 'Object Repository/Employee/Employee_Role_And_Task_OR/Roles_OR/Edit_OR/Edit_Role_ShouldSucceed/edit_role/a_assignmentRole And Task' is clicked on&#xD;
&#xD;
2019-10-11 16:16:36 - [MESSAGE][PASSED] - Object: 'Object Repository/Employee/Employee_Role_And_Task_OR/Roles_OR/Edit_OR/Edit_Role_ShouldSucceed/edit_role/a_assignmentRole And Task' is clicked on&#xD;
&#xD;
2019-10-11 16:16:36 - [TEST_STEP][PASSED] - delay(1): Delayed 1 second(s)&#xD;
&#xD;
2019-10-11 16:16:37 - [MESSAGE][PASSED] - Delayed 1 second(s)&#xD;
&#xD;
2019-10-11 16:16:37 - [TEST_STEP][PASSED] - click(findTestObject("Object Repository/Employee/Employee_Role_And_Task_OR/Roles_OR/Edit_OR/Edit_Role_ShouldSucceed/edit_role/mat-cell_RVINC")): Object: 'Object Repository/Employee/Employee_Role_And_Task_OR/Roles_OR/Edit_OR/Edit_Role_ShouldSucceed/edit_role/mat-cell_RVINC' is clicked on&#xD;
&#xD;
2019-10-11 16:16:41 - [MESSAGE][PASSED] - Object: 'Object Repository/Employee/Employee_Role_And_Task_OR/Roles_OR/Edit_OR/Edit_Role_ShouldSucceed/edit_role/mat-cell_RVINC' is clicked on&#xD;
&#xD;
2019-10-11 16:16:41 - [TEST_STEP][PASSED] - delay(1): Delayed 1 second(s)&#xD;
&#xD;
2019-10-11 16:16:42 - [MESSAGE][PASSED] - Delayed 1 second(s)&#xD;
&#xD;
2019-10-11 16:16:42 - [TEST_STEP][PASSED] - click(findTestObject("Object Repository/Employee/Employee_Role_And_Task_OR/Roles_OR/Edit_OR/Edit_Role_ShouldSucceed/edit_role/i_edit")): Object: 'Object Repository/Employee/Employee_Role_And_Task_OR/Roles_OR/Edit_OR/Edit_Role_ShouldSucceed/edit_role/i_edit' is clicked on&#xD;
&#xD;
2019-10-11 16:16:42 - [MESSAGE][PASSED] - Object: 'Object Repository/Employee/Employee_Role_And_Task_OR/Roles_OR/Edit_OR/Edit_Role_ShouldSucceed/edit_role/i_edit' is clicked on&#xD;
&#xD;
2019-10-11 16:16:42 - [TEST_STEP][PASSED] - delay(1): Delayed 1 second(s)&#xD;
&#xD;
2019-10-11 16:16:43 - [MESSAGE][PASSED] - Delayed 1 second(s)&#xD;
&#xD;
2019-10-11 16:16:43 - [TEST_STEP][PASSED] - click(findTestObject("Object Repository/Employee/Employee_Role_And_Task_OR/Roles_OR/Edit_OR/Edit_Role_ShouldSucceed/edit_role/div_Search_mat-checkbox-inner-container")): Object: 'Object Repository/Employee/Employee_Role_And_Task_OR/Roles_OR/Edit_OR/Edit_Role_ShouldSucceed/edit_role/div_Search_mat-checkbox-inner-container' is clicked on&#xD;
&#xD;
2019-10-11 16:16:43 - [MESSAGE][PASSED] - Object: 'Object Repository/Employee/Employee_Role_And_Task_OR/Roles_OR/Edit_OR/Edit_Role_ShouldSucceed/edit_role/div_Search_mat-checkbox-inner-container' is clicked on&#xD;
&#xD;
2019-10-11 16:16:43 - [TEST_STEP][PASSED] - delay(1): Delayed 1 second(s)&#xD;
&#xD;
2019-10-11 16:16:45 - [MESSAGE][PASSED] - Delayed 1 second(s)&#xD;
&#xD;
2019-10-11 16:16:45 - [TEST_STEP][PASSED] - check(findTestObject("Employee/Employee_Role_And_Task_OR/Roles_OR/Edit_OR/Edit_Role_ShouldSucceed/edit_role/mat-pseudo-checkbox_Selected 0_mat-pseudo-checkbox")): Object 'Object Repository/Employee/Employee_Role_And_Task_OR/Roles_OR/Edit_OR/Edit_Role_ShouldSucceed/edit_role/mat-pseudo-checkbox_Selected 0_mat-pseudo-checkbox' is checked&#xD;
&#xD;
2019-10-11 16:16:45 - [MESSAGE][PASSED] - Object 'Object Repository/Employee/Employee_Role_And_Task_OR/Roles_OR/Edit_OR/Edit_Role_ShouldSucceed/edit_role/mat-pseudo-checkbox_Selected 0_mat-pseudo-checkbox' is checked&#xD;
&#xD;
2019-10-11 16:16:45 - [TEST_STEP][PASSED] - delay(1): Delayed 1 second(s)&#xD;
&#xD;
2019-10-11 16:16:46 - [MESSAGE][PASSED] - Delayed 1 second(s)&#xD;
&#xD;
2019-10-11 16:16:46 - [TEST_STEP][PASSED] - click(findTestObject("Object Repository/Employee/Employee_Role_And_Task_OR/Roles_OR/Edit_OR/Edit_Role_ShouldSucceed/edit_role/button_Save")): Object: 'Object Repository/Employee/Employee_Role_And_Task_OR/Roles_OR/Edit_OR/Edit_Role_ShouldSucceed/edit_role/button_Save' is clicked on&#xD;
&#xD;
2019-10-11 16:16:46 - [MESSAGE][PASSED] - Object: 'Object Repository/Employee/Employee_Role_And_Task_OR/Roles_OR/Edit_OR/Edit_Role_ShouldSucceed/edit_role/button_Save' is clicked on&#xD;
&#xD;
2019-10-11 16:16:46 - [TEST_STEP][PASSED] - delay(1): Delayed 1 second(s)&#xD;
&#xD;
2019-10-11 16:16:47 - [MESSAGE][PASSED] - Delayed 1 second(s)&#xD;
&#xD;
2019-10-11 16:16:47 - [TEST_STEP][PASSED] - verifyTextPresent("updated successfully", false): Text 'updated successfully' is present on page &#xD;
&#xD;
2019-10-11 16:16:47 - [MESSAGE][PASSED] - Text 'updated successfully' is present on page &#xD;
&#xD;
2019-10-11 16:16:47 - [TEST_STEP][PASSED] - delay(1): Delayed 1 second(s)&#xD;
&#xD;
2019-10-11 16:16:48 - [MESSAGE][PASSED] - Delayed 1 second(s)&#xD;
&#xD;
2019-10-11 16:16:48 - [TEST_STEP][PASSED] - click(findTestObject("Object Repository/Employee/Employee_Role_And_Task_OR/Roles_OR/Edit_OR/Edit_Role_ShouldSucceed/edit_role/button_Cancel")): Object: 'Object Repository/Employee/Employee_Role_And_Task_OR/Roles_OR/Edit_OR/Edit_Role_ShouldSucceed/edit_role/button_Cancel' is clicked on&#xD;
&#xD;
2019-10-11 16:16:48 - [MESSAGE][PASSED] - Object: 'Object Repository/Employee/Employee_Role_And_Task_OR/Roles_OR/Edit_OR/Edit_Role_ShouldSucceed/edit_role/button_Cancel' is clicked on&#xD;
&#xD;
2019-10-11 16:16:48 - [TEST_STEP][PASSED] - closeBrowser(): Browser is closed&#xD;
&#xD;
2019-10-11 16:16:49 - [MESSAGE][PASSED] - Browser is closed</system-out>
            <system-err></system-err>
        </testcase>
        <testcase name="Test Cases/Employee/Employee/Add Employee/Add_new_Employee_ShouldgiveSuceed" classname="Test Cases/Employee/Employee/Add Employee/Add_new_Employee_ShouldgiveSuceed" status="PASSED">
            <system-out>2019-10-11 16:16:49 - [TEST_CASE][PASSED] - Test Cases/Employee/Employee/Add Employee/Add_new_Employee_ShouldgiveSuceed: Test Cases/Employee/Employee/Add Employee/Add_new_Employee_ShouldgiveSuceed&#xD;
&#xD;
2019-10-11 16:16:49 - [TEST_STEP][PASSED] - callTestCase(findTestCase("Login/AdminLogin_ShouldSucceed"), [:], STOP_ON_FAILURE): Call Test Case 'Test Cases/Login/AdminLogin_ShouldSucceed' successfully&#xD;
&#xD;
2019-10-11 16:16:49 - [TEST_CASE][PASSED] - Test Cases/Login/AdminLogin_ShouldSucceed: Test Cases/Login/AdminLogin_ShouldSucceed&#xD;
&#xD;
2019-10-11 16:16:49 - [TEST_STEP][PASSED] - openBrowser(""): Browser is opened with url: ''&#xD;
&#xD;
2019-10-11 16:16:49 - [MESSAGE][INFO] - Starting 'Chrome' driver&#xD;
&#xD;
2019-10-11 16:16:51 - [MESSAGE][PASSED] - Browser is opened with url: ''&#xD;
&#xD;
2019-10-11 16:16:51 - [TEST_STEP][PASSED] - maximizeWindow(): Current window maximized&#xD;
&#xD;
2019-10-11 16:16:53 - [MESSAGE][PASSED] - Current window maximized&#xD;
&#xD;
2019-10-11 16:16:53 - [TEST_STEP][PASSED] - navigateToUrl(login_url): Navigate to 'https://10.2.200.37:8441/login' successfully&#xD;
&#xD;
2019-10-11 16:16:53 - [MESSAGE][PASSED] - Navigate to 'https://10.2.200.37:8441/login' successfully&#xD;
&#xD;
2019-10-11 16:16:53 - [TEST_STEP][PASSED] - setText(findTestObject("Object Repository/Login_OR/AdminLogin_ShouldSucceed/Page_Unified Wallet/input_Sign in_mat-input-0"), username_admin): Text 'admin' is set on object 'Object Repository/Login_OR/AdminLogin_ShouldSucceed/Page_Unified Wallet/input_Sign in_mat-input-0'&#xD;
&#xD;
2019-10-11 16:16:54 - [MESSAGE][PASSED] - Text 'admin' is set on object 'Object Repository/Login_OR/AdminLogin_ShouldSucceed/Page_Unified Wallet/input_Sign in_mat-input-0'&#xD;
&#xD;
2019-10-11 16:16:54 - [TEST_STEP][PASSED] - setEncryptedText(findTestObject("Object Repository/Login_OR/AdminLogin_ShouldSucceed/Page_Unified Wallet/input_Username_mat-input-1"), username_admins_Password): Text ****** has been set on object 'Object Repository/Login_OR/AdminLogin_ShouldSucceed/Page_Unified Wallet/input_Username_mat-input-1'&#xD;
&#xD;
2019-10-11 16:16:54 - [MESSAGE][PASSED] - Text ****** has been set on object 'Object Repository/Login_OR/AdminLogin_ShouldSucceed/Page_Unified Wallet/input_Username_mat-input-1'&#xD;
&#xD;
2019-10-11 16:16:54 - [TEST_STEP][PASSED] - click(findTestObject("Object Repository/Login_OR/AdminLogin_ShouldSucceed/Page_Unified Wallet/button_Login")): Object: 'Object Repository/Login_OR/AdminLogin_ShouldSucceed/Page_Unified Wallet/button_Login' is clicked on&#xD;
&#xD;
2019-10-11 16:16:54 - [MESSAGE][PASSED] - Object: 'Object Repository/Login_OR/AdminLogin_ShouldSucceed/Page_Unified Wallet/button_Login' is clicked on&#xD;
&#xD;
2019-10-11 16:16:54 - [TEST_STEP][PASSED] - delay(2): Delayed 2 second(s)&#xD;
&#xD;
2019-10-11 16:16:56 - [MESSAGE][PASSED] - Delayed 2 second(s)&#xD;
&#xD;
2019-10-11 16:16:56 - [MESSAGE][PASSED] - Call Test Case 'Test Cases/Login/AdminLogin_ShouldSucceed' successfully&#xD;
&#xD;
2019-10-11 16:16:56 - [TEST_STEP][PASSED] - click(findTestObject("Object Repository/Employee/Employee/Add Employee_OR/Add_new_Employee_ShouldSucceed/div_more_vert_hamburgerWrapper"), OPTIONAL): Object: 'Object Repository/Employee/Employee/Add Employee_OR/Add_new_Employee_ShouldSucceed/div_more_vert_hamburgerWrapper' is clicked on&#xD;
&#xD;
2019-10-11 16:16:56 - [MESSAGE][PASSED] - Object: 'Object Repository/Employee/Employee/Add Employee_OR/Add_new_Employee_ShouldSucceed/div_more_vert_hamburgerWrapper' is clicked on&#xD;
&#xD;
2019-10-11 16:16:56 - [TEST_STEP][PASSED] - click(findTestObject("Object Repository/Employee/Employee/Add Employee_OR/Add_new_Employee_ShouldSucceed/i_account_circle")): Object: 'Object Repository/Employee/Employee/Add Employee_OR/Add_new_Employee_ShouldSucceed/i_account_circle' is clicked on&#xD;
&#xD;
2019-10-11 16:16:56 - [MESSAGE][PASSED] - Object: 'Object Repository/Employee/Employee/Add Employee_OR/Add_new_Employee_ShouldSucceed/i_account_circle' is clicked on&#xD;
&#xD;
2019-10-11 16:16:56 - [TEST_STEP][PASSED] - click(findTestObject("Object Repository/Employee/Employee/Add Employee_OR/Add_new_Employee_ShouldSucceed/a_account_circleEmployee")): Object: 'Object Repository/Employee/Employee/Add Employee_OR/Add_new_Employee_ShouldSucceed/a_account_circleEmployee' is clicked on&#xD;
&#xD;
2019-10-11 16:16:56 - [MESSAGE][PASSED] - Object: 'Object Repository/Employee/Employee/Add Employee_OR/Add_new_Employee_ShouldSucceed/a_account_circleEmployee' is clicked on&#xD;
&#xD;
2019-10-11 16:16:56 - [TEST_STEP][PASSED] - delay(1): Delayed 1 second(s)&#xD;
&#xD;
2019-10-11 16:16:57 - [MESSAGE][PASSED] - Delayed 1 second(s)&#xD;
&#xD;
2019-10-11 16:16:57 - [TEST_STEP][PASSED] - click(findTestObject("Object Repository/Employee/Employee/Add Employee_OR/Add_new_Employee_ShouldSucceed/i_add")): Object: 'Object Repository/Employee/Employee/Add Employee_OR/Add_new_Employee_ShouldSucceed/i_add' is clicked on&#xD;
&#xD;
2019-10-11 16:16:57 - [MESSAGE][PASSED] - Object: 'Object Repository/Employee/Employee/Add Employee_OR/Add_new_Employee_ShouldSucceed/i_add' is clicked on&#xD;
&#xD;
2019-10-11 16:16:57 - [TEST_STEP][PASSED] - delay(1): Delayed 1 second(s)&#xD;
&#xD;
2019-10-11 16:16:58 - [MESSAGE][PASSED] - Delayed 1 second(s)&#xD;
&#xD;
2019-10-11 16:16:58 - [TEST_STEP][PASSED] - setText(findTestObject("Object Repository/Employee/Employee/Add Employee_OR/Add_new_Employee_ShouldSucceed/input_Employee Access_mat-input-3"), employee_id): Text '1000' is set on object 'Object Repository/Employee/Employee/Add Employee_OR/Add_new_Employee_ShouldSucceed/input_Employee Access_mat-input-3'&#xD;
&#xD;
2019-10-11 16:16:59 - [MESSAGE][PASSED] - Text '1000' is set on object 'Object Repository/Employee/Employee/Add Employee_OR/Add_new_Employee_ShouldSucceed/input_Employee Access_mat-input-3'&#xD;
&#xD;
2019-10-11 16:16:59 - [TEST_STEP][PASSED] - setText(findTestObject("Object Repository/Employee/Employee/Add Employee_OR/Add_new_Employee_ShouldSucceed/input_Employee Id_mat-input-4"), employee_login_name): Text 'temployee' is set on object 'Object Repository/Employee/Employee/Add Employee_OR/Add_new_Employee_ShouldSucceed/input_Employee Id_mat-input-4'&#xD;
&#xD;
2019-10-11 16:16:59 - [MESSAGE][PASSED] - Text 'temployee' is set on object 'Object Repository/Employee/Employee/Add Employee_OR/Add_new_Employee_ShouldSucceed/input_Employee Id_mat-input-4'&#xD;
&#xD;
2019-10-11 16:16:59 - [TEST_STEP][PASSED] - setText(findTestObject("Object Repository/Employee/Employee/Add Employee_OR/Add_new_Employee_ShouldSucceed/input_Login Name_mat-input-5"), employee_email): Text 't@email.com' is set on object 'Object Repository/Employee/Employee/Add Employee_OR/Add_new_Employee_ShouldSucceed/input_Login Name_mat-input-5'&#xD;
&#xD;
2019-10-11 16:16:59 - [MESSAGE][PASSED] - Text 't@email.com' is set on object 'Object Repository/Employee/Employee/Add Employee_OR/Add_new_Employee_ShouldSucceed/input_Login Name_mat-input-5'&#xD;
&#xD;
2019-10-11 16:16:59 - [TEST_STEP][PASSED] - setText(findTestObject("Object Repository/Employee/Employee/Add Employee_OR/Add_new_Employee_ShouldSucceed/input_Email_mat-input-6"), employee_f_name): Text 'testing' is set on object 'Object Repository/Employee/Employee/Add Employee_OR/Add_new_Employee_ShouldSucceed/input_Email_mat-input-6'&#xD;
&#xD;
2019-10-11 16:16:59 - [MESSAGE][PASSED] - Text 'testing' is set on object 'Object Repository/Employee/Employee/Add Employee_OR/Add_new_Employee_ShouldSucceed/input_Email_mat-input-6'&#xD;
&#xD;
2019-10-11 16:16:59 - [TEST_STEP][PASSED] - setText(findTestObject("Object Repository/Employee/Employee/Add Employee_OR/Add_new_Employee_ShouldSucceed/input_First Name_mat-input-7"), employee_m_name): Text 'testing' is set on object 'Object Repository/Employee/Employee/Add Employee_OR/Add_new_Employee_ShouldSucceed/input_First Name_mat-input-7'&#xD;
&#xD;
2019-10-11 16:16:59 - [MESSAGE][PASSED] - Text 'testing' is set on object 'Object Repository/Employee/Employee/Add Employee_OR/Add_new_Employee_ShouldSucceed/input_First Name_mat-input-7'&#xD;
&#xD;
2019-10-11 16:16:59 - [TEST_STEP][PASSED] - setText(findTestObject("Object Repository/Employee/Employee/Add Employee_OR/Add_new_Employee_ShouldSucceed/input_Middle Name_mat-input-8"), employee_l_name): Text 'testing' is set on object 'Object Repository/Employee/Employee/Add Employee_OR/Add_new_Employee_ShouldSucceed/input_Middle Name_mat-input-8'&#xD;
&#xD;
2019-10-11 16:16:59 - [MESSAGE][PASSED] - Text 'testing' is set on object 'Object Repository/Employee/Employee/Add Employee_OR/Add_new_Employee_ShouldSucceed/input_Middle Name_mat-input-8'&#xD;
&#xD;
2019-10-11 16:16:59 - [TEST_STEP][PASSED] - delay(1): Delayed 1 second(s)&#xD;
&#xD;
2019-10-11 16:17:00 - [MESSAGE][PASSED] - Delayed 1 second(s)&#xD;
&#xD;
2019-10-11 16:17:00 - [TEST_STEP][PASSED] - click(findTestObject("Object Repository/Employee/Employee/Add Employee_OR/Add_new_Employee_ShouldSucceed/button_Proceed")): Object: 'Object Repository/Employee/Employee/Add Employee_OR/Add_new_Employee_ShouldSucceed/button_Proceed' is clicked on&#xD;
&#xD;
2019-10-11 16:17:00 - [MESSAGE][PASSED] - Object: 'Object Repository/Employee/Employee/Add Employee_OR/Add_new_Employee_ShouldSucceed/button_Proceed' is clicked on&#xD;
&#xD;
2019-10-11 16:17:00 - [TEST_STEP][PASSED] - delay(1): Delayed 1 second(s)&#xD;
&#xD;
2019-10-11 16:17:01 - [MESSAGE][PASSED] - Delayed 1 second(s)&#xD;
&#xD;
2019-10-11 16:17:01 - [TEST_STEP][PASSED] - click(findTestObject("Object Repository/Employee/Employee/Add Employee_OR/Add_new_Employee_ShouldSucceed/div_Search_mat-checkbox-inner-container")): Object: 'Object Repository/Employee/Employee/Add Employee_OR/Add_new_Employee_ShouldSucceed/div_Search_mat-checkbox-inner-container' is clicked on&#xD;
&#xD;
2019-10-11 16:17:01 - [MESSAGE][PASSED] - Object: 'Object Repository/Employee/Employee/Add Employee_OR/Add_new_Employee_ShouldSucceed/div_Search_mat-checkbox-inner-container' is clicked on&#xD;
&#xD;
2019-10-11 16:17:01 - [TEST_STEP][PASSED] - delay(1): Delayed 1 second(s)&#xD;
&#xD;
2019-10-11 16:17:02 - [MESSAGE][PASSED] - Delayed 1 second(s)&#xD;
&#xD;
2019-10-11 16:17:02 - [TEST_STEP][PASSED] - click(findTestObject("Object Repository/Employee/Employee/Add Employee_OR/Add_new_Employee_ShouldSucceed/button_Save")): Object: 'Object Repository/Employee/Employee/Add Employee_OR/Add_new_Employee_ShouldSucceed/button_Save' is clicked on&#xD;
&#xD;
2019-10-11 16:17:02 - [MESSAGE][PASSED] - Object: 'Object Repository/Employee/Employee/Add Employee_OR/Add_new_Employee_ShouldSucceed/button_Save' is clicked on&#xD;
&#xD;
2019-10-11 16:17:02 - [TEST_STEP][PASSED] - delay(1): Delayed 1 second(s)&#xD;
&#xD;
2019-10-11 16:17:03 - [MESSAGE][PASSED] - Delayed 1 second(s)&#xD;
&#xD;
2019-10-11 16:17:03 - [TEST_STEP][PASSED] - verifyTextPresent("saved successfully", false): Text 'saved successfully' is present on page &#xD;
&#xD;
2019-10-11 16:17:04 - [MESSAGE][PASSED] - Text 'saved successfully' is present on page &#xD;
&#xD;
2019-10-11 16:17:04 - [TEST_STEP][PASSED] - delay(1): Delayed 1 second(s)&#xD;
&#xD;
2019-10-11 16:17:05 - [MESSAGE][PASSED] - Delayed 1 second(s)&#xD;
&#xD;
2019-10-11 16:17:05 - [TEST_STEP][PASSED] - click(findTestObject("Object Repository/Employee/Employee/Add Employee_OR/Add_new_Employee_ShouldSucceed/button_Ok")): Object: 'Object Repository/Employee/Employee/Add Employee_OR/Add_new_Employee_ShouldSucceed/button_Ok' is clicked on&#xD;
&#xD;
2019-10-11 16:17:05 - [MESSAGE][PASSED] - Object: 'Object Repository/Employee/Employee/Add Employee_OR/Add_new_Employee_ShouldSucceed/button_Ok' is clicked on&#xD;
&#xD;
2019-10-11 16:17:05 - [TEST_STEP][PASSED] - closeBrowser(): Browser is closed&#xD;
&#xD;
2019-10-11 16:17:05 - [MESSAGE][PASSED] - Browser is closed</system-out>
            <system-err></system-err>
        </testcase>
        <testcase name="Test Cases/Employee/Employee/Add Employee/Add_existing_Employee_ShoudlgiveErrorMessage1" classname="Test Cases/Employee/Employee/Add Employee/Add_existing_Employee_ShoudlgiveErrorMessage1" status="PASSED">
            <system-out>2019-10-11 16:17:05 - [TEST_CASE][PASSED] - Test Cases/Employee/Employee/Add Employee/Add_existing_Employee_ShoudlgiveErrorMessage1: Test Cases/Employee/Employee/Add Employee/Add_existing_Employee_ShoudlgiveErrorMessage1&#xD;
&#xD;
2019-10-11 16:17:06 - [TEST_STEP][PASSED] - callTestCase(findTestCase("Login/AdminLogin_ShouldSucceed"), [:], STOP_ON_FAILURE): Call Test Case 'Test Cases/Login/AdminLogin_ShouldSucceed' successfully&#xD;
&#xD;
2019-10-11 16:17:06 - [TEST_CASE][PASSED] - Test Cases/Login/AdminLogin_ShouldSucceed: Test Cases/Login/AdminLogin_ShouldSucceed&#xD;
&#xD;
2019-10-11 16:17:06 - [TEST_STEP][PASSED] - openBrowser(""): Browser is opened with url: ''&#xD;
&#xD;
2019-10-11 16:17:06 - [MESSAGE][INFO] - Starting 'Chrome' driver&#xD;
&#xD;
2019-10-11 16:17:09 - [MESSAGE][PASSED] - Browser is opened with url: ''&#xD;
&#xD;
2019-10-11 16:17:09 - [TEST_STEP][PASSED] - maximizeWindow(): Current window maximized&#xD;
&#xD;
2019-10-11 16:17:10 - [MESSAGE][PASSED] - Current window maximized&#xD;
&#xD;
2019-10-11 16:17:10 - [TEST_STEP][PASSED] - navigateToUrl(login_url): Navigate to 'https://10.2.200.37:8441/login' successfully&#xD;
&#xD;
2019-10-11 16:17:11 - [MESSAGE][PASSED] - Navigate to 'https://10.2.200.37:8441/login' successfully&#xD;
&#xD;
2019-10-11 16:17:11 - [TEST_STEP][PASSED] - setText(findTestObject("Object Repository/Login_OR/AdminLogin_ShouldSucceed/Page_Unified Wallet/input_Sign in_mat-input-0"), username_admin): Text 'admin' is set on object 'Object Repository/Login_OR/AdminLogin_ShouldSucceed/Page_Unified Wallet/input_Sign in_mat-input-0'&#xD;
&#xD;
2019-10-11 16:17:11 - [MESSAGE][PASSED] - Text 'admin' is set on object 'Object Repository/Login_OR/AdminLogin_ShouldSucceed/Page_Unified Wallet/input_Sign in_mat-input-0'&#xD;
&#xD;
2019-10-11 16:17:11 - [TEST_STEP][PASSED] - setEncryptedText(findTestObject("Object Repository/Login_OR/AdminLogin_ShouldSucceed/Page_Unified Wallet/input_Username_mat-input-1"), username_admins_Password): Text ****** has been set on object 'Object Repository/Login_OR/AdminLogin_ShouldSucceed/Page_Unified Wallet/input_Username_mat-input-1'&#xD;
&#xD;
2019-10-11 16:17:11 - [MESSAGE][PASSED] - Text ****** has been set on object 'Object Repository/Login_OR/AdminLogin_ShouldSucceed/Page_Unified Wallet/input_Username_mat-input-1'&#xD;
&#xD;
2019-10-11 16:17:11 - [TEST_STEP][PASSED] - click(findTestObject("Object Repository/Login_OR/AdminLogin_ShouldSucceed/Page_Unified Wallet/button_Login")): Object: 'Object Repository/Login_OR/AdminLogin_ShouldSucceed/Page_Unified Wallet/button_Login' is clicked on&#xD;
&#xD;
2019-10-11 16:17:11 - [MESSAGE][PASSED] - Object: 'Object Repository/Login_OR/AdminLogin_ShouldSucceed/Page_Unified Wallet/button_Login' is clicked on&#xD;
&#xD;
2019-10-11 16:17:11 - [TEST_STEP][PASSED] - delay(2): Delayed 2 second(s)&#xD;
&#xD;
2019-10-11 16:17:13 - [MESSAGE][PASSED] - Delayed 2 second(s)&#xD;
&#xD;
2019-10-11 16:17:13 - [MESSAGE][PASSED] - Call Test Case 'Test Cases/Login/AdminLogin_ShouldSucceed' successfully&#xD;
&#xD;
2019-10-11 16:17:13 - [TEST_STEP][PASSED] - click(findTestObject("Object Repository/Employee/Employee/Add Employee_OR/Add_Existing_Employee_ShouldgiveErrorMessage1/Page_Unified Wallet/i_account_circle")): Object: 'Object Repository/Employee/Employee/Add Employee_OR/Add_Existing_Employee_ShouldgiveErrorMessage1/Page_Unified Wallet/i_account_circle' is clicked on&#xD;
&#xD;
2019-10-11 16:17:13 - [MESSAGE][PASSED] - Object: 'Object Repository/Employee/Employee/Add Employee_OR/Add_Existing_Employee_ShouldgiveErrorMessage1/Page_Unified Wallet/i_account_circle' is clicked on&#xD;
&#xD;
2019-10-11 16:17:13 - [TEST_STEP][PASSED] - click(findTestObject("Object Repository/Employee/Employee/Add Employee_OR/Add_Existing_Employee_ShouldgiveErrorMessage1/Page_Unified Wallet/a_account_circleEmployee")): Object: 'Object Repository/Employee/Employee/Add Employee_OR/Add_Existing_Employee_ShouldgiveErrorMessage1/Page_Unified Wallet/a_account_circleEmployee' is clicked on&#xD;
&#xD;
2019-10-11 16:17:13 - [MESSAGE][PASSED] - Object: 'Object Repository/Employee/Employee/Add Employee_OR/Add_Existing_Employee_ShouldgiveErrorMessage1/Page_Unified Wallet/a_account_circleEmployee' is clicked on&#xD;
&#xD;
2019-10-11 16:17:13 - [TEST_STEP][PASSED] - delay(1): Delayed 1 second(s)&#xD;
&#xD;
2019-10-11 16:17:14 - [MESSAGE][PASSED] - Delayed 1 second(s)&#xD;
&#xD;
2019-10-11 16:17:14 - [TEST_STEP][PASSED] - click(findTestObject("Object Repository/Employee/Employee/Add Employee_OR/Add_Existing_Employee_ShouldgiveErrorMessage1/Page_Unified Wallet/i_add")): Object: 'Object Repository/Employee/Employee/Add Employee_OR/Add_Existing_Employee_ShouldgiveErrorMessage1/Page_Unified Wallet/i_add' is clicked on&#xD;
&#xD;
2019-10-11 16:17:16 - [MESSAGE][PASSED] - Object: 'Object Repository/Employee/Employee/Add Employee_OR/Add_Existing_Employee_ShouldgiveErrorMessage1/Page_Unified Wallet/i_add' is clicked on&#xD;
&#xD;
2019-10-11 16:17:16 - [TEST_STEP][PASSED] - delay(1): Delayed 1 second(s)&#xD;
&#xD;
2019-10-11 16:17:17 - [MESSAGE][PASSED] - Delayed 1 second(s)&#xD;
&#xD;
2019-10-11 16:17:17 - [TEST_STEP][PASSED] - setText(findTestObject("Object Repository/Employee/Employee/Add Employee_OR/Add_Existing_Employee_ShouldgiveErrorMessage1/Page_Unified Wallet/input_Employee Access_mat-input-3"), employee_id): Text '1000' is set on object 'Object Repository/Employee/Employee/Add Employee_OR/Add_Existing_Employee_ShouldgiveErrorMessage1/Page_Unified Wallet/input_Employee Access_mat-input-3'&#xD;
&#xD;
2019-10-11 16:17:17 - [MESSAGE][PASSED] - Text '1000' is set on object 'Object Repository/Employee/Employee/Add Employee_OR/Add_Existing_Employee_ShouldgiveErrorMessage1/Page_Unified Wallet/input_Employee Access_mat-input-3'&#xD;
&#xD;
2019-10-11 16:17:17 - [TEST_STEP][PASSED] - setText(findTestObject("Object Repository/Employee/Employee/Add Employee_OR/Add_Existing_Employee_ShouldgiveErrorMessage1/Page_Unified Wallet/input_Employee Id_mat-input-4"), employee_login_name): Text 'temployee' is set on object 'Object Repository/Employee/Employee/Add Employee_OR/Add_Existing_Employee_ShouldgiveErrorMessage1/Page_Unified Wallet/input_Employee Id_mat-input-4'&#xD;
&#xD;
2019-10-11 16:17:17 - [MESSAGE][PASSED] - Text 'temployee' is set on object 'Object Repository/Employee/Employee/Add Employee_OR/Add_Existing_Employee_ShouldgiveErrorMessage1/Page_Unified Wallet/input_Employee Id_mat-input-4'&#xD;
&#xD;
2019-10-11 16:17:17 - [TEST_STEP][PASSED] - setText(findTestObject("Object Repository/Employee/Employee/Add Employee_OR/Add_Existing_Employee_ShouldgiveErrorMessage1/Page_Unified Wallet/input_Login Name_mat-input-5"), employee_email): Text 't@email.com' is set on object 'Object Repository/Employee/Employee/Add Employee_OR/Add_Existing_Employee_ShouldgiveErrorMessage1/Page_Unified Wallet/input_Login Name_mat-input-5'&#xD;
&#xD;
2019-10-11 16:17:17 - [MESSAGE][PASSED] - Text 't@email.com' is set on object 'Object Repository/Employee/Employee/Add Employee_OR/Add_Existing_Employee_ShouldgiveErrorMessage1/Page_Unified Wallet/input_Login Name_mat-input-5'&#xD;
&#xD;
2019-10-11 16:17:17 - [TEST_STEP][PASSED] - setText(findTestObject("Object Repository/Employee/Employee/Add Employee_OR/Add_Existing_Employee_ShouldgiveErrorMessage1/Page_Unified Wallet/input_Email_mat-input-6"), employee_f_name): Text 'testing' is set on object 'Object Repository/Employee/Employee/Add Employee_OR/Add_Existing_Employee_ShouldgiveErrorMessage1/Page_Unified Wallet/input_Email_mat-input-6'&#xD;
&#xD;
2019-10-11 16:17:17 - [MESSAGE][PASSED] - Text 'testing' is set on object 'Object Repository/Employee/Employee/Add Employee_OR/Add_Existing_Employee_ShouldgiveErrorMessage1/Page_Unified Wallet/input_Email_mat-input-6'&#xD;
&#xD;
2019-10-11 16:17:17 - [TEST_STEP][PASSED] - setText(findTestObject("Object Repository/Employee/Employee/Add Employee_OR/Add_Existing_Employee_ShouldgiveErrorMessage1/Page_Unified Wallet/input_Middle Name_mat-input-8"), employee_m_name): Text 'testing' is set on object 'Object Repository/Employee/Employee/Add Employee_OR/Add_Existing_Employee_ShouldgiveErrorMessage1/Page_Unified Wallet/input_Middle Name_mat-input-8'&#xD;
&#xD;
2019-10-11 16:17:18 - [MESSAGE][PASSED] - Text 'testing' is set on object 'Object Repository/Employee/Employee/Add Employee_OR/Add_Existing_Employee_ShouldgiveErrorMessage1/Page_Unified Wallet/input_Middle Name_mat-input-8'&#xD;
&#xD;
2019-10-11 16:17:18 - [TEST_STEP][PASSED] - delay(1): Delayed 1 second(s)&#xD;
&#xD;
2019-10-11 16:17:19 - [MESSAGE][PASSED] - Delayed 1 second(s)&#xD;
&#xD;
2019-10-11 16:17:19 - [TEST_STEP][PASSED] - click(findTestObject("Object Repository/Employee/Employee/Add Employee_OR/Add_Existing_Employee_ShouldgiveErrorMessage1/Page_Unified Wallet/button_Proceed")): Object: 'Object Repository/Employee/Employee/Add Employee_OR/Add_Existing_Employee_ShouldgiveErrorMessage1/Page_Unified Wallet/button_Proceed' is clicked on&#xD;
&#xD;
2019-10-11 16:17:19 - [MESSAGE][PASSED] - Object: 'Object Repository/Employee/Employee/Add Employee_OR/Add_Existing_Employee_ShouldgiveErrorMessage1/Page_Unified Wallet/button_Proceed' is clicked on&#xD;
&#xD;
2019-10-11 16:17:19 - [TEST_STEP][PASSED] - delay(1): Delayed 1 second(s)&#xD;
&#xD;
2019-10-11 16:17:20 - [MESSAGE][PASSED] - Delayed 1 second(s)&#xD;
&#xD;
2019-10-11 16:17:20 - [TEST_STEP][PASSED] - check(findTestObject("Employee/Employee/Add Employee_OR/Add_Existing_Employee_ShouldgiveErrorMessage1/Page_Unified Wallet/div_Search_mat-checkbox-inner-container")): Object 'Object Repository/Employee/Employee/Add Employee_OR/Add_Existing_Employee_ShouldgiveErrorMessage1/Page_Unified Wallet/div_Search_mat-checkbox-inner-container' is checked&#xD;
&#xD;
2019-10-11 16:17:20 - [MESSAGE][PASSED] - Object 'Object Repository/Employee/Employee/Add Employee_OR/Add_Existing_Employee_ShouldgiveErrorMessage1/Page_Unified Wallet/div_Search_mat-checkbox-inner-container' is checked&#xD;
&#xD;
2019-10-11 16:17:20 - [TEST_STEP][PASSED] - delay(1): Delayed 1 second(s)&#xD;
&#xD;
2019-10-11 16:17:21 - [MESSAGE][PASSED] - Delayed 1 second(s)&#xD;
&#xD;
2019-10-11 16:17:21 - [TEST_STEP][PASSED] - click(findTestObject("Employee/Employee/Add Employee_OR/Add_Existing_Employee_ShouldgiveErrorMessage1/Page_Unified Wallet/button_Save")): Object: 'Object Repository/Employee/Employee/Add Employee_OR/Add_Existing_Employee_ShouldgiveErrorMessage1/Page_Unified Wallet/button_Save' is clicked on&#xD;
&#xD;
2019-10-11 16:17:21 - [MESSAGE][PASSED] - Object: 'Object Repository/Employee/Employee/Add Employee_OR/Add_Existing_Employee_ShouldgiveErrorMessage1/Page_Unified Wallet/button_Save' is clicked on&#xD;
&#xD;
2019-10-11 16:17:21 - [TEST_STEP][PASSED] - delay(1): Delayed 1 second(s)&#xD;
&#xD;
2019-10-11 16:17:22 - [MESSAGE][PASSED] - Delayed 1 second(s)&#xD;
&#xD;
2019-10-11 16:17:22 - [TEST_STEP][PASSED] - verifyTextPresent("Employee ID already exists ", false): Text 'Employee ID already exists ' is present on page &#xD;
&#xD;
2019-10-11 16:17:22 - [MESSAGE][PASSED] - Text 'Employee ID already exists ' is present on page &#xD;
&#xD;
2019-10-11 16:17:22 - [TEST_STEP][PASSED] - delay(1): Delayed 1 second(s)&#xD;
&#xD;
2019-10-11 16:17:23 - [MESSAGE][PASSED] - Delayed 1 second(s)&#xD;
&#xD;
2019-10-11 16:17:23 - [TEST_STEP][PASSED] - click(findTestObject("Object Repository/Employee/Employee/Add Employee_OR/Add_Existing_Employee_ShouldgiveErrorMessage1/Page_Unified Wallet/button_OK")): Object: 'Object Repository/Employee/Employee/Add Employee_OR/Add_Existing_Employee_ShouldgiveErrorMessage1/Page_Unified Wallet/button_OK' is clicked on&#xD;
&#xD;
2019-10-11 16:17:23 - [MESSAGE][PASSED] - Object: 'Object Repository/Employee/Employee/Add Employee_OR/Add_Existing_Employee_ShouldgiveErrorMessage1/Page_Unified Wallet/button_OK' is clicked on&#xD;
&#xD;
2019-10-11 16:17:23 - [TEST_STEP][PASSED] - delay(1): Delayed 1 second(s)&#xD;
&#xD;
2019-10-11 16:17:24 - [MESSAGE][PASSED] - Delayed 1 second(s)&#xD;
&#xD;
2019-10-11 16:17:24 - [TEST_STEP][PASSED] - click(findTestObject("Object Repository/Employee/Employee/Add Employee_OR/Add_Existing_Employee_ShouldgiveErrorMessage1/Page_Unified Wallet/button_Cancel")): Object: 'Object Repository/Employee/Employee/Add Employee_OR/Add_Existing_Employee_ShouldgiveErrorMessage1/Page_Unified Wallet/button_Cancel' is clicked on&#xD;
&#xD;
2019-10-11 16:17:24 - [MESSAGE][PASSED] - Object: 'Object Repository/Employee/Employee/Add Employee_OR/Add_Existing_Employee_ShouldgiveErrorMessage1/Page_Unified Wallet/button_Cancel' is clicked on&#xD;
&#xD;
2019-10-11 16:17:24 - [TEST_STEP][PASSED] - closeBrowser(): Browser is closed&#xD;
&#xD;
2019-10-11 16:17:25 - [MESSAGE][PASSED] - Browser is closed</system-out>
            <system-err></system-err>
        </testcase>
        <testcase name="Test Cases/Employee/Employee/Edit/Edit_Employee_ShouldSucceed" classname="Test Cases/Employee/Employee/Edit/Edit_Employee_ShouldSucceed" status="PASSED">
            <system-out>2019-10-11 16:17:25 - [TEST_CASE][PASSED] - Test Cases/Employee/Employee/Edit/Edit_Employee_ShouldSucceed: Test Cases/Employee/Employee/Edit/Edit_Employee_ShouldSucceed&#xD;
&#xD;
2019-10-11 16:17:25 - [TEST_STEP][PASSED] - callTestCase(findTestCase("Login/AdminLogin_ShouldSucceed"), [:], STOP_ON_FAILURE): Call Test Case 'Test Cases/Login/AdminLogin_ShouldSucceed' successfully&#xD;
&#xD;
2019-10-11 16:17:25 - [TEST_CASE][PASSED] - Test Cases/Login/AdminLogin_ShouldSucceed: Test Cases/Login/AdminLogin_ShouldSucceed&#xD;
&#xD;
2019-10-11 16:17:25 - [TEST_STEP][PASSED] - openBrowser(""): Browser is opened with url: ''&#xD;
&#xD;
2019-10-11 16:17:25 - [MESSAGE][INFO] - Starting 'Chrome' driver&#xD;
&#xD;
2019-10-11 16:17:28 - [MESSAGE][PASSED] - Browser is opened with url: ''&#xD;
&#xD;
2019-10-11 16:17:28 - [TEST_STEP][PASSED] - maximizeWindow(): Current window maximized&#xD;
&#xD;
2019-10-11 16:17:29 - [MESSAGE][PASSED] - Current window maximized&#xD;
&#xD;
2019-10-11 16:17:29 - [TEST_STEP][PASSED] - navigateToUrl(login_url): Navigate to 'https://10.2.200.37:8441/login' successfully&#xD;
&#xD;
2019-10-11 16:17:30 - [MESSAGE][PASSED] - Navigate to 'https://10.2.200.37:8441/login' successfully&#xD;
&#xD;
2019-10-11 16:17:30 - [TEST_STEP][PASSED] - setText(findTestObject("Object Repository/Login_OR/AdminLogin_ShouldSucceed/Page_Unified Wallet/input_Sign in_mat-input-0"), username_admin): Text 'admin' is set on object 'Object Repository/Login_OR/AdminLogin_ShouldSucceed/Page_Unified Wallet/input_Sign in_mat-input-0'&#xD;
&#xD;
2019-10-11 16:17:30 - [MESSAGE][PASSED] - Text 'admin' is set on object 'Object Repository/Login_OR/AdminLogin_ShouldSucceed/Page_Unified Wallet/input_Sign in_mat-input-0'&#xD;
&#xD;
2019-10-11 16:17:30 - [TEST_STEP][PASSED] - setEncryptedText(findTestObject("Object Repository/Login_OR/AdminLogin_ShouldSucceed/Page_Unified Wallet/input_Username_mat-input-1"), username_admins_Password): Text ****** has been set on object 'Object Repository/Login_OR/AdminLogin_ShouldSucceed/Page_Unified Wallet/input_Username_mat-input-1'&#xD;
&#xD;
2019-10-11 16:17:30 - [MESSAGE][PASSED] - Text ****** has been set on object 'Object Repository/Login_OR/AdminLogin_ShouldSucceed/Page_Unified Wallet/input_Username_mat-input-1'&#xD;
&#xD;
2019-10-11 16:17:30 - [TEST_STEP][PASSED] - click(findTestObject("Object Repository/Login_OR/AdminLogin_ShouldSucceed/Page_Unified Wallet/button_Login")): Object: 'Object Repository/Login_OR/AdminLogin_ShouldSucceed/Page_Unified Wallet/button_Login' is clicked on&#xD;
&#xD;
2019-10-11 16:17:30 - [MESSAGE][PASSED] - Object: 'Object Repository/Login_OR/AdminLogin_ShouldSucceed/Page_Unified Wallet/button_Login' is clicked on&#xD;
&#xD;
2019-10-11 16:17:30 - [TEST_STEP][PASSED] - delay(2): Delayed 2 second(s)&#xD;
&#xD;
2019-10-11 16:17:32 - [MESSAGE][PASSED] - Delayed 2 second(s)&#xD;
&#xD;
2019-10-11 16:17:32 - [MESSAGE][PASSED] - Call Test Case 'Test Cases/Login/AdminLogin_ShouldSucceed' successfully&#xD;
&#xD;
2019-10-11 16:17:32 - [TEST_STEP][PASSED] - click(findTestObject("Object Repository/Employee/Employee/Edit_OR/div_more_vert_hamburgerWrapper"), OPTIONAL): Object: 'Object Repository/Employee/Employee/Edit_OR/div_more_vert_hamburgerWrapper' is clicked on&#xD;
&#xD;
2019-10-11 16:17:36 - [MESSAGE][PASSED] - Object: 'Object Repository/Employee/Employee/Edit_OR/div_more_vert_hamburgerWrapper' is clicked on&#xD;
&#xD;
2019-10-11 16:17:36 - [TEST_STEP][PASSED] - click(findTestObject("Object Repository/Employee/Employee/Edit_OR/i_account_circle")): Object: 'Object Repository/Employee/Employee/Edit_OR/i_account_circle' is clicked on&#xD;
&#xD;
2019-10-11 16:17:36 - [MESSAGE][PASSED] - Object: 'Object Repository/Employee/Employee/Edit_OR/i_account_circle' is clicked on&#xD;
&#xD;
2019-10-11 16:17:36 - [TEST_STEP][PASSED] - click(findTestObject("Object Repository/Employee/Employee/Edit_OR/a_account_circleEmployee")): Object: 'Object Repository/Employee/Employee/Edit_OR/a_account_circleEmployee' is clicked on&#xD;
&#xD;
2019-10-11 16:17:36 - [MESSAGE][PASSED] - Object: 'Object Repository/Employee/Employee/Edit_OR/a_account_circleEmployee' is clicked on&#xD;
&#xD;
2019-10-11 16:17:36 - [TEST_STEP][PASSED] - delay(1): Delayed 1 second(s)&#xD;
&#xD;
2019-10-11 16:17:37 - [MESSAGE][PASSED] - Delayed 1 second(s)&#xD;
&#xD;
2019-10-11 16:17:37 - [TEST_STEP][PASSED] - click(findTestObject("Object Repository/Employee/Employee/Edit_OR/mat-cell_1000")): Object: 'Object Repository/Employee/Employee/Edit_OR/mat-cell_1000' is clicked on&#xD;
&#xD;
2019-10-11 16:17:37 - [MESSAGE][PASSED] - Object: 'Object Repository/Employee/Employee/Edit_OR/mat-cell_1000' is clicked on&#xD;
&#xD;
2019-10-11 16:17:37 - [TEST_STEP][PASSED] - delay(1): Delayed 1 second(s)&#xD;
&#xD;
2019-10-11 16:17:38 - [MESSAGE][PASSED] - Delayed 1 second(s)&#xD;
&#xD;
2019-10-11 16:17:38 - [TEST_STEP][PASSED] - click(findTestObject("Object Repository/Employee/Employee/Edit_OR/i_edit")): Object: 'Object Repository/Employee/Employee/Edit_OR/i_edit' is clicked on&#xD;
&#xD;
2019-10-11 16:17:38 - [MESSAGE][PASSED] - Object: 'Object Repository/Employee/Employee/Edit_OR/i_edit' is clicked on&#xD;
&#xD;
2019-10-11 16:17:38 - [TEST_STEP][PASSED] - delay(1): Delayed 1 second(s)&#xD;
&#xD;
2019-10-11 16:17:39 - [MESSAGE][PASSED] - Delayed 1 second(s)&#xD;
&#xD;
2019-10-11 16:17:39 - [TEST_STEP][PASSED] - click(findTestObject("Object Repository/Employee/Employee/Edit_OR/button_Proceed")): Object: 'Object Repository/Employee/Employee/Edit_OR/button_Proceed' is clicked on&#xD;
&#xD;
2019-10-11 16:17:39 - [MESSAGE][PASSED] - Object: 'Object Repository/Employee/Employee/Edit_OR/button_Proceed' is clicked on&#xD;
&#xD;
2019-10-11 16:17:39 - [TEST_STEP][PASSED] - delay(1): Delayed 1 second(s)&#xD;
&#xD;
2019-10-11 16:17:40 - [MESSAGE][PASSED] - Delayed 1 second(s)&#xD;
&#xD;
2019-10-11 16:17:40 - [TEST_STEP][PASSED] - click(findTestObject("Object Repository/Employee/Employee/Edit_OR/div_Search_mat-checkbox-inner-container")): Object: 'Object Repository/Employee/Employee/Edit_OR/div_Search_mat-checkbox-inner-container' is clicked on&#xD;
&#xD;
2019-10-11 16:17:40 - [MESSAGE][PASSED] - Object: 'Object Repository/Employee/Employee/Edit_OR/div_Search_mat-checkbox-inner-container' is clicked on&#xD;
&#xD;
2019-10-11 16:17:40 - [TEST_STEP][PASSED] - click(findTestObject("Object Repository/Employee/Employee/Edit_OR/div_RVINN")): Object: 'Object Repository/Employee/Employee/Edit_OR/div_RVINN' is clicked on&#xD;
&#xD;
2019-10-11 16:17:40 - [MESSAGE][PASSED] - Object: 'Object Repository/Employee/Employee/Edit_OR/div_RVINN' is clicked on&#xD;
&#xD;
2019-10-11 16:17:40 - [TEST_STEP][PASSED] - click(findTestObject("Object Repository/Employee/Employee/Edit_OR/button_Save")): Object: 'Object Repository/Employee/Employee/Edit_OR/button_Save' is clicked on&#xD;
&#xD;
2019-10-11 16:17:41 - [MESSAGE][PASSED] - Object: 'Object Repository/Employee/Employee/Edit_OR/button_Save' is clicked on&#xD;
&#xD;
2019-10-11 16:17:41 - [TEST_STEP][PASSED] - delay(1): Delayed 1 second(s)&#xD;
&#xD;
2019-10-11 16:17:42 - [MESSAGE][PASSED] - Delayed 1 second(s)&#xD;
&#xD;
2019-10-11 16:17:42 - [TEST_STEP][PASSED] - verifyTextPresent("will be updated. Do you want to proceed?", false): Text 'will be updated. Do you want to proceed?' is present on page &#xD;
&#xD;
2019-10-11 16:17:42 - [MESSAGE][PASSED] - Text 'will be updated. Do you want to proceed?' is present on page &#xD;
&#xD;
2019-10-11 16:17:42 - [TEST_STEP][PASSED] - delay(1): Delayed 1 second(s)&#xD;
&#xD;
2019-10-11 16:17:43 - [MESSAGE][PASSED] - Delayed 1 second(s)&#xD;
&#xD;
2019-10-11 16:17:43 - [TEST_STEP][PASSED] - click(findTestObject("Object Repository/Employee/Employee/Edit_OR/button_Ok")): Object: 'Object Repository/Employee/Employee/Edit_OR/button_Ok' is clicked on&#xD;
&#xD;
2019-10-11 16:17:43 - [MESSAGE][PASSED] - Object: 'Object Repository/Employee/Employee/Edit_OR/button_Ok' is clicked on&#xD;
&#xD;
2019-10-11 16:17:43 - [TEST_STEP][PASSED] - delay(1): Delayed 1 second(s)&#xD;
&#xD;
2019-10-11 16:17:44 - [MESSAGE][PASSED] - Delayed 1 second(s)&#xD;
&#xD;
2019-10-11 16:17:44 - [TEST_STEP][PASSED] - verifyTextPresent("updated successfully", false): Text 'updated successfully' is present on page &#xD;
&#xD;
2019-10-11 16:17:44 - [MESSAGE][PASSED] - Text 'updated successfully' is present on page &#xD;
&#xD;
2019-10-11 16:17:44 - [TEST_STEP][PASSED] - delay(1): Delayed 1 second(s)&#xD;
&#xD;
2019-10-11 16:17:45 - [MESSAGE][PASSED] - Delayed 1 second(s)&#xD;
&#xD;
2019-10-11 16:17:45 - [TEST_STEP][PASSED] - click(findTestObject("Object Repository/Employee/Employee/Edit_OR/button_OK (1)")): Object: 'Object Repository/Employee/Employee/Edit_OR/button_OK (1)' is clicked on&#xD;
&#xD;
2019-10-11 16:17:45 - [MESSAGE][PASSED] - Object: 'Object Repository/Employee/Employee/Edit_OR/button_OK (1)' is clicked on&#xD;
&#xD;
2019-10-11 16:17:45 - [TEST_STEP][PASSED] - closeBrowser(): Browser is closed&#xD;
&#xD;
2019-10-11 16:17:46 - [MESSAGE][PASSED] - Browser is closed</system-out>
            <system-err></system-err>
        </testcase>
        <testcase name="Test Cases/Login/Employee_first_time_Login_ShouldSucceed" classname="Test Cases/Login/Employee_first_time_Login_ShouldSucceed" status="FAILED">
            <failure type="FAILED" message="Test Cases/Login/Employee_first_time_Login_ShouldSucceed FAILED.&#xA;Reason:&#xA;com.kms.katalon.core.exception.StepFailedException: Unable to set encrypted text for object 'Object Repository/Login_OR/employee_login/input_First login after user account creationpassword reset Please change the password_mat-input-2'&#xD;&#xA;&#x9;at com.kms.katalon.core.webui.keyword.internal.WebUIKeywordMain.stepFailed(WebUIKeywordMain.groovy:64)&#xD;&#xA;&#x9;at com.kms.katalon.core.webui.keyword.internal.WebUIKeywordMain.runKeyword(WebUIKeywordMain.groovy:26)&#xD;&#xA;&#x9;at com.kms.katalon.core.webui.keyword.builtin.SetEncryptedTextKeyword.setEncryptedText(SetEncryptedTextKeyword.groovy:65)&#xD;&#xA;&#x9;at com.kms.katalon.core.webui.keyword.builtin.SetEncryptedTextKeyword.execute(SetEncryptedTextKeyword.groovy:34)&#xD;&#xA;&#x9;at com.kms.katalon.core.keyword.internal.KeywordExecutor.executeKeywordForPlatform(KeywordExecutor.groovy:56)&#xD;&#xA;&#x9;at com.kms.katalon.core.webui.keyword.WebUiBuiltInKeywords.setEncryptedText(WebUiBuiltInKeywords.groovy:981)&#xD;&#xA;&#x9;at com.kms.katalon.core.webui.keyword.WebUiBuiltInKeywords$setEncryptedText$3.call(Unknown Source)&#xD;&#xA;&#x9;at Employee_first_time_Login_ShouldSucceed.run(Employee_first_time_Login_ShouldSucceed:45)&#xD;&#xA;&#x9;at com.kms.katalon.core.main.ScriptEngine.run(ScriptEngine.java:194)&#xD;&#xA;&#x9;at com.kms.katalon.core.main.ScriptEngine.runScriptAsRawText(ScriptEngine.java:119)&#xD;&#xA;&#x9;at com.kms.katalon.core.main.TestCaseExecutor.runScript(TestCaseExecutor.java:337)&#xD;&#xA;&#x9;at com.kms.katalon.core.main.TestCaseExecutor.doExecute(TestCaseExecutor.java:328)&#xD;&#xA;&#x9;at com.kms.katalon.core.main.TestCaseExecutor.processExecutionPhase(TestCaseExecutor.java:307)&#xD;&#xA;&#x9;at com.kms.katalon.core.main.TestCaseExecutor.accessMainPhase(TestCaseExecutor.java:299)&#xD;&#xA;&#x9;at com.kms.katalon.core.main.TestCaseExecutor.execute(TestCaseExecutor.java:233)&#xD;&#xA;&#x9;at com.kms.katalon.core.main.TestSuiteExecutor.accessTestCaseMainPhase(TestSuiteExecutor.java:133)&#xD;&#xA;&#x9;at com.kms.katalon.core.main.TestSuiteExecutor.accessTestSuiteMainPhase(TestSuiteExecutor.java:116)&#xD;&#xA;&#x9;at com.kms.katalon.core.main.TestSuiteExecutor.execute(TestSuiteExecutor.java:83)&#xD;&#xA;&#x9;at com.kms.katalon.core.main.TestCaseMain.startTestSuite(TestCaseMain.java:157)&#xD;&#xA;&#x9;at com.kms.katalon.core.main.TestCaseMain$startTestSuite$0.call(Unknown Source)&#xD;&#xA;&#x9;at TempTestSuite1570790696642.run(TempTestSuite1570790696642.groovy:35)&#xD;&#xA;Caused by: com.kms.katalon.core.webui.exception.WebElementNotFoundException: Web element with id: 'Object Repository/Login_OR/employee_login/input_First login after user account creationpassword reset Please change the password_mat-input-2' located by 'By.xpath: //input[@type = 'password' and @id = 'mat-input-2' and @placeholder = 'Old Password']' not found&#xD;&#xA;&#x9;at com.kms.katalon.core.webui.common.WebUiCommonHelper.findWebElement(WebUiCommonHelper.java:1097)&#xD;&#xA;&#x9;at com.kms.katalon.core.webui.keyword.internal.WebUIAbstractKeyword.findWebElement(WebUIAbstractKeyword.groovy:27)&#xD;&#xA;&#x9;at com.kms.katalon.core.webui.keyword.internal.WebUIAbstractKeyword.findWebElement(WebUIAbstractKeyword.groovy:26)&#xD;&#xA;&#x9;at com.kms.katalon.core.webui.keyword.builtin.SetEncryptedTextKeyword$_setEncryptedText_closure1.doCall(SetEncryptedTextKeyword.groovy:51)&#xD;&#xA;&#x9;at com.kms.katalon.core.webui.keyword.builtin.SetEncryptedTextKeyword$_setEncryptedText_closure1.call(SetEncryptedTextKeyword.groovy)&#xD;&#xA;&#x9;at com.kms.katalon.core.webui.keyword.internal.WebUIKeywordMain.runKeyword(WebUIKeywordMain.groovy:20)&#xD;&#xA;&#x9;... 19 more&#xD;&#xA;"/>
            <system-out>2019-10-11 16:17:46 - [TEST_CASE][FAILED] - Test Cases/Login/Employee_first_time_Login_ShouldSucceed: Test Cases/Login/Employee_first_time_Login_ShouldSucceed FAILED.
Reason:
com.kms.katalon.core.exception.StepFailedException: Unable to set encrypted text for object 'Object Repository/Login_OR/employee_login/input_First login after user account creationpassword reset Please change the password_mat-input-2'&#xD;
	at com.kms.katalon.core.webui.keyword.internal.WebUIKeywordMain.stepFailed(WebUIKeywordMain.groovy:64)&#xD;
	at com.kms.katalon.core.webui.keyword.internal.WebUIKeywordMain.runKeyword(WebUIKeywordMain.groovy:26)&#xD;
	at com.kms.katalon.core.webui.keyword.builtin.SetEncryptedTextKeyword.setEncryptedText(SetEncryptedTextKeyword.groovy:65)&#xD;
	at com.kms.katalon.core.webui.keyword.builtin.SetEncryptedTextKeyword.execute(SetEncryptedTextKeyword.groovy:34)&#xD;
	at com.kms.katalon.core.keyword.internal.KeywordExecutor.executeKeywordForPlatform(KeywordExecutor.groovy:56)&#xD;
	at com.kms.katalon.core.webui.keyword.WebUiBuiltInKeywords.setEncryptedText(WebUiBuiltInKeywords.groovy:981)&#xD;
	at com.kms.katalon.core.webui.keyword.WebUiBuiltInKeywords$setEncryptedText$3.call(Unknown Source)&#xD;
	at Employee_first_time_Login_ShouldSucceed.run(Employee_first_time_Login_ShouldSucceed:45)&#xD;
	at com.kms.katalon.core.main.ScriptEngine.run(ScriptEngine.java:194)&#xD;
	at com.kms.katalon.core.main.ScriptEngine.runScriptAsRawText(ScriptEngine.java:119)&#xD;
	at com.kms.katalon.core.main.TestCaseExecutor.runScript(TestCaseExecutor.java:337)&#xD;
	at com.kms.katalon.core.main.TestCaseExecutor.doExecute(TestCaseExecutor.java:328)&#xD;
	at com.kms.katalon.core.main.TestCaseExecutor.processExecutionPhase(TestCaseExecutor.java:307)&#xD;
	at com.kms.katalon.core.main.TestCaseExecutor.accessMainPhase(TestCaseExecutor.java:299)&#xD;
	at com.kms.katalon.core.main.TestCaseExecutor.execute(TestCaseExecutor.java:233)&#xD;
	at com.kms.katalon.core.main.TestSuiteExecutor.accessTestCaseMainPhase(TestSuiteExecutor.java:133)&#xD;
	at com.kms.katalon.core.main.TestSuiteExecutor.accessTestSuiteMainPhase(TestSuiteExecutor.java:116)&#xD;
	at com.kms.katalon.core.main.TestSuiteExecutor.execute(TestSuiteExecutor.java:83)&#xD;
	at com.kms.katalon.core.main.TestCaseMain.startTestSuite(TestCaseMain.java:157)&#xD;
	at com.kms.katalon.core.main.TestCaseMain$startTestSuite$0.call(Unknown Source)&#xD;
	at TempTestSuite1570790696642.run(TempTestSuite1570790696642.groovy:35)&#xD;
Caused by: com.kms.katalon.core.webui.exception.WebElementNotFoundException: Web element with id: 'Object Repository/Login_OR/employee_login/input_First login after user account creationpassword reset Please change the password_mat-input-2' located by 'By.xpath: //input[@type = 'password' and @id = 'mat-input-2' and @placeholder = 'Old Password']' not found&#xD;
	at com.kms.katalon.core.webui.common.WebUiCommonHelper.findWebElement(WebUiCommonHelper.java:1097)&#xD;
	at com.kms.katalon.core.webui.keyword.internal.WebUIAbstractKeyword.findWebElement(WebUIAbstractKeyword.groovy:27)&#xD;
	at com.kms.katalon.core.webui.keyword.internal.WebUIAbstractKeyword.findWebElement(WebUIAbstractKeyword.groovy:26)&#xD;
	at com.kms.katalon.core.webui.keyword.builtin.SetEncryptedTextKeyword$_setEncryptedText_closure1.doCall(SetEncryptedTextKeyword.groovy:51)&#xD;
	at com.kms.katalon.core.webui.keyword.builtin.SetEncryptedTextKeyword$_setEncryptedText_closure1.call(SetEncryptedTextKeyword.groovy)&#xD;
	at com.kms.katalon.core.webui.keyword.internal.WebUIKeywordMain.runKeyword(WebUIKeywordMain.groovy:20)&#xD;
	... 19 more&#xD;
&#xD;
&#xD;
2019-10-11 16:17:46 - [TEST_STEP][PASSED] - openBrowser(""): Browser is opened with url: ''&#xD;
&#xD;
2019-10-11 16:17:46 - [MESSAGE][INFO] - Starting 'Chrome' driver&#xD;
&#xD;
2019-10-11 16:17:49 - [MESSAGE][PASSED] - Browser is opened with url: ''&#xD;
&#xD;
2019-10-11 16:17:49 - [TEST_STEP][PASSED] - navigateToUrl(login_url): Navigate to 'https://10.2.200.37:8441/login' successfully&#xD;
&#xD;
2019-10-11 16:17:50 - [MESSAGE][PASSED] - Navigate to 'https://10.2.200.37:8441/login' successfully&#xD;
&#xD;
2019-10-11 16:17:50 - [TEST_STEP][PASSED] - maximizeWindow(): Current window maximized&#xD;
&#xD;
2019-10-11 16:17:52 - [MESSAGE][PASSED] - Current window maximized&#xD;
&#xD;
2019-10-11 16:17:52 - [TEST_STEP][PASSED] - setText(findTestObject("Object Repository/Login_OR/employee_login/input_Sign in_mat-input-0"), employee_login_name): Text 'temployee' is set on object 'Object Repository/Login_OR/employee_login/input_Sign in_mat-input-0'&#xD;
&#xD;
2019-10-11 16:17:52 - [MESSAGE][PASSED] - Text 'temployee' is set on object 'Object Repository/Login_OR/employee_login/input_Sign in_mat-input-0'&#xD;
&#xD;
2019-10-11 16:17:52 - [TEST_STEP][PASSED] - setEncryptedText(findTestObject("Object Repository/Login_OR/employee_login/input_Username_mat-input-1"), username_admins_Password): Text ****** has been set on object 'Object Repository/Login_OR/employee_login/input_Username_mat-input-1'&#xD;
&#xD;
2019-10-11 16:17:52 - [MESSAGE][PASSED] - Text ****** has been set on object 'Object Repository/Login_OR/employee_login/input_Username_mat-input-1'&#xD;
&#xD;
2019-10-11 16:17:52 - [TEST_STEP][PASSED] - click(findTestObject("Object Repository/Login_OR/employee_login/button_Login")): Object: 'Object Repository/Login_OR/employee_login/button_Login' is clicked on&#xD;
&#xD;
2019-10-11 16:17:52 - [MESSAGE][PASSED] - Object: 'Object Repository/Login_OR/employee_login/button_Login' is clicked on&#xD;
&#xD;
2019-10-11 16:17:52 - [TEST_STEP][PASSED] - delay(1): Delayed 1 second(s)&#xD;
&#xD;
2019-10-11 16:17:53 - [MESSAGE][PASSED] - Delayed 1 second(s)&#xD;
&#xD;
2019-10-11 16:17:53 - [TEST_STEP][FAILED] - setEncryptedText(findTestObject("Object Repository/Login_OR/employee_login/input_First login after user account creationpassword reset Please change the password_mat-input-2"), username_admins_Password): Unable to set encrypted text for object 'Object Repository/Login_OR/employee_login/input_First login after user account creationpassword reset Please change the password_mat-input-2' (Root cause: com.kms.katalon.core.exception.StepFailedException: Unable to set encrypted text for object 'Object Repository/Login_OR/employee_login/input_First login after user account creationpassword reset Please change the password_mat-input-2'&#xD;
	at com.kms.katalon.core.webui.keyword.internal.WebUIKeywordMain.stepFailed(WebUIKeywordMain.groovy:64)&#xD;
	at com.kms.katalon.core.webui.keyword.internal.WebUIKeywordMain.runKeyword(WebUIKeywordMain.groovy:26)&#xD;
	at com.kms.katalon.core.webui.keyword.builtin.SetEncryptedTextKeyword.setEncryptedText(SetEncryptedTextKeyword.groovy:65)&#xD;
	at com.kms.katalon.core.webui.keyword.builtin.SetEncryptedTextKeyword.execute(SetEncryptedTextKeyword.groovy:34)&#xD;
	at com.kms.katalon.core.keyword.internal.KeywordExecutor.executeKeywordForPlatform(KeywordExecutor.groovy:56)&#xD;
	at com.kms.katalon.core.webui.keyword.WebUiBuiltInKeywords.setEncryptedText(WebUiBuiltInKeywords.groovy:981)&#xD;
	at com.kms.katalon.core.webui.keyword.WebUiBuiltInKeywords$setEncryptedText$3.call(Unknown Source)&#xD;
	at Employee_first_time_Login_ShouldSucceed.run(Employee_first_time_Login_ShouldSucceed:45)&#xD;
	at com.kms.katalon.core.main.ScriptEngine.run(ScriptEngine.java:194)&#xD;
	at com.kms.katalon.core.main.ScriptEngine.runScriptAsRawText(ScriptEngine.java:119)&#xD;
	at com.kms.katalon.core.main.TestCaseExecutor.runScript(TestCaseExecutor.java:337)&#xD;
	at com.kms.katalon.core.main.TestCaseExecutor.doExecute(TestCaseExecutor.java:328)&#xD;
	at com.kms.katalon.core.main.TestCaseExecutor.processExecutionPhase(TestCaseExecutor.java:307)&#xD;
	at com.kms.katalon.core.main.TestCaseExecutor.accessMainPhase(TestCaseExecutor.java:299)&#xD;
	at com.kms.katalon.core.main.TestCaseExecutor.execute(TestCaseExecutor.java:233)&#xD;
	at com.kms.katalon.core.main.TestSuiteExecutor.accessTestCaseMainPhase(TestSuiteExecutor.java:133)&#xD;
	at com.kms.katalon.core.main.TestSuiteExecutor.accessTestSuiteMainPhase(TestSuiteExecutor.java:116)&#xD;
	at com.kms.katalon.core.main.TestSuiteExecutor.execute(TestSuiteExecutor.java:83)&#xD;
	at com.kms.katalon.core.main.TestCaseMain.startTestSuite(TestCaseMain.java:157)&#xD;
	at com.kms.katalon.core.main.TestCaseMain$startTestSuite$0.call(Unknown Source)&#xD;
	at TempTestSuite1570790696642.run(TempTestSuite1570790696642.groovy:35)&#xD;
Caused by: com.kms.katalon.core.webui.exception.WebElementNotFoundException: Web element with id: 'Object Repository/Login_OR/employee_login/input_First login after user account creationpassword reset Please change the password_mat-input-2' located by 'By.xpath: //input[@type = 'password' and @id = 'mat-input-2' and @placeholder = 'Old Password']' not found&#xD;
	at com.kms.katalon.core.webui.common.WebUiCommonHelper.findWebElement(WebUiCommonHelper.java:1097)&#xD;
	at com.kms.katalon.core.webui.keyword.internal.WebUIAbstractKeyword.findWebElement(WebUIAbstractKeyword.groovy:27)&#xD;
	at com.kms.katalon.core.webui.keyword.internal.WebUIAbstractKeyword.findWebElement(WebUIAbstractKeyword.groovy:26)&#xD;
	at com.kms.katalon.core.webui.keyword.builtin.SetEncryptedTextKeyword$_setEncryptedText_closure1.doCall(SetEncryptedTextKeyword.groovy:51)&#xD;
	at com.kms.katalon.core.webui.keyword.builtin.SetEncryptedTextKeyword$_setEncryptedText_closure1.call(SetEncryptedTextKeyword.groovy)&#xD;
	at com.kms.katalon.core.webui.keyword.internal.WebUIKeywordMain.runKeyword(WebUIKeywordMain.groovy:20)&#xD;
	at com.kms.katalon.core.webui.keyword.builtin.SetEncryptedTextKeyword.setEncryptedText(SetEncryptedTextKeyword.groovy:65)&#xD;
	at com.kms.katalon.core.webui.keyword.builtin.SetEncryptedTextKeyword.execute(SetEncryptedTextKeyword.groovy:34)&#xD;
	at com.kms.katalon.core.keyword.internal.KeywordExecutor.executeKeywordForPlatform(KeywordExecutor.groovy:56)&#xD;
	at com.kms.katalon.core.webui.keyword.WebUiBuiltInKeywords.setEncryptedText(WebUiBuiltInKeywords.groovy:981)&#xD;
	at com.kms.katalon.core.webui.keyword.WebUiBuiltInKeywords$setEncryptedText$3.call(Unknown Source)&#xD;
	at Script1567075171732.run(Script1567075171732.groovy:45)&#xD;
	... 13 more&#xD;
)&#xD;
&#xD;
2019-10-11 16:17:58 - [MESSAGE][INFO] - Unable to find the element located by 'By.xpath: //input[@type = 'password' and @id = 'mat-input-2' and @placeholder = 'Old Password']'. Please recheck the objects properties to make sure the desired element is located. &#xD;
&#xD;
2019-10-11 16:17:59 - [MESSAGE][FAILED] - Unable to set encrypted text for object 'Object Repository/Login_OR/employee_login/input_First login after user account creationpassword reset Please change the password_mat-input-2' (Root cause: com.kms.katalon.core.exception.StepFailedException: Unable to set encrypted text for object 'Object Repository/Login_OR/employee_login/input_First login after user account creationpassword reset Please change the password_mat-input-2'&#xD;
	at com.kms.katalon.core.webui.keyword.internal.WebUIKeywordMain.stepFailed(WebUIKeywordMain.groovy:64)&#xD;
	at com.kms.katalon.core.webui.keyword.internal.WebUIKeywordMain.runKeyword(WebUIKeywordMain.groovy:26)&#xD;
	at com.kms.katalon.core.webui.keyword.builtin.SetEncryptedTextKeyword.setEncryptedText(SetEncryptedTextKeyword.groovy:65)&#xD;
	at com.kms.katalon.core.webui.keyword.builtin.SetEncryptedTextKeyword.execute(SetEncryptedTextKeyword.groovy:34)&#xD;
	at com.kms.katalon.core.keyword.internal.KeywordExecutor.executeKeywordForPlatform(KeywordExecutor.groovy:56)&#xD;
	at com.kms.katalon.core.webui.keyword.WebUiBuiltInKeywords.setEncryptedText(WebUiBuiltInKeywords.groovy:981)&#xD;
	at com.kms.katalon.core.webui.keyword.WebUiBuiltInKeywords$setEncryptedText$3.call(Unknown Source)&#xD;
	at Employee_first_time_Login_ShouldSucceed.run(Employee_first_time_Login_ShouldSucceed:45)&#xD;
	at com.kms.katalon.core.main.ScriptEngine.run(ScriptEngine.java:194)&#xD;
	at com.kms.katalon.core.main.ScriptEngine.runScriptAsRawText(ScriptEngine.java:119)&#xD;
	at com.kms.katalon.core.main.TestCaseExecutor.runScript(TestCaseExecutor.java:337)&#xD;
	at com.kms.katalon.core.main.TestCaseExecutor.doExecute(TestCaseExecutor.java:328)&#xD;
	at com.kms.katalon.core.main.TestCaseExecutor.processExecutionPhase(TestCaseExecutor.java:307)&#xD;
	at com.kms.katalon.core.main.TestCaseExecutor.accessMainPhase(TestCaseExecutor.java:299)&#xD;
	at com.kms.katalon.core.main.TestCaseExecutor.execute(TestCaseExecutor.java:233)&#xD;
	at com.kms.katalon.core.main.TestSuiteExecutor.accessTestCaseMainPhase(TestSuiteExecutor.java:133)&#xD;
	at com.kms.katalon.core.main.TestSuiteExecutor.accessTestSuiteMainPhase(TestSuiteExecutor.java:116)&#xD;
	at com.kms.katalon.core.main.TestSuiteExecutor.execute(TestSuiteExecutor.java:83)&#xD;
	at com.kms.katalon.core.main.TestCaseMain.startTestSuite(TestCaseMain.java:157)&#xD;
	at com.kms.katalon.core.main.TestCaseMain$startTestSuite$0.call(Unknown Source)&#xD;
	at TempTestSuite1570790696642.run(TempTestSuite1570790696642.groovy:35)&#xD;
Caused by: com.kms.katalon.core.webui.exception.WebElementNotFoundException: Web element with id: 'Object Repository/Login_OR/employee_login/input_First login after user account creationpassword reset Please change the password_mat-input-2' located by 'By.xpath: //input[@type = 'password' and @id = 'mat-input-2' and @placeholder = 'Old Password']' not found&#xD;
	at com.kms.katalon.core.webui.common.WebUiCommonHelper.findWebElement(WebUiCommonHelper.java:1097)&#xD;
	at com.kms.katalon.core.webui.keyword.internal.WebUIAbstractKeyword.findWebElement(WebUIAbstractKeyword.groovy:27)&#xD;
	at com.kms.katalon.core.webui.keyword.internal.WebUIAbstractKeyword.findWebElement(WebUIAbstractKeyword.groovy:26)&#xD;
	at com.kms.katalon.core.webui.keyword.builtin.SetEncryptedTextKeyword$_setEncryptedText_closure1.doCall(SetEncryptedTextKeyword.groovy:51)&#xD;
	at com.kms.katalon.core.webui.keyword.builtin.SetEncryptedTextKeyword$_setEncryptedText_closure1.call(SetEncryptedTextKeyword.groovy)&#xD;
	at com.kms.katalon.core.webui.keyword.internal.WebUIKeywordMain.runKeyword(WebUIKeywordMain.groovy:20)&#xD;
	at com.kms.katalon.core.webui.keyword.builtin.SetEncryptedTextKeyword.setEncryptedText(SetEncryptedTextKeyword.groovy:65)&#xD;
	at com.kms.katalon.core.webui.keyword.builtin.SetEncryptedTextKeyword.execute(SetEncryptedTextKeyword.groovy:34)&#xD;
	at com.kms.katalon.core.keyword.internal.KeywordExecutor.executeKeywordForPlatform(KeywordExecutor.groovy:56)&#xD;
	at com.kms.katalon.core.webui.keyword.WebUiBuiltInKeywords.setEncryptedText(WebUiBuiltInKeywords.groovy:981)&#xD;
	at com.kms.katalon.core.webui.keyword.WebUiBuiltInKeywords$setEncryptedText$3.call(Unknown Source)&#xD;
	at Script1567075171732.run(Script1567075171732.groovy:45)&#xD;
	... 13 more&#xD;
)&#xD;
[[ATTACHMENT|C:\\Users\\vinayaka.prabhu\\Katalon Studio\\Unified_Wallet_UI_Test\\Reports\\Complete_Wallet_UI\\Complete_Wallet_UI\\20191011_161456\\1570790878837.png]]</system-out>
            <system-err>2019-10-11 16:17:46 - [TEST_CASE][FAILED] - Test Cases/Login/Employee_first_time_Login_ShouldSucceed: Test Cases/Login/Employee_first_time_Login_ShouldSucceed FAILED.
Reason:
com.kms.katalon.core.exception.StepFailedException: Unable to set encrypted text for object 'Object Repository/Login_OR/employee_login/input_First login after user account creationpassword reset Please change the password_mat-input-2'&#xD;
	at com.kms.katalon.core.webui.keyword.internal.WebUIKeywordMain.stepFailed(WebUIKeywordMain.groovy:64)&#xD;
	at com.kms.katalon.core.webui.keyword.internal.WebUIKeywordMain.runKeyword(WebUIKeywordMain.groovy:26)&#xD;
	at com.kms.katalon.core.webui.keyword.builtin.SetEncryptedTextKeyword.setEncryptedText(SetEncryptedTextKeyword.groovy:65)&#xD;
	at com.kms.katalon.core.webui.keyword.builtin.SetEncryptedTextKeyword.execute(SetEncryptedTextKeyword.groovy:34)&#xD;
	at com.kms.katalon.core.keyword.internal.KeywordExecutor.executeKeywordForPlatform(KeywordExecutor.groovy:56)&#xD;
	at com.kms.katalon.core.webui.keyword.WebUiBuiltInKeywords.setEncryptedText(WebUiBuiltInKeywords.groovy:981)&#xD;
	at com.kms.katalon.core.webui.keyword.WebUiBuiltInKeywords$setEncryptedText$3.call(Unknown Source)&#xD;
	at Employee_first_time_Login_ShouldSucceed.run(Employee_first_time_Login_ShouldSucceed:45)&#xD;
	at com.kms.katalon.core.main.ScriptEngine.run(ScriptEngine.java:194)&#xD;
	at com.kms.katalon.core.main.ScriptEngine.runScriptAsRawText(ScriptEngine.java:119)&#xD;
	at com.kms.katalon.core.main.TestCaseExecutor.runScript(TestCaseExecutor.java:337)&#xD;
	at com.kms.katalon.core.main.TestCaseExecutor.doExecute(TestCaseExecutor.java:328)&#xD;
	at com.kms.katalon.core.main.TestCaseExecutor.processExecutionPhase(TestCaseExecutor.java:307)&#xD;
	at com.kms.katalon.core.main.TestCaseExecutor.accessMainPhase(TestCaseExecutor.java:299)&#xD;
	at com.kms.katalon.core.main.TestCaseExecutor.execute(TestCaseExecutor.java:233)&#xD;
	at com.kms.katalon.core.main.TestSuiteExecutor.accessTestCaseMainPhase(TestSuiteExecutor.java:133)&#xD;
	at com.kms.katalon.core.main.TestSuiteExecutor.accessTestSuiteMainPhase(TestSuiteExecutor.java:116)&#xD;
	at com.kms.katalon.core.main.TestSuiteExecutor.execute(TestSuiteExecutor.java:83)&#xD;
	at com.kms.katalon.core.main.TestCaseMain.startTestSuite(TestCaseMain.java:157)&#xD;
	at com.kms.katalon.core.main.TestCaseMain$startTestSuite$0.call(Unknown Source)&#xD;
	at TempTestSuite1570790696642.run(TempTestSuite1570790696642.groovy:35)&#xD;
Caused by: com.kms.katalon.core.webui.exception.WebElementNotFoundException: Web element with id: 'Object Repository/Login_OR/employee_login/input_First login after user account creationpassword reset Please change the password_mat-input-2' located by 'By.xpath: //input[@type = 'password' and @id = 'mat-input-2' and @placeholder = 'Old Password']' not found&#xD;
	at com.kms.katalon.core.webui.common.WebUiCommonHelper.findWebElement(WebUiCommonHelper.java:1097)&#xD;
	at com.kms.katalon.core.webui.keyword.internal.WebUIAbstractKeyword.findWebElement(WebUIAbstractKeyword.groovy:27)&#xD;
	at com.kms.katalon.core.webui.keyword.internal.WebUIAbstractKeyword.findWebElement(WebUIAbstractKeyword.groovy:26)&#xD;
	at com.kms.katalon.core.webui.keyword.builtin.SetEncryptedTextKeyword$_setEncryptedText_closure1.doCall(SetEncryptedTextKeyword.groovy:51)&#xD;
	at com.kms.katalon.core.webui.keyword.builtin.SetEncryptedTextKeyword$_setEncryptedText_closure1.call(SetEncryptedTextKeyword.groovy)&#xD;
	at com.kms.katalon.core.webui.keyword.internal.WebUIKeywordMain.runKeyword(WebUIKeywordMain.groovy:20)&#xD;
	... 19 more</system-err>
        </testcase>
        <testcase name="Test Cases/Login/Employee_Inactive_Login_ShouldGiveErrorMessage" classname="Test Cases/Login/Employee_Inactive_Login_ShouldGiveErrorMessage" status="FAILED">
            <failure type="FAILED" message="Test Cases/Login/Employee_Inactive_Login_ShouldGiveErrorMessage FAILED.&#xA;Reason:&#xA;com.kms.katalon.core.exception.StepFailedException: Unable to verify text 'User is inactive ' is present &#xD;&#xA;&#x9;at com.kms.katalon.core.webui.keyword.internal.WebUIKeywordMain.stepFailed(WebUIKeywordMain.groovy:64)&#xD;&#xA;&#x9;at com.kms.katalon.core.webui.keyword.internal.WebUIKeywordMain.runKeyword(WebUIKeywordMain.groovy:26)&#xD;&#xA;&#x9;at com.kms.katalon.core.webui.keyword.builtin.VerifyTextPresentKeyword.verifyTextPresent(VerifyTextPresentKeyword.groovy:83)&#xD;&#xA;&#x9;at com.kms.katalon.core.webui.keyword.builtin.VerifyTextPresentKeyword.execute(VerifyTextPresentKeyword.groovy:68)&#xD;&#xA;&#x9;at com.kms.katalon.core.keyword.internal.KeywordExecutor.executeKeywordForPlatform(KeywordExecutor.groovy:56)&#xD;&#xA;&#x9;at com.kms.katalon.core.webui.keyword.WebUiBuiltInKeywords.verifyTextPresent(WebUiBuiltInKeywords.groovy:1693)&#xD;&#xA;&#x9;at com.kms.katalon.core.webui.keyword.WebUiBuiltInKeywords$verifyTextPresent$6.call(Unknown Source)&#xD;&#xA;&#x9;at Employee_Inactive_Login_ShouldGiveErrorMessage.run(Employee_Inactive_Login_ShouldGiveErrorMessage:32)&#xD;&#xA;&#x9;at com.kms.katalon.core.main.ScriptEngine.run(ScriptEngine.java:194)&#xD;&#xA;&#x9;at com.kms.katalon.core.main.ScriptEngine.runScriptAsRawText(ScriptEngine.java:119)&#xD;&#xA;&#x9;at com.kms.katalon.core.main.TestCaseExecutor.runScript(TestCaseExecutor.java:337)&#xD;&#xA;&#x9;at com.kms.katalon.core.main.TestCaseExecutor.doExecute(TestCaseExecutor.java:328)&#xD;&#xA;&#x9;at com.kms.katalon.core.main.TestCaseExecutor.processExecutionPhase(TestCaseExecutor.java:307)&#xD;&#xA;&#x9;at com.kms.katalon.core.main.TestCaseExecutor.accessMainPhase(TestCaseExecutor.java:299)&#xD;&#xA;&#x9;at com.kms.katalon.core.main.TestCaseExecutor.execute(TestCaseExecutor.java:233)&#xD;&#xA;&#x9;at com.kms.katalon.core.main.TestSuiteExecutor.accessTestCaseMainPhase(TestSuiteExecutor.java:133)&#xD;&#xA;&#x9;at com.kms.katalon.core.main.TestSuiteExecutor.accessTestSuiteMainPhase(TestSuiteExecutor.java:116)&#xD;&#xA;&#x9;at com.kms.katalon.core.main.TestSuiteExecutor.execute(TestSuiteExecutor.java:83)&#xD;&#xA;&#x9;at com.kms.katalon.core.main.TestCaseMain.startTestSuite(TestCaseMain.java:157)&#xD;&#xA;&#x9;at com.kms.katalon.core.main.TestCaseMain$startTestSuite$0.call(Unknown Source)&#xD;&#xA;&#x9;at TempTestSuite1570790696642.run(TempTestSuite1570790696642.groovy:35)&#xD;&#xA;Caused by: com.kms.katalon.core.exception.StepFailedException: Text 'User is inactive ' is not present on page &#xD;&#xA;&#x9;at com.kms.katalon.core.webui.keyword.internal.WebUIKeywordMain.stepFailed(WebUIKeywordMain.groovy:64)&#xD;&#xA;&#x9;at com.kms.katalon.core.webui.keyword.builtin.VerifyTextPresentKeyword$_verifyTextPresent_closure1.doCall(VerifyTextPresentKeyword.groovy:79)&#xD;&#xA;&#x9;at com.kms.katalon.core.webui.keyword.builtin.VerifyTextPresentKeyword$_verifyTextPresent_closure1.call(VerifyTextPresentKeyword.groovy)&#xD;&#xA;&#x9;at com.kms.katalon.core.webui.keyword.internal.WebUIKeywordMain.runKeyword(WebUIKeywordMain.groovy:20)&#xD;&#xA;&#x9;... 19 more&#xD;&#xA;"/>
            <system-out>2019-10-11 16:17:59 - [TEST_CASE][FAILED] - Test Cases/Login/Employee_Inactive_Login_ShouldGiveErrorMessage: Test Cases/Login/Employee_Inactive_Login_ShouldGiveErrorMessage FAILED.
Reason:
com.kms.katalon.core.exception.StepFailedException: Unable to verify text 'User is inactive ' is present &#xD;
	at com.kms.katalon.core.webui.keyword.internal.WebUIKeywordMain.stepFailed(WebUIKeywordMain.groovy:64)&#xD;
	at com.kms.katalon.core.webui.keyword.internal.WebUIKeywordMain.runKeyword(WebUIKeywordMain.groovy:26)&#xD;
	at com.kms.katalon.core.webui.keyword.builtin.VerifyTextPresentKeyword.verifyTextPresent(VerifyTextPresentKeyword.groovy:83)&#xD;
	at com.kms.katalon.core.webui.keyword.builtin.VerifyTextPresentKeyword.execute(VerifyTextPresentKeyword.groovy:68)&#xD;
	at com.kms.katalon.core.keyword.internal.KeywordExecutor.executeKeywordForPlatform(KeywordExecutor.groovy:56)&#xD;
	at com.kms.katalon.core.webui.keyword.WebUiBuiltInKeywords.verifyTextPresent(WebUiBuiltInKeywords.groovy:1693)&#xD;
	at com.kms.katalon.core.webui.keyword.WebUiBuiltInKeywords$verifyTextPresent$6.call(Unknown Source)&#xD;
	at Employee_Inactive_Login_ShouldGiveErrorMessage.run(Employee_Inactive_Login_ShouldGiveErrorMessage:32)&#xD;
	at com.kms.katalon.core.main.ScriptEngine.run(ScriptEngine.java:194)&#xD;
	at com.kms.katalon.core.main.ScriptEngine.runScriptAsRawText(ScriptEngine.java:119)&#xD;
	at com.kms.katalon.core.main.TestCaseExecutor.runScript(TestCaseExecutor.java:337)&#xD;
	at com.kms.katalon.core.main.TestCaseExecutor.doExecute(TestCaseExecutor.java:328)&#xD;
	at com.kms.katalon.core.main.TestCaseExecutor.processExecutionPhase(TestCaseExecutor.java:307)&#xD;
	at com.kms.katalon.core.main.TestCaseExecutor.accessMainPhase(TestCaseExecutor.java:299)&#xD;
	at com.kms.katalon.core.main.TestCaseExecutor.execute(TestCaseExecutor.java:233)&#xD;
	at com.kms.katalon.core.main.TestSuiteExecutor.accessTestCaseMainPhase(TestSuiteExecutor.java:133)&#xD;
	at com.kms.katalon.core.main.TestSuiteExecutor.accessTestSuiteMainPhase(TestSuiteExecutor.java:116)&#xD;
	at com.kms.katalon.core.main.TestSuiteExecutor.execute(TestSuiteExecutor.java:83)&#xD;
	at com.kms.katalon.core.main.TestCaseMain.startTestSuite(TestCaseMain.java:157)&#xD;
	at com.kms.katalon.core.main.TestCaseMain$startTestSuite$0.call(Unknown Source)&#xD;
	at TempTestSuite1570790696642.run(TempTestSuite1570790696642.groovy:35)&#xD;
Caused by: com.kms.katalon.core.exception.StepFailedException: Text 'User is inactive ' is not present on page &#xD;
	at com.kms.katalon.core.webui.keyword.internal.WebUIKeywordMain.stepFailed(WebUIKeywordMain.groovy:64)&#xD;
	at com.kms.katalon.core.webui.keyword.builtin.VerifyTextPresentKeyword$_verifyTextPresent_closure1.doCall(VerifyTextPresentKeyword.groovy:79)&#xD;
	at com.kms.katalon.core.webui.keyword.builtin.VerifyTextPresentKeyword$_verifyTextPresent_closure1.call(VerifyTextPresentKeyword.groovy)&#xD;
	at com.kms.katalon.core.webui.keyword.internal.WebUIKeywordMain.runKeyword(WebUIKeywordMain.groovy:20)&#xD;
	... 19 more&#xD;
&#xD;
&#xD;
2019-10-11 16:17:59 - [TEST_STEP][PASSED] - openBrowser(""): Browser is opened with url: ''&#xD;
&#xD;
2019-10-11 16:17:59 - [MESSAGE][WARNING] - A browser is already opened. Closing browser and opening a new one&#xD;
&#xD;
2019-10-11 16:18:00 - [MESSAGE][INFO] - Starting 'Chrome' driver&#xD;
&#xD;
2019-10-11 16:18:03 - [MESSAGE][PASSED] - Browser is opened with url: ''&#xD;
&#xD;
2019-10-11 16:18:03 - [TEST_STEP][PASSED] - navigateToUrl(login_url): Navigate to 'https://10.2.200.37:8441/login' successfully&#xD;
&#xD;
2019-10-11 16:18:04 - [MESSAGE][PASSED] - Navigate to 'https://10.2.200.37:8441/login' successfully&#xD;
&#xD;
2019-10-11 16:18:04 - [TEST_STEP][PASSED] - maximizeWindow(): Current window maximized&#xD;
&#xD;
2019-10-11 16:18:05 - [MESSAGE][PASSED] - Current window maximized&#xD;
&#xD;
2019-10-11 16:18:05 - [TEST_STEP][PASSED] - setText(findTestObject("Object Repository/Login_OR/Employee_Inactive_Login_ShouldGiveErrormessage_OR/Page_Unified Wallet/input_Sign in_mat-input-0"), employee_login_name): Text 'temployee' is set on object 'Object Repository/Login_OR/Employee_Inactive_Login_ShouldGiveErrormessage_OR/Page_Unified Wallet/input_Sign in_mat-input-0'&#xD;
&#xD;
2019-10-11 16:18:05 - [MESSAGE][PASSED] - Text 'temployee' is set on object 'Object Repository/Login_OR/Employee_Inactive_Login_ShouldGiveErrormessage_OR/Page_Unified Wallet/input_Sign in_mat-input-0'&#xD;
&#xD;
2019-10-11 16:18:05 - [TEST_STEP][PASSED] - setEncryptedText(findTestObject("Object Repository/Login_OR/Employee_Inactive_Login_ShouldGiveErrormessage_OR/Page_Unified Wallet/input_Username_mat-input-1"), employee_new_password): Text ****** has been set on object 'Object Repository/Login_OR/Employee_Inactive_Login_ShouldGiveErrormessage_OR/Page_Unified Wallet/input_Username_mat-input-1'&#xD;
&#xD;
2019-10-11 16:18:05 - [MESSAGE][PASSED] - Text ****** has been set on object 'Object Repository/Login_OR/Employee_Inactive_Login_ShouldGiveErrormessage_OR/Page_Unified Wallet/input_Username_mat-input-1'&#xD;
&#xD;
2019-10-11 16:18:05 - [TEST_STEP][PASSED] - click(findTestObject("Object Repository/Login_OR/Employee_Inactive_Login_ShouldGiveErrormessage_OR/Page_Unified Wallet/button_Login")): Object: 'Object Repository/Login_OR/Employee_Inactive_Login_ShouldGiveErrormessage_OR/Page_Unified Wallet/button_Login' is clicked on&#xD;
&#xD;
2019-10-11 16:18:05 - [MESSAGE][PASSED] - Object: 'Object Repository/Login_OR/Employee_Inactive_Login_ShouldGiveErrormessage_OR/Page_Unified Wallet/button_Login' is clicked on&#xD;
&#xD;
2019-10-11 16:18:05 - [TEST_STEP][PASSED] - delay(1): Delayed 1 second(s)&#xD;
&#xD;
2019-10-11 16:18:06 - [MESSAGE][PASSED] - Delayed 1 second(s)&#xD;
&#xD;
2019-10-11 16:18:06 - [TEST_STEP][FAILED] - verifyTextPresent("User is inactive ", false): Unable to verify text 'User is inactive ' is present  (Root cause: com.kms.katalon.core.exception.StepFailedException: Unable to verify text 'User is inactive ' is present &#xD;
	at com.kms.katalon.core.webui.keyword.internal.WebUIKeywordMain.stepFailed(WebUIKeywordMain.groovy:64)&#xD;
	at com.kms.katalon.core.webui.keyword.internal.WebUIKeywordMain.runKeyword(WebUIKeywordMain.groovy:26)&#xD;
	at com.kms.katalon.core.webui.keyword.builtin.VerifyTextPresentKeyword.verifyTextPresent(VerifyTextPresentKeyword.groovy:83)&#xD;
	at com.kms.katalon.core.webui.keyword.builtin.VerifyTextPresentKeyword.execute(VerifyTextPresentKeyword.groovy:68)&#xD;
	at com.kms.katalon.core.keyword.internal.KeywordExecutor.executeKeywordForPlatform(KeywordExecutor.groovy:56)&#xD;
	at com.kms.katalon.core.webui.keyword.WebUiBuiltInKeywords.verifyTextPresent(WebUiBuiltInKeywords.groovy:1693)&#xD;
	at com.kms.katalon.core.webui.keyword.WebUiBuiltInKeywords$verifyTextPresent$6.call(Unknown Source)&#xD;
	at Employee_Inactive_Login_ShouldGiveErrorMessage.run(Employee_Inactive_Login_ShouldGiveErrorMessage:32)&#xD;
	at com.kms.katalon.core.main.ScriptEngine.run(ScriptEngine.java:194)&#xD;
	at com.kms.katalon.core.main.ScriptEngine.runScriptAsRawText(ScriptEngine.java:119)&#xD;
	at com.kms.katalon.core.main.TestCaseExecutor.runScript(TestCaseExecutor.java:337)&#xD;
	at com.kms.katalon.core.main.TestCaseExecutor.doExecute(TestCaseExecutor.java:328)&#xD;
	at com.kms.katalon.core.main.TestCaseExecutor.processExecutionPhase(TestCaseExecutor.java:307)&#xD;
	at com.kms.katalon.core.main.TestCaseExecutor.accessMainPhase(TestCaseExecutor.java:299)&#xD;
	at com.kms.katalon.core.main.TestCaseExecutor.execute(TestCaseExecutor.java:233)&#xD;
	at com.kms.katalon.core.main.TestSuiteExecutor.accessTestCaseMainPhase(TestSuiteExecutor.java:133)&#xD;
	at com.kms.katalon.core.main.TestSuiteExecutor.accessTestSuiteMainPhase(TestSuiteExecutor.java:116)&#xD;
	at com.kms.katalon.core.main.TestSuiteExecutor.execute(TestSuiteExecutor.java:83)&#xD;
	at com.kms.katalon.core.main.TestCaseMain.startTestSuite(TestCaseMain.java:157)&#xD;
	at com.kms.katalon.core.main.TestCaseMain$startTestSuite$0.call(Unknown Source)&#xD;
	at TempTestSuite1570790696642.run(TempTestSuite1570790696642.groovy:35)&#xD;
Caused by: com.kms.katalon.core.exception.StepFailedException: Text 'User is inactive ' is not present on page &#xD;
	at com.kms.katalon.core.webui.keyword.internal.WebUIKeywordMain.stepFailed(WebUIKeywordMain.groovy:64)&#xD;
	at com.kms.katalon.core.webui.keyword.builtin.VerifyTextPresentKeyword$_verifyTextPresent_closure1.doCall(VerifyTextPresentKeyword.groovy:79)&#xD;
	at com.kms.katalon.core.webui.keyword.builtin.VerifyTextPresentKeyword$_verifyTextPresent_closure1.call(VerifyTextPresentKeyword.groovy)&#xD;
	at com.kms.katalon.core.webui.keyword.internal.WebUIKeywordMain.runKeyword(WebUIKeywordMain.groovy:20)&#xD;
	... 19 more&#xD;
)&#xD;
&#xD;
2019-10-11 16:18:06 - [MESSAGE][FAILED] - Text 'User is inactive ' is not present on page  (Root cause: com.kms.katalon.core.exception.StepFailedException: Text 'User is inactive ' is not present on page &#xD;
	at com.kms.katalon.core.webui.keyword.internal.WebUIKeywordMain.stepFailed(WebUIKeywordMain.groovy:64)&#xD;
	at com.kms.katalon.core.webui.keyword.builtin.VerifyTextPresentKeyword$_verifyTextPresent_closure1.doCall(VerifyTextPresentKeyword.groovy:79)&#xD;
	at com.kms.katalon.core.webui.keyword.builtin.VerifyTextPresentKeyword$_verifyTextPresent_closure1.call(VerifyTextPresentKeyword.groovy)&#xD;
	at com.kms.katalon.core.webui.keyword.internal.WebUIKeywordMain.runKeyword(WebUIKeywordMain.groovy:20)&#xD;
	at com.kms.katalon.core.webui.keyword.builtin.VerifyTextPresentKeyword.verifyTextPresent(VerifyTextPresentKeyword.groovy:83)&#xD;
	at com.kms.katalon.core.webui.keyword.builtin.VerifyTextPresentKeyword.execute(VerifyTextPresentKeyword.groovy:68)&#xD;
	at com.kms.katalon.core.keyword.internal.KeywordExecutor.executeKeywordForPlatform(KeywordExecutor.groovy:56)&#xD;
	at com.kms.katalon.core.webui.keyword.WebUiBuiltInKeywords.verifyTextPresent(WebUiBuiltInKeywords.groovy:1693)&#xD;
	at com.kms.katalon.core.webui.keyword.WebUiBuiltInKeywords$verifyTextPresent$6.call(Unknown Source)&#xD;
	at Employee_Inactive_Login_ShouldGiveErrorMessage.run(Employee_Inactive_Login_ShouldGiveErrorMessage:32)&#xD;
	at com.kms.katalon.core.main.ScriptEngine.run(ScriptEngine.java:194)&#xD;
	at com.kms.katalon.core.main.ScriptEngine.runScriptAsRawText(ScriptEngine.java:119)&#xD;
	at com.kms.katalon.core.main.TestCaseExecutor.runScript(TestCaseExecutor.java:337)&#xD;
	at com.kms.katalon.core.main.TestCaseExecutor.doExecute(TestCaseExecutor.java:328)&#xD;
	at com.kms.katalon.core.main.TestCaseExecutor.processExecutionPhase(TestCaseExecutor.java:307)&#xD;
	at com.kms.katalon.core.main.TestCaseExecutor.accessMainPhase(TestCaseExecutor.java:299)&#xD;
	at com.kms.katalon.core.main.TestCaseExecutor.execute(TestCaseExecutor.java:233)&#xD;
	at com.kms.katalon.core.main.TestSuiteExecutor.accessTestCaseMainPhase(TestSuiteExecutor.java:133)&#xD;
	at com.kms.katalon.core.main.TestSuiteExecutor.accessTestSuiteMainPhase(TestSuiteExecutor.java:116)&#xD;
	at com.kms.katalon.core.main.TestSuiteExecutor.execute(TestSuiteExecutor.java:83)&#xD;
	at com.kms.katalon.core.main.TestCaseMain.startTestSuite(TestCaseMain.java:157)&#xD;
	at com.kms.katalon.core.main.TestCaseMain$startTestSuite$0.call(Unknown Source)&#xD;
	at TempTestSuite1570790696642.run(TempTestSuite1570790696642.groovy:35)&#xD;
)&#xD;
&#xD;
2019-10-11 16:18:06 - [MESSAGE][FAILED] - Unable to verify text 'User is inactive ' is present  (Root cause: com.kms.katalon.core.exception.StepFailedException: Unable to verify text 'User is inactive ' is present &#xD;
	at com.kms.katalon.core.webui.keyword.internal.WebUIKeywordMain.stepFailed(WebUIKeywordMain.groovy:64)&#xD;
	at com.kms.katalon.core.webui.keyword.internal.WebUIKeywordMain.runKeyword(WebUIKeywordMain.groovy:26)&#xD;
	at com.kms.katalon.core.webui.keyword.builtin.VerifyTextPresentKeyword.verifyTextPresent(VerifyTextPresentKeyword.groovy:83)&#xD;
	at com.kms.katalon.core.webui.keyword.builtin.VerifyTextPresentKeyword.execute(VerifyTextPresentKeyword.groovy:68)&#xD;
	at com.kms.katalon.core.keyword.internal.KeywordExecutor.executeKeywordForPlatform(KeywordExecutor.groovy:56)&#xD;
	at com.kms.katalon.core.webui.keyword.WebUiBuiltInKeywords.verifyTextPresent(WebUiBuiltInKeywords.groovy:1693)&#xD;
	at com.kms.katalon.core.webui.keyword.WebUiBuiltInKeywords$verifyTextPresent$6.call(Unknown Source)&#xD;
	at Employee_Inactive_Login_ShouldGiveErrorMessage.run(Employee_Inactive_Login_ShouldGiveErrorMessage:32)&#xD;
	at com.kms.katalon.core.main.ScriptEngine.run(ScriptEngine.java:194)&#xD;
	at com.kms.katalon.core.main.ScriptEngine.runScriptAsRawText(ScriptEngine.java:119)&#xD;
	at com.kms.katalon.core.main.TestCaseExecutor.runScript(TestCaseExecutor.java:337)&#xD;
	at com.kms.katalon.core.main.TestCaseExecutor.doExecute(TestCaseExecutor.java:328)&#xD;
	at com.kms.katalon.core.main.TestCaseExecutor.processExecutionPhase(TestCaseExecutor.java:307)&#xD;
	at com.kms.katalon.core.main.TestCaseExecutor.accessMainPhase(TestCaseExecutor.java:299)&#xD;
	at com.kms.katalon.core.main.TestCaseExecutor.execute(TestCaseExecutor.java:233)&#xD;
	at com.kms.katalon.core.main.TestSuiteExecutor.accessTestCaseMainPhase(TestSuiteExecutor.java:133)&#xD;
	at com.kms.katalon.core.main.TestSuiteExecutor.accessTestSuiteMainPhase(TestSuiteExecutor.java:116)&#xD;
	at com.kms.katalon.core.main.TestSuiteExecutor.execute(TestSuiteExecutor.java:83)&#xD;
	at com.kms.katalon.core.main.TestCaseMain.startTestSuite(TestCaseMain.java:157)&#xD;
	at com.kms.katalon.core.main.TestCaseMain$startTestSuite$0.call(Unknown Source)&#xD;
	at TempTestSuite1570790696642.run(TempTestSuite1570790696642.groovy:35)&#xD;
Caused by: com.kms.katalon.core.exception.StepFailedException: Text 'User is inactive ' is not present on page &#xD;
	at com.kms.katalon.core.webui.keyword.internal.WebUIKeywordMain.stepFailed(WebUIKeywordMain.groovy:64)&#xD;
	at com.kms.katalon.core.webui.keyword.builtin.VerifyTextPresentKeyword$_verifyTextPresent_closure1.doCall(VerifyTextPresentKeyword.groovy:79)&#xD;
	at com.kms.katalon.core.webui.keyword.builtin.VerifyTextPresentKeyword$_verifyTextPresent_closure1.call(VerifyTextPresentKeyword.groovy)&#xD;
	at com.kms.katalon.core.webui.keyword.internal.WebUIKeywordMain.runKeyword(WebUIKeywordMain.groovy:20)&#xD;
	... 19 more&#xD;
)&#xD;
[[ATTACHMENT|C:\\Users\\vinayaka.prabhu\\Katalon Studio\\Unified_Wallet_UI_Test\\Reports\\Complete_Wallet_UI\\Complete_Wallet_UI\\20191011_161456\\1570790886655.png]]</system-out>
            <system-err>2019-10-11 16:17:59 - [TEST_CASE][FAILED] - Test Cases/Login/Employee_Inactive_Login_ShouldGiveErrorMessage: Test Cases/Login/Employee_Inactive_Login_ShouldGiveErrorMessage FAILED.
Reason:
com.kms.katalon.core.exception.StepFailedException: Unable to verify text 'User is inactive ' is present &#xD;
	at com.kms.katalon.core.webui.keyword.internal.WebUIKeywordMain.stepFailed(WebUIKeywordMain.groovy:64)&#xD;
	at com.kms.katalon.core.webui.keyword.internal.WebUIKeywordMain.runKeyword(WebUIKeywordMain.groovy:26)&#xD;
	at com.kms.katalon.core.webui.keyword.builtin.VerifyTextPresentKeyword.verifyTextPresent(VerifyTextPresentKeyword.groovy:83)&#xD;
	at com.kms.katalon.core.webui.keyword.builtin.VerifyTextPresentKeyword.execute(VerifyTextPresentKeyword.groovy:68)&#xD;
	at com.kms.katalon.core.keyword.internal.KeywordExecutor.executeKeywordForPlatform(KeywordExecutor.groovy:56)&#xD;
	at com.kms.katalon.core.webui.keyword.WebUiBuiltInKeywords.verifyTextPresent(WebUiBuiltInKeywords.groovy:1693)&#xD;
	at com.kms.katalon.core.webui.keyword.WebUiBuiltInKeywords$verifyTextPresent$6.call(Unknown Source)&#xD;
	at Employee_Inactive_Login_ShouldGiveErrorMessage.run(Employee_Inactive_Login_ShouldGiveErrorMessage:32)&#xD;
	at com.kms.katalon.core.main.ScriptEngine.run(ScriptEngine.java:194)&#xD;
	at com.kms.katalon.core.main.ScriptEngine.runScriptAsRawText(ScriptEngine.java:119)&#xD;
	at com.kms.katalon.core.main.TestCaseExecutor.runScript(TestCaseExecutor.java:337)&#xD;
	at com.kms.katalon.core.main.TestCaseExecutor.doExecute(TestCaseExecutor.java:328)&#xD;
	at com.kms.katalon.core.main.TestCaseExecutor.processExecutionPhase(TestCaseExecutor.java:307)&#xD;
	at com.kms.katalon.core.main.TestCaseExecutor.accessMainPhase(TestCaseExecutor.java:299)&#xD;
	at com.kms.katalon.core.main.TestCaseExecutor.execute(TestCaseExecutor.java:233)&#xD;
	at com.kms.katalon.core.main.TestSuiteExecutor.accessTestCaseMainPhase(TestSuiteExecutor.java:133)&#xD;
	at com.kms.katalon.core.main.TestSuiteExecutor.accessTestSuiteMainPhase(TestSuiteExecutor.java:116)&#xD;
	at com.kms.katalon.core.main.TestSuiteExecutor.execute(TestSuiteExecutor.java:83)&#xD;
	at com.kms.katalon.core.main.TestCaseMain.startTestSuite(TestCaseMain.java:157)&#xD;
	at com.kms.katalon.core.main.TestCaseMain$startTestSuite$0.call(Unknown Source)&#xD;
	at TempTestSuite1570790696642.run(TempTestSuite1570790696642.groovy:35)&#xD;
Caused by: com.kms.katalon.core.exception.StepFailedException: Text 'User is inactive ' is not present on page &#xD;
	at com.kms.katalon.core.webui.keyword.internal.WebUIKeywordMain.stepFailed(WebUIKeywordMain.groovy:64)&#xD;
	at com.kms.katalon.core.webui.keyword.builtin.VerifyTextPresentKeyword$_verifyTextPresent_closure1.doCall(VerifyTextPresentKeyword.groovy:79)&#xD;
	at com.kms.katalon.core.webui.keyword.builtin.VerifyTextPresentKeyword$_verifyTextPresent_closure1.call(VerifyTextPresentKeyword.groovy)&#xD;
	at com.kms.katalon.core.webui.keyword.internal.WebUIKeywordMain.runKeyword(WebUIKeywordMain.groovy:20)&#xD;
	... 19 more</system-err>
        </testcase>
        <testcase name="Test Cases/Login/Wrong_username_Should_giveEror" classname="Test Cases/Login/Wrong_username_Should_giveEror" status="FAILED">
            <failure type="FAILED" message="Test Cases/Login/Wrong_username_Should_giveEror FAILED.&#xA;Reason:&#xA;com.kms.katalon.core.exception.StepFailedException: Unable to verify text ' Invalid username ' is present &#xD;&#xA;&#x9;at com.kms.katalon.core.webui.keyword.internal.WebUIKeywordMain.stepFailed(WebUIKeywordMain.groovy:64)&#xD;&#xA;&#x9;at com.kms.katalon.core.webui.keyword.internal.WebUIKeywordMain.runKeyword(WebUIKeywordMain.groovy:26)&#xD;&#xA;&#x9;at com.kms.katalon.core.webui.keyword.builtin.VerifyTextPresentKeyword.verifyTextPresent(VerifyTextPresentKeyword.groovy:83)&#xD;&#xA;&#x9;at com.kms.katalon.core.webui.keyword.builtin.VerifyTextPresentKeyword.execute(VerifyTextPresentKeyword.groovy:68)&#xD;&#xA;&#x9;at com.kms.katalon.core.keyword.internal.KeywordExecutor.executeKeywordForPlatform(KeywordExecutor.groovy:56)&#xD;&#xA;&#x9;at com.kms.katalon.core.webui.keyword.WebUiBuiltInKeywords.verifyTextPresent(WebUiBuiltInKeywords.groovy:1693)&#xD;&#xA;&#x9;at com.kms.katalon.core.webui.keyword.WebUiBuiltInKeywords$verifyTextPresent$6.call(Unknown Source)&#xD;&#xA;&#x9;at Wrong_username_Should_giveEror.run(Wrong_username_Should_giveEror:31)&#xD;&#xA;&#x9;at com.kms.katalon.core.main.ScriptEngine.run(ScriptEngine.java:194)&#xD;&#xA;&#x9;at com.kms.katalon.core.main.ScriptEngine.runScriptAsRawText(ScriptEngine.java:119)&#xD;&#xA;&#x9;at com.kms.katalon.core.main.TestCaseExecutor.runScript(TestCaseExecutor.java:337)&#xD;&#xA;&#x9;at com.kms.katalon.core.main.TestCaseExecutor.doExecute(TestCaseExecutor.java:328)&#xD;&#xA;&#x9;at com.kms.katalon.core.main.TestCaseExecutor.processExecutionPhase(TestCaseExecutor.java:307)&#xD;&#xA;&#x9;at com.kms.katalon.core.main.TestCaseExecutor.accessMainPhase(TestCaseExecutor.java:299)&#xD;&#xA;&#x9;at com.kms.katalon.core.main.TestCaseExecutor.execute(TestCaseExecutor.java:233)&#xD;&#xA;&#x9;at com.kms.katalon.core.main.TestSuiteExecutor.accessTestCaseMainPhase(TestSuiteExecutor.java:133)&#xD;&#xA;&#x9;at com.kms.katalon.core.main.TestSuiteExecutor.accessTestSuiteMainPhase(TestSuiteExecutor.java:116)&#xD;&#xA;&#x9;at com.kms.katalon.core.main.TestSuiteExecutor.execute(TestSuiteExecutor.java:83)&#xD;&#xA;&#x9;at com.kms.katalon.core.main.TestCaseMain.startTestSuite(TestCaseMain.java:157)&#xD;&#xA;&#x9;at com.kms.katalon.core.main.TestCaseMain$startTestSuite$0.call(Unknown Source)&#xD;&#xA;&#x9;at TempTestSuite1570790696642.run(TempTestSuite1570790696642.groovy:35)&#xD;&#xA;Caused by: com.kms.katalon.core.exception.StepFailedException: Text ' Invalid username ' is not present on page &#xD;&#xA;&#x9;at com.kms.katalon.core.webui.keyword.internal.WebUIKeywordMain.stepFailed(WebUIKeywordMain.groovy:64)&#xD;&#xA;&#x9;at com.kms.katalon.core.webui.keyword.builtin.VerifyTextPresentKeyword$_verifyTextPresent_closure1.doCall(VerifyTextPresentKeyword.groovy:79)&#xD;&#xA;&#x9;at com.kms.katalon.core.webui.keyword.builtin.VerifyTextPresentKeyword$_verifyTextPresent_closure1.call(VerifyTextPresentKeyword.groovy)&#xD;&#xA;&#x9;at com.kms.katalon.core.webui.keyword.internal.WebUIKeywordMain.runKeyword(WebUIKeywordMain.groovy:20)&#xD;&#xA;&#x9;... 19 more&#xD;&#xA;"/>
            <system-out>2019-10-11 16:18:07 - [TEST_CASE][FAILED] - Test Cases/Login/Wrong_username_Should_giveEror: Test Cases/Login/Wrong_username_Should_giveEror FAILED.
Reason:
com.kms.katalon.core.exception.StepFailedException: Unable to verify text ' Invalid username ' is present &#xD;
	at com.kms.katalon.core.webui.keyword.internal.WebUIKeywordMain.stepFailed(WebUIKeywordMain.groovy:64)&#xD;
	at com.kms.katalon.core.webui.keyword.internal.WebUIKeywordMain.runKeyword(WebUIKeywordMain.groovy:26)&#xD;
	at com.kms.katalon.core.webui.keyword.builtin.VerifyTextPresentKeyword.verifyTextPresent(VerifyTextPresentKeyword.groovy:83)&#xD;
	at com.kms.katalon.core.webui.keyword.builtin.VerifyTextPresentKeyword.execute(VerifyTextPresentKeyword.groovy:68)&#xD;
	at com.kms.katalon.core.keyword.internal.KeywordExecutor.executeKeywordForPlatform(KeywordExecutor.groovy:56)&#xD;
	at com.kms.katalon.core.webui.keyword.WebUiBuiltInKeywords.verifyTextPresent(WebUiBuiltInKeywords.groovy:1693)&#xD;
	at com.kms.katalon.core.webui.keyword.WebUiBuiltInKeywords$verifyTextPresent$6.call(Unknown Source)&#xD;
	at Wrong_username_Should_giveEror.run(Wrong_username_Should_giveEror:31)&#xD;
	at com.kms.katalon.core.main.ScriptEngine.run(ScriptEngine.java:194)&#xD;
	at com.kms.katalon.core.main.ScriptEngine.runScriptAsRawText(ScriptEngine.java:119)&#xD;
	at com.kms.katalon.core.main.TestCaseExecutor.runScript(TestCaseExecutor.java:337)&#xD;
	at com.kms.katalon.core.main.TestCaseExecutor.doExecute(TestCaseExecutor.java:328)&#xD;
	at com.kms.katalon.core.main.TestCaseExecutor.processExecutionPhase(TestCaseExecutor.java:307)&#xD;
	at com.kms.katalon.core.main.TestCaseExecutor.accessMainPhase(TestCaseExecutor.java:299)&#xD;
	at com.kms.katalon.core.main.TestCaseExecutor.execute(TestCaseExecutor.java:233)&#xD;
	at com.kms.katalon.core.main.TestSuiteExecutor.accessTestCaseMainPhase(TestSuiteExecutor.java:133)&#xD;
	at com.kms.katalon.core.main.TestSuiteExecutor.accessTestSuiteMainPhase(TestSuiteExecutor.java:116)&#xD;
	at com.kms.katalon.core.main.TestSuiteExecutor.execute(TestSuiteExecutor.java:83)&#xD;
	at com.kms.katalon.core.main.TestCaseMain.startTestSuite(TestCaseMain.java:157)&#xD;
	at com.kms.katalon.core.main.TestCaseMain$startTestSuite$0.call(Unknown Source)&#xD;
	at TempTestSuite1570790696642.run(TempTestSuite1570790696642.groovy:35)&#xD;
Caused by: com.kms.katalon.core.exception.StepFailedException: Text ' Invalid username ' is not present on page &#xD;
	at com.kms.katalon.core.webui.keyword.internal.WebUIKeywordMain.stepFailed(WebUIKeywordMain.groovy:64)&#xD;
	at com.kms.katalon.core.webui.keyword.builtin.VerifyTextPresentKeyword$_verifyTextPresent_closure1.doCall(VerifyTextPresentKeyword.groovy:79)&#xD;
	at com.kms.katalon.core.webui.keyword.builtin.VerifyTextPresentKeyword$_verifyTextPresent_closure1.call(VerifyTextPresentKeyword.groovy)&#xD;
	at com.kms.katalon.core.webui.keyword.internal.WebUIKeywordMain.runKeyword(WebUIKeywordMain.groovy:20)&#xD;
	... 19 more&#xD;
&#xD;
&#xD;
2019-10-11 16:18:07 - [TEST_STEP][PASSED] - openBrowser(""): Browser is opened with url: ''&#xD;
&#xD;
2019-10-11 16:18:07 - [MESSAGE][WARNING] - A browser is already opened. Closing browser and opening a new one&#xD;
&#xD;
2019-10-11 16:18:07 - [MESSAGE][INFO] - Starting 'Chrome' driver&#xD;
&#xD;
2019-10-11 16:18:10 - [MESSAGE][PASSED] - Browser is opened with url: ''&#xD;
&#xD;
2019-10-11 16:18:10 - [TEST_STEP][PASSED] - navigateToUrl(login_url): Navigate to 'https://10.2.200.37:8441/login' successfully&#xD;
&#xD;
2019-10-11 16:18:11 - [MESSAGE][PASSED] - Navigate to 'https://10.2.200.37:8441/login' successfully&#xD;
&#xD;
2019-10-11 16:18:11 - [TEST_STEP][PASSED] - maximizeWindow(): Current window maximized&#xD;
&#xD;
2019-10-11 16:18:12 - [MESSAGE][PASSED] - Current window maximized&#xD;
&#xD;
2019-10-11 16:18:12 - [TEST_STEP][PASSED] - setText(findTestObject("Object Repository/Login_OR/Wrong_username_ShouldgiveError/input_Sign in_mat-input-0"), wrong_username): Text 'qwerty' is set on object 'Object Repository/Login_OR/Wrong_username_ShouldgiveError/input_Sign in_mat-input-0'&#xD;
&#xD;
2019-10-11 16:18:13 - [MESSAGE][PASSED] - Text 'qwerty' is set on object 'Object Repository/Login_OR/Wrong_username_ShouldgiveError/input_Sign in_mat-input-0'&#xD;
&#xD;
2019-10-11 16:18:13 - [TEST_STEP][PASSED] - setEncryptedText(findTestObject("Object Repository/Login_OR/Wrong_username_ShouldgiveError/input_Username_mat-input-1"), username_admins_Password): Text ****** has been set on object 'Object Repository/Login_OR/Wrong_username_ShouldgiveError/input_Username_mat-input-1'&#xD;
&#xD;
2019-10-11 16:18:13 - [MESSAGE][PASSED] - Text ****** has been set on object 'Object Repository/Login_OR/Wrong_username_ShouldgiveError/input_Username_mat-input-1'&#xD;
&#xD;
2019-10-11 16:18:13 - [TEST_STEP][PASSED] - click(findTestObject("Object Repository/Login_OR/Wrong_username_ShouldgiveError/button_Login")): Object: 'Object Repository/Login_OR/Wrong_username_ShouldgiveError/button_Login' is clicked on&#xD;
&#xD;
2019-10-11 16:18:13 - [MESSAGE][PASSED] - Object: 'Object Repository/Login_OR/Wrong_username_ShouldgiveError/button_Login' is clicked on&#xD;
&#xD;
2019-10-11 16:18:13 - [TEST_STEP][PASSED] - delay(1): Delayed 1 second(s)&#xD;
&#xD;
2019-10-11 16:18:14 - [MESSAGE][PASSED] - Delayed 1 second(s)&#xD;
&#xD;
2019-10-11 16:18:14 - [TEST_STEP][FAILED] - verifyTextPresent(" Invalid username ", false): Unable to verify text ' Invalid username ' is present  (Root cause: com.kms.katalon.core.exception.StepFailedException: Unable to verify text ' Invalid username ' is present &#xD;
	at com.kms.katalon.core.webui.keyword.internal.WebUIKeywordMain.stepFailed(WebUIKeywordMain.groovy:64)&#xD;
	at com.kms.katalon.core.webui.keyword.internal.WebUIKeywordMain.runKeyword(WebUIKeywordMain.groovy:26)&#xD;
	at com.kms.katalon.core.webui.keyword.builtin.VerifyTextPresentKeyword.verifyTextPresent(VerifyTextPresentKeyword.groovy:83)&#xD;
	at com.kms.katalon.core.webui.keyword.builtin.VerifyTextPresentKeyword.execute(VerifyTextPresentKeyword.groovy:68)&#xD;
	at com.kms.katalon.core.keyword.internal.KeywordExecutor.executeKeywordForPlatform(KeywordExecutor.groovy:56)&#xD;
	at com.kms.katalon.core.webui.keyword.WebUiBuiltInKeywords.verifyTextPresent(WebUiBuiltInKeywords.groovy:1693)&#xD;
	at com.kms.katalon.core.webui.keyword.WebUiBuiltInKeywords$verifyTextPresent$6.call(Unknown Source)&#xD;
	at Wrong_username_Should_giveEror.run(Wrong_username_Should_giveEror:31)&#xD;
	at com.kms.katalon.core.main.ScriptEngine.run(ScriptEngine.java:194)&#xD;
	at com.kms.katalon.core.main.ScriptEngine.runScriptAsRawText(ScriptEngine.java:119)&#xD;
	at com.kms.katalon.core.main.TestCaseExecutor.runScript(TestCaseExecutor.java:337)&#xD;
	at com.kms.katalon.core.main.TestCaseExecutor.doExecute(TestCaseExecutor.java:328)&#xD;
	at com.kms.katalon.core.main.TestCaseExecutor.processExecutionPhase(TestCaseExecutor.java:307)&#xD;
	at com.kms.katalon.core.main.TestCaseExecutor.accessMainPhase(TestCaseExecutor.java:299)&#xD;
	at com.kms.katalon.core.main.TestCaseExecutor.execute(TestCaseExecutor.java:233)&#xD;
	at com.kms.katalon.core.main.TestSuiteExecutor.accessTestCaseMainPhase(TestSuiteExecutor.java:133)&#xD;
	at com.kms.katalon.core.main.TestSuiteExecutor.accessTestSuiteMainPhase(TestSuiteExecutor.java:116)&#xD;
	at com.kms.katalon.core.main.TestSuiteExecutor.execute(TestSuiteExecutor.java:83)&#xD;
	at com.kms.katalon.core.main.TestCaseMain.startTestSuite(TestCaseMain.java:157)&#xD;
	at com.kms.katalon.core.main.TestCaseMain$startTestSuite$0.call(Unknown Source)&#xD;
	at TempTestSuite1570790696642.run(TempTestSuite1570790696642.groovy:35)&#xD;
Caused by: com.kms.katalon.core.exception.StepFailedException: Text ' Invalid username ' is not present on page &#xD;
	at com.kms.katalon.core.webui.keyword.internal.WebUIKeywordMain.stepFailed(WebUIKeywordMain.groovy:64)&#xD;
	at com.kms.katalon.core.webui.keyword.builtin.VerifyTextPresentKeyword$_verifyTextPresent_closure1.doCall(VerifyTextPresentKeyword.groovy:79)&#xD;
	at com.kms.katalon.core.webui.keyword.builtin.VerifyTextPresentKeyword$_verifyTextPresent_closure1.call(VerifyTextPresentKeyword.groovy)&#xD;
	at com.kms.katalon.core.webui.keyword.internal.WebUIKeywordMain.runKeyword(WebUIKeywordMain.groovy:20)&#xD;
	... 19 more&#xD;
)&#xD;
&#xD;
2019-10-11 16:18:14 - [MESSAGE][FAILED] - Text ' Invalid username ' is not present on page  (Root cause: com.kms.katalon.core.exception.StepFailedException: Text ' Invalid username ' is not present on page &#xD;
	at com.kms.katalon.core.webui.keyword.internal.WebUIKeywordMain.stepFailed(WebUIKeywordMain.groovy:64)&#xD;
	at com.kms.katalon.core.webui.keyword.builtin.VerifyTextPresentKeyword$_verifyTextPresent_closure1.doCall(VerifyTextPresentKeyword.groovy:79)&#xD;
	at com.kms.katalon.core.webui.keyword.builtin.VerifyTextPresentKeyword$_verifyTextPresent_closure1.call(VerifyTextPresentKeyword.groovy)&#xD;
	at com.kms.katalon.core.webui.keyword.internal.WebUIKeywordMain.runKeyword(WebUIKeywordMain.groovy:20)&#xD;
	at com.kms.katalon.core.webui.keyword.builtin.VerifyTextPresentKeyword.verifyTextPresent(VerifyTextPresentKeyword.groovy:83)&#xD;
	at com.kms.katalon.core.webui.keyword.builtin.VerifyTextPresentKeyword.execute(VerifyTextPresentKeyword.groovy:68)&#xD;
	at com.kms.katalon.core.keyword.internal.KeywordExecutor.executeKeywordForPlatform(KeywordExecutor.groovy:56)&#xD;
	at com.kms.katalon.core.webui.keyword.WebUiBuiltInKeywords.verifyTextPresent(WebUiBuiltInKeywords.groovy:1693)&#xD;
	at com.kms.katalon.core.webui.keyword.WebUiBuiltInKeywords$verifyTextPresent$6.call(Unknown Source)&#xD;
	at Wrong_username_Should_giveEror.run(Wrong_username_Should_giveEror:31)&#xD;
	at com.kms.katalon.core.main.ScriptEngine.run(ScriptEngine.java:194)&#xD;
	at com.kms.katalon.core.main.ScriptEngine.runScriptAsRawText(ScriptEngine.java:119)&#xD;
	at com.kms.katalon.core.main.TestCaseExecutor.runScript(TestCaseExecutor.java:337)&#xD;
	at com.kms.katalon.core.main.TestCaseExecutor.doExecute(TestCaseExecutor.java:328)&#xD;
	at com.kms.katalon.core.main.TestCaseExecutor.processExecutionPhase(TestCaseExecutor.java:307)&#xD;
	at com.kms.katalon.core.main.TestCaseExecutor.accessMainPhase(TestCaseExecutor.java:299)&#xD;
	at com.kms.katalon.core.main.TestCaseExecutor.execute(TestCaseExecutor.java:233)&#xD;
	at com.kms.katalon.core.main.TestSuiteExecutor.accessTestCaseMainPhase(TestSuiteExecutor.java:133)&#xD;
	at com.kms.katalon.core.main.TestSuiteExecutor.accessTestSuiteMainPhase(TestSuiteExecutor.java:116)&#xD;
	at com.kms.katalon.core.main.TestSuiteExecutor.execute(TestSuiteExecutor.java:83)&#xD;
	at com.kms.katalon.core.main.TestCaseMain.startTestSuite(TestCaseMain.java:157)&#xD;
	at com.kms.katalon.core.main.TestCaseMain$startTestSuite$0.call(Unknown Source)&#xD;
	at TempTestSuite1570790696642.run(TempTestSuite1570790696642.groovy:35)&#xD;
)&#xD;
&#xD;
2019-10-11 16:18:14 - [MESSAGE][FAILED] - Unable to verify text ' Invalid username ' is present  (Root cause: com.kms.katalon.core.exception.StepFailedException: Unable to verify text ' Invalid username ' is present &#xD;
	at com.kms.katalon.core.webui.keyword.internal.WebUIKeywordMain.stepFailed(WebUIKeywordMain.groovy:64)&#xD;
	at com.kms.katalon.core.webui.keyword.internal.WebUIKeywordMain.runKeyword(WebUIKeywordMain.groovy:26)&#xD;
	at com.kms.katalon.core.webui.keyword.builtin.VerifyTextPresentKeyword.verifyTextPresent(VerifyTextPresentKeyword.groovy:83)&#xD;
	at com.kms.katalon.core.webui.keyword.builtin.VerifyTextPresentKeyword.execute(VerifyTextPresentKeyword.groovy:68)&#xD;
	at com.kms.katalon.core.keyword.internal.KeywordExecutor.executeKeywordForPlatform(KeywordExecutor.groovy:56)&#xD;
	at com.kms.katalon.core.webui.keyword.WebUiBuiltInKeywords.verifyTextPresent(WebUiBuiltInKeywords.groovy:1693)&#xD;
	at com.kms.katalon.core.webui.keyword.WebUiBuiltInKeywords$verifyTextPresent$6.call(Unknown Source)&#xD;
	at Wrong_username_Should_giveEror.run(Wrong_username_Should_giveEror:31)&#xD;
	at com.kms.katalon.core.main.ScriptEngine.run(ScriptEngine.java:194)&#xD;
	at com.kms.katalon.core.main.ScriptEngine.runScriptAsRawText(ScriptEngine.java:119)&#xD;
	at com.kms.katalon.core.main.TestCaseExecutor.runScript(TestCaseExecutor.java:337)&#xD;
	at com.kms.katalon.core.main.TestCaseExecutor.doExecute(TestCaseExecutor.java:328)&#xD;
	at com.kms.katalon.core.main.TestCaseExecutor.processExecutionPhase(TestCaseExecutor.java:307)&#xD;
	at com.kms.katalon.core.main.TestCaseExecutor.accessMainPhase(TestCaseExecutor.java:299)&#xD;
	at com.kms.katalon.core.main.TestCaseExecutor.execute(TestCaseExecutor.java:233)&#xD;
	at com.kms.katalon.core.main.TestSuiteExecutor.accessTestCaseMainPhase(TestSuiteExecutor.java:133)&#xD;
	at com.kms.katalon.core.main.TestSuiteExecutor.accessTestSuiteMainPhase(TestSuiteExecutor.java:116)&#xD;
	at com.kms.katalon.core.main.TestSuiteExecutor.execute(TestSuiteExecutor.java:83)&#xD;
	at com.kms.katalon.core.main.TestCaseMain.startTestSuite(TestCaseMain.java:157)&#xD;
	at com.kms.katalon.core.main.TestCaseMain$startTestSuite$0.call(Unknown Source)&#xD;
	at TempTestSuite1570790696642.run(TempTestSuite1570790696642.groovy:35)&#xD;
Caused by: com.kms.katalon.core.exception.StepFailedException: Text ' Invalid username ' is not present on page &#xD;
	at com.kms.katalon.core.webui.keyword.internal.WebUIKeywordMain.stepFailed(WebUIKeywordMain.groovy:64)&#xD;
	at com.kms.katalon.core.webui.keyword.builtin.VerifyTextPresentKeyword$_verifyTextPresent_closure1.doCall(VerifyTextPresentKeyword.groovy:79)&#xD;
	at com.kms.katalon.core.webui.keyword.builtin.VerifyTextPresentKeyword$_verifyTextPresent_closure1.call(VerifyTextPresentKeyword.groovy)&#xD;
	at com.kms.katalon.core.webui.keyword.internal.WebUIKeywordMain.runKeyword(WebUIKeywordMain.groovy:20)&#xD;
	... 19 more&#xD;
)&#xD;
[[ATTACHMENT|C:\\Users\\vinayaka.prabhu\\Katalon Studio\\Unified_Wallet_UI_Test\\Reports\\Complete_Wallet_UI\\Complete_Wallet_UI\\20191011_161456\\1570790894434.png]]</system-out>
            <system-err>2019-10-11 16:18:07 - [TEST_CASE][FAILED] - Test Cases/Login/Wrong_username_Should_giveEror: Test Cases/Login/Wrong_username_Should_giveEror FAILED.
Reason:
com.kms.katalon.core.exception.StepFailedException: Unable to verify text ' Invalid username ' is present &#xD;
	at com.kms.katalon.core.webui.keyword.internal.WebUIKeywordMain.stepFailed(WebUIKeywordMain.groovy:64)&#xD;
	at com.kms.katalon.core.webui.keyword.internal.WebUIKeywordMain.runKeyword(WebUIKeywordMain.groovy:26)&#xD;
	at com.kms.katalon.core.webui.keyword.builtin.VerifyTextPresentKeyword.verifyTextPresent(VerifyTextPresentKeyword.groovy:83)&#xD;
	at com.kms.katalon.core.webui.keyword.builtin.VerifyTextPresentKeyword.execute(VerifyTextPresentKeyword.groovy:68)&#xD;
	at com.kms.katalon.core.keyword.internal.KeywordExecutor.executeKeywordForPlatform(KeywordExecutor.groovy:56)&#xD;
	at com.kms.katalon.core.webui.keyword.WebUiBuiltInKeywords.verifyTextPresent(WebUiBuiltInKeywords.groovy:1693)&#xD;
	at com.kms.katalon.core.webui.keyword.WebUiBuiltInKeywords$verifyTextPresent$6.call(Unknown Source)&#xD;
	at Wrong_username_Should_giveEror.run(Wrong_username_Should_giveEror:31)&#xD;
	at com.kms.katalon.core.main.ScriptEngine.run(ScriptEngine.java:194)&#xD;
	at com.kms.katalon.core.main.ScriptEngine.runScriptAsRawText(ScriptEngine.java:119)&#xD;
	at com.kms.katalon.core.main.TestCaseExecutor.runScript(TestCaseExecutor.java:337)&#xD;
	at com.kms.katalon.core.main.TestCaseExecutor.doExecute(TestCaseExecutor.java:328)&#xD;
	at com.kms.katalon.core.main.TestCaseExecutor.processExecutionPhase(TestCaseExecutor.java:307)&#xD;
	at com.kms.katalon.core.main.TestCaseExecutor.accessMainPhase(TestCaseExecutor.java:299)&#xD;
	at com.kms.katalon.core.main.TestCaseExecutor.execute(TestCaseExecutor.java:233)&#xD;
	at com.kms.katalon.core.main.TestSuiteExecutor.accessTestCaseMainPhase(TestSuiteExecutor.java:133)&#xD;
	at com.kms.katalon.core.main.TestSuiteExecutor.accessTestSuiteMainPhase(TestSuiteExecutor.java:116)&#xD;
	at com.kms.katalon.core.main.TestSuiteExecutor.execute(TestSuiteExecutor.java:83)&#xD;
	at com.kms.katalon.core.main.TestCaseMain.startTestSuite(TestCaseMain.java:157)&#xD;
	at com.kms.katalon.core.main.TestCaseMain$startTestSuite$0.call(Unknown Source)&#xD;
	at TempTestSuite1570790696642.run(TempTestSuite1570790696642.groovy:35)&#xD;
Caused by: com.kms.katalon.core.exception.StepFailedException: Text ' Invalid username ' is not present on page &#xD;
	at com.kms.katalon.core.webui.keyword.internal.WebUIKeywordMain.stepFailed(WebUIKeywordMain.groovy:64)&#xD;
	at com.kms.katalon.core.webui.keyword.builtin.VerifyTextPresentKeyword$_verifyTextPresent_closure1.doCall(VerifyTextPresentKeyword.groovy:79)&#xD;
	at com.kms.katalon.core.webui.keyword.builtin.VerifyTextPresentKeyword$_verifyTextPresent_closure1.call(VerifyTextPresentKeyword.groovy)&#xD;
	at com.kms.katalon.core.webui.keyword.internal.WebUIKeywordMain.runKeyword(WebUIKeywordMain.groovy:20)&#xD;
	... 19 more</system-err>
        </testcase>
        <testcase name="Test Cases/Login/Wrong_Password_ShouldgiveError" classname="Test Cases/Login/Wrong_Password_ShouldgiveError" status="FAILED">
            <failure type="FAILED" message="Test Cases/Login/Wrong_Password_ShouldgiveError FAILED.&#xA;Reason:&#xA;com.kms.katalon.core.exception.StepFailedException: Unable to verify text ' Invalid password ' is present &#xD;&#xA;&#x9;at com.kms.katalon.core.webui.keyword.internal.WebUIKeywordMain.stepFailed(WebUIKeywordMain.groovy:64)&#xD;&#xA;&#x9;at com.kms.katalon.core.webui.keyword.internal.WebUIKeywordMain.runKeyword(WebUIKeywordMain.groovy:26)&#xD;&#xA;&#x9;at com.kms.katalon.core.webui.keyword.builtin.VerifyTextPresentKeyword.verifyTextPresent(VerifyTextPresentKeyword.groovy:83)&#xD;&#xA;&#x9;at com.kms.katalon.core.webui.keyword.builtin.VerifyTextPresentKeyword.execute(VerifyTextPresentKeyword.groovy:68)&#xD;&#xA;&#x9;at com.kms.katalon.core.keyword.internal.KeywordExecutor.executeKeywordForPlatform(KeywordExecutor.groovy:56)&#xD;&#xA;&#x9;at com.kms.katalon.core.webui.keyword.WebUiBuiltInKeywords.verifyTextPresent(WebUiBuiltInKeywords.groovy:1693)&#xD;&#xA;&#x9;at com.kms.katalon.core.webui.keyword.WebUiBuiltInKeywords$verifyTextPresent$6.call(Unknown Source)&#xD;&#xA;&#x9;at Wrong_Password_ShouldgiveError.run(Wrong_Password_ShouldgiveError:31)&#xD;&#xA;&#x9;at com.kms.katalon.core.main.ScriptEngine.run(ScriptEngine.java:194)&#xD;&#xA;&#x9;at com.kms.katalon.core.main.ScriptEngine.runScriptAsRawText(ScriptEngine.java:119)&#xD;&#xA;&#x9;at com.kms.katalon.core.main.TestCaseExecutor.runScript(TestCaseExecutor.java:337)&#xD;&#xA;&#x9;at com.kms.katalon.core.main.TestCaseExecutor.doExecute(TestCaseExecutor.java:328)&#xD;&#xA;&#x9;at com.kms.katalon.core.main.TestCaseExecutor.processExecutionPhase(TestCaseExecutor.java:307)&#xD;&#xA;&#x9;at com.kms.katalon.core.main.TestCaseExecutor.accessMainPhase(TestCaseExecutor.java:299)&#xD;&#xA;&#x9;at com.kms.katalon.core.main.TestCaseExecutor.execute(TestCaseExecutor.java:233)&#xD;&#xA;&#x9;at com.kms.katalon.core.main.TestSuiteExecutor.accessTestCaseMainPhase(TestSuiteExecutor.java:133)&#xD;&#xA;&#x9;at com.kms.katalon.core.main.TestSuiteExecutor.accessTestSuiteMainPhase(TestSuiteExecutor.java:116)&#xD;&#xA;&#x9;at com.kms.katalon.core.main.TestSuiteExecutor.execute(TestSuiteExecutor.java:83)&#xD;&#xA;&#x9;at com.kms.katalon.core.main.TestCaseMain.startTestSuite(TestCaseMain.java:157)&#xD;&#xA;&#x9;at com.kms.katalon.core.main.TestCaseMain$startTestSuite$0.call(Unknown Source)&#xD;&#xA;&#x9;at TempTestSuite1570790696642.run(TempTestSuite1570790696642.groovy:35)&#xD;&#xA;Caused by: com.kms.katalon.core.exception.StepFailedException: Text ' Invalid password ' is not present on page &#xD;&#xA;&#x9;at com.kms.katalon.core.webui.keyword.internal.WebUIKeywordMain.stepFailed(WebUIKeywordMain.groovy:64)&#xD;&#xA;&#x9;at com.kms.katalon.core.webui.keyword.builtin.VerifyTextPresentKeyword$_verifyTextPresent_closure1.doCall(VerifyTextPresentKeyword.groovy:79)&#xD;&#xA;&#x9;at com.kms.katalon.core.webui.keyword.builtin.VerifyTextPresentKeyword$_verifyTextPresent_closure1.call(VerifyTextPresentKeyword.groovy)&#xD;&#xA;&#x9;at com.kms.katalon.core.webui.keyword.internal.WebUIKeywordMain.runKeyword(WebUIKeywordMain.groovy:20)&#xD;&#xA;&#x9;... 19 more&#xD;&#xA;"/>
            <system-out>2019-10-11 16:18:14 - [TEST_CASE][FAILED] - Test Cases/Login/Wrong_Password_ShouldgiveError: Test Cases/Login/Wrong_Password_ShouldgiveError FAILED.
Reason:
com.kms.katalon.core.exception.StepFailedException: Unable to verify text ' Invalid password ' is present &#xD;
	at com.kms.katalon.core.webui.keyword.internal.WebUIKeywordMain.stepFailed(WebUIKeywordMain.groovy:64)&#xD;
	at com.kms.katalon.core.webui.keyword.internal.WebUIKeywordMain.runKeyword(WebUIKeywordMain.groovy:26)&#xD;
	at com.kms.katalon.core.webui.keyword.builtin.VerifyTextPresentKeyword.verifyTextPresent(VerifyTextPresentKeyword.groovy:83)&#xD;
	at com.kms.katalon.core.webui.keyword.builtin.VerifyTextPresentKeyword.execute(VerifyTextPresentKeyword.groovy:68)&#xD;
	at com.kms.katalon.core.keyword.internal.KeywordExecutor.executeKeywordForPlatform(KeywordExecutor.groovy:56)&#xD;
	at com.kms.katalon.core.webui.keyword.WebUiBuiltInKeywords.verifyTextPresent(WebUiBuiltInKeywords.groovy:1693)&#xD;
	at com.kms.katalon.core.webui.keyword.WebUiBuiltInKeywords$verifyTextPresent$6.call(Unknown Source)&#xD;
	at Wrong_Password_ShouldgiveError.run(Wrong_Password_ShouldgiveError:31)&#xD;
	at com.kms.katalon.core.main.ScriptEngine.run(ScriptEngine.java:194)&#xD;
	at com.kms.katalon.core.main.ScriptEngine.runScriptAsRawText(ScriptEngine.java:119)&#xD;
	at com.kms.katalon.core.main.TestCaseExecutor.runScript(TestCaseExecutor.java:337)&#xD;
	at com.kms.katalon.core.main.TestCaseExecutor.doExecute(TestCaseExecutor.java:328)&#xD;
	at com.kms.katalon.core.main.TestCaseExecutor.processExecutionPhase(TestCaseExecutor.java:307)&#xD;
	at com.kms.katalon.core.main.TestCaseExecutor.accessMainPhase(TestCaseExecutor.java:299)&#xD;
	at com.kms.katalon.core.main.TestCaseExecutor.execute(TestCaseExecutor.java:233)&#xD;
	at com.kms.katalon.core.main.TestSuiteExecutor.accessTestCaseMainPhase(TestSuiteExecutor.java:133)&#xD;
	at com.kms.katalon.core.main.TestSuiteExecutor.accessTestSuiteMainPhase(TestSuiteExecutor.java:116)&#xD;
	at com.kms.katalon.core.main.TestSuiteExecutor.execute(TestSuiteExecutor.java:83)&#xD;
	at com.kms.katalon.core.main.TestCaseMain.startTestSuite(TestCaseMain.java:157)&#xD;
	at com.kms.katalon.core.main.TestCaseMain$startTestSuite$0.call(Unknown Source)&#xD;
	at TempTestSuite1570790696642.run(TempTestSuite1570790696642.groovy:35)&#xD;
Caused by: com.kms.katalon.core.exception.StepFailedException: Text ' Invalid password ' is not present on page &#xD;
	at com.kms.katalon.core.webui.keyword.internal.WebUIKeywordMain.stepFailed(WebUIKeywordMain.groovy:64)&#xD;
	at com.kms.katalon.core.webui.keyword.builtin.VerifyTextPresentKeyword$_verifyTextPresent_closure1.doCall(VerifyTextPresentKeyword.groovy:79)&#xD;
	at com.kms.katalon.core.webui.keyword.builtin.VerifyTextPresentKeyword$_verifyTextPresent_closure1.call(VerifyTextPresentKeyword.groovy)&#xD;
	at com.kms.katalon.core.webui.keyword.internal.WebUIKeywordMain.runKeyword(WebUIKeywordMain.groovy:20)&#xD;
	... 19 more&#xD;
&#xD;
&#xD;
2019-10-11 16:18:14 - [TEST_STEP][PASSED] - openBrowser(""): Browser is opened with url: ''&#xD;
&#xD;
2019-10-11 16:18:14 - [MESSAGE][WARNING] - A browser is already opened. Closing browser and opening a new one&#xD;
&#xD;
2019-10-11 16:18:15 - [MESSAGE][INFO] - Starting 'Chrome' driver&#xD;
&#xD;
2019-10-11 16:18:18 - [MESSAGE][PASSED] - Browser is opened with url: ''&#xD;
&#xD;
2019-10-11 16:18:18 - [TEST_STEP][PASSED] - navigateToUrl(login_url): Navigate to 'https://10.2.200.37:8441/login' successfully&#xD;
&#xD;
2019-10-11 16:18:19 - [MESSAGE][PASSED] - Navigate to 'https://10.2.200.37:8441/login' successfully&#xD;
&#xD;
2019-10-11 16:18:19 - [TEST_STEP][PASSED] - maximizeWindow(): Current window maximized&#xD;
&#xD;
2019-10-11 16:18:20 - [MESSAGE][PASSED] - Current window maximized&#xD;
&#xD;
2019-10-11 16:18:20 - [TEST_STEP][PASSED] - setText(findTestObject("Object Repository/Login_OR/Wrong_Password_ShouldgiveError/input_Sign in_mat-input-0"), employee_login_name): Text 'temployee' is set on object 'Object Repository/Login_OR/Wrong_Password_ShouldgiveError/input_Sign in_mat-input-0'&#xD;
&#xD;
2019-10-11 16:18:20 - [MESSAGE][PASSED] - Text 'temployee' is set on object 'Object Repository/Login_OR/Wrong_Password_ShouldgiveError/input_Sign in_mat-input-0'&#xD;
&#xD;
2019-10-11 16:18:20 - [TEST_STEP][PASSED] - setEncryptedText(findTestObject("Object Repository/Login_OR/Wrong_Password_ShouldgiveError/input_Username_mat-input-1"), wrong_password): Text ****** has been set on object 'Object Repository/Login_OR/Wrong_Password_ShouldgiveError/input_Username_mat-input-1'&#xD;
&#xD;
2019-10-11 16:18:20 - [MESSAGE][PASSED] - Text ****** has been set on object 'Object Repository/Login_OR/Wrong_Password_ShouldgiveError/input_Username_mat-input-1'&#xD;
&#xD;
2019-10-11 16:18:20 - [TEST_STEP][PASSED] - click(findTestObject("Object Repository/Login_OR/Wrong_Password_ShouldgiveError/button_Login")): Object: 'Object Repository/Login_OR/Wrong_Password_ShouldgiveError/button_Login' is clicked on&#xD;
&#xD;
2019-10-11 16:18:20 - [MESSAGE][PASSED] - Object: 'Object Repository/Login_OR/Wrong_Password_ShouldgiveError/button_Login' is clicked on&#xD;
&#xD;
2019-10-11 16:18:20 - [TEST_STEP][PASSED] - delay(1): Delayed 1 second(s)&#xD;
&#xD;
2019-10-11 16:18:21 - [MESSAGE][PASSED] - Delayed 1 second(s)&#xD;
&#xD;
2019-10-11 16:18:21 - [TEST_STEP][FAILED] - verifyTextPresent(" Invalid password ", false): Unable to verify text ' Invalid password ' is present  (Root cause: com.kms.katalon.core.exception.StepFailedException: Unable to verify text ' Invalid password ' is present &#xD;
	at com.kms.katalon.core.webui.keyword.internal.WebUIKeywordMain.stepFailed(WebUIKeywordMain.groovy:64)&#xD;
	at com.kms.katalon.core.webui.keyword.internal.WebUIKeywordMain.runKeyword(WebUIKeywordMain.groovy:26)&#xD;
	at com.kms.katalon.core.webui.keyword.builtin.VerifyTextPresentKeyword.verifyTextPresent(VerifyTextPresentKeyword.groovy:83)&#xD;
	at com.kms.katalon.core.webui.keyword.builtin.VerifyTextPresentKeyword.execute(VerifyTextPresentKeyword.groovy:68)&#xD;
	at com.kms.katalon.core.keyword.internal.KeywordExecutor.executeKeywordForPlatform(KeywordExecutor.groovy:56)&#xD;
	at com.kms.katalon.core.webui.keyword.WebUiBuiltInKeywords.verifyTextPresent(WebUiBuiltInKeywords.groovy:1693)&#xD;
	at com.kms.katalon.core.webui.keyword.WebUiBuiltInKeywords$verifyTextPresent$6.call(Unknown Source)&#xD;
	at Wrong_Password_ShouldgiveError.run(Wrong_Password_ShouldgiveError:31)&#xD;
	at com.kms.katalon.core.main.ScriptEngine.run(ScriptEngine.java:194)&#xD;
	at com.kms.katalon.core.main.ScriptEngine.runScriptAsRawText(ScriptEngine.java:119)&#xD;
	at com.kms.katalon.core.main.TestCaseExecutor.runScript(TestCaseExecutor.java:337)&#xD;
	at com.kms.katalon.core.main.TestCaseExecutor.doExecute(TestCaseExecutor.java:328)&#xD;
	at com.kms.katalon.core.main.TestCaseExecutor.processExecutionPhase(TestCaseExecutor.java:307)&#xD;
	at com.kms.katalon.core.main.TestCaseExecutor.accessMainPhase(TestCaseExecutor.java:299)&#xD;
	at com.kms.katalon.core.main.TestCaseExecutor.execute(TestCaseExecutor.java:233)&#xD;
	at com.kms.katalon.core.main.TestSuiteExecutor.accessTestCaseMainPhase(TestSuiteExecutor.java:133)&#xD;
	at com.kms.katalon.core.main.TestSuiteExecutor.accessTestSuiteMainPhase(TestSuiteExecutor.java:116)&#xD;
	at com.kms.katalon.core.main.TestSuiteExecutor.execute(TestSuiteExecutor.java:83)&#xD;
	at com.kms.katalon.core.main.TestCaseMain.startTestSuite(TestCaseMain.java:157)&#xD;
	at com.kms.katalon.core.main.TestCaseMain$startTestSuite$0.call(Unknown Source)&#xD;
	at TempTestSuite1570790696642.run(TempTestSuite1570790696642.groovy:35)&#xD;
Caused by: com.kms.katalon.core.exception.StepFailedException: Text ' Invalid password ' is not present on page &#xD;
	at com.kms.katalon.core.webui.keyword.internal.WebUIKeywordMain.stepFailed(WebUIKeywordMain.groovy:64)&#xD;
	at com.kms.katalon.core.webui.keyword.builtin.VerifyTextPresentKeyword$_verifyTextPresent_closure1.doCall(VerifyTextPresentKeyword.groovy:79)&#xD;
	at com.kms.katalon.core.webui.keyword.builtin.VerifyTextPresentKeyword$_verifyTextPresent_closure1.call(VerifyTextPresentKeyword.groovy)&#xD;
	at com.kms.katalon.core.webui.keyword.internal.WebUIKeywordMain.runKeyword(WebUIKeywordMain.groovy:20)&#xD;
	... 19 more&#xD;
)&#xD;
&#xD;
2019-10-11 16:18:21 - [MESSAGE][FAILED] - Text ' Invalid password ' is not present on page  (Root cause: com.kms.katalon.core.exception.StepFailedException: Text ' Invalid password ' is not present on page &#xD;
	at com.kms.katalon.core.webui.keyword.internal.WebUIKeywordMain.stepFailed(WebUIKeywordMain.groovy:64)&#xD;
	at com.kms.katalon.core.webui.keyword.builtin.VerifyTextPresentKeyword$_verifyTextPresent_closure1.doCall(VerifyTextPresentKeyword.groovy:79)&#xD;
	at com.kms.katalon.core.webui.keyword.builtin.VerifyTextPresentKeyword$_verifyTextPresent_closure1.call(VerifyTextPresentKeyword.groovy)&#xD;
	at com.kms.katalon.core.webui.keyword.internal.WebUIKeywordMain.runKeyword(WebUIKeywordMain.groovy:20)&#xD;
	at com.kms.katalon.core.webui.keyword.builtin.VerifyTextPresentKeyword.verifyTextPresent(VerifyTextPresentKeyword.groovy:83)&#xD;
	at com.kms.katalon.core.webui.keyword.builtin.VerifyTextPresentKeyword.execute(VerifyTextPresentKeyword.groovy:68)&#xD;
	at com.kms.katalon.core.keyword.internal.KeywordExecutor.executeKeywordForPlatform(KeywordExecutor.groovy:56)&#xD;
	at com.kms.katalon.core.webui.keyword.WebUiBuiltInKeywords.verifyTextPresent(WebUiBuiltInKeywords.groovy:1693)&#xD;
	at com.kms.katalon.core.webui.keyword.WebUiBuiltInKeywords$verifyTextPresent$6.call(Unknown Source)&#xD;
	at Wrong_Password_ShouldgiveError.run(Wrong_Password_ShouldgiveError:31)&#xD;
	at com.kms.katalon.core.main.ScriptEngine.run(ScriptEngine.java:194)&#xD;
	at com.kms.katalon.core.main.ScriptEngine.runScriptAsRawText(ScriptEngine.java:119)&#xD;
	at com.kms.katalon.core.main.TestCaseExecutor.runScript(TestCaseExecutor.java:337)&#xD;
	at com.kms.katalon.core.main.TestCaseExecutor.doExecute(TestCaseExecutor.java:328)&#xD;
	at com.kms.katalon.core.main.TestCaseExecutor.processExecutionPhase(TestCaseExecutor.java:307)&#xD;
	at com.kms.katalon.core.main.TestCaseExecutor.accessMainPhase(TestCaseExecutor.java:299)&#xD;
	at com.kms.katalon.core.main.TestCaseExecutor.execute(TestCaseExecutor.java:233)&#xD;
	at com.kms.katalon.core.main.TestSuiteExecutor.accessTestCaseMainPhase(TestSuiteExecutor.java:133)&#xD;
	at com.kms.katalon.core.main.TestSuiteExecutor.accessTestSuiteMainPhase(TestSuiteExecutor.java:116)&#xD;
	at com.kms.katalon.core.main.TestSuiteExecutor.execute(TestSuiteExecutor.java:83)&#xD;
	at com.kms.katalon.core.main.TestCaseMain.startTestSuite(TestCaseMain.java:157)&#xD;
	at com.kms.katalon.core.main.TestCaseMain$startTestSuite$0.call(Unknown Source)&#xD;
	at TempTestSuite1570790696642.run(TempTestSuite1570790696642.groovy:35)&#xD;
)&#xD;
&#xD;
2019-10-11 16:18:21 - [MESSAGE][FAILED] - Unable to verify text ' Invalid password ' is present  (Root cause: com.kms.katalon.core.exception.StepFailedException: Unable to verify text ' Invalid password ' is present &#xD;
	at com.kms.katalon.core.webui.keyword.internal.WebUIKeywordMain.stepFailed(WebUIKeywordMain.groovy:64)&#xD;
	at com.kms.katalon.core.webui.keyword.internal.WebUIKeywordMain.runKeyword(WebUIKeywordMain.groovy:26)&#xD;
	at com.kms.katalon.core.webui.keyword.builtin.VerifyTextPresentKeyword.verifyTextPresent(VerifyTextPresentKeyword.groovy:83)&#xD;
	at com.kms.katalon.core.webui.keyword.builtin.VerifyTextPresentKeyword.execute(VerifyTextPresentKeyword.groovy:68)&#xD;
	at com.kms.katalon.core.keyword.internal.KeywordExecutor.executeKeywordForPlatform(KeywordExecutor.groovy:56)&#xD;
	at com.kms.katalon.core.webui.keyword.WebUiBuiltInKeywords.verifyTextPresent(WebUiBuiltInKeywords.groovy:1693)&#xD;
	at com.kms.katalon.core.webui.keyword.WebUiBuiltInKeywords$verifyTextPresent$6.call(Unknown Source)&#xD;
	at Wrong_Password_ShouldgiveError.run(Wrong_Password_ShouldgiveError:31)&#xD;
	at com.kms.katalon.core.main.ScriptEngine.run(ScriptEngine.java:194)&#xD;
	at com.kms.katalon.core.main.ScriptEngine.runScriptAsRawText(ScriptEngine.java:119)&#xD;
	at com.kms.katalon.core.main.TestCaseExecutor.runScript(TestCaseExecutor.java:337)&#xD;
	at com.kms.katalon.core.main.TestCaseExecutor.doExecute(TestCaseExecutor.java:328)&#xD;
	at com.kms.katalon.core.main.TestCaseExecutor.processExecutionPhase(TestCaseExecutor.java:307)&#xD;
	at com.kms.katalon.core.main.TestCaseExecutor.accessMainPhase(TestCaseExecutor.java:299)&#xD;
	at com.kms.katalon.core.main.TestCaseExecutor.execute(TestCaseExecutor.java:233)&#xD;
	at com.kms.katalon.core.main.TestSuiteExecutor.accessTestCaseMainPhase(TestSuiteExecutor.java:133)&#xD;
	at com.kms.katalon.core.main.TestSuiteExecutor.accessTestSuiteMainPhase(TestSuiteExecutor.java:116)&#xD;
	at com.kms.katalon.core.main.TestSuiteExecutor.execute(TestSuiteExecutor.java:83)&#xD;
	at com.kms.katalon.core.main.TestCaseMain.startTestSuite(TestCaseMain.java:157)&#xD;
	at com.kms.katalon.core.main.TestCaseMain$startTestSuite$0.call(Unknown Source)&#xD;
	at TempTestSuite1570790696642.run(TempTestSuite1570790696642.groovy:35)&#xD;
Caused by: com.kms.katalon.core.exception.StepFailedException: Text ' Invalid password ' is not present on page &#xD;
	at com.kms.katalon.core.webui.keyword.internal.WebUIKeywordMain.stepFailed(WebUIKeywordMain.groovy:64)&#xD;
	at com.kms.katalon.core.webui.keyword.builtin.VerifyTextPresentKeyword$_verifyTextPresent_closure1.doCall(VerifyTextPresentKeyword.groovy:79)&#xD;
	at com.kms.katalon.core.webui.keyword.builtin.VerifyTextPresentKeyword$_verifyTextPresent_closure1.call(VerifyTextPresentKeyword.groovy)&#xD;
	at com.kms.katalon.core.webui.keyword.internal.WebUIKeywordMain.runKeyword(WebUIKeywordMain.groovy:20)&#xD;
	... 19 more&#xD;
)&#xD;
[[ATTACHMENT|C:\\Users\\vinayaka.prabhu\\Katalon Studio\\Unified_Wallet_UI_Test\\Reports\\Complete_Wallet_UI\\Complete_Wallet_UI\\20191011_161456\\1570790901591.png]]</system-out>
            <system-err>2019-10-11 16:18:14 - [TEST_CASE][FAILED] - Test Cases/Login/Wrong_Password_ShouldgiveError: Test Cases/Login/Wrong_Password_ShouldgiveError FAILED.
Reason:
com.kms.katalon.core.exception.StepFailedException: Unable to verify text ' Invalid password ' is present &#xD;
	at com.kms.katalon.core.webui.keyword.internal.WebUIKeywordMain.stepFailed(WebUIKeywordMain.groovy:64)&#xD;
	at com.kms.katalon.core.webui.keyword.internal.WebUIKeywordMain.runKeyword(WebUIKeywordMain.groovy:26)&#xD;
	at com.kms.katalon.core.webui.keyword.builtin.VerifyTextPresentKeyword.verifyTextPresent(VerifyTextPresentKeyword.groovy:83)&#xD;
	at com.kms.katalon.core.webui.keyword.builtin.VerifyTextPresentKeyword.execute(VerifyTextPresentKeyword.groovy:68)&#xD;
	at com.kms.katalon.core.keyword.internal.KeywordExecutor.executeKeywordForPlatform(KeywordExecutor.groovy:56)&#xD;
	at com.kms.katalon.core.webui.keyword.WebUiBuiltInKeywords.verifyTextPresent(WebUiBuiltInKeywords.groovy:1693)&#xD;
	at com.kms.katalon.core.webui.keyword.WebUiBuiltInKeywords$verifyTextPresent$6.call(Unknown Source)&#xD;
	at Wrong_Password_ShouldgiveError.run(Wrong_Password_ShouldgiveError:31)&#xD;
	at com.kms.katalon.core.main.ScriptEngine.run(ScriptEngine.java:194)&#xD;
	at com.kms.katalon.core.main.ScriptEngine.runScriptAsRawText(ScriptEngine.java:119)&#xD;
	at com.kms.katalon.core.main.TestCaseExecutor.runScript(TestCaseExecutor.java:337)&#xD;
	at com.kms.katalon.core.main.TestCaseExecutor.doExecute(TestCaseExecutor.java:328)&#xD;
	at com.kms.katalon.core.main.TestCaseExecutor.processExecutionPhase(TestCaseExecutor.java:307)&#xD;
	at com.kms.katalon.core.main.TestCaseExecutor.accessMainPhase(TestCaseExecutor.java:299)&#xD;
	at com.kms.katalon.core.main.TestCaseExecutor.execute(TestCaseExecutor.java:233)&#xD;
	at com.kms.katalon.core.main.TestSuiteExecutor.accessTestCaseMainPhase(TestSuiteExecutor.java:133)&#xD;
	at com.kms.katalon.core.main.TestSuiteExecutor.accessTestSuiteMainPhase(TestSuiteExecutor.java:116)&#xD;
	at com.kms.katalon.core.main.TestSuiteExecutor.execute(TestSuiteExecutor.java:83)&#xD;
	at com.kms.katalon.core.main.TestCaseMain.startTestSuite(TestCaseMain.java:157)&#xD;
	at com.kms.katalon.core.main.TestCaseMain$startTestSuite$0.call(Unknown Source)&#xD;
	at TempTestSuite1570790696642.run(TempTestSuite1570790696642.groovy:35)&#xD;
Caused by: com.kms.katalon.core.exception.StepFailedException: Text ' Invalid password ' is not present on page &#xD;
	at com.kms.katalon.core.webui.keyword.internal.WebUIKeywordMain.stepFailed(WebUIKeywordMain.groovy:64)&#xD;
	at com.kms.katalon.core.webui.keyword.builtin.VerifyTextPresentKeyword$_verifyTextPresent_closure1.doCall(VerifyTextPresentKeyword.groovy:79)&#xD;
	at com.kms.katalon.core.webui.keyword.builtin.VerifyTextPresentKeyword$_verifyTextPresent_closure1.call(VerifyTextPresentKeyword.groovy)&#xD;
	at com.kms.katalon.core.webui.keyword.internal.WebUIKeywordMain.runKeyword(WebUIKeywordMain.groovy:20)&#xD;
	... 19 more</system-err>
        </testcase>
        <testcase name="Test Cases/Employee/Employee/Active_an_InActive_employee/active_an_Inactive_employee_Shouldsucceed" classname="Test Cases/Employee/Employee/Active_an_InActive_employee/active_an_Inactive_employee_Shouldsucceed" status="FAILED">
            <failure type="FAILED" message="Test Cases/Employee/Employee/Active_an_InActive_employee/active_an_Inactive_employee_Shouldsucceed FAILED.&#xA;Reason:&#xA;com.kms.katalon.core.exception.StepFailedException: Unable to verify text 'will be changed to Active. Do you want to proceed?' is present &#xD;&#xA;&#x9;at com.kms.katalon.core.webui.keyword.internal.WebUIKeywordMain.stepFailed(WebUIKeywordMain.groovy:64)&#xD;&#xA;&#x9;at com.kms.katalon.core.webui.keyword.internal.WebUIKeywordMain.runKeyword(WebUIKeywordMain.groovy:26)&#xD;&#xA;&#x9;at com.kms.katalon.core.webui.keyword.builtin.VerifyTextPresentKeyword.verifyTextPresent(VerifyTextPresentKeyword.groovy:83)&#xD;&#xA;&#x9;at com.kms.katalon.core.webui.keyword.builtin.VerifyTextPresentKeyword.execute(VerifyTextPresentKeyword.groovy:68)&#xD;&#xA;&#x9;at com.kms.katalon.core.keyword.internal.KeywordExecutor.executeKeywordForPlatform(KeywordExecutor.groovy:56)&#xD;&#xA;&#x9;at com.kms.katalon.core.webui.keyword.WebUiBuiltInKeywords.verifyTextPresent(WebUiBuiltInKeywords.groovy:1693)&#xD;&#xA;&#x9;at com.kms.katalon.core.webui.keyword.WebUiBuiltInKeywords$verifyTextPresent$6.call(Unknown Source)&#xD;&#xA;&#x9;at active_an_Inactive_employee_Shouldsucceed.run(active_an_Inactive_employee_Shouldsucceed:35)&#xD;&#xA;&#x9;at com.kms.katalon.core.main.ScriptEngine.run(ScriptEngine.java:194)&#xD;&#xA;&#x9;at com.kms.katalon.core.main.ScriptEngine.runScriptAsRawText(ScriptEngine.java:119)&#xD;&#xA;&#x9;at com.kms.katalon.core.main.TestCaseExecutor.runScript(TestCaseExecutor.java:337)&#xD;&#xA;&#x9;at com.kms.katalon.core.main.TestCaseExecutor.doExecute(TestCaseExecutor.java:328)&#xD;&#xA;&#x9;at com.kms.katalon.core.main.TestCaseExecutor.processExecutionPhase(TestCaseExecutor.java:307)&#xD;&#xA;&#x9;at com.kms.katalon.core.main.TestCaseExecutor.accessMainPhase(TestCaseExecutor.java:299)&#xD;&#xA;&#x9;at com.kms.katalon.core.main.TestCaseExecutor.execute(TestCaseExecutor.java:233)&#xD;&#xA;&#x9;at com.kms.katalon.core.main.TestSuiteExecutor.accessTestCaseMainPhase(TestSuiteExecutor.java:133)&#xD;&#xA;&#x9;at com.kms.katalon.core.main.TestSuiteExecutor.accessTestSuiteMainPhase(TestSuiteExecutor.java:116)&#xD;&#xA;&#x9;at com.kms.katalon.core.main.TestSuiteExecutor.execute(TestSuiteExecutor.java:83)&#xD;&#xA;&#x9;at com.kms.katalon.core.main.TestCaseMain.startTestSuite(TestCaseMain.java:157)&#xD;&#xA;&#x9;at com.kms.katalon.core.main.TestCaseMain$startTestSuite$0.call(Unknown Source)&#xD;&#xA;&#x9;at TempTestSuite1570790696642.run(TempTestSuite1570790696642.groovy:35)&#xD;&#xA;Caused by: com.kms.katalon.core.exception.StepFailedException: Text 'will be changed to Active. Do you want to proceed?' is not present on page &#xD;&#xA;&#x9;at com.kms.katalon.core.webui.keyword.internal.WebUIKeywordMain.stepFailed(WebUIKeywordMain.groovy:64)&#xD;&#xA;&#x9;at com.kms.katalon.core.webui.keyword.builtin.VerifyTextPresentKeyword$_verifyTextPresent_closure1.doCall(VerifyTextPresentKeyword.groovy:79)&#xD;&#xA;&#x9;at com.kms.katalon.core.webui.keyword.builtin.VerifyTextPresentKeyword$_verifyTextPresent_closure1.call(VerifyTextPresentKeyword.groovy)&#xD;&#xA;&#x9;at com.kms.katalon.core.webui.keyword.internal.WebUIKeywordMain.runKeyword(WebUIKeywordMain.groovy:20)&#xD;&#xA;&#x9;... 19 more&#xD;&#xA;"/>
            <system-out>2019-10-11 16:18:21 - [TEST_CASE][FAILED] - Test Cases/Employee/Employee/Active_an_InActive_employee/active_an_Inactive_employee_Shouldsucceed: Test Cases/Employee/Employee/Active_an_InActive_employee/active_an_Inactive_employee_Shouldsucceed FAILED.
Reason:
com.kms.katalon.core.exception.StepFailedException: Unable to verify text 'will be changed to Active. Do you want to proceed?' is present &#xD;
	at com.kms.katalon.core.webui.keyword.internal.WebUIKeywordMain.stepFailed(WebUIKeywordMain.groovy:64)&#xD;
	at com.kms.katalon.core.webui.keyword.internal.WebUIKeywordMain.runKeyword(WebUIKeywordMain.groovy:26)&#xD;
	at com.kms.katalon.core.webui.keyword.builtin.VerifyTextPresentKeyword.verifyTextPresent(VerifyTextPresentKeyword.groovy:83)&#xD;
	at com.kms.katalon.core.webui.keyword.builtin.VerifyTextPresentKeyword.execute(VerifyTextPresentKeyword.groovy:68)&#xD;
	at com.kms.katalon.core.keyword.internal.KeywordExecutor.executeKeywordForPlatform(KeywordExecutor.groovy:56)&#xD;
	at com.kms.katalon.core.webui.keyword.WebUiBuiltInKeywords.verifyTextPresent(WebUiBuiltInKeywords.groovy:1693)&#xD;
	at com.kms.katalon.core.webui.keyword.WebUiBuiltInKeywords$verifyTextPresent$6.call(Unknown Source)&#xD;
	at active_an_Inactive_employee_Shouldsucceed.run(active_an_Inactive_employee_Shouldsucceed:35)&#xD;
	at com.kms.katalon.core.main.ScriptEngine.run(ScriptEngine.java:194)&#xD;
	at com.kms.katalon.core.main.ScriptEngine.runScriptAsRawText(ScriptEngine.java:119)&#xD;
	at com.kms.katalon.core.main.TestCaseExecutor.runScript(TestCaseExecutor.java:337)&#xD;
	at com.kms.katalon.core.main.TestCaseExecutor.doExecute(TestCaseExecutor.java:328)&#xD;
	at com.kms.katalon.core.main.TestCaseExecutor.processExecutionPhase(TestCaseExecutor.java:307)&#xD;
	at com.kms.katalon.core.main.TestCaseExecutor.accessMainPhase(TestCaseExecutor.java:299)&#xD;
	at com.kms.katalon.core.main.TestCaseExecutor.execute(TestCaseExecutor.java:233)&#xD;
	at com.kms.katalon.core.main.TestSuiteExecutor.accessTestCaseMainPhase(TestSuiteExecutor.java:133)&#xD;
	at com.kms.katalon.core.main.TestSuiteExecutor.accessTestSuiteMainPhase(TestSuiteExecutor.java:116)&#xD;
	at com.kms.katalon.core.main.TestSuiteExecutor.execute(TestSuiteExecutor.java:83)&#xD;
	at com.kms.katalon.core.main.TestCaseMain.startTestSuite(TestCaseMain.java:157)&#xD;
	at com.kms.katalon.core.main.TestCaseMain$startTestSuite$0.call(Unknown Source)&#xD;
	at TempTestSuite1570790696642.run(TempTestSuite1570790696642.groovy:35)&#xD;
Caused by: com.kms.katalon.core.exception.StepFailedException: Text 'will be changed to Active. Do you want to proceed?' is not present on page &#xD;
	at com.kms.katalon.core.webui.keyword.internal.WebUIKeywordMain.stepFailed(WebUIKeywordMain.groovy:64)&#xD;
	at com.kms.katalon.core.webui.keyword.builtin.VerifyTextPresentKeyword$_verifyTextPresent_closure1.doCall(VerifyTextPresentKeyword.groovy:79)&#xD;
	at com.kms.katalon.core.webui.keyword.builtin.VerifyTextPresentKeyword$_verifyTextPresent_closure1.call(VerifyTextPresentKeyword.groovy)&#xD;
	at com.kms.katalon.core.webui.keyword.internal.WebUIKeywordMain.runKeyword(WebUIKeywordMain.groovy:20)&#xD;
	... 19 more&#xD;
&#xD;
&#xD;
2019-10-11 16:18:22 - [TEST_STEP][PASSED] - callTestCase(findTestCase("Login/AdminLogin_ShouldSucceed"), [:], STOP_ON_FAILURE): Call Test Case 'Test Cases/Login/AdminLogin_ShouldSucceed' successfully&#xD;
&#xD;
2019-10-11 16:18:22 - [TEST_CASE][PASSED] - Test Cases/Login/AdminLogin_ShouldSucceed: Test Cases/Login/AdminLogin_ShouldSucceed&#xD;
&#xD;
2019-10-11 16:18:22 - [TEST_STEP][PASSED] - openBrowser(""): Browser is opened with url: ''&#xD;
&#xD;
2019-10-11 16:18:22 - [MESSAGE][WARNING] - A browser is already opened. Closing browser and opening a new one&#xD;
&#xD;
2019-10-11 16:18:22 - [MESSAGE][INFO] - Starting 'Chrome' driver&#xD;
&#xD;
2019-10-11 16:18:25 - [MESSAGE][PASSED] - Browser is opened with url: ''&#xD;
&#xD;
2019-10-11 16:18:25 - [TEST_STEP][PASSED] - maximizeWindow(): Current window maximized&#xD;
&#xD;
2019-10-11 16:18:26 - [MESSAGE][PASSED] - Current window maximized&#xD;
&#xD;
2019-10-11 16:18:26 - [TEST_STEP][PASSED] - navigateToUrl(login_url): Navigate to 'https://10.2.200.37:8441/login' successfully&#xD;
&#xD;
2019-10-11 16:18:27 - [MESSAGE][PASSED] - Navigate to 'https://10.2.200.37:8441/login' successfully&#xD;
&#xD;
2019-10-11 16:18:27 - [TEST_STEP][PASSED] - setText(findTestObject("Object Repository/Login_OR/AdminLogin_ShouldSucceed/Page_Unified Wallet/input_Sign in_mat-input-0"), username_admin): Text 'admin' is set on object 'Object Repository/Login_OR/AdminLogin_ShouldSucceed/Page_Unified Wallet/input_Sign in_mat-input-0'&#xD;
&#xD;
2019-10-11 16:18:27 - [MESSAGE][PASSED] - Text 'admin' is set on object 'Object Repository/Login_OR/AdminLogin_ShouldSucceed/Page_Unified Wallet/input_Sign in_mat-input-0'&#xD;
&#xD;
2019-10-11 16:18:27 - [TEST_STEP][PASSED] - setEncryptedText(findTestObject("Object Repository/Login_OR/AdminLogin_ShouldSucceed/Page_Unified Wallet/input_Username_mat-input-1"), username_admins_Password): Text ****** has been set on object 'Object Repository/Login_OR/AdminLogin_ShouldSucceed/Page_Unified Wallet/input_Username_mat-input-1'&#xD;
&#xD;
2019-10-11 16:18:27 - [MESSAGE][PASSED] - Text ****** has been set on object 'Object Repository/Login_OR/AdminLogin_ShouldSucceed/Page_Unified Wallet/input_Username_mat-input-1'&#xD;
&#xD;
2019-10-11 16:18:27 - [TEST_STEP][PASSED] - click(findTestObject("Object Repository/Login_OR/AdminLogin_ShouldSucceed/Page_Unified Wallet/button_Login")): Object: 'Object Repository/Login_OR/AdminLogin_ShouldSucceed/Page_Unified Wallet/button_Login' is clicked on&#xD;
&#xD;
2019-10-11 16:18:27 - [MESSAGE][PASSED] - Object: 'Object Repository/Login_OR/AdminLogin_ShouldSucceed/Page_Unified Wallet/button_Login' is clicked on&#xD;
&#xD;
2019-10-11 16:18:27 - [TEST_STEP][PASSED] - delay(2): Delayed 2 second(s)&#xD;
&#xD;
2019-10-11 16:18:29 - [MESSAGE][PASSED] - Delayed 2 second(s)&#xD;
&#xD;
2019-10-11 16:18:29 - [MESSAGE][PASSED] - Call Test Case 'Test Cases/Login/AdminLogin_ShouldSucceed' successfully&#xD;
&#xD;
2019-10-11 16:18:29 - [TEST_STEP][PASSED] - click(findTestObject("Object Repository/Employee/Employee/Active_an_Inactive_employee_OR/Inactive_employee_activationShouldsucceed_OR/Page_Unified Wallet/div_more_vert_hamburgerWrapper"), OPTIONAL): Unable to click on object 'Object Repository/Employee/Employee/Active_an_Inactive_employee_OR/Inactive_employee_activationShouldsucceed_OR/Page_Unified Wallet/div_more_vert_hamburgerWrapper' (Root cause: com.kms.katalon.core.exception.StepFailedException: Unable to click on object 'Object Repository/Employee/Employee/Active_an_Inactive_employee_OR/Inactive_employee_activationShouldsucceed_OR/Page_Unified Wallet/div_more_vert_hamburgerWrapper'&#xD;
	at com.kms.katalon.core.webui.keyword.internal.WebUIKeywordMain.stepFailed(WebUIKeywordMain.groovy:64)&#xD;
	at com.kms.katalon.core.webui.keyword.internal.WebUIKeywordMain.runKeyword(WebUIKeywordMain.groovy:26)&#xD;
	at com.kms.katalon.core.webui.keyword.builtin.ClickKeyword.click(ClickKeyword.groovy:86)&#xD;
	at com.kms.katalon.core.webui.keyword.builtin.ClickKeyword.execute(ClickKeyword.groovy:67)&#xD;
	at com.kms.katalon.core.keyword.internal.KeywordExecutor.executeKeywordForPlatform(KeywordExecutor.groovy:56)&#xD;
	at com.kms.katalon.core.webui.keyword.WebUiBuiltInKeywords.click(WebUiBuiltInKeywords.groovy:604)&#xD;
	at com.kms.katalon.core.webui.keyword.WebUiBuiltInKeywords$click$5.call(Unknown Source)&#xD;
	at active_an_Inactive_employee_Shouldsucceed.run(active_an_Inactive_employee_Shouldsucceed:18)&#xD;
	at com.kms.katalon.core.main.ScriptEngine.run(ScriptEngine.java:194)&#xD;
	at com.kms.katalon.core.main.ScriptEngine.runScriptAsRawText(ScriptEngine.java:119)&#xD;
	at com.kms.katalon.core.main.TestCaseExecutor.runScript(TestCaseExecutor.java:337)&#xD;
	at com.kms.katalon.core.main.TestCaseExecutor.doExecute(TestCaseExecutor.java:328)&#xD;
	at com.kms.katalon.core.main.TestCaseExecutor.processExecutionPhase(TestCaseExecutor.java:307)&#xD;
	at com.kms.katalon.core.main.TestCaseExecutor.accessMainPhase(TestCaseExecutor.java:299)&#xD;
	at com.kms.katalon.core.main.TestCaseExecutor.execute(TestCaseExecutor.java:233)&#xD;
	at com.kms.katalon.core.main.TestSuiteExecutor.accessTestCaseMainPhase(TestSuiteExecutor.java:133)&#xD;
	at com.kms.katalon.core.main.TestSuiteExecutor.accessTestSuiteMainPhase(TestSuiteExecutor.java:116)&#xD;
	at com.kms.katalon.core.main.TestSuiteExecutor.execute(TestSuiteExecutor.java:83)&#xD;
	at com.kms.katalon.core.main.TestCaseMain.startTestSuite(TestCaseMain.java:157)&#xD;
	at com.kms.katalon.core.main.TestCaseMain$startTestSuite$0.call(Unknown Source)&#xD;
	at TempTestSuite1570790696642.run(TempTestSuite1570790696642.groovy:35)&#xD;
Caused by: com.kms.katalon.core.webui.exception.WebElementNotFoundException: Web element with id: 'Object Repository/Employee/Employee/Active_an_Inactive_employee_OR/Inactive_employee_activationShouldsucceed_OR/Page_Unified Wallet/div_more_vert_hamburgerWrapper' located by 'By.xpath: //sg-sidepane[@id='sidePane']/div/div/div/div[2]' not found&#xD;
	at com.kms.katalon.core.webui.common.WebUiCommonHelper.findWebElement(WebUiCommonHelper.java:1097)&#xD;
	at com.kms.katalon.core.webui.keyword.internal.WebUIAbstractKeyword.findWebElement(WebUIAbstractKeyword.groovy:27)&#xD;
	at com.kms.katalon.core.webui.keyword.internal.WebUIAbstractKeyword.findWebElement(WebUIAbstractKeyword.groovy:26)&#xD;
	at com.kms.katalon.core.webui.keyword.builtin.ClickKeyword$_click_closure1.doCall(ClickKeyword.groovy:77)&#xD;
	at com.kms.katalon.core.webui.keyword.builtin.ClickKeyword$_click_closure1.call(ClickKeyword.groovy)&#xD;
	at com.kms.katalon.core.webui.keyword.internal.WebUIKeywordMain.runKeyword(WebUIKeywordMain.groovy:20)&#xD;
	at com.kms.katalon.core.webui.keyword.builtin.ClickKeyword.click(ClickKeyword.groovy:86)&#xD;
	at com.kms.katalon.core.webui.keyword.builtin.ClickKeyword.execute(ClickKeyword.groovy:67)&#xD;
	at com.kms.katalon.core.keyword.internal.KeywordExecutor.executeKeywordForPlatform(KeywordExecutor.groovy:56)&#xD;
	at com.kms.katalon.core.webui.keyword.WebUiBuiltInKeywords.click(WebUiBuiltInKeywords.groovy:604)&#xD;
	at com.kms.katalon.core.webui.keyword.WebUiBuiltInKeywords$click$5.call(Unknown Source)&#xD;
	at Script1565953864989.run(Script1565953864989.groovy:18)&#xD;
	... 13 more&#xD;
)&#xD;
&#xD;
2019-10-11 16:18:34 - [MESSAGE][INFO] - Unable to find the element located by 'By.xpath: //sg-sidepane[@id='sidePane']/div/div/div/div[2]'. Please recheck the objects properties to make sure the desired element is located. &#xD;
&#xD;
2019-10-11 16:18:35 - [MESSAGE][WARNING] - Unable to click on object 'Object Repository/Employee/Employee/Active_an_Inactive_employee_OR/Inactive_employee_activationShouldsucceed_OR/Page_Unified Wallet/div_more_vert_hamburgerWrapper' (Root cause: com.kms.katalon.core.exception.StepFailedException: Unable to click on object 'Object Repository/Employee/Employee/Active_an_Inactive_employee_OR/Inactive_employee_activationShouldsucceed_OR/Page_Unified Wallet/div_more_vert_hamburgerWrapper'&#xD;
	at com.kms.katalon.core.webui.keyword.internal.WebUIKeywordMain.stepFailed(WebUIKeywordMain.groovy:64)&#xD;
	at com.kms.katalon.core.webui.keyword.internal.WebUIKeywordMain.runKeyword(WebUIKeywordMain.groovy:26)&#xD;
	at com.kms.katalon.core.webui.keyword.builtin.ClickKeyword.click(ClickKeyword.groovy:86)&#xD;
	at com.kms.katalon.core.webui.keyword.builtin.ClickKeyword.execute(ClickKeyword.groovy:67)&#xD;
	at com.kms.katalon.core.keyword.internal.KeywordExecutor.executeKeywordForPlatform(KeywordExecutor.groovy:56)&#xD;
	at com.kms.katalon.core.webui.keyword.WebUiBuiltInKeywords.click(WebUiBuiltInKeywords.groovy:604)&#xD;
	at com.kms.katalon.core.webui.keyword.WebUiBuiltInKeywords$click$5.call(Unknown Source)&#xD;
	at active_an_Inactive_employee_Shouldsucceed.run(active_an_Inactive_employee_Shouldsucceed:18)&#xD;
	at com.kms.katalon.core.main.ScriptEngine.run(ScriptEngine.java:194)&#xD;
	at com.kms.katalon.core.main.ScriptEngine.runScriptAsRawText(ScriptEngine.java:119)&#xD;
	at com.kms.katalon.core.main.TestCaseExecutor.runScript(TestCaseExecutor.java:337)&#xD;
	at com.kms.katalon.core.main.TestCaseExecutor.doExecute(TestCaseExecutor.java:328)&#xD;
	at com.kms.katalon.core.main.TestCaseExecutor.processExecutionPhase(TestCaseExecutor.java:307)&#xD;
	at com.kms.katalon.core.main.TestCaseExecutor.accessMainPhase(TestCaseExecutor.java:299)&#xD;
	at com.kms.katalon.core.main.TestCaseExecutor.execute(TestCaseExecutor.java:233)&#xD;
	at com.kms.katalon.core.main.TestSuiteExecutor.accessTestCaseMainPhase(TestSuiteExecutor.java:133)&#xD;
	at com.kms.katalon.core.main.TestSuiteExecutor.accessTestSuiteMainPhase(TestSuiteExecutor.java:116)&#xD;
	at com.kms.katalon.core.main.TestSuiteExecutor.execute(TestSuiteExecutor.java:83)&#xD;
	at com.kms.katalon.core.main.TestCaseMain.startTestSuite(TestCaseMain.java:157)&#xD;
	at com.kms.katalon.core.main.TestCaseMain$startTestSuite$0.call(Unknown Source)&#xD;
	at TempTestSuite1570790696642.run(TempTestSuite1570790696642.groovy:35)&#xD;
Caused by: com.kms.katalon.core.webui.exception.WebElementNotFoundException: Web element with id: 'Object Repository/Employee/Employee/Active_an_Inactive_employee_OR/Inactive_employee_activationShouldsucceed_OR/Page_Unified Wallet/div_more_vert_hamburgerWrapper' located by 'By.xpath: //sg-sidepane[@id='sidePane']/div/div/div/div[2]' not found&#xD;
	at com.kms.katalon.core.webui.common.WebUiCommonHelper.findWebElement(WebUiCommonHelper.java:1097)&#xD;
	at com.kms.katalon.core.webui.keyword.internal.WebUIAbstractKeyword.findWebElement(WebUIAbstractKeyword.groovy:27)&#xD;
	at com.kms.katalon.core.webui.keyword.internal.WebUIAbstractKeyword.findWebElement(WebUIAbstractKeyword.groovy:26)&#xD;
	at com.kms.katalon.core.webui.keyword.builtin.ClickKeyword$_click_closure1.doCall(ClickKeyword.groovy:77)&#xD;
	at com.kms.katalon.core.webui.keyword.builtin.ClickKeyword$_click_closure1.call(ClickKeyword.groovy)&#xD;
	at com.kms.katalon.core.webui.keyword.internal.WebUIKeywordMain.runKeyword(WebUIKeywordMain.groovy:20)&#xD;
	at com.kms.katalon.core.webui.keyword.builtin.ClickKeyword.click(ClickKeyword.groovy:86)&#xD;
	at com.kms.katalon.core.webui.keyword.builtin.ClickKeyword.execute(ClickKeyword.groovy:67)&#xD;
	at com.kms.katalon.core.keyword.internal.KeywordExecutor.executeKeywordForPlatform(KeywordExecutor.groovy:56)&#xD;
	at com.kms.katalon.core.webui.keyword.WebUiBuiltInKeywords.click(WebUiBuiltInKeywords.groovy:604)&#xD;
	at com.kms.katalon.core.webui.keyword.WebUiBuiltInKeywords$click$5.call(Unknown Source)&#xD;
	at Script1565953864989.run(Script1565953864989.groovy:18)&#xD;
	... 13 more&#xD;
)&#xD;
[[ATTACHMENT|C:\\Users\\vinayaka.prabhu\\Katalon Studio\\Unified_Wallet_UI_Test\\Reports\\Complete_Wallet_UI\\Complete_Wallet_UI\\20191011_161456\\1570790914969.png]]&#xD;
&#xD;
2019-10-11 16:18:35 - [TEST_STEP][PASSED] - click(findTestObject("Object Repository/Employee/Employee/Active_an_Inactive_employee_OR/Inactive_employee_activationShouldsucceed_OR/Page_Unified Wallet/a_account_circleEmployee")): Object: 'Object Repository/Employee/Employee/Active_an_Inactive_employee_OR/Inactive_employee_activationShouldsucceed_OR/Page_Unified Wallet/a_account_circleEmployee' is clicked on&#xD;
&#xD;
2019-10-11 16:18:35 - [MESSAGE][PASSED] - Object: 'Object Repository/Employee/Employee/Active_an_Inactive_employee_OR/Inactive_employee_activationShouldsucceed_OR/Page_Unified Wallet/a_account_circleEmployee' is clicked on&#xD;
&#xD;
2019-10-11 16:18:35 - [TEST_STEP][PASSED] - click(findTestObject("Object Repository/Employee/Employee/Active_an_Inactive_employee_OR/Inactive_employee_activationShouldsucceed_OR/Page_Unified Wallet/a_account_circleEmployee_1")): Object: 'Object Repository/Employee/Employee/Active_an_Inactive_employee_OR/Inactive_employee_activationShouldsucceed_OR/Page_Unified Wallet/a_account_circleEmployee_1' is clicked on&#xD;
&#xD;
2019-10-11 16:18:36 - [MESSAGE][PASSED] - Object: 'Object Repository/Employee/Employee/Active_an_Inactive_employee_OR/Inactive_employee_activationShouldsucceed_OR/Page_Unified Wallet/a_account_circleEmployee_1' is clicked on&#xD;
&#xD;
2019-10-11 16:18:36 - [TEST_STEP][PASSED] - delay(1): Delayed 1 second(s)&#xD;
&#xD;
2019-10-11 16:18:37 - [MESSAGE][PASSED] - Delayed 1 second(s)&#xD;
&#xD;
2019-10-11 16:18:37 - [TEST_STEP][PASSED] - click(findTestObject("Object Repository/Employee/Employee/Active_an_Inactive_employee_OR/Inactive_employee_activationShouldsucceed_OR/Page_Unified Wallet/mat-cell_0001")): Object: 'Object Repository/Employee/Employee/Active_an_Inactive_employee_OR/Inactive_employee_activationShouldsucceed_OR/Page_Unified Wallet/mat-cell_0001' is clicked on&#xD;
&#xD;
2019-10-11 16:18:37 - [MESSAGE][PASSED] - Object: 'Object Repository/Employee/Employee/Active_an_Inactive_employee_OR/Inactive_employee_activationShouldsucceed_OR/Page_Unified Wallet/mat-cell_0001' is clicked on&#xD;
&#xD;
2019-10-11 16:18:37 - [TEST_STEP][PASSED] - delay(1): Delayed 1 second(s)&#xD;
&#xD;
2019-10-11 16:18:38 - [MESSAGE][PASSED] - Delayed 1 second(s)&#xD;
&#xD;
2019-10-11 16:18:38 - [TEST_STEP][PASSED] - click(findTestObject("Object Repository/Employee/Employee/Active_an_Inactive_employee_OR/Inactive_employee_activationShouldsucceed_OR/Page_Unified Wallet/i_block")): Object: 'Object Repository/Employee/Employee/Active_an_Inactive_employee_OR/Inactive_employee_activationShouldsucceed_OR/Page_Unified Wallet/i_block' is clicked on&#xD;
&#xD;
2019-10-11 16:18:38 - [MESSAGE][PASSED] - Object: 'Object Repository/Employee/Employee/Active_an_Inactive_employee_OR/Inactive_employee_activationShouldsucceed_OR/Page_Unified Wallet/i_block' is clicked on&#xD;
&#xD;
2019-10-11 16:18:38 - [TEST_STEP][PASSED] - delay(1): Delayed 1 second(s)&#xD;
&#xD;
2019-10-11 16:18:39 - [MESSAGE][PASSED] - Delayed 1 second(s)&#xD;
&#xD;
2019-10-11 16:18:39 - [TEST_STEP][FAILED] - verifyTextPresent("will be changed to Active. Do you want to proceed?", false): Unable to verify text 'will be changed to Active. Do you want to proceed?' is present  (Root cause: com.kms.katalon.core.exception.StepFailedException: Unable to verify text 'will be changed to Active. Do you want to proceed?' is present &#xD;
	at com.kms.katalon.core.webui.keyword.internal.WebUIKeywordMain.stepFailed(WebUIKeywordMain.groovy:64)&#xD;
	at com.kms.katalon.core.webui.keyword.internal.WebUIKeywordMain.runKeyword(WebUIKeywordMain.groovy:26)&#xD;
	at com.kms.katalon.core.webui.keyword.builtin.VerifyTextPresentKeyword.verifyTextPresent(VerifyTextPresentKeyword.groovy:83)&#xD;
	at com.kms.katalon.core.webui.keyword.builtin.VerifyTextPresentKeyword.execute(VerifyTextPresentKeyword.groovy:68)&#xD;
	at com.kms.katalon.core.keyword.internal.KeywordExecutor.executeKeywordForPlatform(KeywordExecutor.groovy:56)&#xD;
	at com.kms.katalon.core.webui.keyword.WebUiBuiltInKeywords.verifyTextPresent(WebUiBuiltInKeywords.groovy:1693)&#xD;
	at com.kms.katalon.core.webui.keyword.WebUiBuiltInKeywords$verifyTextPresent$6.call(Unknown Source)&#xD;
	at active_an_Inactive_employee_Shouldsucceed.run(active_an_Inactive_employee_Shouldsucceed:35)&#xD;
	at com.kms.katalon.core.main.ScriptEngine.run(ScriptEngine.java:194)&#xD;
	at com.kms.katalon.core.main.ScriptEngine.runScriptAsRawText(ScriptEngine.java:119)&#xD;
	at com.kms.katalon.core.main.TestCaseExecutor.runScript(TestCaseExecutor.java:337)&#xD;
	at com.kms.katalon.core.main.TestCaseExecutor.doExecute(TestCaseExecutor.java:328)&#xD;
	at com.kms.katalon.core.main.TestCaseExecutor.processExecutionPhase(TestCaseExecutor.java:307)&#xD;
	at com.kms.katalon.core.main.TestCaseExecutor.accessMainPhase(TestCaseExecutor.java:299)&#xD;
	at com.kms.katalon.core.main.TestCaseExecutor.execute(TestCaseExecutor.java:233)&#xD;
	at com.kms.katalon.core.main.TestSuiteExecutor.accessTestCaseMainPhase(TestSuiteExecutor.java:133)&#xD;
	at com.kms.katalon.core.main.TestSuiteExecutor.accessTestSuiteMainPhase(TestSuiteExecutor.java:116)&#xD;
	at com.kms.katalon.core.main.TestSuiteExecutor.execute(TestSuiteExecutor.java:83)&#xD;
	at com.kms.katalon.core.main.TestCaseMain.startTestSuite(TestCaseMain.java:157)&#xD;
	at com.kms.katalon.core.main.TestCaseMain$startTestSuite$0.call(Unknown Source)&#xD;
	at TempTestSuite1570790696642.run(TempTestSuite1570790696642.groovy:35)&#xD;
Caused by: com.kms.katalon.core.exception.StepFailedException: Text 'will be changed to Active. Do you want to proceed?' is not present on page &#xD;
	at com.kms.katalon.core.webui.keyword.internal.WebUIKeywordMain.stepFailed(WebUIKeywordMain.groovy:64)&#xD;
	at com.kms.katalon.core.webui.keyword.builtin.VerifyTextPresentKeyword$_verifyTextPresent_closure1.doCall(VerifyTextPresentKeyword.groovy:79)&#xD;
	at com.kms.katalon.core.webui.keyword.builtin.VerifyTextPresentKeyword$_verifyTextPresent_closure1.call(VerifyTextPresentKeyword.groovy)&#xD;
	at com.kms.katalon.core.webui.keyword.internal.WebUIKeywordMain.runKeyword(WebUIKeywordMain.groovy:20)&#xD;
	... 19 more&#xD;
)&#xD;
&#xD;
2019-10-11 16:18:39 - [MESSAGE][FAILED] - Text 'will be changed to Active. Do you want to proceed?' is not present on page  (Root cause: com.kms.katalon.core.exception.StepFailedException: Text 'will be changed to Active. Do you want to proceed?' is not present on page &#xD;
	at com.kms.katalon.core.webui.keyword.internal.WebUIKeywordMain.stepFailed(WebUIKeywordMain.groovy:64)&#xD;
	at com.kms.katalon.core.webui.keyword.builtin.VerifyTextPresentKeyword$_verifyTextPresent_closure1.doCall(VerifyTextPresentKeyword.groovy:79)&#xD;
	at com.kms.katalon.core.webui.keyword.builtin.VerifyTextPresentKeyword$_verifyTextPresent_closure1.call(VerifyTextPresentKeyword.groovy)&#xD;
	at com.kms.katalon.core.webui.keyword.internal.WebUIKeywordMain.runKeyword(WebUIKeywordMain.groovy:20)&#xD;
	at com.kms.katalon.core.webui.keyword.builtin.VerifyTextPresentKeyword.verifyTextPresent(VerifyTextPresentKeyword.groovy:83)&#xD;
	at com.kms.katalon.core.webui.keyword.builtin.VerifyTextPresentKeyword.execute(VerifyTextPresentKeyword.groovy:68)&#xD;
	at com.kms.katalon.core.keyword.internal.KeywordExecutor.executeKeywordForPlatform(KeywordExecutor.groovy:56)&#xD;
	at com.kms.katalon.core.webui.keyword.WebUiBuiltInKeywords.verifyTextPresent(WebUiBuiltInKeywords.groovy:1693)&#xD;
	at com.kms.katalon.core.webui.keyword.WebUiBuiltInKeywords$verifyTextPresent$6.call(Unknown Source)&#xD;
	at active_an_Inactive_employee_Shouldsucceed.run(active_an_Inactive_employee_Shouldsucceed:35)&#xD;
	at com.kms.katalon.core.main.ScriptEngine.run(ScriptEngine.java:194)&#xD;
	at com.kms.katalon.core.main.ScriptEngine.runScriptAsRawText(ScriptEngine.java:119)&#xD;
	at com.kms.katalon.core.main.TestCaseExecutor.runScript(TestCaseExecutor.java:337)&#xD;
	at com.kms.katalon.core.main.TestCaseExecutor.doExecute(TestCaseExecutor.java:328)&#xD;
	at com.kms.katalon.core.main.TestCaseExecutor.processExecutionPhase(TestCaseExecutor.java:307)&#xD;
	at com.kms.katalon.core.main.TestCaseExecutor.accessMainPhase(TestCaseExecutor.java:299)&#xD;
	at com.kms.katalon.core.main.TestCaseExecutor.execute(TestCaseExecutor.java:233)&#xD;
	at com.kms.katalon.core.main.TestSuiteExecutor.accessTestCaseMainPhase(TestSuiteExecutor.java:133)&#xD;
	at com.kms.katalon.core.main.TestSuiteExecutor.accessTestSuiteMainPhase(TestSuiteExecutor.java:116)&#xD;
	at com.kms.katalon.core.main.TestSuiteExecutor.execute(TestSuiteExecutor.java:83)&#xD;
	at com.kms.katalon.core.main.TestCaseMain.startTestSuite(TestCaseMain.java:157)&#xD;
	at com.kms.katalon.core.main.TestCaseMain$startTestSuite$0.call(Unknown Source)&#xD;
	at TempTestSuite1570790696642.run(TempTestSuite1570790696642.groovy:35)&#xD;
)&#xD;
&#xD;
2019-10-11 16:18:39 - [MESSAGE][FAILED] - Unable to verify text 'will be changed to Active. Do you want to proceed?' is present  (Root cause: com.kms.katalon.core.exception.StepFailedException: Unable to verify text 'will be changed to Active. Do you want to proceed?' is present &#xD;
	at com.kms.katalon.core.webui.keyword.internal.WebUIKeywordMain.stepFailed(WebUIKeywordMain.groovy:64)&#xD;
	at com.kms.katalon.core.webui.keyword.internal.WebUIKeywordMain.runKeyword(WebUIKeywordMain.groovy:26)&#xD;
	at com.kms.katalon.core.webui.keyword.builtin.VerifyTextPresentKeyword.verifyTextPresent(VerifyTextPresentKeyword.groovy:83)&#xD;
	at com.kms.katalon.core.webui.keyword.builtin.VerifyTextPresentKeyword.execute(VerifyTextPresentKeyword.groovy:68)&#xD;
	at com.kms.katalon.core.keyword.internal.KeywordExecutor.executeKeywordForPlatform(KeywordExecutor.groovy:56)&#xD;
	at com.kms.katalon.core.webui.keyword.WebUiBuiltInKeywords.verifyTextPresent(WebUiBuiltInKeywords.groovy:1693)&#xD;
	at com.kms.katalon.core.webui.keyword.WebUiBuiltInKeywords$verifyTextPresent$6.call(Unknown Source)&#xD;
	at active_an_Inactive_employee_Shouldsucceed.run(active_an_Inactive_employee_Shouldsucceed:35)&#xD;
	at com.kms.katalon.core.main.ScriptEngine.run(ScriptEngine.java:194)&#xD;
	at com.kms.katalon.core.main.ScriptEngine.runScriptAsRawText(ScriptEngine.java:119)&#xD;
	at com.kms.katalon.core.main.TestCaseExecutor.runScript(TestCaseExecutor.java:337)&#xD;
	at com.kms.katalon.core.main.TestCaseExecutor.doExecute(TestCaseExecutor.java:328)&#xD;
	at com.kms.katalon.core.main.TestCaseExecutor.processExecutionPhase(TestCaseExecutor.java:307)&#xD;
	at com.kms.katalon.core.main.TestCaseExecutor.accessMainPhase(TestCaseExecutor.java:299)&#xD;
	at com.kms.katalon.core.main.TestCaseExecutor.execute(TestCaseExecutor.java:233)&#xD;
	at com.kms.katalon.core.main.TestSuiteExecutor.accessTestCaseMainPhase(TestSuiteExecutor.java:133)&#xD;
	at com.kms.katalon.core.main.TestSuiteExecutor.accessTestSuiteMainPhase(TestSuiteExecutor.java:116)&#xD;
	at com.kms.katalon.core.main.TestSuiteExecutor.execute(TestSuiteExecutor.java:83)&#xD;
	at com.kms.katalon.core.main.TestCaseMain.startTestSuite(TestCaseMain.java:157)&#xD;
	at com.kms.katalon.core.main.TestCaseMain$startTestSuite$0.call(Unknown Source)&#xD;
	at TempTestSuite1570790696642.run(TempTestSuite1570790696642.groovy:35)&#xD;
Caused by: com.kms.katalon.core.exception.StepFailedException: Text 'will be changed to Active. Do you want to proceed?' is not present on page &#xD;
	at com.kms.katalon.core.webui.keyword.internal.WebUIKeywordMain.stepFailed(WebUIKeywordMain.groovy:64)&#xD;
	at com.kms.katalon.core.webui.keyword.builtin.VerifyTextPresentKeyword$_verifyTextPresent_closure1.doCall(VerifyTextPresentKeyword.groovy:79)&#xD;
	at com.kms.katalon.core.webui.keyword.builtin.VerifyTextPresentKeyword$_verifyTextPresent_closure1.call(VerifyTextPresentKeyword.groovy)&#xD;
	at com.kms.katalon.core.webui.keyword.internal.WebUIKeywordMain.runKeyword(WebUIKeywordMain.groovy:20)&#xD;
	... 19 more&#xD;
)&#xD;
[[ATTACHMENT|C:\\Users\\vinayaka.prabhu\\Katalon Studio\\Unified_Wallet_UI_Test\\Reports\\Complete_Wallet_UI\\Complete_Wallet_UI\\20191011_161456\\1570790919371.png]]</system-out>
            <system-err>2019-10-11 16:18:21 - [TEST_CASE][FAILED] - Test Cases/Employee/Employee/Active_an_InActive_employee/active_an_Inactive_employee_Shouldsucceed: Test Cases/Employee/Employee/Active_an_InActive_employee/active_an_Inactive_employee_Shouldsucceed FAILED.
Reason:
com.kms.katalon.core.exception.StepFailedException: Unable to verify text 'will be changed to Active. Do you want to proceed?' is present &#xD;
	at com.kms.katalon.core.webui.keyword.internal.WebUIKeywordMain.stepFailed(WebUIKeywordMain.groovy:64)&#xD;
	at com.kms.katalon.core.webui.keyword.internal.WebUIKeywordMain.runKeyword(WebUIKeywordMain.groovy:26)&#xD;
	at com.kms.katalon.core.webui.keyword.builtin.VerifyTextPresentKeyword.verifyTextPresent(VerifyTextPresentKeyword.groovy:83)&#xD;
	at com.kms.katalon.core.webui.keyword.builtin.VerifyTextPresentKeyword.execute(VerifyTextPresentKeyword.groovy:68)&#xD;
	at com.kms.katalon.core.keyword.internal.KeywordExecutor.executeKeywordForPlatform(KeywordExecutor.groovy:56)&#xD;
	at com.kms.katalon.core.webui.keyword.WebUiBuiltInKeywords.verifyTextPresent(WebUiBuiltInKeywords.groovy:1693)&#xD;
	at com.kms.katalon.core.webui.keyword.WebUiBuiltInKeywords$verifyTextPresent$6.call(Unknown Source)&#xD;
	at active_an_Inactive_employee_Shouldsucceed.run(active_an_Inactive_employee_Shouldsucceed:35)&#xD;
	at com.kms.katalon.core.main.ScriptEngine.run(ScriptEngine.java:194)&#xD;
	at com.kms.katalon.core.main.ScriptEngine.runScriptAsRawText(ScriptEngine.java:119)&#xD;
	at com.kms.katalon.core.main.TestCaseExecutor.runScript(TestCaseExecutor.java:337)&#xD;
	at com.kms.katalon.core.main.TestCaseExecutor.doExecute(TestCaseExecutor.java:328)&#xD;
	at com.kms.katalon.core.main.TestCaseExecutor.processExecutionPhase(TestCaseExecutor.java:307)&#xD;
	at com.kms.katalon.core.main.TestCaseExecutor.accessMainPhase(TestCaseExecutor.java:299)&#xD;
	at com.kms.katalon.core.main.TestCaseExecutor.execute(TestCaseExecutor.java:233)&#xD;
	at com.kms.katalon.core.main.TestSuiteExecutor.accessTestCaseMainPhase(TestSuiteExecutor.java:133)&#xD;
	at com.kms.katalon.core.main.TestSuiteExecutor.accessTestSuiteMainPhase(TestSuiteExecutor.java:116)&#xD;
	at com.kms.katalon.core.main.TestSuiteExecutor.execute(TestSuiteExecutor.java:83)&#xD;
	at com.kms.katalon.core.main.TestCaseMain.startTestSuite(TestCaseMain.java:157)&#xD;
	at com.kms.katalon.core.main.TestCaseMain$startTestSuite$0.call(Unknown Source)&#xD;
	at TempTestSuite1570790696642.run(TempTestSuite1570790696642.groovy:35)&#xD;
Caused by: com.kms.katalon.core.exception.StepFailedException: Text 'will be changed to Active. Do you want to proceed?' is not present on page &#xD;
	at com.kms.katalon.core.webui.keyword.internal.WebUIKeywordMain.stepFailed(WebUIKeywordMain.groovy:64)&#xD;
	at com.kms.katalon.core.webui.keyword.builtin.VerifyTextPresentKeyword$_verifyTextPresent_closure1.doCall(VerifyTextPresentKeyword.groovy:79)&#xD;
	at com.kms.katalon.core.webui.keyword.builtin.VerifyTextPresentKeyword$_verifyTextPresent_closure1.call(VerifyTextPresentKeyword.groovy)&#xD;
	at com.kms.katalon.core.webui.keyword.internal.WebUIKeywordMain.runKeyword(WebUIKeywordMain.groovy:20)&#xD;
	... 19 more</system-err>
        </testcase>
        <testcase name="Test Cases/Employee/Employee/Reset_Password_Of_Employee/ResetPassword_and_Login_ShouldSucceed" classname="Test Cases/Employee/Employee/Reset_Password_Of_Employee/ResetPassword_and_Login_ShouldSucceed" status="FAILED">
            <failure type="FAILED" message="Test Cases/Employee/Employee/Reset_Password_Of_Employee/ResetPassword_and_Login_ShouldSucceed FAILED.&#xA;Reason:&#xA;com.kms.katalon.core.exception.StepFailedException: Unable to click on object 'Object Repository/Employee/Employee/Reset_Password_Of_Employee_OR/mat-cell_0001'&#xD;&#xA;&#x9;at com.kms.katalon.core.webui.keyword.internal.WebUIKeywordMain.stepFailed(WebUIKeywordMain.groovy:64)&#xD;&#xA;&#x9;at com.kms.katalon.core.webui.keyword.internal.WebUIKeywordMain.runKeyword(WebUIKeywordMain.groovy:26)&#xD;&#xA;&#x9;at com.kms.katalon.core.webui.keyword.builtin.ClickKeyword.click(ClickKeyword.groovy:86)&#xD;&#xA;&#x9;at com.kms.katalon.core.webui.keyword.builtin.ClickKeyword.execute(ClickKeyword.groovy:67)&#xD;&#xA;&#x9;at com.kms.katalon.core.keyword.internal.KeywordExecutor.executeKeywordForPlatform(KeywordExecutor.groovy:56)&#xD;&#xA;&#x9;at com.kms.katalon.core.webui.keyword.WebUiBuiltInKeywords.click(WebUiBuiltInKeywords.groovy:616)&#xD;&#xA;&#x9;at com.kms.katalon.core.webui.keyword.WebUiBuiltInKeywords$click$4.call(Unknown Source)&#xD;&#xA;&#x9;at ResetPassword_and_Login_ShouldSucceed.run(ResetPassword_and_Login_ShouldSucceed:27)&#xD;&#xA;&#x9;at com.kms.katalon.core.main.ScriptEngine.run(ScriptEngine.java:194)&#xD;&#xA;&#x9;at com.kms.katalon.core.main.ScriptEngine.runScriptAsRawText(ScriptEngine.java:119)&#xD;&#xA;&#x9;at com.kms.katalon.core.main.TestCaseExecutor.runScript(TestCaseExecutor.java:337)&#xD;&#xA;&#x9;at com.kms.katalon.core.main.TestCaseExecutor.doExecute(TestCaseExecutor.java:328)&#xD;&#xA;&#x9;at com.kms.katalon.core.main.TestCaseExecutor.processExecutionPhase(TestCaseExecutor.java:307)&#xD;&#xA;&#x9;at com.kms.katalon.core.main.TestCaseExecutor.accessMainPhase(TestCaseExecutor.java:299)&#xD;&#xA;&#x9;at com.kms.katalon.core.main.TestCaseExecutor.execute(TestCaseExecutor.java:233)&#xD;&#xA;&#x9;at com.kms.katalon.core.main.TestSuiteExecutor.accessTestCaseMainPhase(TestSuiteExecutor.java:133)&#xD;&#xA;&#x9;at com.kms.katalon.core.main.TestSuiteExecutor.accessTestSuiteMainPhase(TestSuiteExecutor.java:116)&#xD;&#xA;&#x9;at com.kms.katalon.core.main.TestSuiteExecutor.execute(TestSuiteExecutor.java:83)&#xD;&#xA;&#x9;at com.kms.katalon.core.main.TestCaseMain.startTestSuite(TestCaseMain.java:157)&#xD;&#xA;&#x9;at com.kms.katalon.core.main.TestCaseMain$startTestSuite$0.call(Unknown Source)&#xD;&#xA;&#x9;at TempTestSuite1570790696642.run(TempTestSuite1570790696642.groovy:35)&#xD;&#xA;Caused by: com.kms.katalon.core.webui.exception.WebElementNotFoundException: Web element with id: 'Object Repository/Employee/Employee/Reset_Password_Of_Employee_OR/mat-cell_0001' located by 'By.xpath: //div[@id='result']/div/app-employee/div/div/div/div/mat-table/mat-row/mat-cell' not found&#xD;&#xA;&#x9;at com.kms.katalon.core.webui.common.WebUiCommonHelper.findWebElement(WebUiCommonHelper.java:1097)&#xD;&#xA;&#x9;at com.kms.katalon.core.webui.keyword.internal.WebUIAbstractKeyword.findWebElement(WebUIAbstractKeyword.groovy:27)&#xD;&#xA;&#x9;at com.kms.katalon.core.webui.keyword.internal.WebUIAbstractKeyword.findWebElement(WebUIAbstractKeyword.groovy:26)&#xD;&#xA;&#x9;at com.kms.katalon.core.webui.keyword.builtin.ClickKeyword$_click_closure1.doCall(ClickKeyword.groovy:77)&#xD;&#xA;&#x9;at com.kms.katalon.core.webui.keyword.builtin.ClickKeyword$_click_closure1.call(ClickKeyword.groovy)&#xD;&#xA;&#x9;at com.kms.katalon.core.webui.keyword.internal.WebUIKeywordMain.runKeyword(WebUIKeywordMain.groovy:20)&#xD;&#xA;&#x9;... 19 more&#xD;&#xA;"/>
            <system-out>2019-10-11 16:18:39 - [TEST_CASE][FAILED] - Test Cases/Employee/Employee/Reset_Password_Of_Employee/ResetPassword_and_Login_ShouldSucceed: Test Cases/Employee/Employee/Reset_Password_Of_Employee/ResetPassword_and_Login_ShouldSucceed FAILED.
Reason:
com.kms.katalon.core.exception.StepFailedException: Unable to click on object 'Object Repository/Employee/Employee/Reset_Password_Of_Employee_OR/mat-cell_0001'&#xD;
	at com.kms.katalon.core.webui.keyword.internal.WebUIKeywordMain.stepFailed(WebUIKeywordMain.groovy:64)&#xD;
	at com.kms.katalon.core.webui.keyword.internal.WebUIKeywordMain.runKeyword(WebUIKeywordMain.groovy:26)&#xD;
	at com.kms.katalon.core.webui.keyword.builtin.ClickKeyword.click(ClickKeyword.groovy:86)&#xD;
	at com.kms.katalon.core.webui.keyword.builtin.ClickKeyword.execute(ClickKeyword.groovy:67)&#xD;
	at com.kms.katalon.core.keyword.internal.KeywordExecutor.executeKeywordForPlatform(KeywordExecutor.groovy:56)&#xD;
	at com.kms.katalon.core.webui.keyword.WebUiBuiltInKeywords.click(WebUiBuiltInKeywords.groovy:616)&#xD;
	at com.kms.katalon.core.webui.keyword.WebUiBuiltInKeywords$click$4.call(Unknown Source)&#xD;
	at ResetPassword_and_Login_ShouldSucceed.run(ResetPassword_and_Login_ShouldSucceed:27)&#xD;
	at com.kms.katalon.core.main.ScriptEngine.run(ScriptEngine.java:194)&#xD;
	at com.kms.katalon.core.main.ScriptEngine.runScriptAsRawText(ScriptEngine.java:119)&#xD;
	at com.kms.katalon.core.main.TestCaseExecutor.runScript(TestCaseExecutor.java:337)&#xD;
	at com.kms.katalon.core.main.TestCaseExecutor.doExecute(TestCaseExecutor.java:328)&#xD;
	at com.kms.katalon.core.main.TestCaseExecutor.processExecutionPhase(TestCaseExecutor.java:307)&#xD;
	at com.kms.katalon.core.main.TestCaseExecutor.accessMainPhase(TestCaseExecutor.java:299)&#xD;
	at com.kms.katalon.core.main.TestCaseExecutor.execute(TestCaseExecutor.java:233)&#xD;
	at com.kms.katalon.core.main.TestSuiteExecutor.accessTestCaseMainPhase(TestSuiteExecutor.java:133)&#xD;
	at com.kms.katalon.core.main.TestSuiteExecutor.accessTestSuiteMainPhase(TestSuiteExecutor.java:116)&#xD;
	at com.kms.katalon.core.main.TestSuiteExecutor.execute(TestSuiteExecutor.java:83)&#xD;
	at com.kms.katalon.core.main.TestCaseMain.startTestSuite(TestCaseMain.java:157)&#xD;
	at com.kms.katalon.core.main.TestCaseMain$startTestSuite$0.call(Unknown Source)&#xD;
	at TempTestSuite1570790696642.run(TempTestSuite1570790696642.groovy:35)&#xD;
Caused by: com.kms.katalon.core.webui.exception.WebElementNotFoundException: Web element with id: 'Object Repository/Employee/Employee/Reset_Password_Of_Employee_OR/mat-cell_0001' located by 'By.xpath: //div[@id='result']/div/app-employee/div/div/div/div/mat-table/mat-row/mat-cell' not found&#xD;
	at com.kms.katalon.core.webui.common.WebUiCommonHelper.findWebElement(WebUiCommonHelper.java:1097)&#xD;
	at com.kms.katalon.core.webui.keyword.internal.WebUIAbstractKeyword.findWebElement(WebUIAbstractKeyword.groovy:27)&#xD;
	at com.kms.katalon.core.webui.keyword.internal.WebUIAbstractKeyword.findWebElement(WebUIAbstractKeyword.groovy:26)&#xD;
	at com.kms.katalon.core.webui.keyword.builtin.ClickKeyword$_click_closure1.doCall(ClickKeyword.groovy:77)&#xD;
	at com.kms.katalon.core.webui.keyword.builtin.ClickKeyword$_click_closure1.call(ClickKeyword.groovy)&#xD;
	at com.kms.katalon.core.webui.keyword.internal.WebUIKeywordMain.runKeyword(WebUIKeywordMain.groovy:20)&#xD;
	... 19 more&#xD;
&#xD;
&#xD;
2019-10-11 16:18:39 - [TEST_STEP][PASSED] - callTestCase(findTestCase("Login/AdminLogin_ShouldSucceed"), [:], STOP_ON_FAILURE): Call Test Case 'Test Cases/Login/AdminLogin_ShouldSucceed' successfully&#xD;
&#xD;
2019-10-11 16:18:39 - [TEST_CASE][PASSED] - Test Cases/Login/AdminLogin_ShouldSucceed: Test Cases/Login/AdminLogin_ShouldSucceed&#xD;
&#xD;
2019-10-11 16:18:39 - [TEST_STEP][PASSED] - openBrowser(""): Browser is opened with url: ''&#xD;
&#xD;
2019-10-11 16:18:39 - [MESSAGE][WARNING] - A browser is already opened. Closing browser and opening a new one&#xD;
&#xD;
2019-10-11 16:18:40 - [MESSAGE][INFO] - Starting 'Chrome' driver&#xD;
&#xD;
2019-10-11 16:18:43 - [MESSAGE][PASSED] - Browser is opened with url: ''&#xD;
&#xD;
2019-10-11 16:18:43 - [TEST_STEP][PASSED] - maximizeWindow(): Current window maximized&#xD;
&#xD;
2019-10-11 16:18:44 - [MESSAGE][PASSED] - Current window maximized&#xD;
&#xD;
2019-10-11 16:18:44 - [TEST_STEP][PASSED] - navigateToUrl(login_url): Navigate to 'https://10.2.200.37:8441/login' successfully&#xD;
&#xD;
2019-10-11 16:18:45 - [MESSAGE][PASSED] - Navigate to 'https://10.2.200.37:8441/login' successfully&#xD;
&#xD;
2019-10-11 16:18:45 - [TEST_STEP][PASSED] - setText(findTestObject("Object Repository/Login_OR/AdminLogin_ShouldSucceed/Page_Unified Wallet/input_Sign in_mat-input-0"), username_admin): Text 'admin' is set on object 'Object Repository/Login_OR/AdminLogin_ShouldSucceed/Page_Unified Wallet/input_Sign in_mat-input-0'&#xD;
&#xD;
2019-10-11 16:18:45 - [MESSAGE][PASSED] - Text 'admin' is set on object 'Object Repository/Login_OR/AdminLogin_ShouldSucceed/Page_Unified Wallet/input_Sign in_mat-input-0'&#xD;
&#xD;
2019-10-11 16:18:45 - [TEST_STEP][PASSED] - setEncryptedText(findTestObject("Object Repository/Login_OR/AdminLogin_ShouldSucceed/Page_Unified Wallet/input_Username_mat-input-1"), username_admins_Password): Text ****** has been set on object 'Object Repository/Login_OR/AdminLogin_ShouldSucceed/Page_Unified Wallet/input_Username_mat-input-1'&#xD;
&#xD;
2019-10-11 16:18:45 - [MESSAGE][PASSED] - Text ****** has been set on object 'Object Repository/Login_OR/AdminLogin_ShouldSucceed/Page_Unified Wallet/input_Username_mat-input-1'&#xD;
&#xD;
2019-10-11 16:18:45 - [TEST_STEP][PASSED] - click(findTestObject("Object Repository/Login_OR/AdminLogin_ShouldSucceed/Page_Unified Wallet/button_Login")): Object: 'Object Repository/Login_OR/AdminLogin_ShouldSucceed/Page_Unified Wallet/button_Login' is clicked on&#xD;
&#xD;
2019-10-11 16:18:45 - [MESSAGE][PASSED] - Object: 'Object Repository/Login_OR/AdminLogin_ShouldSucceed/Page_Unified Wallet/button_Login' is clicked on&#xD;
&#xD;
2019-10-11 16:18:45 - [TEST_STEP][PASSED] - delay(2): Delayed 2 second(s)&#xD;
&#xD;
2019-10-11 16:18:47 - [MESSAGE][PASSED] - Delayed 2 second(s)&#xD;
&#xD;
2019-10-11 16:18:47 - [MESSAGE][PASSED] - Call Test Case 'Test Cases/Login/AdminLogin_ShouldSucceed' successfully&#xD;
&#xD;
2019-10-11 16:18:47 - [TEST_STEP][PASSED] - click(findTestObject("Object Repository/Employee/Employee/Reset_Password_Of_Employee_OR/div_more_vert_hamburgerWrapper"), OPTIONAL): Object: 'Object Repository/Employee/Employee/Reset_Password_Of_Employee_OR/div_more_vert_hamburgerWrapper' is clicked on&#xD;
&#xD;
2019-10-11 16:18:50 - [MESSAGE][PASSED] - Object: 'Object Repository/Employee/Employee/Reset_Password_Of_Employee_OR/div_more_vert_hamburgerWrapper' is clicked on&#xD;
&#xD;
2019-10-11 16:18:50 - [TEST_STEP][PASSED] - click(findTestObject("Object Repository/Employee/Employee/Reset_Password_Of_Employee_OR/a_account_circleEmployee"), OPTIONAL): Unable to click on object 'Object Repository/Employee/Employee/Reset_Password_Of_Employee_OR/a_account_circleEmployee' (Root cause: com.kms.katalon.core.exception.StepFailedException: Unable to click on object 'Object Repository/Employee/Employee/Reset_Password_Of_Employee_OR/a_account_circleEmployee'&#xD;
	at com.kms.katalon.core.webui.keyword.internal.WebUIKeywordMain.stepFailed(WebUIKeywordMain.groovy:64)&#xD;
	at com.kms.katalon.core.webui.keyword.internal.WebUIKeywordMain.runKeyword(WebUIKeywordMain.groovy:26)&#xD;
	at com.kms.katalon.core.webui.keyword.builtin.ClickKeyword.click(ClickKeyword.groovy:86)&#xD;
	at com.kms.katalon.core.webui.keyword.builtin.ClickKeyword.execute(ClickKeyword.groovy:67)&#xD;
	at com.kms.katalon.core.keyword.internal.KeywordExecutor.executeKeywordForPlatform(KeywordExecutor.groovy:56)&#xD;
	at com.kms.katalon.core.webui.keyword.WebUiBuiltInKeywords.click(WebUiBuiltInKeywords.groovy:604)&#xD;
	at com.kms.katalon.core.webui.keyword.WebUiBuiltInKeywords$click$5.call(Unknown Source)&#xD;
	at ResetPassword_and_Login_ShouldSucceed.run(ResetPassword_and_Login_ShouldSucceed:21)&#xD;
	at com.kms.katalon.core.main.ScriptEngine.run(ScriptEngine.java:194)&#xD;
	at com.kms.katalon.core.main.ScriptEngine.runScriptAsRawText(ScriptEngine.java:119)&#xD;
	at com.kms.katalon.core.main.TestCaseExecutor.runScript(TestCaseExecutor.java:337)&#xD;
	at com.kms.katalon.core.main.TestCaseExecutor.doExecute(TestCaseExecutor.java:328)&#xD;
	at com.kms.katalon.core.main.TestCaseExecutor.processExecutionPhase(TestCaseExecutor.java:307)&#xD;
	at com.kms.katalon.core.main.TestCaseExecutor.accessMainPhase(TestCaseExecutor.java:299)&#xD;
	at com.kms.katalon.core.main.TestCaseExecutor.execute(TestCaseExecutor.java:233)&#xD;
	at com.kms.katalon.core.main.TestSuiteExecutor.accessTestCaseMainPhase(TestSuiteExecutor.java:133)&#xD;
	at com.kms.katalon.core.main.TestSuiteExecutor.accessTestSuiteMainPhase(TestSuiteExecutor.java:116)&#xD;
	at com.kms.katalon.core.main.TestSuiteExecutor.execute(TestSuiteExecutor.java:83)&#xD;
	at com.kms.katalon.core.main.TestCaseMain.startTestSuite(TestCaseMain.java:157)&#xD;
	at com.kms.katalon.core.main.TestCaseMain$startTestSuite$0.call(Unknown Source)&#xD;
	at TempTestSuite1570790696642.run(TempTestSuite1570790696642.groovy:35)&#xD;
Caused by: org.openqa.selenium.ElementNotInteractableException: element not interactable
  (Session info: chrome=77.0.3865.90)
Build info: version: '3.141.59', revision: 'e82be7d358', time: '2018-11-14T08:25:53'
System info: host: 'BLRW-36SF9X2', ip: '10.2.200.67', os.name: 'Windows 10', os.arch: 'amd64', os.version: '10.0', java.version: '1.8.0_181'
Driver info: com.kms.katalon.selenium.driver.CChromeDriver
Capabilities {acceptInsecureCerts: false, browserName: chrome, browserVersion: 77.0.3865.90, chrome: {chromedriverVersion: 76.0.3809.25 (a0c95f440512e..., userDataDir: C:\Users\VINAYA~1.PRA\AppDa...}, goog:chromeOptions: {debuggerAddress: localhost:64319}, javascriptEnabled: true, networkConnectionEnabled: false, pageLoadStrategy: normal, platform: XP, platformName: XP, proxy: Proxy(), setWindowRect: true, strictFileInteractability: false, timeouts: {implicit: 0, pageLoad: 300000, script: 30000}, unhandledPromptBehavior: dismiss and notify}
Session ID: 985e9c34fce23c06c20c0bbf2c98ee97&#xD;
	at org.openqa.selenium.remote.http.W3CHttpResponseCodec.createException(W3CHttpResponseCodec.java:187)&#xD;
	at org.openqa.selenium.remote.http.W3CHttpResponseCodec.decode(W3CHttpResponseCodec.java:122)&#xD;
	at org.openqa.selenium.remote.http.W3CHttpResponseCodec.decode(W3CHttpResponseCodec.java:49)&#xD;
	at org.openqa.selenium.remote.HttpCommandExecutor.execute(HttpCommandExecutor.java:158)&#xD;
	at org.openqa.selenium.remote.service.DriverCommandExecutor.execute(DriverCommandExecutor.java:83)&#xD;
	at org.openqa.selenium.remote.RemoteWebDriver.execute(RemoteWebDriver.java:552)&#xD;
	at com.kms.katalon.selenium.driver.CChromeDriver.execute(CChromeDriver.java:20)&#xD;
	at org.openqa.selenium.remote.RemoteWebElement.execute(RemoteWebElement.java:285)&#xD;
	at org.openqa.selenium.remote.RemoteWebElement.click(RemoteWebElement.java:84)&#xD;
	at com.kms.katalon.core.webui.keyword.builtin.ClickKeyword$_click_closure1.doCall(ClickKeyword.groovy:79)&#xD;
	at com.kms.katalon.core.webui.keyword.builtin.ClickKeyword$_click_closure1.call(ClickKeyword.groovy)&#xD;
	at com.kms.katalon.core.webui.keyword.internal.WebUIKeywordMain.runKeyword(WebUIKeywordMain.groovy:20)&#xD;
	at com.kms.katalon.core.webui.keyword.builtin.ClickKeyword.click(ClickKeyword.groovy:86)&#xD;
	at com.kms.katalon.core.webui.keyword.builtin.ClickKeyword.execute(ClickKeyword.groovy:67)&#xD;
	at com.kms.katalon.core.keyword.internal.KeywordExecutor.executeKeywordForPlatform(KeywordExecutor.groovy:56)&#xD;
	at com.kms.katalon.core.webui.keyword.WebUiBuiltInKeywords.click(WebUiBuiltInKeywords.groovy:604)&#xD;
	at com.kms.katalon.core.webui.keyword.WebUiBuiltInKeywords$click$5.call(Unknown Source)&#xD;
	at Script1565946036345.run(Script1565946036345.groovy:21)&#xD;
	... 13 more&#xD;
)&#xD;
&#xD;
2019-10-11 16:18:50 - [MESSAGE][WARNING] - Unable to click on object 'Object Repository/Employee/Employee/Reset_Password_Of_Employee_OR/a_account_circleEmployee' (Root cause: com.kms.katalon.core.exception.StepFailedException: Unable to click on object 'Object Repository/Employee/Employee/Reset_Password_Of_Employee_OR/a_account_circleEmployee'&#xD;
	at com.kms.katalon.core.webui.keyword.internal.WebUIKeywordMain.stepFailed(WebUIKeywordMain.groovy:64)&#xD;
	at com.kms.katalon.core.webui.keyword.internal.WebUIKeywordMain.runKeyword(WebUIKeywordMain.groovy:26)&#xD;
	at com.kms.katalon.core.webui.keyword.builtin.ClickKeyword.click(ClickKeyword.groovy:86)&#xD;
	at com.kms.katalon.core.webui.keyword.builtin.ClickKeyword.execute(ClickKeyword.groovy:67)&#xD;
	at com.kms.katalon.core.keyword.internal.KeywordExecutor.executeKeywordForPlatform(KeywordExecutor.groovy:56)&#xD;
	at com.kms.katalon.core.webui.keyword.WebUiBuiltInKeywords.click(WebUiBuiltInKeywords.groovy:604)&#xD;
	at com.kms.katalon.core.webui.keyword.WebUiBuiltInKeywords$click$5.call(Unknown Source)&#xD;
	at ResetPassword_and_Login_ShouldSucceed.run(ResetPassword_and_Login_ShouldSucceed:21)&#xD;
	at com.kms.katalon.core.main.ScriptEngine.run(ScriptEngine.java:194)&#xD;
	at com.kms.katalon.core.main.ScriptEngine.runScriptAsRawText(ScriptEngine.java:119)&#xD;
	at com.kms.katalon.core.main.TestCaseExecutor.runScript(TestCaseExecutor.java:337)&#xD;
	at com.kms.katalon.core.main.TestCaseExecutor.doExecute(TestCaseExecutor.java:328)&#xD;
	at com.kms.katalon.core.main.TestCaseExecutor.processExecutionPhase(TestCaseExecutor.java:307)&#xD;
	at com.kms.katalon.core.main.TestCaseExecutor.accessMainPhase(TestCaseExecutor.java:299)&#xD;
	at com.kms.katalon.core.main.TestCaseExecutor.execute(TestCaseExecutor.java:233)&#xD;
	at com.kms.katalon.core.main.TestSuiteExecutor.accessTestCaseMainPhase(TestSuiteExecutor.java:133)&#xD;
	at com.kms.katalon.core.main.TestSuiteExecutor.accessTestSuiteMainPhase(TestSuiteExecutor.java:116)&#xD;
	at com.kms.katalon.core.main.TestSuiteExecutor.execute(TestSuiteExecutor.java:83)&#xD;
	at com.kms.katalon.core.main.TestCaseMain.startTestSuite(TestCaseMain.java:157)&#xD;
	at com.kms.katalon.core.main.TestCaseMain$startTestSuite$0.call(Unknown Source)&#xD;
	at TempTestSuite1570790696642.run(TempTestSuite1570790696642.groovy:35)&#xD;
Caused by: org.openqa.selenium.ElementNotInteractableException: element not interactable
  (Session info: chrome=77.0.3865.90)
Build info: version: '3.141.59', revision: 'e82be7d358', time: '2018-11-14T08:25:53'
System info: host: 'BLRW-36SF9X2', ip: '10.2.200.67', os.name: 'Windows 10', os.arch: 'amd64', os.version: '10.0', java.version: '1.8.0_181'
Driver info: com.kms.katalon.selenium.driver.CChromeDriver
Capabilities {acceptInsecureCerts: false, browserName: chrome, browserVersion: 77.0.3865.90, chrome: {chromedriverVersion: 76.0.3809.25 (a0c95f440512e..., userDataDir: C:\Users\VINAYA~1.PRA\AppDa...}, goog:chromeOptions: {debuggerAddress: localhost:64319}, javascriptEnabled: true, networkConnectionEnabled: false, pageLoadStrategy: normal, platform: XP, platformName: XP, proxy: Proxy(), setWindowRect: true, strictFileInteractability: false, timeouts: {implicit: 0, pageLoad: 300000, script: 30000}, unhandledPromptBehavior: dismiss and notify}
Session ID: 985e9c34fce23c06c20c0bbf2c98ee97&#xD;
	at org.openqa.selenium.remote.http.W3CHttpResponseCodec.createException(W3CHttpResponseCodec.java:187)&#xD;
	at org.openqa.selenium.remote.http.W3CHttpResponseCodec.decode(W3CHttpResponseCodec.java:122)&#xD;
	at org.openqa.selenium.remote.http.W3CHttpResponseCodec.decode(W3CHttpResponseCodec.java:49)&#xD;
	at org.openqa.selenium.remote.HttpCommandExecutor.execute(HttpCommandExecutor.java:158)&#xD;
	at org.openqa.selenium.remote.service.DriverCommandExecutor.execute(DriverCommandExecutor.java:83)&#xD;
	at org.openqa.selenium.remote.RemoteWebDriver.execute(RemoteWebDriver.java:552)&#xD;
	at com.kms.katalon.selenium.driver.CChromeDriver.execute(CChromeDriver.java:20)&#xD;
	at org.openqa.selenium.remote.RemoteWebElement.execute(RemoteWebElement.java:285)&#xD;
	at org.openqa.selenium.remote.RemoteWebElement.click(RemoteWebElement.java:84)&#xD;
	at com.kms.katalon.core.webui.keyword.builtin.ClickKeyword$_click_closure1.doCall(ClickKeyword.groovy:79)&#xD;
	at com.kms.katalon.core.webui.keyword.builtin.ClickKeyword$_click_closure1.call(ClickKeyword.groovy)&#xD;
	at com.kms.katalon.core.webui.keyword.internal.WebUIKeywordMain.runKeyword(WebUIKeywordMain.groovy:20)&#xD;
	at com.kms.katalon.core.webui.keyword.builtin.ClickKeyword.click(ClickKeyword.groovy:86)&#xD;
	at com.kms.katalon.core.webui.keyword.builtin.ClickKeyword.execute(ClickKeyword.groovy:67)&#xD;
	at com.kms.katalon.core.keyword.internal.KeywordExecutor.executeKeywordForPlatform(KeywordExecutor.groovy:56)&#xD;
	at com.kms.katalon.core.webui.keyword.WebUiBuiltInKeywords.click(WebUiBuiltInKeywords.groovy:604)&#xD;
	at com.kms.katalon.core.webui.keyword.WebUiBuiltInKeywords$click$5.call(Unknown Source)&#xD;
	at Script1565946036345.run(Script1565946036345.groovy:21)&#xD;
	... 13 more&#xD;
)&#xD;
[[ATTACHMENT|C:\\Users\\vinayaka.prabhu\\Katalon Studio\\Unified_Wallet_UI_Test\\Reports\\Complete_Wallet_UI\\Complete_Wallet_UI\\20191011_161456\\1570790930472.png]]&#xD;
&#xD;
2019-10-11 16:18:50 - [TEST_STEP][PASSED] - click(findTestObject("Object Repository/Employee/Employee/Reset_Password_Of_Employee_OR/a_account_circleEmployee_1"), OPTIONAL): Unable to click on object 'Object Repository/Employee/Employee/Reset_Password_Of_Employee_OR/a_account_circleEmployee_1' (Root cause: com.kms.katalon.core.exception.StepFailedException: Unable to click on object 'Object Repository/Employee/Employee/Reset_Password_Of_Employee_OR/a_account_circleEmployee_1'&#xD;
	at com.kms.katalon.core.webui.keyword.internal.WebUIKeywordMain.stepFailed(WebUIKeywordMain.groovy:64)&#xD;
	at com.kms.katalon.core.webui.keyword.internal.WebUIKeywordMain.runKeyword(WebUIKeywordMain.groovy:26)&#xD;
	at com.kms.katalon.core.webui.keyword.builtin.ClickKeyword.click(ClickKeyword.groovy:86)&#xD;
	at com.kms.katalon.core.webui.keyword.builtin.ClickKeyword.execute(ClickKeyword.groovy:67)&#xD;
	at com.kms.katalon.core.keyword.internal.KeywordExecutor.executeKeywordForPlatform(KeywordExecutor.groovy:56)&#xD;
	at com.kms.katalon.core.webui.keyword.WebUiBuiltInKeywords.click(WebUiBuiltInKeywords.groovy:604)&#xD;
	at com.kms.katalon.core.webui.keyword.WebUiBuiltInKeywords$click$5.call(Unknown Source)&#xD;
	at ResetPassword_and_Login_ShouldSucceed.run(ResetPassword_and_Login_ShouldSucceed:24)&#xD;
	at com.kms.katalon.core.main.ScriptEngine.run(ScriptEngine.java:194)&#xD;
	at com.kms.katalon.core.main.ScriptEngine.runScriptAsRawText(ScriptEngine.java:119)&#xD;
	at com.kms.katalon.core.main.TestCaseExecutor.runScript(TestCaseExecutor.java:337)&#xD;
	at com.kms.katalon.core.main.TestCaseExecutor.doExecute(TestCaseExecutor.java:328)&#xD;
	at com.kms.katalon.core.main.TestCaseExecutor.processExecutionPhase(TestCaseExecutor.java:307)&#xD;
	at com.kms.katalon.core.main.TestCaseExecutor.accessMainPhase(TestCaseExecutor.java:299)&#xD;
	at com.kms.katalon.core.main.TestCaseExecutor.execute(TestCaseExecutor.java:233)&#xD;
	at com.kms.katalon.core.main.TestSuiteExecutor.accessTestCaseMainPhase(TestSuiteExecutor.java:133)&#xD;
	at com.kms.katalon.core.main.TestSuiteExecutor.accessTestSuiteMainPhase(TestSuiteExecutor.java:116)&#xD;
	at com.kms.katalon.core.main.TestSuiteExecutor.execute(TestSuiteExecutor.java:83)&#xD;
	at com.kms.katalon.core.main.TestCaseMain.startTestSuite(TestCaseMain.java:157)&#xD;
	at com.kms.katalon.core.main.TestCaseMain$startTestSuite$0.call(Unknown Source)&#xD;
	at TempTestSuite1570790696642.run(TempTestSuite1570790696642.groovy:35)&#xD;
Caused by: org.openqa.selenium.ElementNotInteractableException: element not interactable
  (Session info: chrome=77.0.3865.90)
Build info: version: '3.141.59', revision: 'e82be7d358', time: '2018-11-14T08:25:53'
System info: host: 'BLRW-36SF9X2', ip: '10.2.200.67', os.name: 'Windows 10', os.arch: 'amd64', os.version: '10.0', java.version: '1.8.0_181'
Driver info: com.kms.katalon.selenium.driver.CChromeDriver
Capabilities {acceptInsecureCerts: false, browserName: chrome, browserVersion: 77.0.3865.90, chrome: {chromedriverVersion: 76.0.3809.25 (a0c95f440512e..., userDataDir: C:\Users\VINAYA~1.PRA\AppDa...}, goog:chromeOptions: {debuggerAddress: localhost:64319}, javascriptEnabled: true, networkConnectionEnabled: false, pageLoadStrategy: normal, platform: XP, platformName: XP, proxy: Proxy(), setWindowRect: true, strictFileInteractability: false, timeouts: {implicit: 0, pageLoad: 300000, script: 30000}, unhandledPromptBehavior: dismiss and notify}
Session ID: 985e9c34fce23c06c20c0bbf2c98ee97&#xD;
	at org.openqa.selenium.remote.http.W3CHttpResponseCodec.createException(W3CHttpResponseCodec.java:187)&#xD;
	at org.openqa.selenium.remote.http.W3CHttpResponseCodec.decode(W3CHttpResponseCodec.java:122)&#xD;
	at org.openqa.selenium.remote.http.W3CHttpResponseCodec.decode(W3CHttpResponseCodec.java:49)&#xD;
	at org.openqa.selenium.remote.HttpCommandExecutor.execute(HttpCommandExecutor.java:158)&#xD;
	at org.openqa.selenium.remote.service.DriverCommandExecutor.execute(DriverCommandExecutor.java:83)&#xD;
	at org.openqa.selenium.remote.RemoteWebDriver.execute(RemoteWebDriver.java:552)&#xD;
	at com.kms.katalon.selenium.driver.CChromeDriver.execute(CChromeDriver.java:20)&#xD;
	at org.openqa.selenium.remote.RemoteWebElement.execute(RemoteWebElement.java:285)&#xD;
	at org.openqa.selenium.remote.RemoteWebElement.click(RemoteWebElement.java:84)&#xD;
	at com.kms.katalon.core.webui.keyword.builtin.ClickKeyword$_click_closure1.doCall(ClickKeyword.groovy:79)&#xD;
	at com.kms.katalon.core.webui.keyword.builtin.ClickKeyword$_click_closure1.call(ClickKeyword.groovy)&#xD;
	at com.kms.katalon.core.webui.keyword.internal.WebUIKeywordMain.runKeyword(WebUIKeywordMain.groovy:20)&#xD;
	at com.kms.katalon.core.webui.keyword.builtin.ClickKeyword.click(ClickKeyword.groovy:86)&#xD;
	at com.kms.katalon.core.webui.keyword.builtin.ClickKeyword.execute(ClickKeyword.groovy:67)&#xD;
	at com.kms.katalon.core.keyword.internal.KeywordExecutor.executeKeywordForPlatform(KeywordExecutor.groovy:56)&#xD;
	at com.kms.katalon.core.webui.keyword.WebUiBuiltInKeywords.click(WebUiBuiltInKeywords.groovy:604)&#xD;
	at com.kms.katalon.core.webui.keyword.WebUiBuiltInKeywords$click$5.call(Unknown Source)&#xD;
	at Script1565946036345.run(Script1565946036345.groovy:24)&#xD;
	... 13 more&#xD;
)&#xD;
&#xD;
2019-10-11 16:18:51 - [MESSAGE][WARNING] - Unable to click on object 'Object Repository/Employee/Employee/Reset_Password_Of_Employee_OR/a_account_circleEmployee_1' (Root cause: com.kms.katalon.core.exception.StepFailedException: Unable to click on object 'Object Repository/Employee/Employee/Reset_Password_Of_Employee_OR/a_account_circleEmployee_1'&#xD;
	at com.kms.katalon.core.webui.keyword.internal.WebUIKeywordMain.stepFailed(WebUIKeywordMain.groovy:64)&#xD;
	at com.kms.katalon.core.webui.keyword.internal.WebUIKeywordMain.runKeyword(WebUIKeywordMain.groovy:26)&#xD;
	at com.kms.katalon.core.webui.keyword.builtin.ClickKeyword.click(ClickKeyword.groovy:86)&#xD;
	at com.kms.katalon.core.webui.keyword.builtin.ClickKeyword.execute(ClickKeyword.groovy:67)&#xD;
	at com.kms.katalon.core.keyword.internal.KeywordExecutor.executeKeywordForPlatform(KeywordExecutor.groovy:56)&#xD;
	at com.kms.katalon.core.webui.keyword.WebUiBuiltInKeywords.click(WebUiBuiltInKeywords.groovy:604)&#xD;
	at com.kms.katalon.core.webui.keyword.WebUiBuiltInKeywords$click$5.call(Unknown Source)&#xD;
	at ResetPassword_and_Login_ShouldSucceed.run(ResetPassword_and_Login_ShouldSucceed:24)&#xD;
	at com.kms.katalon.core.main.ScriptEngine.run(ScriptEngine.java:194)&#xD;
	at com.kms.katalon.core.main.ScriptEngine.runScriptAsRawText(ScriptEngine.java:119)&#xD;
	at com.kms.katalon.core.main.TestCaseExecutor.runScript(TestCaseExecutor.java:337)&#xD;
	at com.kms.katalon.core.main.TestCaseExecutor.doExecute(TestCaseExecutor.java:328)&#xD;
	at com.kms.katalon.core.main.TestCaseExecutor.processExecutionPhase(TestCaseExecutor.java:307)&#xD;
	at com.kms.katalon.core.main.TestCaseExecutor.accessMainPhase(TestCaseExecutor.java:299)&#xD;
	at com.kms.katalon.core.main.TestCaseExecutor.execute(TestCaseExecutor.java:233)&#xD;
	at com.kms.katalon.core.main.TestSuiteExecutor.accessTestCaseMainPhase(TestSuiteExecutor.java:133)&#xD;
	at com.kms.katalon.core.main.TestSuiteExecutor.accessTestSuiteMainPhase(TestSuiteExecutor.java:116)&#xD;
	at com.kms.katalon.core.main.TestSuiteExecutor.execute(TestSuiteExecutor.java:83)&#xD;
	at com.kms.katalon.core.main.TestCaseMain.startTestSuite(TestCaseMain.java:157)&#xD;
	at com.kms.katalon.core.main.TestCaseMain$startTestSuite$0.call(Unknown Source)&#xD;
	at TempTestSuite1570790696642.run(TempTestSuite1570790696642.groovy:35)&#xD;
Caused by: org.openqa.selenium.ElementNotInteractableException: element not interactable
  (Session info: chrome=77.0.3865.90)
Build info: version: '3.141.59', revision: 'e82be7d358', time: '2018-11-14T08:25:53'
System info: host: 'BLRW-36SF9X2', ip: '10.2.200.67', os.name: 'Windows 10', os.arch: 'amd64', os.version: '10.0', java.version: '1.8.0_181'
Driver info: com.kms.katalon.selenium.driver.CChromeDriver
Capabilities {acceptInsecureCerts: false, browserName: chrome, browserVersion: 77.0.3865.90, chrome: {chromedriverVersion: 76.0.3809.25 (a0c95f440512e..., userDataDir: C:\Users\VINAYA~1.PRA\AppDa...}, goog:chromeOptions: {debuggerAddress: localhost:64319}, javascriptEnabled: true, networkConnectionEnabled: false, pageLoadStrategy: normal, platform: XP, platformName: XP, proxy: Proxy(), setWindowRect: true, strictFileInteractability: false, timeouts: {implicit: 0, pageLoad: 300000, script: 30000}, unhandledPromptBehavior: dismiss and notify}
Session ID: 985e9c34fce23c06c20c0bbf2c98ee97&#xD;
	at org.openqa.selenium.remote.http.W3CHttpResponseCodec.createException(W3CHttpResponseCodec.java:187)&#xD;
	at org.openqa.selenium.remote.http.W3CHttpResponseCodec.decode(W3CHttpResponseCodec.java:122)&#xD;
	at org.openqa.selenium.remote.http.W3CHttpResponseCodec.decode(W3CHttpResponseCodec.java:49)&#xD;
	at org.openqa.selenium.remote.HttpCommandExecutor.execute(HttpCommandExecutor.java:158)&#xD;
	at org.openqa.selenium.remote.service.DriverCommandExecutor.execute(DriverCommandExecutor.java:83)&#xD;
	at org.openqa.selenium.remote.RemoteWebDriver.execute(RemoteWebDriver.java:552)&#xD;
	at com.kms.katalon.selenium.driver.CChromeDriver.execute(CChromeDriver.java:20)&#xD;
	at org.openqa.selenium.remote.RemoteWebElement.execute(RemoteWebElement.java:285)&#xD;
	at org.openqa.selenium.remote.RemoteWebElement.click(RemoteWebElement.java:84)&#xD;
	at com.kms.katalon.core.webui.keyword.builtin.ClickKeyword$_click_closure1.doCall(ClickKeyword.groovy:79)&#xD;
	at com.kms.katalon.core.webui.keyword.builtin.ClickKeyword$_click_closure1.call(ClickKeyword.groovy)&#xD;
	at com.kms.katalon.core.webui.keyword.internal.WebUIKeywordMain.runKeyword(WebUIKeywordMain.groovy:20)&#xD;
	at com.kms.katalon.core.webui.keyword.builtin.ClickKeyword.click(ClickKeyword.groovy:86)&#xD;
	at com.kms.katalon.core.webui.keyword.builtin.ClickKeyword.execute(ClickKeyword.groovy:67)&#xD;
	at com.kms.katalon.core.keyword.internal.KeywordExecutor.executeKeywordForPlatform(KeywordExecutor.groovy:56)&#xD;
	at com.kms.katalon.core.webui.keyword.WebUiBuiltInKeywords.click(WebUiBuiltInKeywords.groovy:604)&#xD;
	at com.kms.katalon.core.webui.keyword.WebUiBuiltInKeywords$click$5.call(Unknown Source)&#xD;
	at Script1565946036345.run(Script1565946036345.groovy:24)&#xD;
	... 13 more&#xD;
)&#xD;
[[ATTACHMENT|C:\\Users\\vinayaka.prabhu\\Katalon Studio\\Unified_Wallet_UI_Test\\Reports\\Complete_Wallet_UI\\Complete_Wallet_UI\\20191011_161456\\1570790930860.png]]&#xD;
&#xD;
2019-10-11 16:18:51 - [TEST_STEP][FAILED] - click(findTestObject("Object Repository/Employee/Employee/Reset_Password_Of_Employee_OR/mat-cell_0001")): Unable to click on object 'Object Repository/Employee/Employee/Reset_Password_Of_Employee_OR/mat-cell_0001' (Root cause: com.kms.katalon.core.exception.StepFailedException: Unable to click on object 'Object Repository/Employee/Employee/Reset_Password_Of_Employee_OR/mat-cell_0001'&#xD;
	at com.kms.katalon.core.webui.keyword.internal.WebUIKeywordMain.stepFailed(WebUIKeywordMain.groovy:64)&#xD;
	at com.kms.katalon.core.webui.keyword.internal.WebUIKeywordMain.runKeyword(WebUIKeywordMain.groovy:26)&#xD;
	at com.kms.katalon.core.webui.keyword.builtin.ClickKeyword.click(ClickKeyword.groovy:86)&#xD;
	at com.kms.katalon.core.webui.keyword.builtin.ClickKeyword.execute(ClickKeyword.groovy:67)&#xD;
	at com.kms.katalon.core.keyword.internal.KeywordExecutor.executeKeywordForPlatform(KeywordExecutor.groovy:56)&#xD;
	at com.kms.katalon.core.webui.keyword.WebUiBuiltInKeywords.click(WebUiBuiltInKeywords.groovy:616)&#xD;
	at com.kms.katalon.core.webui.keyword.WebUiBuiltInKeywords$click$4.call(Unknown Source)&#xD;
	at ResetPassword_and_Login_ShouldSucceed.run(ResetPassword_and_Login_ShouldSucceed:27)&#xD;
	at com.kms.katalon.core.main.ScriptEngine.run(ScriptEngine.java:194)&#xD;
	at com.kms.katalon.core.main.ScriptEngine.runScriptAsRawText(ScriptEngine.java:119)&#xD;
	at com.kms.katalon.core.main.TestCaseExecutor.runScript(TestCaseExecutor.java:337)&#xD;
	at com.kms.katalon.core.main.TestCaseExecutor.doExecute(TestCaseExecutor.java:328)&#xD;
	at com.kms.katalon.core.main.TestCaseExecutor.processExecutionPhase(TestCaseExecutor.java:307)&#xD;
	at com.kms.katalon.core.main.TestCaseExecutor.accessMainPhase(TestCaseExecutor.java:299)&#xD;
	at com.kms.katalon.core.main.TestCaseExecutor.execute(TestCaseExecutor.java:233)&#xD;
	at com.kms.katalon.core.main.TestSuiteExecutor.accessTestCaseMainPhase(TestSuiteExecutor.java:133)&#xD;
	at com.kms.katalon.core.main.TestSuiteExecutor.accessTestSuiteMainPhase(TestSuiteExecutor.java:116)&#xD;
	at com.kms.katalon.core.main.TestSuiteExecutor.execute(TestSuiteExecutor.java:83)&#xD;
	at com.kms.katalon.core.main.TestCaseMain.startTestSuite(TestCaseMain.java:157)&#xD;
	at com.kms.katalon.core.main.TestCaseMain$startTestSuite$0.call(Unknown Source)&#xD;
	at TempTestSuite1570790696642.run(TempTestSuite1570790696642.groovy:35)&#xD;
Caused by: com.kms.katalon.core.webui.exception.WebElementNotFoundException: Web element with id: 'Object Repository/Employee/Employee/Reset_Password_Of_Employee_OR/mat-cell_0001' located by 'By.xpath: //div[@id='result']/div/app-employee/div/div/div/div/mat-table/mat-row/mat-cell' not found&#xD;
	at com.kms.katalon.core.webui.common.WebUiCommonHelper.findWebElement(WebUiCommonHelper.java:1097)&#xD;
	at com.kms.katalon.core.webui.keyword.internal.WebUIAbstractKeyword.findWebElement(WebUIAbstractKeyword.groovy:27)&#xD;
	at com.kms.katalon.core.webui.keyword.internal.WebUIAbstractKeyword.findWebElement(WebUIAbstractKeyword.groovy:26)&#xD;
	at com.kms.katalon.core.webui.keyword.builtin.ClickKeyword$_click_closure1.doCall(ClickKeyword.groovy:77)&#xD;
	at com.kms.katalon.core.webui.keyword.builtin.ClickKeyword$_click_closure1.call(ClickKeyword.groovy)&#xD;
	at com.kms.katalon.core.webui.keyword.internal.WebUIKeywordMain.runKeyword(WebUIKeywordMain.groovy:20)&#xD;
	at com.kms.katalon.core.webui.keyword.builtin.ClickKeyword.click(ClickKeyword.groovy:86)&#xD;
	at com.kms.katalon.core.webui.keyword.builtin.ClickKeyword.execute(ClickKeyword.groovy:67)&#xD;
	at com.kms.katalon.core.keyword.internal.KeywordExecutor.executeKeywordForPlatform(KeywordExecutor.groovy:56)&#xD;
	at com.kms.katalon.core.webui.keyword.WebUiBuiltInKeywords.click(WebUiBuiltInKeywords.groovy:616)&#xD;
	at com.kms.katalon.core.webui.keyword.WebUiBuiltInKeywords$click$4.call(Unknown Source)&#xD;
	at Script1565946036345.run(Script1565946036345.groovy:27)&#xD;
	... 13 more&#xD;
)&#xD;
&#xD;
2019-10-11 16:18:56 - [MESSAGE][INFO] - Unable to find the element located by 'By.xpath: //div[@id='result']/div/app-employee/div/div/div/div/mat-table/mat-row/mat-cell'. Please recheck the objects properties to make sure the desired element is located. &#xD;
&#xD;
2019-10-11 16:18:56 - [MESSAGE][FAILED] - Unable to click on object 'Object Repository/Employee/Employee/Reset_Password_Of_Employee_OR/mat-cell_0001' (Root cause: com.kms.katalon.core.exception.StepFailedException: Unable to click on object 'Object Repository/Employee/Employee/Reset_Password_Of_Employee_OR/mat-cell_0001'&#xD;
	at com.kms.katalon.core.webui.keyword.internal.WebUIKeywordMain.stepFailed(WebUIKeywordMain.groovy:64)&#xD;
	at com.kms.katalon.core.webui.keyword.internal.WebUIKeywordMain.runKeyword(WebUIKeywordMain.groovy:26)&#xD;
	at com.kms.katalon.core.webui.keyword.builtin.ClickKeyword.click(ClickKeyword.groovy:86)&#xD;
	at com.kms.katalon.core.webui.keyword.builtin.ClickKeyword.execute(ClickKeyword.groovy:67)&#xD;
	at com.kms.katalon.core.keyword.internal.KeywordExecutor.executeKeywordForPlatform(KeywordExecutor.groovy:56)&#xD;
	at com.kms.katalon.core.webui.keyword.WebUiBuiltInKeywords.click(WebUiBuiltInKeywords.groovy:616)&#xD;
	at com.kms.katalon.core.webui.keyword.WebUiBuiltInKeywords$click$4.call(Unknown Source)&#xD;
	at ResetPassword_and_Login_ShouldSucceed.run(ResetPassword_and_Login_ShouldSucceed:27)&#xD;
	at com.kms.katalon.core.main.ScriptEngine.run(ScriptEngine.java:194)&#xD;
	at com.kms.katalon.core.main.ScriptEngine.runScriptAsRawText(ScriptEngine.java:119)&#xD;
	at com.kms.katalon.core.main.TestCaseExecutor.runScript(TestCaseExecutor.java:337)&#xD;
	at com.kms.katalon.core.main.TestCaseExecutor.doExecute(TestCaseExecutor.java:328)&#xD;
	at com.kms.katalon.core.main.TestCaseExecutor.processExecutionPhase(TestCaseExecutor.java:307)&#xD;
	at com.kms.katalon.core.main.TestCaseExecutor.accessMainPhase(TestCaseExecutor.java:299)&#xD;
	at com.kms.katalon.core.main.TestCaseExecutor.execute(TestCaseExecutor.java:233)&#xD;
	at com.kms.katalon.core.main.TestSuiteExecutor.accessTestCaseMainPhase(TestSuiteExecutor.java:133)&#xD;
	at com.kms.katalon.core.main.TestSuiteExecutor.accessTestSuiteMainPhase(TestSuiteExecutor.java:116)&#xD;
	at com.kms.katalon.core.main.TestSuiteExecutor.execute(TestSuiteExecutor.java:83)&#xD;
	at com.kms.katalon.core.main.TestCaseMain.startTestSuite(TestCaseMain.java:157)&#xD;
	at com.kms.katalon.core.main.TestCaseMain$startTestSuite$0.call(Unknown Source)&#xD;
	at TempTestSuite1570790696642.run(TempTestSuite1570790696642.groovy:35)&#xD;
Caused by: com.kms.katalon.core.webui.exception.WebElementNotFoundException: Web element with id: 'Object Repository/Employee/Employee/Reset_Password_Of_Employee_OR/mat-cell_0001' located by 'By.xpath: //div[@id='result']/div/app-employee/div/div/div/div/mat-table/mat-row/mat-cell' not found&#xD;
	at com.kms.katalon.core.webui.common.WebUiCommonHelper.findWebElement(WebUiCommonHelper.java:1097)&#xD;
	at com.kms.katalon.core.webui.keyword.internal.WebUIAbstractKeyword.findWebElement(WebUIAbstractKeyword.groovy:27)&#xD;
	at com.kms.katalon.core.webui.keyword.internal.WebUIAbstractKeyword.findWebElement(WebUIAbstractKeyword.groovy:26)&#xD;
	at com.kms.katalon.core.webui.keyword.builtin.ClickKeyword$_click_closure1.doCall(ClickKeyword.groovy:77)&#xD;
	at com.kms.katalon.core.webui.keyword.builtin.ClickKeyword$_click_closure1.call(ClickKeyword.groovy)&#xD;
	at com.kms.katalon.core.webui.keyword.internal.WebUIKeywordMain.runKeyword(WebUIKeywordMain.groovy:20)&#xD;
	at com.kms.katalon.core.webui.keyword.builtin.ClickKeyword.click(ClickKeyword.groovy:86)&#xD;
	at com.kms.katalon.core.webui.keyword.builtin.ClickKeyword.execute(ClickKeyword.groovy:67)&#xD;
	at com.kms.katalon.core.keyword.internal.KeywordExecutor.executeKeywordForPlatform(KeywordExecutor.groovy:56)&#xD;
	at com.kms.katalon.core.webui.keyword.WebUiBuiltInKeywords.click(WebUiBuiltInKeywords.groovy:616)&#xD;
	at com.kms.katalon.core.webui.keyword.WebUiBuiltInKeywords$click$4.call(Unknown Source)&#xD;
	at Script1565946036345.run(Script1565946036345.groovy:27)&#xD;
	... 13 more&#xD;
)&#xD;
[[ATTACHMENT|C:\\Users\\vinayaka.prabhu\\Katalon Studio\\Unified_Wallet_UI_Test\\Reports\\Complete_Wallet_UI\\Complete_Wallet_UI\\20191011_161456\\1570790936339.png]]</system-out>
            <system-err>2019-10-11 16:18:39 - [TEST_CASE][FAILED] - Test Cases/Employee/Employee/Reset_Password_Of_Employee/ResetPassword_and_Login_ShouldSucceed: Test Cases/Employee/Employee/Reset_Password_Of_Employee/ResetPassword_and_Login_ShouldSucceed FAILED.
Reason:
com.kms.katalon.core.exception.StepFailedException: Unable to click on object 'Object Repository/Employee/Employee/Reset_Password_Of_Employee_OR/mat-cell_0001'&#xD;
	at com.kms.katalon.core.webui.keyword.internal.WebUIKeywordMain.stepFailed(WebUIKeywordMain.groovy:64)&#xD;
	at com.kms.katalon.core.webui.keyword.internal.WebUIKeywordMain.runKeyword(WebUIKeywordMain.groovy:26)&#xD;
	at com.kms.katalon.core.webui.keyword.builtin.ClickKeyword.click(ClickKeyword.groovy:86)&#xD;
	at com.kms.katalon.core.webui.keyword.builtin.ClickKeyword.execute(ClickKeyword.groovy:67)&#xD;
	at com.kms.katalon.core.keyword.internal.KeywordExecutor.executeKeywordForPlatform(KeywordExecutor.groovy:56)&#xD;
	at com.kms.katalon.core.webui.keyword.WebUiBuiltInKeywords.click(WebUiBuiltInKeywords.groovy:616)&#xD;
	at com.kms.katalon.core.webui.keyword.WebUiBuiltInKeywords$click$4.call(Unknown Source)&#xD;
	at ResetPassword_and_Login_ShouldSucceed.run(ResetPassword_and_Login_ShouldSucceed:27)&#xD;
	at com.kms.katalon.core.main.ScriptEngine.run(ScriptEngine.java:194)&#xD;
	at com.kms.katalon.core.main.ScriptEngine.runScriptAsRawText(ScriptEngine.java:119)&#xD;
	at com.kms.katalon.core.main.TestCaseExecutor.runScript(TestCaseExecutor.java:337)&#xD;
	at com.kms.katalon.core.main.TestCaseExecutor.doExecute(TestCaseExecutor.java:328)&#xD;
	at com.kms.katalon.core.main.TestCaseExecutor.processExecutionPhase(TestCaseExecutor.java:307)&#xD;
	at com.kms.katalon.core.main.TestCaseExecutor.accessMainPhase(TestCaseExecutor.java:299)&#xD;
	at com.kms.katalon.core.main.TestCaseExecutor.execute(TestCaseExecutor.java:233)&#xD;
	at com.kms.katalon.core.main.TestSuiteExecutor.accessTestCaseMainPhase(TestSuiteExecutor.java:133)&#xD;
	at com.kms.katalon.core.main.TestSuiteExecutor.accessTestSuiteMainPhase(TestSuiteExecutor.java:116)&#xD;
	at com.kms.katalon.core.main.TestSuiteExecutor.execute(TestSuiteExecutor.java:83)&#xD;
	at com.kms.katalon.core.main.TestCaseMain.startTestSuite(TestCaseMain.java:157)&#xD;
	at com.kms.katalon.core.main.TestCaseMain$startTestSuite$0.call(Unknown Source)&#xD;
	at TempTestSuite1570790696642.run(TempTestSuite1570790696642.groovy:35)&#xD;
Caused by: com.kms.katalon.core.webui.exception.WebElementNotFoundException: Web element with id: 'Object Repository/Employee/Employee/Reset_Password_Of_Employee_OR/mat-cell_0001' located by 'By.xpath: //div[@id='result']/div/app-employee/div/div/div/div/mat-table/mat-row/mat-cell' not found&#xD;
	at com.kms.katalon.core.webui.common.WebUiCommonHelper.findWebElement(WebUiCommonHelper.java:1097)&#xD;
	at com.kms.katalon.core.webui.keyword.internal.WebUIAbstractKeyword.findWebElement(WebUIAbstractKeyword.groovy:27)&#xD;
	at com.kms.katalon.core.webui.keyword.internal.WebUIAbstractKeyword.findWebElement(WebUIAbstractKeyword.groovy:26)&#xD;
	at com.kms.katalon.core.webui.keyword.builtin.ClickKeyword$_click_closure1.doCall(ClickKeyword.groovy:77)&#xD;
	at com.kms.katalon.core.webui.keyword.builtin.ClickKeyword$_click_closure1.call(ClickKeyword.groovy)&#xD;
	at com.kms.katalon.core.webui.keyword.internal.WebUIKeywordMain.runKeyword(WebUIKeywordMain.groovy:20)&#xD;
	... 19 more</system-err>
        </testcase>
        <testcase name="Test Cases/Login/Lock_an_emloyee" classname="Test Cases/Login/Lock_an_emloyee" status="FAILED">
            <failure type="FAILED" message="Test Cases/Login/Lock_an_emloyee FAILED.&#xA;Reason:&#xA;com.kms.katalon.core.exception.StepFailedException: Unable to verify text 'User account is locked' is present &#xD;&#xA;&#x9;at com.kms.katalon.core.webui.keyword.internal.WebUIKeywordMain.stepFailed(WebUIKeywordMain.groovy:64)&#xD;&#xA;&#x9;at com.kms.katalon.core.webui.keyword.internal.WebUIKeywordMain.runKeyword(WebUIKeywordMain.groovy:26)&#xD;&#xA;&#x9;at com.kms.katalon.core.webui.keyword.builtin.VerifyTextPresentKeyword.verifyTextPresent(VerifyTextPresentKeyword.groovy:83)&#xD;&#xA;&#x9;at com.kms.katalon.core.webui.keyword.builtin.VerifyTextPresentKeyword.execute(VerifyTextPresentKeyword.groovy:68)&#xD;&#xA;&#x9;at com.kms.katalon.core.keyword.internal.KeywordExecutor.executeKeywordForPlatform(KeywordExecutor.groovy:56)&#xD;&#xA;&#x9;at com.kms.katalon.core.webui.keyword.WebUiBuiltInKeywords.verifyTextPresent(WebUiBuiltInKeywords.groovy:1693)&#xD;&#xA;&#x9;at com.kms.katalon.core.webui.keyword.WebUiBuiltInKeywords$verifyTextPresent$6.call(Unknown Source)&#xD;&#xA;&#x9;at Lock_an_emloyee.run(Lock_an_emloyee:32)&#xD;&#xA;&#x9;at com.kms.katalon.core.main.ScriptEngine.run(ScriptEngine.java:194)&#xD;&#xA;&#x9;at com.kms.katalon.core.main.ScriptEngine.runScriptAsRawText(ScriptEngine.java:119)&#xD;&#xA;&#x9;at com.kms.katalon.core.main.TestCaseExecutor.runScript(TestCaseExecutor.java:337)&#xD;&#xA;&#x9;at com.kms.katalon.core.main.TestCaseExecutor.doExecute(TestCaseExecutor.java:328)&#xD;&#xA;&#x9;at com.kms.katalon.core.main.TestCaseExecutor.processExecutionPhase(TestCaseExecutor.java:307)&#xD;&#xA;&#x9;at com.kms.katalon.core.main.TestCaseExecutor.accessMainPhase(TestCaseExecutor.java:299)&#xD;&#xA;&#x9;at com.kms.katalon.core.main.TestCaseExecutor.execute(TestCaseExecutor.java:233)&#xD;&#xA;&#x9;at com.kms.katalon.core.main.TestSuiteExecutor.accessTestCaseMainPhase(TestSuiteExecutor.java:133)&#xD;&#xA;&#x9;at com.kms.katalon.core.main.TestSuiteExecutor.accessTestSuiteMainPhase(TestSuiteExecutor.java:116)&#xD;&#xA;&#x9;at com.kms.katalon.core.main.TestSuiteExecutor.execute(TestSuiteExecutor.java:83)&#xD;&#xA;&#x9;at com.kms.katalon.core.main.TestCaseMain.startTestSuite(TestCaseMain.java:157)&#xD;&#xA;&#x9;at com.kms.katalon.core.main.TestCaseMain$startTestSuite$0.call(Unknown Source)&#xD;&#xA;&#x9;at TempTestSuite1570790696642.run(TempTestSuite1570790696642.groovy:35)&#xD;&#xA;Caused by: com.kms.katalon.core.exception.StepFailedException: Text 'User account is locked' is not present on page &#xD;&#xA;&#x9;at com.kms.katalon.core.webui.keyword.internal.WebUIKeywordMain.stepFailed(WebUIKeywordMain.groovy:64)&#xD;&#xA;&#x9;at com.kms.katalon.core.webui.keyword.builtin.VerifyTextPresentKeyword$_verifyTextPresent_closure1.doCall(VerifyTextPresentKeyword.groovy:79)&#xD;&#xA;&#x9;at com.kms.katalon.core.webui.keyword.builtin.VerifyTextPresentKeyword$_verifyTextPresent_closure1.call(VerifyTextPresentKeyword.groovy)&#xD;&#xA;&#x9;at com.kms.katalon.core.webui.keyword.internal.WebUIKeywordMain.runKeyword(WebUIKeywordMain.groovy:20)&#xD;&#xA;&#x9;... 19 more&#xD;&#xA;"/>
            <system-out>2019-10-11 16:18:56 - [TEST_CASE][FAILED] - Test Cases/Login/Lock_an_emloyee: Test Cases/Login/Lock_an_emloyee FAILED.
Reason:
com.kms.katalon.core.exception.StepFailedException: Unable to verify text 'User account is locked' is present &#xD;
	at com.kms.katalon.core.webui.keyword.internal.WebUIKeywordMain.stepFailed(WebUIKeywordMain.groovy:64)&#xD;
	at com.kms.katalon.core.webui.keyword.internal.WebUIKeywordMain.runKeyword(WebUIKeywordMain.groovy:26)&#xD;
	at com.kms.katalon.core.webui.keyword.builtin.VerifyTextPresentKeyword.verifyTextPresent(VerifyTextPresentKeyword.groovy:83)&#xD;
	at com.kms.katalon.core.webui.keyword.builtin.VerifyTextPresentKeyword.execute(VerifyTextPresentKeyword.groovy:68)&#xD;
	at com.kms.katalon.core.keyword.internal.KeywordExecutor.executeKeywordForPlatform(KeywordExecutor.groovy:56)&#xD;
	at com.kms.katalon.core.webui.keyword.WebUiBuiltInKeywords.verifyTextPresent(WebUiBuiltInKeywords.groovy:1693)&#xD;
	at com.kms.katalon.core.webui.keyword.WebUiBuiltInKeywords$verifyTextPresent$6.call(Unknown Source)&#xD;
	at Lock_an_emloyee.run(Lock_an_emloyee:32)&#xD;
	at com.kms.katalon.core.main.ScriptEngine.run(ScriptEngine.java:194)&#xD;
	at com.kms.katalon.core.main.ScriptEngine.runScriptAsRawText(ScriptEngine.java:119)&#xD;
	at com.kms.katalon.core.main.TestCaseExecutor.runScript(TestCaseExecutor.java:337)&#xD;
	at com.kms.katalon.core.main.TestCaseExecutor.doExecute(TestCaseExecutor.java:328)&#xD;
	at com.kms.katalon.core.main.TestCaseExecutor.processExecutionPhase(TestCaseExecutor.java:307)&#xD;
	at com.kms.katalon.core.main.TestCaseExecutor.accessMainPhase(TestCaseExecutor.java:299)&#xD;
	at com.kms.katalon.core.main.TestCaseExecutor.execute(TestCaseExecutor.java:233)&#xD;
	at com.kms.katalon.core.main.TestSuiteExecutor.accessTestCaseMainPhase(TestSuiteExecutor.java:133)&#xD;
	at com.kms.katalon.core.main.TestSuiteExecutor.accessTestSuiteMainPhase(TestSuiteExecutor.java:116)&#xD;
	at com.kms.katalon.core.main.TestSuiteExecutor.execute(TestSuiteExecutor.java:83)&#xD;
	at com.kms.katalon.core.main.TestCaseMain.startTestSuite(TestCaseMain.java:157)&#xD;
	at com.kms.katalon.core.main.TestCaseMain$startTestSuite$0.call(Unknown Source)&#xD;
	at TempTestSuite1570790696642.run(TempTestSuite1570790696642.groovy:35)&#xD;
Caused by: com.kms.katalon.core.exception.StepFailedException: Text 'User account is locked' is not present on page &#xD;
	at com.kms.katalon.core.webui.keyword.internal.WebUIKeywordMain.stepFailed(WebUIKeywordMain.groovy:64)&#xD;
	at com.kms.katalon.core.webui.keyword.builtin.VerifyTextPresentKeyword$_verifyTextPresent_closure1.doCall(VerifyTextPresentKeyword.groovy:79)&#xD;
	at com.kms.katalon.core.webui.keyword.builtin.VerifyTextPresentKeyword$_verifyTextPresent_closure1.call(VerifyTextPresentKeyword.groovy)&#xD;
	at com.kms.katalon.core.webui.keyword.internal.WebUIKeywordMain.runKeyword(WebUIKeywordMain.groovy:20)&#xD;
	... 19 more&#xD;
&#xD;
&#xD;
2019-10-11 16:18:56 - [TEST_STEP][PASSED] - callTestCase(findTestCase("Login/employee_login"), [:], STOP_ON_FAILURE): Call Test Case 'Test Cases/Login/employee_login' successfully&#xD;
&#xD;
2019-10-11 16:18:56 - [TEST_CASE][PASSED] - Test Cases/Login/employee_login: Test Cases/Login/employee_login&#xD;
&#xD;
2019-10-11 16:18:57 - [TEST_STEP][PASSED] - openBrowser(""): Browser is opened with url: ''&#xD;
&#xD;
2019-10-11 16:18:57 - [MESSAGE][WARNING] - A browser is already opened. Closing browser and opening a new one&#xD;
&#xD;
2019-10-11 16:18:57 - [MESSAGE][INFO] - Starting 'Chrome' driver&#xD;
&#xD;
2019-10-11 16:19:00 - [MESSAGE][PASSED] - Browser is opened with url: ''&#xD;
&#xD;
2019-10-11 16:19:00 - [TEST_STEP][PASSED] - navigateToUrl(login_url): Navigate to 'https://10.2.200.37:8441/login' successfully&#xD;
&#xD;
2019-10-11 16:19:02 - [MESSAGE][PASSED] - Navigate to 'https://10.2.200.37:8441/login' successfully&#xD;
&#xD;
2019-10-11 16:19:02 - [TEST_STEP][PASSED] - setText(findTestObject("Object Repository/Login_OR/Employee_login_verify/input_Sign in_mat-input-0"), employee_login_name): Text 'temployee' is set on object 'Object Repository/Login_OR/Employee_login_verify/input_Sign in_mat-input-0'&#xD;
&#xD;
2019-10-11 16:19:02 - [MESSAGE][PASSED] - Text 'temployee' is set on object 'Object Repository/Login_OR/Employee_login_verify/input_Sign in_mat-input-0'&#xD;
&#xD;
2019-10-11 16:19:02 - [TEST_STEP][PASSED] - setEncryptedText(findTestObject("Object Repository/Login_OR/Employee_login_verify/input_Username_mat-input-1"), employee_new_password): Text ****** has been set on object 'Object Repository/Login_OR/Employee_login_verify/input_Username_mat-input-1'&#xD;
&#xD;
2019-10-11 16:19:02 - [MESSAGE][PASSED] - Text ****** has been set on object 'Object Repository/Login_OR/Employee_login_verify/input_Username_mat-input-1'&#xD;
&#xD;
2019-10-11 16:19:02 - [TEST_STEP][PASSED] - click(findTestObject("Object Repository/Login_OR/Employee_login_verify/button_Login")): Object: 'Object Repository/Login_OR/Employee_login_verify/button_Login' is clicked on&#xD;
&#xD;
2019-10-11 16:19:02 - [MESSAGE][PASSED] - Object: 'Object Repository/Login_OR/Employee_login_verify/button_Login' is clicked on&#xD;
&#xD;
2019-10-11 16:19:02 - [TEST_STEP][PASSED] - closeBrowser(): Browser is closed&#xD;
&#xD;
2019-10-11 16:19:03 - [MESSAGE][PASSED] - Browser is closed&#xD;
&#xD;
2019-10-11 16:19:03 - [MESSAGE][PASSED] - Call Test Case 'Test Cases/Login/employee_login' successfully&#xD;
&#xD;
2019-10-11 16:19:03 - [TEST_STEP][PASSED] - for (def i : (0..2)): Unable to call Test Case 'Test Cases/Login/Wrong_Password_ShouldgiveError' (Root cause: com.kms.katalon.core.exception.StepFailedException: Call Test Case 'Test Cases/Login/Wrong_Password_ShouldgiveError' failed&#xD;
	at com.kms.katalon.core.keyword.builtin.CallTestCaseKeyword$_callTestCase_closure1.doCall(CallTestCaseKeyword.groovy:63)&#xD;
	at com.kms.katalon.core.keyword.builtin.CallTestCaseKeyword$_callTestCase_closure1.call(CallTestCaseKeyword.groovy)&#xD;
	at com.kms.katalon.core.keyword.internal.KeywordMain.runKeyword(KeywordMain.groovy:68)&#xD;
	at com.kms.katalon.core.keyword.builtin.CallTestCaseKeyword.callTestCase(CallTestCaseKeyword.groovy:81)&#xD;
	at com.kms.katalon.core.keyword.builtin.CallTestCaseKeyword.execute(CallTestCaseKeyword.groovy:44)&#xD;
	at com.kms.katalon.core.keyword.internal.KeywordExecutor.executeKeywordForPlatform(KeywordExecutor.groovy:56)&#xD;
	at com.kms.katalon.core.keyword.BuiltinKeywords.callTestCase(BuiltinKeywords.groovy:334)&#xD;
	at Lock_an_emloyee.run(Lock_an_emloyee:19)&#xD;
	at com.kms.katalon.core.main.ScriptEngine.run(ScriptEngine.java:194)&#xD;
	at com.kms.katalon.core.main.ScriptEngine.runScriptAsRawText(ScriptEngine.java:119)&#xD;
	at com.kms.katalon.core.main.TestCaseExecutor.runScript(TestCaseExecutor.java:337)&#xD;
	at com.kms.katalon.core.main.TestCaseExecutor.doExecute(TestCaseExecutor.java:328)&#xD;
	at com.kms.katalon.core.main.TestCaseExecutor.processExecutionPhase(TestCaseExecutor.java:307)&#xD;
	at com.kms.katalon.core.main.TestCaseExecutor.accessMainPhase(TestCaseExecutor.java:299)&#xD;
	at com.kms.katalon.core.main.TestCaseExecutor.execute(TestCaseExecutor.java:233)&#xD;
	at com.kms.katalon.core.main.TestSuiteExecutor.accessTestCaseMainPhase(TestSuiteExecutor.java:133)&#xD;
	at com.kms.katalon.core.main.TestSuiteExecutor.accessTestSuiteMainPhase(TestSuiteExecutor.java:116)&#xD;
	at com.kms.katalon.core.main.TestSuiteExecutor.execute(TestSuiteExecutor.java:83)&#xD;
	at com.kms.katalon.core.main.TestCaseMain.startTestSuite(TestCaseMain.java:157)&#xD;
	at com.kms.katalon.core.main.TestCaseMain$startTestSuite$0.call(Unknown Source)&#xD;
	at TempTestSuite1570790696642.run(TempTestSuite1570790696642.groovy:35)&#xD;
Caused by: com.kms.katalon.core.exception.StepFailedException: Unable to verify text ' Invalid password ' is present &#xD;
	at com.kms.katalon.core.webui.keyword.internal.WebUIKeywordMain.stepFailed(WebUIKeywordMain.groovy:64)&#xD;
	at com.kms.katalon.core.webui.keyword.internal.WebUIKeywordMain.runKeyword(WebUIKeywordMain.groovy:26)&#xD;
	at com.kms.katalon.core.webui.keyword.builtin.VerifyTextPresentKeyword.verifyTextPresent(VerifyTextPresentKeyword.groovy:83)&#xD;
	at com.kms.katalon.core.webui.keyword.builtin.VerifyTextPresentKeyword.execute(VerifyTextPresentKeyword.groovy:68)&#xD;
	at com.kms.katalon.core.keyword.internal.KeywordExecutor.executeKeywordForPlatform(KeywordExecutor.groovy:56)&#xD;
	at com.kms.katalon.core.webui.keyword.WebUiBuiltInKeywords.verifyTextPresent(WebUiBuiltInKeywords.groovy:1693)&#xD;
	at com.kms.katalon.core.webui.keyword.WebUiBuiltInKeywords$verifyTextPresent$6.call(Unknown Source)&#xD;
	at Wrong_Password_ShouldgiveError.run(Wrong_Password_ShouldgiveError:31)&#xD;
	at com.kms.katalon.core.main.ScriptEngine.run(ScriptEngine.java:194)&#xD;
	at com.kms.katalon.core.main.ScriptEngine.runScriptAsRawText(ScriptEngine.java:119)&#xD;
	at com.kms.katalon.core.main.TestCaseExecutor.runScript(TestCaseExecutor.java:337)&#xD;
	at com.kms.katalon.core.main.TestCaseExecutor.doExecute(TestCaseExecutor.java:328)&#xD;
	at com.kms.katalon.core.main.TestCaseExecutor.processExecutionPhase(TestCaseExecutor.java:307)&#xD;
	at com.kms.katalon.core.main.TestCaseExecutor.accessMainPhase(TestCaseExecutor.java:299)&#xD;
	at com.kms.katalon.core.main.TestCaseExecutor.execute(TestCaseExecutor.java:233)&#xD;
	at com.kms.katalon.core.main.TestCaseMain.runTestCase(TestCaseMain.java:114)&#xD;
	at com.kms.katalon.core.keyword.builtin.CallTestCaseKeyword$_callTestCase_closure1.doCall(CallTestCaseKeyword.groovy:59)&#xD;
	... 20 more&#xD;
Caused by: com.kms.katalon.core.exception.StepFailedException: Text ' Invalid password ' is not present on page &#xD;
	at com.kms.katalon.core.webui.keyword.internal.WebUIKeywordMain.stepFailed(WebUIKeywordMain.groovy:64)&#xD;
	at com.kms.katalon.core.webui.keyword.builtin.VerifyTextPresentKeyword$_verifyTextPresent_closure1.doCall(VerifyTextPresentKeyword.groovy:79)&#xD;
	at com.kms.katalon.core.webui.keyword.builtin.VerifyTextPresentKeyword$_verifyTextPresent_closure1.call(VerifyTextPresentKeyword.groovy)&#xD;
	at com.kms.katalon.core.webui.keyword.internal.WebUIKeywordMain.runKeyword(WebUIKeywordMain.groovy:20)&#xD;
	... 35 more&#xD;
)&#xD;
&#xD;
2019-10-11 16:19:03 - [TEST_STEP][PASSED] - callTestCase(findTestCase("Login/Wrong_Password_ShouldgiveError"), [:], OPTIONAL): Unable to call Test Case 'Test Cases/Login/Wrong_Password_ShouldgiveError' (Root cause: com.kms.katalon.core.exception.StepFailedException: Call Test Case 'Test Cases/Login/Wrong_Password_ShouldgiveError' failed&#xD;
	at com.kms.katalon.core.keyword.builtin.CallTestCaseKeyword$_callTestCase_closure1.doCall(CallTestCaseKeyword.groovy:63)&#xD;
	at com.kms.katalon.core.keyword.builtin.CallTestCaseKeyword$_callTestCase_closure1.call(CallTestCaseKeyword.groovy)&#xD;
	at com.kms.katalon.core.keyword.internal.KeywordMain.runKeyword(KeywordMain.groovy:68)&#xD;
	at com.kms.katalon.core.keyword.builtin.CallTestCaseKeyword.callTestCase(CallTestCaseKeyword.groovy:81)&#xD;
	at com.kms.katalon.core.keyword.builtin.CallTestCaseKeyword.execute(CallTestCaseKeyword.groovy:44)&#xD;
	at com.kms.katalon.core.keyword.internal.KeywordExecutor.executeKeywordForPlatform(KeywordExecutor.groovy:56)&#xD;
	at com.kms.katalon.core.keyword.BuiltinKeywords.callTestCase(BuiltinKeywords.groovy:334)&#xD;
	at Lock_an_emloyee.run(Lock_an_emloyee:19)&#xD;
	at com.kms.katalon.core.main.ScriptEngine.run(ScriptEngine.java:194)&#xD;
	at com.kms.katalon.core.main.ScriptEngine.runScriptAsRawText(ScriptEngine.java:119)&#xD;
	at com.kms.katalon.core.main.TestCaseExecutor.runScript(TestCaseExecutor.java:337)&#xD;
	at com.kms.katalon.core.main.TestCaseExecutor.doExecute(TestCaseExecutor.java:328)&#xD;
	at com.kms.katalon.core.main.TestCaseExecutor.processExecutionPhase(TestCaseExecutor.java:307)&#xD;
	at com.kms.katalon.core.main.TestCaseExecutor.accessMainPhase(TestCaseExecutor.java:299)&#xD;
	at com.kms.katalon.core.main.TestCaseExecutor.execute(TestCaseExecutor.java:233)&#xD;
	at com.kms.katalon.core.main.TestSuiteExecutor.accessTestCaseMainPhase(TestSuiteExecutor.java:133)&#xD;
	at com.kms.katalon.core.main.TestSuiteExecutor.accessTestSuiteMainPhase(TestSuiteExecutor.java:116)&#xD;
	at com.kms.katalon.core.main.TestSuiteExecutor.execute(TestSuiteExecutor.java:83)&#xD;
	at com.kms.katalon.core.main.TestCaseMain.startTestSuite(TestCaseMain.java:157)&#xD;
	at com.kms.katalon.core.main.TestCaseMain$startTestSuite$0.call(Unknown Source)&#xD;
	at TempTestSuite1570790696642.run(TempTestSuite1570790696642.groovy:35)&#xD;
Caused by: com.kms.katalon.core.exception.StepFailedException: Unable to verify text ' Invalid password ' is present &#xD;
	at com.kms.katalon.core.webui.keyword.internal.WebUIKeywordMain.stepFailed(WebUIKeywordMain.groovy:64)&#xD;
	at com.kms.katalon.core.webui.keyword.internal.WebUIKeywordMain.runKeyword(WebUIKeywordMain.groovy:26)&#xD;
	at com.kms.katalon.core.webui.keyword.builtin.VerifyTextPresentKeyword.verifyTextPresent(VerifyTextPresentKeyword.groovy:83)&#xD;
	at com.kms.katalon.core.webui.keyword.builtin.VerifyTextPresentKeyword.execute(VerifyTextPresentKeyword.groovy:68)&#xD;
	at com.kms.katalon.core.keyword.internal.KeywordExecutor.executeKeywordForPlatform(KeywordExecutor.groovy:56)&#xD;
	at com.kms.katalon.core.webui.keyword.WebUiBuiltInKeywords.verifyTextPresent(WebUiBuiltInKeywords.groovy:1693)&#xD;
	at com.kms.katalon.core.webui.keyword.WebUiBuiltInKeywords$verifyTextPresent$6.call(Unknown Source)&#xD;
	at Wrong_Password_ShouldgiveError.run(Wrong_Password_ShouldgiveError:31)&#xD;
	at com.kms.katalon.core.main.ScriptEngine.run(ScriptEngine.java:194)&#xD;
	at com.kms.katalon.core.main.ScriptEngine.runScriptAsRawText(ScriptEngine.java:119)&#xD;
	at com.kms.katalon.core.main.TestCaseExecutor.runScript(TestCaseExecutor.java:337)&#xD;
	at com.kms.katalon.core.main.TestCaseExecutor.doExecute(TestCaseExecutor.java:328)&#xD;
	at com.kms.katalon.core.main.TestCaseExecutor.processExecutionPhase(TestCaseExecutor.java:307)&#xD;
	at com.kms.katalon.core.main.TestCaseExecutor.accessMainPhase(TestCaseExecutor.java:299)&#xD;
	at com.kms.katalon.core.main.TestCaseExecutor.execute(TestCaseExecutor.java:233)&#xD;
	at com.kms.katalon.core.main.TestCaseMain.runTestCase(TestCaseMain.java:114)&#xD;
	at com.kms.katalon.core.keyword.builtin.CallTestCaseKeyword$_callTestCase_closure1.doCall(CallTestCaseKeyword.groovy:59)&#xD;
	... 20 more&#xD;
Caused by: com.kms.katalon.core.exception.StepFailedException: Text ' Invalid password ' is not present on page &#xD;
	at com.kms.katalon.core.webui.keyword.internal.WebUIKeywordMain.stepFailed(WebUIKeywordMain.groovy:64)&#xD;
	at com.kms.katalon.core.webui.keyword.builtin.VerifyTextPresentKeyword$_verifyTextPresent_closure1.doCall(VerifyTextPresentKeyword.groovy:79)&#xD;
	at com.kms.katalon.core.webui.keyword.builtin.VerifyTextPresentKeyword$_verifyTextPresent_closure1.call(VerifyTextPresentKeyword.groovy)&#xD;
	at com.kms.katalon.core.webui.keyword.internal.WebUIKeywordMain.runKeyword(WebUIKeywordMain.groovy:20)&#xD;
	... 35 more&#xD;
)&#xD;
&#xD;
2019-10-11 16:19:03 - [TEST_CASE][FAILED] - Test Cases/Login/Wrong_Password_ShouldgiveError: Test Cases/Login/Wrong_Password_ShouldgiveError FAILED.
Reason:
com.kms.katalon.core.exception.StepFailedException: Unable to verify text ' Invalid password ' is present &#xD;
	at com.kms.katalon.core.webui.keyword.internal.WebUIKeywordMain.stepFailed(WebUIKeywordMain.groovy:64)&#xD;
	at com.kms.katalon.core.webui.keyword.internal.WebUIKeywordMain.runKeyword(WebUIKeywordMain.groovy:26)&#xD;
	at com.kms.katalon.core.webui.keyword.builtin.VerifyTextPresentKeyword.verifyTextPresent(VerifyTextPresentKeyword.groovy:83)&#xD;
	at com.kms.katalon.core.webui.keyword.builtin.VerifyTextPresentKeyword.execute(VerifyTextPresentKeyword.groovy:68)&#xD;
	at com.kms.katalon.core.keyword.internal.KeywordExecutor.executeKeywordForPlatform(KeywordExecutor.groovy:56)&#xD;
	at com.kms.katalon.core.webui.keyword.WebUiBuiltInKeywords.verifyTextPresent(WebUiBuiltInKeywords.groovy:1693)&#xD;
	at com.kms.katalon.core.webui.keyword.WebUiBuiltInKeywords$verifyTextPresent$6.call(Unknown Source)&#xD;
	at Wrong_Password_ShouldgiveError.run(Wrong_Password_ShouldgiveError:31)&#xD;
	at com.kms.katalon.core.main.ScriptEngine.run(ScriptEngine.java:194)&#xD;
	at com.kms.katalon.core.main.ScriptEngine.runScriptAsRawText(ScriptEngine.java:119)&#xD;
	at com.kms.katalon.core.main.TestCaseExecutor.runScript(TestCaseExecutor.java:337)&#xD;
	at com.kms.katalon.core.main.TestCaseExecutor.doExecute(TestCaseExecutor.java:328)&#xD;
	at com.kms.katalon.core.main.TestCaseExecutor.processExecutionPhase(TestCaseExecutor.java:307)&#xD;
	at com.kms.katalon.core.main.TestCaseExecutor.accessMainPhase(TestCaseExecutor.java:299)&#xD;
	at com.kms.katalon.core.main.TestCaseExecutor.execute(TestCaseExecutor.java:233)&#xD;
	at com.kms.katalon.core.main.TestCaseMain.runTestCase(TestCaseMain.java:114)&#xD;
	at com.kms.katalon.core.keyword.builtin.CallTestCaseKeyword$_callTestCase_closure1.doCall(CallTestCaseKeyword.groovy:59)&#xD;
	at com.kms.katalon.core.keyword.builtin.CallTestCaseKeyword$_callTestCase_closure1.call(CallTestCaseKeyword.groovy)&#xD;
	at com.kms.katalon.core.keyword.internal.KeywordMain.runKeyword(KeywordMain.groovy:68)&#xD;
	at com.kms.katalon.core.keyword.builtin.CallTestCaseKeyword.callTestCase(CallTestCaseKeyword.groovy:81)&#xD;
	at com.kms.katalon.core.keyword.builtin.CallTestCaseKeyword.execute(CallTestCaseKeyword.groovy:44)&#xD;
	at com.kms.katalon.core.keyword.internal.KeywordExecutor.executeKeywordForPlatform(KeywordExecutor.groovy:56)&#xD;
	at com.kms.katalon.core.keyword.BuiltinKeywords.callTestCase(BuiltinKeywords.groovy:334)&#xD;
	at Lock_an_emloyee.run(Lock_an_emloyee:19)&#xD;
	at com.kms.katalon.core.main.ScriptEngine.run(ScriptEngine.java:194)&#xD;
	at com.kms.katalon.core.main.ScriptEngine.runScriptAsRawText(ScriptEngine.java:119)&#xD;
	at com.kms.katalon.core.main.TestCaseExecutor.runScript(TestCaseExecutor.java:337)&#xD;
	at com.kms.katalon.core.main.TestCaseExecutor.doExecute(TestCaseExecutor.java:328)&#xD;
	at com.kms.katalon.core.main.TestCaseExecutor.processExecutionPhase(TestCaseExecutor.java:307)&#xD;
	at com.kms.katalon.core.main.TestCaseExecutor.accessMainPhase(TestCaseExecutor.java:299)&#xD;
	at com.kms.katalon.core.main.TestCaseExecutor.execute(TestCaseExecutor.java:233)&#xD;
	at com.kms.katalon.core.main.TestSuiteExecutor.accessTestCaseMainPhase(TestSuiteExecutor.java:133)&#xD;
	at com.kms.katalon.core.main.TestSuiteExecutor.accessTestSuiteMainPhase(TestSuiteExecutor.java:116)&#xD;
	at com.kms.katalon.core.main.TestSuiteExecutor.execute(TestSuiteExecutor.java:83)&#xD;
	at com.kms.katalon.core.main.TestCaseMain.startTestSuite(TestCaseMain.java:157)&#xD;
	at com.kms.katalon.core.main.TestCaseMain$startTestSuite$0.call(Unknown Source)&#xD;
	at TempTestSuite1570790696642.run(TempTestSuite1570790696642.groovy:35)&#xD;
Caused by: com.kms.katalon.core.exception.StepFailedException: Text ' Invalid password ' is not present on page &#xD;
	at com.kms.katalon.core.webui.keyword.internal.WebUIKeywordMain.stepFailed(WebUIKeywordMain.groovy:64)&#xD;
	at com.kms.katalon.core.webui.keyword.builtin.VerifyTextPresentKeyword$_verifyTextPresent_closure1.doCall(VerifyTextPresentKeyword.groovy:79)&#xD;
	at com.kms.katalon.core.webui.keyword.builtin.VerifyTextPresentKeyword$_verifyTextPresent_closure1.call(VerifyTextPresentKeyword.groovy)&#xD;
	at com.kms.katalon.core.webui.keyword.internal.WebUIKeywordMain.runKeyword(WebUIKeywordMain.groovy:20)&#xD;
	... 35 more&#xD;
&#xD;
&#xD;
2019-10-11 16:19:03 - [TEST_STEP][PASSED] - openBrowser(""): Browser is opened with url: ''&#xD;
&#xD;
2019-10-11 16:19:03 - [MESSAGE][INFO] - Starting 'Chrome' driver&#xD;
&#xD;
2019-10-11 16:19:06 - [MESSAGE][PASSED] - Browser is opened with url: ''&#xD;
&#xD;
2019-10-11 16:19:06 - [TEST_STEP][PASSED] - navigateToUrl(login_url): Navigate to 'https://10.2.200.37:8441/login' successfully&#xD;
&#xD;
2019-10-11 16:19:07 - [MESSAGE][PASSED] - Navigate to 'https://10.2.200.37:8441/login' successfully&#xD;
&#xD;
2019-10-11 16:19:07 - [TEST_STEP][PASSED] - maximizeWindow(): Current window maximized&#xD;
&#xD;
2019-10-11 16:19:09 - [MESSAGE][PASSED] - Current window maximized&#xD;
&#xD;
2019-10-11 16:19:09 - [TEST_STEP][PASSED] - setText(findTestObject("Object Repository/Login_OR/Wrong_Password_ShouldgiveError/input_Sign in_mat-input-0"), employee_login_name): Text 'temployee' is set on object 'Object Repository/Login_OR/Wrong_Password_ShouldgiveError/input_Sign in_mat-input-0'&#xD;
&#xD;
2019-10-11 16:19:09 - [MESSAGE][PASSED] - Text 'temployee' is set on object 'Object Repository/Login_OR/Wrong_Password_ShouldgiveError/input_Sign in_mat-input-0'&#xD;
&#xD;
2019-10-11 16:19:09 - [TEST_STEP][PASSED] - setEncryptedText(findTestObject("Object Repository/Login_OR/Wrong_Password_ShouldgiveError/input_Username_mat-input-1"), wrong_password): Text ****** has been set on object 'Object Repository/Login_OR/Wrong_Password_ShouldgiveError/input_Username_mat-input-1'&#xD;
&#xD;
2019-10-11 16:19:09 - [MESSAGE][PASSED] - Text ****** has been set on object 'Object Repository/Login_OR/Wrong_Password_ShouldgiveError/input_Username_mat-input-1'&#xD;
&#xD;
2019-10-11 16:19:09 - [TEST_STEP][PASSED] - click(findTestObject("Object Repository/Login_OR/Wrong_Password_ShouldgiveError/button_Login")): Object: 'Object Repository/Login_OR/Wrong_Password_ShouldgiveError/button_Login' is clicked on&#xD;
&#xD;
2019-10-11 16:19:09 - [MESSAGE][PASSED] - Object: 'Object Repository/Login_OR/Wrong_Password_ShouldgiveError/button_Login' is clicked on&#xD;
&#xD;
2019-10-11 16:19:09 - [TEST_STEP][PASSED] - delay(1): Delayed 1 second(s)&#xD;
&#xD;
2019-10-11 16:19:10 - [MESSAGE][PASSED] - Delayed 1 second(s)&#xD;
&#xD;
2019-10-11 16:19:10 - [TEST_STEP][FAILED] - verifyTextPresent(" Invalid password ", false): Unable to verify text ' Invalid password ' is present  (Root cause: com.kms.katalon.core.exception.StepFailedException: Unable to verify text ' Invalid password ' is present &#xD;
	at com.kms.katalon.core.webui.keyword.internal.WebUIKeywordMain.stepFailed(WebUIKeywordMain.groovy:64)&#xD;
	at com.kms.katalon.core.webui.keyword.internal.WebUIKeywordMain.runKeyword(WebUIKeywordMain.groovy:26)&#xD;
	at com.kms.katalon.core.webui.keyword.builtin.VerifyTextPresentKeyword.verifyTextPresent(VerifyTextPresentKeyword.groovy:83)&#xD;
	at com.kms.katalon.core.webui.keyword.builtin.VerifyTextPresentKeyword.execute(VerifyTextPresentKeyword.groovy:68)&#xD;
	at com.kms.katalon.core.keyword.internal.KeywordExecutor.executeKeywordForPlatform(KeywordExecutor.groovy:56)&#xD;
	at com.kms.katalon.core.webui.keyword.WebUiBuiltInKeywords.verifyTextPresent(WebUiBuiltInKeywords.groovy:1693)&#xD;
	at com.kms.katalon.core.webui.keyword.WebUiBuiltInKeywords$verifyTextPresent$6.call(Unknown Source)&#xD;
	at Wrong_Password_ShouldgiveError.run(Wrong_Password_ShouldgiveError:31)&#xD;
	at com.kms.katalon.core.main.ScriptEngine.run(ScriptEngine.java:194)&#xD;
	at com.kms.katalon.core.main.ScriptEngine.runScriptAsRawText(ScriptEngine.java:119)&#xD;
	at com.kms.katalon.core.main.TestCaseExecutor.runScript(TestCaseExecutor.java:337)&#xD;
	at com.kms.katalon.core.main.TestCaseExecutor.doExecute(TestCaseExecutor.java:328)&#xD;
	at com.kms.katalon.core.main.TestCaseExecutor.processExecutionPhase(TestCaseExecutor.java:307)&#xD;
	at com.kms.katalon.core.main.TestCaseExecutor.accessMainPhase(TestCaseExecutor.java:299)&#xD;
	at com.kms.katalon.core.main.TestCaseExecutor.execute(TestCaseExecutor.java:233)&#xD;
	at com.kms.katalon.core.main.TestCaseMain.runTestCase(TestCaseMain.java:114)&#xD;
	at com.kms.katalon.core.keyword.builtin.CallTestCaseKeyword$_callTestCase_closure1.doCall(CallTestCaseKeyword.groovy:59)&#xD;
	at com.kms.katalon.core.keyword.builtin.CallTestCaseKeyword$_callTestCase_closure1.call(CallTestCaseKeyword.groovy)&#xD;
	at com.kms.katalon.core.keyword.internal.KeywordMain.runKeyword(KeywordMain.groovy:68)&#xD;
	at com.kms.katalon.core.keyword.builtin.CallTestCaseKeyword.callTestCase(CallTestCaseKeyword.groovy:81)&#xD;
	at com.kms.katalon.core.keyword.builtin.CallTestCaseKeyword.execute(CallTestCaseKeyword.groovy:44)&#xD;
	at com.kms.katalon.core.keyword.internal.KeywordExecutor.executeKeywordForPlatform(KeywordExecutor.groovy:56)&#xD;
	at com.kms.katalon.core.keyword.BuiltinKeywords.callTestCase(BuiltinKeywords.groovy:334)&#xD;
	at Lock_an_emloyee.run(Lock_an_emloyee:19)&#xD;
	at com.kms.katalon.core.main.ScriptEngine.run(ScriptEngine.java:194)&#xD;
	at com.kms.katalon.core.main.ScriptEngine.runScriptAsRawText(ScriptEngine.java:119)&#xD;
	at com.kms.katalon.core.main.TestCaseExecutor.runScript(TestCaseExecutor.java:337)&#xD;
	at com.kms.katalon.core.main.TestCaseExecutor.doExecute(TestCaseExecutor.java:328)&#xD;
	at com.kms.katalon.core.main.TestCaseExecutor.processExecutionPhase(TestCaseExecutor.java:307)&#xD;
	at com.kms.katalon.core.main.TestCaseExecutor.accessMainPhase(TestCaseExecutor.java:299)&#xD;
	at com.kms.katalon.core.main.TestCaseExecutor.execute(TestCaseExecutor.java:233)&#xD;
	at com.kms.katalon.core.main.TestSuiteExecutor.accessTestCaseMainPhase(TestSuiteExecutor.java:133)&#xD;
	at com.kms.katalon.core.main.TestSuiteExecutor.accessTestSuiteMainPhase(TestSuiteExecutor.java:116)&#xD;
	at com.kms.katalon.core.main.TestSuiteExecutor.execute(TestSuiteExecutor.java:83)&#xD;
	at com.kms.katalon.core.main.TestCaseMain.startTestSuite(TestCaseMain.java:157)&#xD;
	at com.kms.katalon.core.main.TestCaseMain$startTestSuite$0.call(Unknown Source)&#xD;
	at TempTestSuite1570790696642.run(TempTestSuite1570790696642.groovy:35)&#xD;
Caused by: com.kms.katalon.core.exception.StepFailedException: Text ' Invalid password ' is not present on page &#xD;
	at com.kms.katalon.core.webui.keyword.internal.WebUIKeywordMain.stepFailed(WebUIKeywordMain.groovy:64)&#xD;
	at com.kms.katalon.core.webui.keyword.builtin.VerifyTextPresentKeyword$_verifyTextPresent_closure1.doCall(VerifyTextPresentKeyword.groovy:79)&#xD;
	at com.kms.katalon.core.webui.keyword.builtin.VerifyTextPresentKeyword$_verifyTextPresent_closure1.call(VerifyTextPresentKeyword.groovy)&#xD;
	at com.kms.katalon.core.webui.keyword.internal.WebUIKeywordMain.runKeyword(WebUIKeywordMain.groovy:20)&#xD;
	... 35 more&#xD;
)&#xD;
&#xD;
2019-10-11 16:19:10 - [MESSAGE][FAILED] - Text ' Invalid password ' is not present on page  (Root cause: com.kms.katalon.core.exception.StepFailedException: Text ' Invalid password ' is not present on page &#xD;
	at com.kms.katalon.core.webui.keyword.internal.WebUIKeywordMain.stepFailed(WebUIKeywordMain.groovy:64)&#xD;
	at com.kms.katalon.core.webui.keyword.builtin.VerifyTextPresentKeyword$_verifyTextPresent_closure1.doCall(VerifyTextPresentKeyword.groovy:79)&#xD;
	at com.kms.katalon.core.webui.keyword.builtin.VerifyTextPresentKeyword$_verifyTextPresent_closure1.call(VerifyTextPresentKeyword.groovy)&#xD;
	at com.kms.katalon.core.webui.keyword.internal.WebUIKeywordMain.runKeyword(WebUIKeywordMain.groovy:20)&#xD;
	at com.kms.katalon.core.webui.keyword.builtin.VerifyTextPresentKeyword.verifyTextPresent(VerifyTextPresentKeyword.groovy:83)&#xD;
	at com.kms.katalon.core.webui.keyword.builtin.VerifyTextPresentKeyword.execute(VerifyTextPresentKeyword.groovy:68)&#xD;
	at com.kms.katalon.core.keyword.internal.KeywordExecutor.executeKeywordForPlatform(KeywordExecutor.groovy:56)&#xD;
	at com.kms.katalon.core.webui.keyword.WebUiBuiltInKeywords.verifyTextPresent(WebUiBuiltInKeywords.groovy:1693)&#xD;
	at com.kms.katalon.core.webui.keyword.WebUiBuiltInKeywords$verifyTextPresent$6.call(Unknown Source)&#xD;
	at Wrong_Password_ShouldgiveError.run(Wrong_Password_ShouldgiveError:31)&#xD;
	at com.kms.katalon.core.main.ScriptEngine.run(ScriptEngine.java:194)&#xD;
	at com.kms.katalon.core.main.ScriptEngine.runScriptAsRawText(ScriptEngine.java:119)&#xD;
	at com.kms.katalon.core.main.TestCaseExecutor.runScript(TestCaseExecutor.java:337)&#xD;
	at com.kms.katalon.core.main.TestCaseExecutor.doExecute(TestCaseExecutor.java:328)&#xD;
	at com.kms.katalon.core.main.TestCaseExecutor.processExecutionPhase(TestCaseExecutor.java:307)&#xD;
	at com.kms.katalon.core.main.TestCaseExecutor.accessMainPhase(TestCaseExecutor.java:299)&#xD;
	at com.kms.katalon.core.main.TestCaseExecutor.execute(TestCaseExecutor.java:233)&#xD;
	at com.kms.katalon.core.main.TestCaseMain.runTestCase(TestCaseMain.java:114)&#xD;
	at com.kms.katalon.core.keyword.builtin.CallTestCaseKeyword$_callTestCase_closure1.doCall(CallTestCaseKeyword.groovy:59)&#xD;
	at com.kms.katalon.core.keyword.builtin.CallTestCaseKeyword$_callTestCase_closure1.call(CallTestCaseKeyword.groovy)&#xD;
	at com.kms.katalon.core.keyword.internal.KeywordMain.runKeyword(KeywordMain.groovy:68)&#xD;
	at com.kms.katalon.core.keyword.builtin.CallTestCaseKeyword.callTestCase(CallTestCaseKeyword.groovy:81)&#xD;
	at com.kms.katalon.core.keyword.builtin.CallTestCaseKeyword.execute(CallTestCaseKeyword.groovy:44)&#xD;
	at com.kms.katalon.core.keyword.internal.KeywordExecutor.executeKeywordForPlatform(KeywordExecutor.groovy:56)&#xD;
	at com.kms.katalon.core.keyword.BuiltinKeywords.callTestCase(BuiltinKeywords.groovy:334)&#xD;
	at Lock_an_emloyee.run(Lock_an_emloyee:19)&#xD;
	at com.kms.katalon.core.main.ScriptEngine.run(ScriptEngine.java:194)&#xD;
	at com.kms.katalon.core.main.ScriptEngine.runScriptAsRawText(ScriptEngine.java:119)&#xD;
	at com.kms.katalon.core.main.TestCaseExecutor.runScript(TestCaseExecutor.java:337)&#xD;
	at com.kms.katalon.core.main.TestCaseExecutor.doExecute(TestCaseExecutor.java:328)&#xD;
	at com.kms.katalon.core.main.TestCaseExecutor.processExecutionPhase(TestCaseExecutor.java:307)&#xD;
	at com.kms.katalon.core.main.TestCaseExecutor.accessMainPhase(TestCaseExecutor.java:299)&#xD;
	at com.kms.katalon.core.main.TestCaseExecutor.execute(TestCaseExecutor.java:233)&#xD;
	at com.kms.katalon.core.main.TestSuiteExecutor.accessTestCaseMainPhase(TestSuiteExecutor.java:133)&#xD;
	at com.kms.katalon.core.main.TestSuiteExecutor.accessTestSuiteMainPhase(TestSuiteExecutor.java:116)&#xD;
	at com.kms.katalon.core.main.TestSuiteExecutor.execute(TestSuiteExecutor.java:83)&#xD;
	at com.kms.katalon.core.main.TestCaseMain.startTestSuite(TestCaseMain.java:157)&#xD;
	at com.kms.katalon.core.main.TestCaseMain$startTestSuite$0.call(Unknown Source)&#xD;
	at TempTestSuite1570790696642.run(TempTestSuite1570790696642.groovy:35)&#xD;
)&#xD;
&#xD;
2019-10-11 16:19:10 - [MESSAGE][FAILED] - Unable to verify text ' Invalid password ' is present  (Root cause: com.kms.katalon.core.exception.StepFailedException: Unable to verify text ' Invalid password ' is present &#xD;
	at com.kms.katalon.core.webui.keyword.internal.WebUIKeywordMain.stepFailed(WebUIKeywordMain.groovy:64)&#xD;
	at com.kms.katalon.core.webui.keyword.internal.WebUIKeywordMain.runKeyword(WebUIKeywordMain.groovy:26)&#xD;
	at com.kms.katalon.core.webui.keyword.builtin.VerifyTextPresentKeyword.verifyTextPresent(VerifyTextPresentKeyword.groovy:83)&#xD;
	at com.kms.katalon.core.webui.keyword.builtin.VerifyTextPresentKeyword.execute(VerifyTextPresentKeyword.groovy:68)&#xD;
	at com.kms.katalon.core.keyword.internal.KeywordExecutor.executeKeywordForPlatform(KeywordExecutor.groovy:56)&#xD;
	at com.kms.katalon.core.webui.keyword.WebUiBuiltInKeywords.verifyTextPresent(WebUiBuiltInKeywords.groovy:1693)&#xD;
	at com.kms.katalon.core.webui.keyword.WebUiBuiltInKeywords$verifyTextPresent$6.call(Unknown Source)&#xD;
	at Wrong_Password_ShouldgiveError.run(Wrong_Password_ShouldgiveError:31)&#xD;
	at com.kms.katalon.core.main.ScriptEngine.run(ScriptEngine.java:194)&#xD;
	at com.kms.katalon.core.main.ScriptEngine.runScriptAsRawText(ScriptEngine.java:119)&#xD;
	at com.kms.katalon.core.main.TestCaseExecutor.runScript(TestCaseExecutor.java:337)&#xD;
	at com.kms.katalon.core.main.TestCaseExecutor.doExecute(TestCaseExecutor.java:328)&#xD;
	at com.kms.katalon.core.main.TestCaseExecutor.processExecutionPhase(TestCaseExecutor.java:307)&#xD;
	at com.kms.katalon.core.main.TestCaseExecutor.accessMainPhase(TestCaseExecutor.java:299)&#xD;
	at com.kms.katalon.core.main.TestCaseExecutor.execute(TestCaseExecutor.java:233)&#xD;
	at com.kms.katalon.core.main.TestCaseMain.runTestCase(TestCaseMain.java:114)&#xD;
	at com.kms.katalon.core.keyword.builtin.CallTestCaseKeyword$_callTestCase_closure1.doCall(CallTestCaseKeyword.groovy:59)&#xD;
	at com.kms.katalon.core.keyword.builtin.CallTestCaseKeyword$_callTestCase_closure1.call(CallTestCaseKeyword.groovy)&#xD;
	at com.kms.katalon.core.keyword.internal.KeywordMain.runKeyword(KeywordMain.groovy:68)&#xD;
	at com.kms.katalon.core.keyword.builtin.CallTestCaseKeyword.callTestCase(CallTestCaseKeyword.groovy:81)&#xD;
	at com.kms.katalon.core.keyword.builtin.CallTestCaseKeyword.execute(CallTestCaseKeyword.groovy:44)&#xD;
	at com.kms.katalon.core.keyword.internal.KeywordExecutor.executeKeywordForPlatform(KeywordExecutor.groovy:56)&#xD;
	at com.kms.katalon.core.keyword.BuiltinKeywords.callTestCase(BuiltinKeywords.groovy:334)&#xD;
	at Lock_an_emloyee.run(Lock_an_emloyee:19)&#xD;
	at com.kms.katalon.core.main.ScriptEngine.run(ScriptEngine.java:194)&#xD;
	at com.kms.katalon.core.main.ScriptEngine.runScriptAsRawText(ScriptEngine.java:119)&#xD;
	at com.kms.katalon.core.main.TestCaseExecutor.runScript(TestCaseExecutor.java:337)&#xD;
	at com.kms.katalon.core.main.TestCaseExecutor.doExecute(TestCaseExecutor.java:328)&#xD;
	at com.kms.katalon.core.main.TestCaseExecutor.processExecutionPhase(TestCaseExecutor.java:307)&#xD;
	at com.kms.katalon.core.main.TestCaseExecutor.accessMainPhase(TestCaseExecutor.java:299)&#xD;
	at com.kms.katalon.core.main.TestCaseExecutor.execute(TestCaseExecutor.java:233)&#xD;
	at com.kms.katalon.core.main.TestSuiteExecutor.accessTestCaseMainPhase(TestSuiteExecutor.java:133)&#xD;
	at com.kms.katalon.core.main.TestSuiteExecutor.accessTestSuiteMainPhase(TestSuiteExecutor.java:116)&#xD;
	at com.kms.katalon.core.main.TestSuiteExecutor.execute(TestSuiteExecutor.java:83)&#xD;
	at com.kms.katalon.core.main.TestCaseMain.startTestSuite(TestCaseMain.java:157)&#xD;
	at com.kms.katalon.core.main.TestCaseMain$startTestSuite$0.call(Unknown Source)&#xD;
	at TempTestSuite1570790696642.run(TempTestSuite1570790696642.groovy:35)&#xD;
Caused by: com.kms.katalon.core.exception.StepFailedException: Text ' Invalid password ' is not present on page &#xD;
	at com.kms.katalon.core.webui.keyword.internal.WebUIKeywordMain.stepFailed(WebUIKeywordMain.groovy:64)&#xD;
	at com.kms.katalon.core.webui.keyword.builtin.VerifyTextPresentKeyword$_verifyTextPresent_closure1.doCall(VerifyTextPresentKeyword.groovy:79)&#xD;
	at com.kms.katalon.core.webui.keyword.builtin.VerifyTextPresentKeyword$_verifyTextPresent_closure1.call(VerifyTextPresentKeyword.groovy)&#xD;
	at com.kms.katalon.core.webui.keyword.internal.WebUIKeywordMain.runKeyword(WebUIKeywordMain.groovy:20)&#xD;
	... 35 more&#xD;
)&#xD;
[[ATTACHMENT|C:\\Users\\vinayaka.prabhu\\Katalon Studio\\Unified_Wallet_UI_Test\\Reports\\Complete_Wallet_UI\\Complete_Wallet_UI\\20191011_161456\\1570790950400.png]]&#xD;
&#xD;
2019-10-11 16:19:10 - [MESSAGE][WARNING] - Unable to call Test Case 'Test Cases/Login/Wrong_Password_ShouldgiveError' (Root cause: com.kms.katalon.core.exception.StepFailedException: Call Test Case 'Test Cases/Login/Wrong_Password_ShouldgiveError' failed&#xD;
	at com.kms.katalon.core.keyword.builtin.CallTestCaseKeyword$_callTestCase_closure1.doCall(CallTestCaseKeyword.groovy:63)&#xD;
	at com.kms.katalon.core.keyword.builtin.CallTestCaseKeyword$_callTestCase_closure1.call(CallTestCaseKeyword.groovy)&#xD;
	at com.kms.katalon.core.keyword.internal.KeywordMain.runKeyword(KeywordMain.groovy:68)&#xD;
	at com.kms.katalon.core.keyword.builtin.CallTestCaseKeyword.callTestCase(CallTestCaseKeyword.groovy:81)&#xD;
	at com.kms.katalon.core.keyword.builtin.CallTestCaseKeyword.execute(CallTestCaseKeyword.groovy:44)&#xD;
	at com.kms.katalon.core.keyword.internal.KeywordExecutor.executeKeywordForPlatform(KeywordExecutor.groovy:56)&#xD;
	at com.kms.katalon.core.keyword.BuiltinKeywords.callTestCase(BuiltinKeywords.groovy:334)&#xD;
	at Lock_an_emloyee.run(Lock_an_emloyee:19)&#xD;
	at com.kms.katalon.core.main.ScriptEngine.run(ScriptEngine.java:194)&#xD;
	at com.kms.katalon.core.main.ScriptEngine.runScriptAsRawText(ScriptEngine.java:119)&#xD;
	at com.kms.katalon.core.main.TestCaseExecutor.runScript(TestCaseExecutor.java:337)&#xD;
	at com.kms.katalon.core.main.TestCaseExecutor.doExecute(TestCaseExecutor.java:328)&#xD;
	at com.kms.katalon.core.main.TestCaseExecutor.processExecutionPhase(TestCaseExecutor.java:307)&#xD;
	at com.kms.katalon.core.main.TestCaseExecutor.accessMainPhase(TestCaseExecutor.java:299)&#xD;
	at com.kms.katalon.core.main.TestCaseExecutor.execute(TestCaseExecutor.java:233)&#xD;
	at com.kms.katalon.core.main.TestSuiteExecutor.accessTestCaseMainPhase(TestSuiteExecutor.java:133)&#xD;
	at com.kms.katalon.core.main.TestSuiteExecutor.accessTestSuiteMainPhase(TestSuiteExecutor.java:116)&#xD;
	at com.kms.katalon.core.main.TestSuiteExecutor.execute(TestSuiteExecutor.java:83)&#xD;
	at com.kms.katalon.core.main.TestCaseMain.startTestSuite(TestCaseMain.java:157)&#xD;
	at com.kms.katalon.core.main.TestCaseMain$startTestSuite$0.call(Unknown Source)&#xD;
	at TempTestSuite1570790696642.run(TempTestSuite1570790696642.groovy:35)&#xD;
Caused by: com.kms.katalon.core.exception.StepFailedException: Unable to verify text ' Invalid password ' is present &#xD;
	at com.kms.katalon.core.webui.keyword.internal.WebUIKeywordMain.stepFailed(WebUIKeywordMain.groovy:64)&#xD;
	at com.kms.katalon.core.webui.keyword.internal.WebUIKeywordMain.runKeyword(WebUIKeywordMain.groovy:26)&#xD;
	at com.kms.katalon.core.webui.keyword.builtin.VerifyTextPresentKeyword.verifyTextPresent(VerifyTextPresentKeyword.groovy:83)&#xD;
	at com.kms.katalon.core.webui.keyword.builtin.VerifyTextPresentKeyword.execute(VerifyTextPresentKeyword.groovy:68)&#xD;
	at com.kms.katalon.core.keyword.internal.KeywordExecutor.executeKeywordForPlatform(KeywordExecutor.groovy:56)&#xD;
	at com.kms.katalon.core.webui.keyword.WebUiBuiltInKeywords.verifyTextPresent(WebUiBuiltInKeywords.groovy:1693)&#xD;
	at com.kms.katalon.core.webui.keyword.WebUiBuiltInKeywords$verifyTextPresent$6.call(Unknown Source)&#xD;
	at Wrong_Password_ShouldgiveError.run(Wrong_Password_ShouldgiveError:31)&#xD;
	at com.kms.katalon.core.main.ScriptEngine.run(ScriptEngine.java:194)&#xD;
	at com.kms.katalon.core.main.ScriptEngine.runScriptAsRawText(ScriptEngine.java:119)&#xD;
	at com.kms.katalon.core.main.TestCaseExecutor.runScript(TestCaseExecutor.java:337)&#xD;
	at com.kms.katalon.core.main.TestCaseExecutor.doExecute(TestCaseExecutor.java:328)&#xD;
	at com.kms.katalon.core.main.TestCaseExecutor.processExecutionPhase(TestCaseExecutor.java:307)&#xD;
	at com.kms.katalon.core.main.TestCaseExecutor.accessMainPhase(TestCaseExecutor.java:299)&#xD;
	at com.kms.katalon.core.main.TestCaseExecutor.execute(TestCaseExecutor.java:233)&#xD;
	at com.kms.katalon.core.main.TestCaseMain.runTestCase(TestCaseMain.java:114)&#xD;
	at com.kms.katalon.core.keyword.builtin.CallTestCaseKeyword$_callTestCase_closure1.doCall(CallTestCaseKeyword.groovy:59)&#xD;
	... 20 more&#xD;
Caused by: com.kms.katalon.core.exception.StepFailedException: Text ' Invalid password ' is not present on page &#xD;
	at com.kms.katalon.core.webui.keyword.internal.WebUIKeywordMain.stepFailed(WebUIKeywordMain.groovy:64)&#xD;
	at com.kms.katalon.core.webui.keyword.builtin.VerifyTextPresentKeyword$_verifyTextPresent_closure1.doCall(VerifyTextPresentKeyword.groovy:79)&#xD;
	at com.kms.katalon.core.webui.keyword.builtin.VerifyTextPresentKeyword$_verifyTextPresent_closure1.call(VerifyTextPresentKeyword.groovy)&#xD;
	at com.kms.katalon.core.webui.keyword.internal.WebUIKeywordMain.runKeyword(WebUIKeywordMain.groovy:20)&#xD;
	... 35 more&#xD;
)&#xD;
&#xD;
2019-10-11 16:19:10 - [TEST_STEP][PASSED] - callTestCase(findTestCase("Login/Wrong_Password_ShouldgiveError"), [:], OPTIONAL): Call Test Case 'Test Cases/Login/Wrong_Password_ShouldgiveError' successfully&#xD;
&#xD;
2019-10-11 16:19:10 - [TEST_CASE][PASSED] - Test Cases/Login/Wrong_Password_ShouldgiveError: Test Cases/Login/Wrong_Password_ShouldgiveError&#xD;
&#xD;
2019-10-11 16:19:10 - [TEST_STEP][PASSED] - openBrowser(""): Browser is opened with url: ''&#xD;
&#xD;
2019-10-11 16:19:10 - [MESSAGE][WARNING] - A browser is already opened. Closing browser and opening a new one&#xD;
&#xD;
2019-10-11 16:19:11 - [MESSAGE][INFO] - Starting 'Chrome' driver&#xD;
&#xD;
2019-10-11 16:19:13 - [MESSAGE][PASSED] - Browser is opened with url: ''&#xD;
&#xD;
2019-10-11 16:19:13 - [TEST_STEP][PASSED] - navigateToUrl(login_url): Navigate to 'https://10.2.200.37:8441/login' successfully&#xD;
&#xD;
2019-10-11 16:19:15 - [MESSAGE][PASSED] - Navigate to 'https://10.2.200.37:8441/login' successfully&#xD;
&#xD;
2019-10-11 16:19:15 - [TEST_STEP][PASSED] - maximizeWindow(): Current window maximized&#xD;
&#xD;
2019-10-11 16:19:16 - [MESSAGE][PASSED] - Current window maximized&#xD;
&#xD;
2019-10-11 16:19:16 - [TEST_STEP][PASSED] - setText(findTestObject("Object Repository/Login_OR/Wrong_Password_ShouldgiveError/input_Sign in_mat-input-0"), employee_login_name): Text 'temployee' is set on object 'Object Repository/Login_OR/Wrong_Password_ShouldgiveError/input_Sign in_mat-input-0'&#xD;
&#xD;
2019-10-11 16:19:16 - [MESSAGE][PASSED] - Text 'temployee' is set on object 'Object Repository/Login_OR/Wrong_Password_ShouldgiveError/input_Sign in_mat-input-0'&#xD;
&#xD;
2019-10-11 16:19:16 - [TEST_STEP][PASSED] - setEncryptedText(findTestObject("Object Repository/Login_OR/Wrong_Password_ShouldgiveError/input_Username_mat-input-1"), wrong_password): Text ****** has been set on object 'Object Repository/Login_OR/Wrong_Password_ShouldgiveError/input_Username_mat-input-1'&#xD;
&#xD;
2019-10-11 16:19:16 - [MESSAGE][PASSED] - Text ****** has been set on object 'Object Repository/Login_OR/Wrong_Password_ShouldgiveError/input_Username_mat-input-1'&#xD;
&#xD;
2019-10-11 16:19:16 - [TEST_STEP][PASSED] - click(findTestObject("Object Repository/Login_OR/Wrong_Password_ShouldgiveError/button_Login")): Object: 'Object Repository/Login_OR/Wrong_Password_ShouldgiveError/button_Login' is clicked on&#xD;
&#xD;
2019-10-11 16:19:16 - [MESSAGE][PASSED] - Object: 'Object Repository/Login_OR/Wrong_Password_ShouldgiveError/button_Login' is clicked on&#xD;
&#xD;
2019-10-11 16:19:16 - [TEST_STEP][PASSED] - delay(1): Delayed 1 second(s)&#xD;
&#xD;
2019-10-11 16:19:17 - [MESSAGE][PASSED] - Delayed 1 second(s)&#xD;
&#xD;
2019-10-11 16:19:17 - [TEST_STEP][PASSED] - verifyTextPresent(" Invalid password ", false): Text ' Invalid password ' is present on page &#xD;
&#xD;
2019-10-11 16:19:17 - [MESSAGE][PASSED] - Text ' Invalid password ' is present on page &#xD;
&#xD;
2019-10-11 16:19:17 - [TEST_STEP][PASSED] - delay(1): Delayed 1 second(s)&#xD;
&#xD;
2019-10-11 16:19:18 - [MESSAGE][PASSED] - Delayed 1 second(s)&#xD;
&#xD;
2019-10-11 16:19:18 - [TEST_STEP][PASSED] - click(findTestObject("Object Repository/Login_OR/Wrong_Password_ShouldgiveError/button_OK")): Object: 'Object Repository/Login_OR/Wrong_Password_ShouldgiveError/button_OK' is clicked on&#xD;
&#xD;
2019-10-11 16:19:18 - [MESSAGE][PASSED] - Object: 'Object Repository/Login_OR/Wrong_Password_ShouldgiveError/button_OK' is clicked on&#xD;
&#xD;
2019-10-11 16:19:18 - [TEST_STEP][PASSED] - closeBrowser(): Browser is closed&#xD;
&#xD;
2019-10-11 16:19:19 - [MESSAGE][PASSED] - Browser is closed&#xD;
&#xD;
2019-10-11 16:19:19 - [MESSAGE][PASSED] - Call Test Case 'Test Cases/Login/Wrong_Password_ShouldgiveError' successfully&#xD;
&#xD;
2019-10-11 16:19:19 - [TEST_STEP][PASSED] - callTestCase(findTestCase("Login/Wrong_Password_ShouldgiveError"), [:], OPTIONAL): Unable to call Test Case 'Test Cases/Login/Wrong_Password_ShouldgiveError' (Root cause: com.kms.katalon.core.exception.StepFailedException: Call Test Case 'Test Cases/Login/Wrong_Password_ShouldgiveError' failed&#xD;
	at com.kms.katalon.core.keyword.builtin.CallTestCaseKeyword$_callTestCase_closure1.doCall(CallTestCaseKeyword.groovy:63)&#xD;
	at com.kms.katalon.core.keyword.builtin.CallTestCaseKeyword$_callTestCase_closure1.call(CallTestCaseKeyword.groovy)&#xD;
	at com.kms.katalon.core.keyword.internal.KeywordMain.runKeyword(KeywordMain.groovy:68)&#xD;
	at com.kms.katalon.core.keyword.builtin.CallTestCaseKeyword.callTestCase(CallTestCaseKeyword.groovy:81)&#xD;
	at com.kms.katalon.core.keyword.builtin.CallTestCaseKeyword.execute(CallTestCaseKeyword.groovy:44)&#xD;
	at com.kms.katalon.core.keyword.internal.KeywordExecutor.executeKeywordForPlatform(KeywordExecutor.groovy:56)&#xD;
	at com.kms.katalon.core.keyword.BuiltinKeywords.callTestCase(BuiltinKeywords.groovy:334)&#xD;
	at Lock_an_emloyee.run(Lock_an_emloyee:19)&#xD;
	at com.kms.katalon.core.main.ScriptEngine.run(ScriptEngine.java:194)&#xD;
	at com.kms.katalon.core.main.ScriptEngine.runScriptAsRawText(ScriptEngine.java:119)&#xD;
	at com.kms.katalon.core.main.TestCaseExecutor.runScript(TestCaseExecutor.java:337)&#xD;
	at com.kms.katalon.core.main.TestCaseExecutor.doExecute(TestCaseExecutor.java:328)&#xD;
	at com.kms.katalon.core.main.TestCaseExecutor.processExecutionPhase(TestCaseExecutor.java:307)&#xD;
	at com.kms.katalon.core.main.TestCaseExecutor.accessMainPhase(TestCaseExecutor.java:299)&#xD;
	at com.kms.katalon.core.main.TestCaseExecutor.execute(TestCaseExecutor.java:233)&#xD;
	at com.kms.katalon.core.main.TestSuiteExecutor.accessTestCaseMainPhase(TestSuiteExecutor.java:133)&#xD;
	at com.kms.katalon.core.main.TestSuiteExecutor.accessTestSuiteMainPhase(TestSuiteExecutor.java:116)&#xD;
	at com.kms.katalon.core.main.TestSuiteExecutor.execute(TestSuiteExecutor.java:83)&#xD;
	at com.kms.katalon.core.main.TestCaseMain.startTestSuite(TestCaseMain.java:157)&#xD;
	at com.kms.katalon.core.main.TestCaseMain$startTestSuite$0.call(Unknown Source)&#xD;
	at TempTestSuite1570790696642.run(TempTestSuite1570790696642.groovy:35)&#xD;
Caused by: com.kms.katalon.core.exception.StepFailedException: Unable to verify text ' Invalid password ' is present &#xD;
	at com.kms.katalon.core.webui.keyword.internal.WebUIKeywordMain.stepFailed(WebUIKeywordMain.groovy:64)&#xD;
	at com.kms.katalon.core.webui.keyword.internal.WebUIKeywordMain.runKeyword(WebUIKeywordMain.groovy:26)&#xD;
	at com.kms.katalon.core.webui.keyword.builtin.VerifyTextPresentKeyword.verifyTextPresent(VerifyTextPresentKeyword.groovy:83)&#xD;
	at com.kms.katalon.core.webui.keyword.builtin.VerifyTextPresentKeyword.execute(VerifyTextPresentKeyword.groovy:68)&#xD;
	at com.kms.katalon.core.keyword.internal.KeywordExecutor.executeKeywordForPlatform(KeywordExecutor.groovy:56)&#xD;
	at com.kms.katalon.core.webui.keyword.WebUiBuiltInKeywords.verifyTextPresent(WebUiBuiltInKeywords.groovy:1693)&#xD;
	at com.kms.katalon.core.webui.keyword.WebUiBuiltInKeywords$verifyTextPresent$6.call(Unknown Source)&#xD;
	at Wrong_Password_ShouldgiveError.run(Wrong_Password_ShouldgiveError:31)&#xD;
	at com.kms.katalon.core.main.ScriptEngine.run(ScriptEngine.java:194)&#xD;
	at com.kms.katalon.core.main.ScriptEngine.runScriptAsRawText(ScriptEngine.java:119)&#xD;
	at com.kms.katalon.core.main.TestCaseExecutor.runScript(TestCaseExecutor.java:337)&#xD;
	at com.kms.katalon.core.main.TestCaseExecutor.doExecute(TestCaseExecutor.java:328)&#xD;
	at com.kms.katalon.core.main.TestCaseExecutor.processExecutionPhase(TestCaseExecutor.java:307)&#xD;
	at com.kms.katalon.core.main.TestCaseExecutor.accessMainPhase(TestCaseExecutor.java:299)&#xD;
	at com.kms.katalon.core.main.TestCaseExecutor.execute(TestCaseExecutor.java:233)&#xD;
	at com.kms.katalon.core.main.TestCaseMain.runTestCase(TestCaseMain.java:114)&#xD;
	at com.kms.katalon.core.keyword.builtin.CallTestCaseKeyword$_callTestCase_closure1.doCall(CallTestCaseKeyword.groovy:59)&#xD;
	... 20 more&#xD;
Caused by: com.kms.katalon.core.exception.StepFailedException: Text ' Invalid password ' is not present on page &#xD;
	at com.kms.katalon.core.webui.keyword.internal.WebUIKeywordMain.stepFailed(WebUIKeywordMain.groovy:64)&#xD;
	at com.kms.katalon.core.webui.keyword.builtin.VerifyTextPresentKeyword$_verifyTextPresent_closure1.doCall(VerifyTextPresentKeyword.groovy:79)&#xD;
	at com.kms.katalon.core.webui.keyword.builtin.VerifyTextPresentKeyword$_verifyTextPresent_closure1.call(VerifyTextPresentKeyword.groovy)&#xD;
	at com.kms.katalon.core.webui.keyword.internal.WebUIKeywordMain.runKeyword(WebUIKeywordMain.groovy:20)&#xD;
	... 35 more&#xD;
)&#xD;
&#xD;
2019-10-11 16:19:19 - [TEST_CASE][FAILED] - Test Cases/Login/Wrong_Password_ShouldgiveError: Test Cases/Login/Wrong_Password_ShouldgiveError FAILED.
Reason:
com.kms.katalon.core.exception.StepFailedException: Unable to verify text ' Invalid password ' is present &#xD;
	at com.kms.katalon.core.webui.keyword.internal.WebUIKeywordMain.stepFailed(WebUIKeywordMain.groovy:64)&#xD;
	at com.kms.katalon.core.webui.keyword.internal.WebUIKeywordMain.runKeyword(WebUIKeywordMain.groovy:26)&#xD;
	at com.kms.katalon.core.webui.keyword.builtin.VerifyTextPresentKeyword.verifyTextPresent(VerifyTextPresentKeyword.groovy:83)&#xD;
	at com.kms.katalon.core.webui.keyword.builtin.VerifyTextPresentKeyword.execute(VerifyTextPresentKeyword.groovy:68)&#xD;
	at com.kms.katalon.core.keyword.internal.KeywordExecutor.executeKeywordForPlatform(KeywordExecutor.groovy:56)&#xD;
	at com.kms.katalon.core.webui.keyword.WebUiBuiltInKeywords.verifyTextPresent(WebUiBuiltInKeywords.groovy:1693)&#xD;
	at com.kms.katalon.core.webui.keyword.WebUiBuiltInKeywords$verifyTextPresent$6.call(Unknown Source)&#xD;
	at Wrong_Password_ShouldgiveError.run(Wrong_Password_ShouldgiveError:31)&#xD;
	at com.kms.katalon.core.main.ScriptEngine.run(ScriptEngine.java:194)&#xD;
	at com.kms.katalon.core.main.ScriptEngine.runScriptAsRawText(ScriptEngine.java:119)&#xD;
	at com.kms.katalon.core.main.TestCaseExecutor.runScript(TestCaseExecutor.java:337)&#xD;
	at com.kms.katalon.core.main.TestCaseExecutor.doExecute(TestCaseExecutor.java:328)&#xD;
	at com.kms.katalon.core.main.TestCaseExecutor.processExecutionPhase(TestCaseExecutor.java:307)&#xD;
	at com.kms.katalon.core.main.TestCaseExecutor.accessMainPhase(TestCaseExecutor.java:299)&#xD;
	at com.kms.katalon.core.main.TestCaseExecutor.execute(TestCaseExecutor.java:233)&#xD;
	at com.kms.katalon.core.main.TestCaseMain.runTestCase(TestCaseMain.java:114)&#xD;
	at com.kms.katalon.core.keyword.builtin.CallTestCaseKeyword$_callTestCase_closure1.doCall(CallTestCaseKeyword.groovy:59)&#xD;
	at com.kms.katalon.core.keyword.builtin.CallTestCaseKeyword$_callTestCase_closure1.call(CallTestCaseKeyword.groovy)&#xD;
	at com.kms.katalon.core.keyword.internal.KeywordMain.runKeyword(KeywordMain.groovy:68)&#xD;
	at com.kms.katalon.core.keyword.builtin.CallTestCaseKeyword.callTestCase(CallTestCaseKeyword.groovy:81)&#xD;
	at com.kms.katalon.core.keyword.builtin.CallTestCaseKeyword.execute(CallTestCaseKeyword.groovy:44)&#xD;
	at com.kms.katalon.core.keyword.internal.KeywordExecutor.executeKeywordForPlatform(KeywordExecutor.groovy:56)&#xD;
	at com.kms.katalon.core.keyword.BuiltinKeywords.callTestCase(BuiltinKeywords.groovy:334)&#xD;
	at Lock_an_emloyee.run(Lock_an_emloyee:19)&#xD;
	at com.kms.katalon.core.main.ScriptEngine.run(ScriptEngine.java:194)&#xD;
	at com.kms.katalon.core.main.ScriptEngine.runScriptAsRawText(ScriptEngine.java:119)&#xD;
	at com.kms.katalon.core.main.TestCaseExecutor.runScript(TestCaseExecutor.java:337)&#xD;
	at com.kms.katalon.core.main.TestCaseExecutor.doExecute(TestCaseExecutor.java:328)&#xD;
	at com.kms.katalon.core.main.TestCaseExecutor.processExecutionPhase(TestCaseExecutor.java:307)&#xD;
	at com.kms.katalon.core.main.TestCaseExecutor.accessMainPhase(TestCaseExecutor.java:299)&#xD;
	at com.kms.katalon.core.main.TestCaseExecutor.execute(TestCaseExecutor.java:233)&#xD;
	at com.kms.katalon.core.main.TestSuiteExecutor.accessTestCaseMainPhase(TestSuiteExecutor.java:133)&#xD;
	at com.kms.katalon.core.main.TestSuiteExecutor.accessTestSuiteMainPhase(TestSuiteExecutor.java:116)&#xD;
	at com.kms.katalon.core.main.TestSuiteExecutor.execute(TestSuiteExecutor.java:83)&#xD;
	at com.kms.katalon.core.main.TestCaseMain.startTestSuite(TestCaseMain.java:157)&#xD;
	at com.kms.katalon.core.main.TestCaseMain$startTestSuite$0.call(Unknown Source)&#xD;
	at TempTestSuite1570790696642.run(TempTestSuite1570790696642.groovy:35)&#xD;
Caused by: com.kms.katalon.core.exception.StepFailedException: Text ' Invalid password ' is not present on page &#xD;
	at com.kms.katalon.core.webui.keyword.internal.WebUIKeywordMain.stepFailed(WebUIKeywordMain.groovy:64)&#xD;
	at com.kms.katalon.core.webui.keyword.builtin.VerifyTextPresentKeyword$_verifyTextPresent_closure1.doCall(VerifyTextPresentKeyword.groovy:79)&#xD;
	at com.kms.katalon.core.webui.keyword.builtin.VerifyTextPresentKeyword$_verifyTextPresent_closure1.call(VerifyTextPresentKeyword.groovy)&#xD;
	at com.kms.katalon.core.webui.keyword.internal.WebUIKeywordMain.runKeyword(WebUIKeywordMain.groovy:20)&#xD;
	... 35 more&#xD;
&#xD;
&#xD;
2019-10-11 16:19:19 - [TEST_STEP][PASSED] - openBrowser(""): Browser is opened with url: ''&#xD;
&#xD;
2019-10-11 16:19:19 - [MESSAGE][INFO] - Starting 'Chrome' driver&#xD;
&#xD;
2019-10-11 16:19:22 - [MESSAGE][PASSED] - Browser is opened with url: ''&#xD;
&#xD;
2019-10-11 16:19:22 - [TEST_STEP][PASSED] - navigateToUrl(login_url): Navigate to 'https://10.2.200.37:8441/login' successfully&#xD;
&#xD;
2019-10-11 16:19:23 - [MESSAGE][PASSED] - Navigate to 'https://10.2.200.37:8441/login' successfully&#xD;
&#xD;
2019-10-11 16:19:23 - [TEST_STEP][PASSED] - maximizeWindow(): Current window maximized&#xD;
&#xD;
2019-10-11 16:19:24 - [MESSAGE][PASSED] - Current window maximized&#xD;
&#xD;
2019-10-11 16:19:24 - [TEST_STEP][PASSED] - setText(findTestObject("Object Repository/Login_OR/Wrong_Password_ShouldgiveError/input_Sign in_mat-input-0"), employee_login_name): Text 'temployee' is set on object 'Object Repository/Login_OR/Wrong_Password_ShouldgiveError/input_Sign in_mat-input-0'&#xD;
&#xD;
2019-10-11 16:19:24 - [MESSAGE][PASSED] - Text 'temployee' is set on object 'Object Repository/Login_OR/Wrong_Password_ShouldgiveError/input_Sign in_mat-input-0'&#xD;
&#xD;
2019-10-11 16:19:24 - [TEST_STEP][PASSED] - setEncryptedText(findTestObject("Object Repository/Login_OR/Wrong_Password_ShouldgiveError/input_Username_mat-input-1"), wrong_password): Text ****** has been set on object 'Object Repository/Login_OR/Wrong_Password_ShouldgiveError/input_Username_mat-input-1'&#xD;
&#xD;
2019-10-11 16:19:24 - [MESSAGE][PASSED] - Text ****** has been set on object 'Object Repository/Login_OR/Wrong_Password_ShouldgiveError/input_Username_mat-input-1'&#xD;
&#xD;
2019-10-11 16:19:24 - [TEST_STEP][PASSED] - click(findTestObject("Object Repository/Login_OR/Wrong_Password_ShouldgiveError/button_Login")): Object: 'Object Repository/Login_OR/Wrong_Password_ShouldgiveError/button_Login' is clicked on&#xD;
&#xD;
2019-10-11 16:19:24 - [MESSAGE][PASSED] - Object: 'Object Repository/Login_OR/Wrong_Password_ShouldgiveError/button_Login' is clicked on&#xD;
&#xD;
2019-10-11 16:19:24 - [TEST_STEP][PASSED] - delay(1): Delayed 1 second(s)&#xD;
&#xD;
2019-10-11 16:19:25 - [MESSAGE][PASSED] - Delayed 1 second(s)&#xD;
&#xD;
2019-10-11 16:19:25 - [TEST_STEP][FAILED] - verifyTextPresent(" Invalid password ", false): Unable to verify text ' Invalid password ' is present  (Root cause: com.kms.katalon.core.exception.StepFailedException: Unable to verify text ' Invalid password ' is present &#xD;
	at com.kms.katalon.core.webui.keyword.internal.WebUIKeywordMain.stepFailed(WebUIKeywordMain.groovy:64)&#xD;
	at com.kms.katalon.core.webui.keyword.internal.WebUIKeywordMain.runKeyword(WebUIKeywordMain.groovy:26)&#xD;
	at com.kms.katalon.core.webui.keyword.builtin.VerifyTextPresentKeyword.verifyTextPresent(VerifyTextPresentKeyword.groovy:83)&#xD;
	at com.kms.katalon.core.webui.keyword.builtin.VerifyTextPresentKeyword.execute(VerifyTextPresentKeyword.groovy:68)&#xD;
	at com.kms.katalon.core.keyword.internal.KeywordExecutor.executeKeywordForPlatform(KeywordExecutor.groovy:56)&#xD;
	at com.kms.katalon.core.webui.keyword.WebUiBuiltInKeywords.verifyTextPresent(WebUiBuiltInKeywords.groovy:1693)&#xD;
	at com.kms.katalon.core.webui.keyword.WebUiBuiltInKeywords$verifyTextPresent$6.call(Unknown Source)&#xD;
	at Wrong_Password_ShouldgiveError.run(Wrong_Password_ShouldgiveError:31)&#xD;
	at com.kms.katalon.core.main.ScriptEngine.run(ScriptEngine.java:194)&#xD;
	at com.kms.katalon.core.main.ScriptEngine.runScriptAsRawText(ScriptEngine.java:119)&#xD;
	at com.kms.katalon.core.main.TestCaseExecutor.runScript(TestCaseExecutor.java:337)&#xD;
	at com.kms.katalon.core.main.TestCaseExecutor.doExecute(TestCaseExecutor.java:328)&#xD;
	at com.kms.katalon.core.main.TestCaseExecutor.processExecutionPhase(TestCaseExecutor.java:307)&#xD;
	at com.kms.katalon.core.main.TestCaseExecutor.accessMainPhase(TestCaseExecutor.java:299)&#xD;
	at com.kms.katalon.core.main.TestCaseExecutor.execute(TestCaseExecutor.java:233)&#xD;
	at com.kms.katalon.core.main.TestCaseMain.runTestCase(TestCaseMain.java:114)&#xD;
	at com.kms.katalon.core.keyword.builtin.CallTestCaseKeyword$_callTestCase_closure1.doCall(CallTestCaseKeyword.groovy:59)&#xD;
	at com.kms.katalon.core.keyword.builtin.CallTestCaseKeyword$_callTestCase_closure1.call(CallTestCaseKeyword.groovy)&#xD;
	at com.kms.katalon.core.keyword.internal.KeywordMain.runKeyword(KeywordMain.groovy:68)&#xD;
	at com.kms.katalon.core.keyword.builtin.CallTestCaseKeyword.callTestCase(CallTestCaseKeyword.groovy:81)&#xD;
	at com.kms.katalon.core.keyword.builtin.CallTestCaseKeyword.execute(CallTestCaseKeyword.groovy:44)&#xD;
	at com.kms.katalon.core.keyword.internal.KeywordExecutor.executeKeywordForPlatform(KeywordExecutor.groovy:56)&#xD;
	at com.kms.katalon.core.keyword.BuiltinKeywords.callTestCase(BuiltinKeywords.groovy:334)&#xD;
	at Lock_an_emloyee.run(Lock_an_emloyee:19)&#xD;
	at com.kms.katalon.core.main.ScriptEngine.run(ScriptEngine.java:194)&#xD;
	at com.kms.katalon.core.main.ScriptEngine.runScriptAsRawText(ScriptEngine.java:119)&#xD;
	at com.kms.katalon.core.main.TestCaseExecutor.runScript(TestCaseExecutor.java:337)&#xD;
	at com.kms.katalon.core.main.TestCaseExecutor.doExecute(TestCaseExecutor.java:328)&#xD;
	at com.kms.katalon.core.main.TestCaseExecutor.processExecutionPhase(TestCaseExecutor.java:307)&#xD;
	at com.kms.katalon.core.main.TestCaseExecutor.accessMainPhase(TestCaseExecutor.java:299)&#xD;
	at com.kms.katalon.core.main.TestCaseExecutor.execute(TestCaseExecutor.java:233)&#xD;
	at com.kms.katalon.core.main.TestSuiteExecutor.accessTestCaseMainPhase(TestSuiteExecutor.java:133)&#xD;
	at com.kms.katalon.core.main.TestSuiteExecutor.accessTestSuiteMainPhase(TestSuiteExecutor.java:116)&#xD;
	at com.kms.katalon.core.main.TestSuiteExecutor.execute(TestSuiteExecutor.java:83)&#xD;
	at com.kms.katalon.core.main.TestCaseMain.startTestSuite(TestCaseMain.java:157)&#xD;
	at com.kms.katalon.core.main.TestCaseMain$startTestSuite$0.call(Unknown Source)&#xD;
	at TempTestSuite1570790696642.run(TempTestSuite1570790696642.groovy:35)&#xD;
Caused by: com.kms.katalon.core.exception.StepFailedException: Text ' Invalid password ' is not present on page &#xD;
	at com.kms.katalon.core.webui.keyword.internal.WebUIKeywordMain.stepFailed(WebUIKeywordMain.groovy:64)&#xD;
	at com.kms.katalon.core.webui.keyword.builtin.VerifyTextPresentKeyword$_verifyTextPresent_closure1.doCall(VerifyTextPresentKeyword.groovy:79)&#xD;
	at com.kms.katalon.core.webui.keyword.builtin.VerifyTextPresentKeyword$_verifyTextPresent_closure1.call(VerifyTextPresentKeyword.groovy)&#xD;
	at com.kms.katalon.core.webui.keyword.internal.WebUIKeywordMain.runKeyword(WebUIKeywordMain.groovy:20)&#xD;
	... 35 more&#xD;
)&#xD;
&#xD;
2019-10-11 16:19:25 - [MESSAGE][FAILED] - Text ' Invalid password ' is not present on page  (Root cause: com.kms.katalon.core.exception.StepFailedException: Text ' Invalid password ' is not present on page &#xD;
	at com.kms.katalon.core.webui.keyword.internal.WebUIKeywordMain.stepFailed(WebUIKeywordMain.groovy:64)&#xD;
	at com.kms.katalon.core.webui.keyword.builtin.VerifyTextPresentKeyword$_verifyTextPresent_closure1.doCall(VerifyTextPresentKeyword.groovy:79)&#xD;
	at com.kms.katalon.core.webui.keyword.builtin.VerifyTextPresentKeyword$_verifyTextPresent_closure1.call(VerifyTextPresentKeyword.groovy)&#xD;
	at com.kms.katalon.core.webui.keyword.internal.WebUIKeywordMain.runKeyword(WebUIKeywordMain.groovy:20)&#xD;
	at com.kms.katalon.core.webui.keyword.builtin.VerifyTextPresentKeyword.verifyTextPresent(VerifyTextPresentKeyword.groovy:83)&#xD;
	at com.kms.katalon.core.webui.keyword.builtin.VerifyTextPresentKeyword.execute(VerifyTextPresentKeyword.groovy:68)&#xD;
	at com.kms.katalon.core.keyword.internal.KeywordExecutor.executeKeywordForPlatform(KeywordExecutor.groovy:56)&#xD;
	at com.kms.katalon.core.webui.keyword.WebUiBuiltInKeywords.verifyTextPresent(WebUiBuiltInKeywords.groovy:1693)&#xD;
	at com.kms.katalon.core.webui.keyword.WebUiBuiltInKeywords$verifyTextPresent$6.call(Unknown Source)&#xD;
	at Wrong_Password_ShouldgiveError.run(Wrong_Password_ShouldgiveError:31)&#xD;
	at com.kms.katalon.core.main.ScriptEngine.run(ScriptEngine.java:194)&#xD;
	at com.kms.katalon.core.main.ScriptEngine.runScriptAsRawText(ScriptEngine.java:119)&#xD;
	at com.kms.katalon.core.main.TestCaseExecutor.runScript(TestCaseExecutor.java:337)&#xD;
	at com.kms.katalon.core.main.TestCaseExecutor.doExecute(TestCaseExecutor.java:328)&#xD;
	at com.kms.katalon.core.main.TestCaseExecutor.processExecutionPhase(TestCaseExecutor.java:307)&#xD;
	at com.kms.katalon.core.main.TestCaseExecutor.accessMainPhase(TestCaseExecutor.java:299)&#xD;
	at com.kms.katalon.core.main.TestCaseExecutor.execute(TestCaseExecutor.java:233)&#xD;
	at com.kms.katalon.core.main.TestCaseMain.runTestCase(TestCaseMain.java:114)&#xD;
	at com.kms.katalon.core.keyword.builtin.CallTestCaseKeyword$_callTestCase_closure1.doCall(CallTestCaseKeyword.groovy:59)&#xD;
	at com.kms.katalon.core.keyword.builtin.CallTestCaseKeyword$_callTestCase_closure1.call(CallTestCaseKeyword.groovy)&#xD;
	at com.kms.katalon.core.keyword.internal.KeywordMain.runKeyword(KeywordMain.groovy:68)&#xD;
	at com.kms.katalon.core.keyword.builtin.CallTestCaseKeyword.callTestCase(CallTestCaseKeyword.groovy:81)&#xD;
	at com.kms.katalon.core.keyword.builtin.CallTestCaseKeyword.execute(CallTestCaseKeyword.groovy:44)&#xD;
	at com.kms.katalon.core.keyword.internal.KeywordExecutor.executeKeywordForPlatform(KeywordExecutor.groovy:56)&#xD;
	at com.kms.katalon.core.keyword.BuiltinKeywords.callTestCase(BuiltinKeywords.groovy:334)&#xD;
	at Lock_an_emloyee.run(Lock_an_emloyee:19)&#xD;
	at com.kms.katalon.core.main.ScriptEngine.run(ScriptEngine.java:194)&#xD;
	at com.kms.katalon.core.main.ScriptEngine.runScriptAsRawText(ScriptEngine.java:119)&#xD;
	at com.kms.katalon.core.main.TestCaseExecutor.runScript(TestCaseExecutor.java:337)&#xD;
	at com.kms.katalon.core.main.TestCaseExecutor.doExecute(TestCaseExecutor.java:328)&#xD;
	at com.kms.katalon.core.main.TestCaseExecutor.processExecutionPhase(TestCaseExecutor.java:307)&#xD;
	at com.kms.katalon.core.main.TestCaseExecutor.accessMainPhase(TestCaseExecutor.java:299)&#xD;
	at com.kms.katalon.core.main.TestCaseExecutor.execute(TestCaseExecutor.java:233)&#xD;
	at com.kms.katalon.core.main.TestSuiteExecutor.accessTestCaseMainPhase(TestSuiteExecutor.java:133)&#xD;
	at com.kms.katalon.core.main.TestSuiteExecutor.accessTestSuiteMainPhase(TestSuiteExecutor.java:116)&#xD;
	at com.kms.katalon.core.main.TestSuiteExecutor.execute(TestSuiteExecutor.java:83)&#xD;
	at com.kms.katalon.core.main.TestCaseMain.startTestSuite(TestCaseMain.java:157)&#xD;
	at com.kms.katalon.core.main.TestCaseMain$startTestSuite$0.call(Unknown Source)&#xD;
	at TempTestSuite1570790696642.run(TempTestSuite1570790696642.groovy:35)&#xD;
)&#xD;
&#xD;
2019-10-11 16:19:25 - [MESSAGE][FAILED] - Unable to verify text ' Invalid password ' is present  (Root cause: com.kms.katalon.core.exception.StepFailedException: Unable to verify text ' Invalid password ' is present &#xD;
	at com.kms.katalon.core.webui.keyword.internal.WebUIKeywordMain.stepFailed(WebUIKeywordMain.groovy:64)&#xD;
	at com.kms.katalon.core.webui.keyword.internal.WebUIKeywordMain.runKeyword(WebUIKeywordMain.groovy:26)&#xD;
	at com.kms.katalon.core.webui.keyword.builtin.VerifyTextPresentKeyword.verifyTextPresent(VerifyTextPresentKeyword.groovy:83)&#xD;
	at com.kms.katalon.core.webui.keyword.builtin.VerifyTextPresentKeyword.execute(VerifyTextPresentKeyword.groovy:68)&#xD;
	at com.kms.katalon.core.keyword.internal.KeywordExecutor.executeKeywordForPlatform(KeywordExecutor.groovy:56)&#xD;
	at com.kms.katalon.core.webui.keyword.WebUiBuiltInKeywords.verifyTextPresent(WebUiBuiltInKeywords.groovy:1693)&#xD;
	at com.kms.katalon.core.webui.keyword.WebUiBuiltInKeywords$verifyTextPresent$6.call(Unknown Source)&#xD;
	at Wrong_Password_ShouldgiveError.run(Wrong_Password_ShouldgiveError:31)&#xD;
	at com.kms.katalon.core.main.ScriptEngine.run(ScriptEngine.java:194)&#xD;
	at com.kms.katalon.core.main.ScriptEngine.runScriptAsRawText(ScriptEngine.java:119)&#xD;
	at com.kms.katalon.core.main.TestCaseExecutor.runScript(TestCaseExecutor.java:337)&#xD;
	at com.kms.katalon.core.main.TestCaseExecutor.doExecute(TestCaseExecutor.java:328)&#xD;
	at com.kms.katalon.core.main.TestCaseExecutor.processExecutionPhase(TestCaseExecutor.java:307)&#xD;
	at com.kms.katalon.core.main.TestCaseExecutor.accessMainPhase(TestCaseExecutor.java:299)&#xD;
	at com.kms.katalon.core.main.TestCaseExecutor.execute(TestCaseExecutor.java:233)&#xD;
	at com.kms.katalon.core.main.TestCaseMain.runTestCase(TestCaseMain.java:114)&#xD;
	at com.kms.katalon.core.keyword.builtin.CallTestCaseKeyword$_callTestCase_closure1.doCall(CallTestCaseKeyword.groovy:59)&#xD;
	at com.kms.katalon.core.keyword.builtin.CallTestCaseKeyword$_callTestCase_closure1.call(CallTestCaseKeyword.groovy)&#xD;
	at com.kms.katalon.core.keyword.internal.KeywordMain.runKeyword(KeywordMain.groovy:68)&#xD;
	at com.kms.katalon.core.keyword.builtin.CallTestCaseKeyword.callTestCase(CallTestCaseKeyword.groovy:81)&#xD;
	at com.kms.katalon.core.keyword.builtin.CallTestCaseKeyword.execute(CallTestCaseKeyword.groovy:44)&#xD;
	at com.kms.katalon.core.keyword.internal.KeywordExecutor.executeKeywordForPlatform(KeywordExecutor.groovy:56)&#xD;
	at com.kms.katalon.core.keyword.BuiltinKeywords.callTestCase(BuiltinKeywords.groovy:334)&#xD;
	at Lock_an_emloyee.run(Lock_an_emloyee:19)&#xD;
	at com.kms.katalon.core.main.ScriptEngine.run(ScriptEngine.java:194)&#xD;
	at com.kms.katalon.core.main.ScriptEngine.runScriptAsRawText(ScriptEngine.java:119)&#xD;
	at com.kms.katalon.core.main.TestCaseExecutor.runScript(TestCaseExecutor.java:337)&#xD;
	at com.kms.katalon.core.main.TestCaseExecutor.doExecute(TestCaseExecutor.java:328)&#xD;
	at com.kms.katalon.core.main.TestCaseExecutor.processExecutionPhase(TestCaseExecutor.java:307)&#xD;
	at com.kms.katalon.core.main.TestCaseExecutor.accessMainPhase(TestCaseExecutor.java:299)&#xD;
	at com.kms.katalon.core.main.TestCaseExecutor.execute(TestCaseExecutor.java:233)&#xD;
	at com.kms.katalon.core.main.TestSuiteExecutor.accessTestCaseMainPhase(TestSuiteExecutor.java:133)&#xD;
	at com.kms.katalon.core.main.TestSuiteExecutor.accessTestSuiteMainPhase(TestSuiteExecutor.java:116)&#xD;
	at com.kms.katalon.core.main.TestSuiteExecutor.execute(TestSuiteExecutor.java:83)&#xD;
	at com.kms.katalon.core.main.TestCaseMain.startTestSuite(TestCaseMain.java:157)&#xD;
	at com.kms.katalon.core.main.TestCaseMain$startTestSuite$0.call(Unknown Source)&#xD;
	at TempTestSuite1570790696642.run(TempTestSuite1570790696642.groovy:35)&#xD;
Caused by: com.kms.katalon.core.exception.StepFailedException: Text ' Invalid password ' is not present on page &#xD;
	at com.kms.katalon.core.webui.keyword.internal.WebUIKeywordMain.stepFailed(WebUIKeywordMain.groovy:64)&#xD;
	at com.kms.katalon.core.webui.keyword.builtin.VerifyTextPresentKeyword$_verifyTextPresent_closure1.doCall(VerifyTextPresentKeyword.groovy:79)&#xD;
	at com.kms.katalon.core.webui.keyword.builtin.VerifyTextPresentKeyword$_verifyTextPresent_closure1.call(VerifyTextPresentKeyword.groovy)&#xD;
	at com.kms.katalon.core.webui.keyword.internal.WebUIKeywordMain.runKeyword(WebUIKeywordMain.groovy:20)&#xD;
	... 35 more&#xD;
)&#xD;
[[ATTACHMENT|C:\\Users\\vinayaka.prabhu\\Katalon Studio\\Unified_Wallet_UI_Test\\Reports\\Complete_Wallet_UI\\Complete_Wallet_UI\\20191011_161456\\1570790965524.png]]&#xD;
&#xD;
2019-10-11 16:19:25 - [MESSAGE][WARNING] - Unable to call Test Case 'Test Cases/Login/Wrong_Password_ShouldgiveError' (Root cause: com.kms.katalon.core.exception.StepFailedException: Call Test Case 'Test Cases/Login/Wrong_Password_ShouldgiveError' failed&#xD;
	at com.kms.katalon.core.keyword.builtin.CallTestCaseKeyword$_callTestCase_closure1.doCall(CallTestCaseKeyword.groovy:63)&#xD;
	at com.kms.katalon.core.keyword.builtin.CallTestCaseKeyword$_callTestCase_closure1.call(CallTestCaseKeyword.groovy)&#xD;
	at com.kms.katalon.core.keyword.internal.KeywordMain.runKeyword(KeywordMain.groovy:68)&#xD;
	at com.kms.katalon.core.keyword.builtin.CallTestCaseKeyword.callTestCase(CallTestCaseKeyword.groovy:81)&#xD;
	at com.kms.katalon.core.keyword.builtin.CallTestCaseKeyword.execute(CallTestCaseKeyword.groovy:44)&#xD;
	at com.kms.katalon.core.keyword.internal.KeywordExecutor.executeKeywordForPlatform(KeywordExecutor.groovy:56)&#xD;
	at com.kms.katalon.core.keyword.BuiltinKeywords.callTestCase(BuiltinKeywords.groovy:334)&#xD;
	at Lock_an_emloyee.run(Lock_an_emloyee:19)&#xD;
	at com.kms.katalon.core.main.ScriptEngine.run(ScriptEngine.java:194)&#xD;
	at com.kms.katalon.core.main.ScriptEngine.runScriptAsRawText(ScriptEngine.java:119)&#xD;
	at com.kms.katalon.core.main.TestCaseExecutor.runScript(TestCaseExecutor.java:337)&#xD;
	at com.kms.katalon.core.main.TestCaseExecutor.doExecute(TestCaseExecutor.java:328)&#xD;
	at com.kms.katalon.core.main.TestCaseExecutor.processExecutionPhase(TestCaseExecutor.java:307)&#xD;
	at com.kms.katalon.core.main.TestCaseExecutor.accessMainPhase(TestCaseExecutor.java:299)&#xD;
	at com.kms.katalon.core.main.TestCaseExecutor.execute(TestCaseExecutor.java:233)&#xD;
	at com.kms.katalon.core.main.TestSuiteExecutor.accessTestCaseMainPhase(TestSuiteExecutor.java:133)&#xD;
	at com.kms.katalon.core.main.TestSuiteExecutor.accessTestSuiteMainPhase(TestSuiteExecutor.java:116)&#xD;
	at com.kms.katalon.core.main.TestSuiteExecutor.execute(TestSuiteExecutor.java:83)&#xD;
	at com.kms.katalon.core.main.TestCaseMain.startTestSuite(TestCaseMain.java:157)&#xD;
	at com.kms.katalon.core.main.TestCaseMain$startTestSuite$0.call(Unknown Source)&#xD;
	at TempTestSuite1570790696642.run(TempTestSuite1570790696642.groovy:35)&#xD;
Caused by: com.kms.katalon.core.exception.StepFailedException: Unable to verify text ' Invalid password ' is present &#xD;
	at com.kms.katalon.core.webui.keyword.internal.WebUIKeywordMain.stepFailed(WebUIKeywordMain.groovy:64)&#xD;
	at com.kms.katalon.core.webui.keyword.internal.WebUIKeywordMain.runKeyword(WebUIKeywordMain.groovy:26)&#xD;
	at com.kms.katalon.core.webui.keyword.builtin.VerifyTextPresentKeyword.verifyTextPresent(VerifyTextPresentKeyword.groovy:83)&#xD;
	at com.kms.katalon.core.webui.keyword.builtin.VerifyTextPresentKeyword.execute(VerifyTextPresentKeyword.groovy:68)&#xD;
	at com.kms.katalon.core.keyword.internal.KeywordExecutor.executeKeywordForPlatform(KeywordExecutor.groovy:56)&#xD;
	at com.kms.katalon.core.webui.keyword.WebUiBuiltInKeywords.verifyTextPresent(WebUiBuiltInKeywords.groovy:1693)&#xD;
	at com.kms.katalon.core.webui.keyword.WebUiBuiltInKeywords$verifyTextPresent$6.call(Unknown Source)&#xD;
	at Wrong_Password_ShouldgiveError.run(Wrong_Password_ShouldgiveError:31)&#xD;
	at com.kms.katalon.core.main.ScriptEngine.run(ScriptEngine.java:194)&#xD;
	at com.kms.katalon.core.main.ScriptEngine.runScriptAsRawText(ScriptEngine.java:119)&#xD;
	at com.kms.katalon.core.main.TestCaseExecutor.runScript(TestCaseExecutor.java:337)&#xD;
	at com.kms.katalon.core.main.TestCaseExecutor.doExecute(TestCaseExecutor.java:328)&#xD;
	at com.kms.katalon.core.main.TestCaseExecutor.processExecutionPhase(TestCaseExecutor.java:307)&#xD;
	at com.kms.katalon.core.main.TestCaseExecutor.accessMainPhase(TestCaseExecutor.java:299)&#xD;
	at com.kms.katalon.core.main.TestCaseExecutor.execute(TestCaseExecutor.java:233)&#xD;
	at com.kms.katalon.core.main.TestCaseMain.runTestCase(TestCaseMain.java:114)&#xD;
	at com.kms.katalon.core.keyword.builtin.CallTestCaseKeyword$_callTestCase_closure1.doCall(CallTestCaseKeyword.groovy:59)&#xD;
	... 20 more&#xD;
Caused by: com.kms.katalon.core.exception.StepFailedException: Text ' Invalid password ' is not present on page &#xD;
	at com.kms.katalon.core.webui.keyword.internal.WebUIKeywordMain.stepFailed(WebUIKeywordMain.groovy:64)&#xD;
	at com.kms.katalon.core.webui.keyword.builtin.VerifyTextPresentKeyword$_verifyTextPresent_closure1.doCall(VerifyTextPresentKeyword.groovy:79)&#xD;
	at com.kms.katalon.core.webui.keyword.builtin.VerifyTextPresentKeyword$_verifyTextPresent_closure1.call(VerifyTextPresentKeyword.groovy)&#xD;
	at com.kms.katalon.core.webui.keyword.internal.WebUIKeywordMain.runKeyword(WebUIKeywordMain.groovy:20)&#xD;
	... 35 more&#xD;
)&#xD;
&#xD;
2019-10-11 16:19:25 - [TEST_STEP][PASSED] - openBrowser(""): Browser is opened with url: ''&#xD;
&#xD;
2019-10-11 16:19:25 - [MESSAGE][WARNING] - A browser is already opened. Closing browser and opening a new one&#xD;
&#xD;
2019-10-11 16:19:26 - [MESSAGE][INFO] - Starting 'Chrome' driver&#xD;
&#xD;
2019-10-11 16:19:29 - [MESSAGE][PASSED] - Browser is opened with url: ''&#xD;
&#xD;
2019-10-11 16:19:29 - [TEST_STEP][PASSED] - navigateToUrl(login_url): Navigate to 'https://10.2.200.37:8441/login' successfully&#xD;
&#xD;
2019-10-11 16:19:30 - [MESSAGE][PASSED] - Navigate to 'https://10.2.200.37:8441/login' successfully&#xD;
&#xD;
2019-10-11 16:19:30 - [TEST_STEP][PASSED] - setText(findTestObject("Object Repository/Login_OR/Employee_login_verify/input_Sign in_mat-input-0"), employee_login_name): Text 'temployee' is set on object 'Object Repository/Login_OR/Employee_login_verify/input_Sign in_mat-input-0'&#xD;
&#xD;
2019-10-11 16:19:30 - [MESSAGE][PASSED] - Text 'temployee' is set on object 'Object Repository/Login_OR/Employee_login_verify/input_Sign in_mat-input-0'&#xD;
&#xD;
2019-10-11 16:19:30 - [TEST_STEP][PASSED] - setEncryptedText(findTestObject("Object Repository/Login_OR/Employee_login_verify/input_Username_mat-input-1"), employee_resetPassword): Text ****** has been set on object 'Object Repository/Login_OR/Employee_login_verify/input_Username_mat-input-1'&#xD;
&#xD;
2019-10-11 16:19:30 - [MESSAGE][PASSED] - Text ****** has been set on object 'Object Repository/Login_OR/Employee_login_verify/input_Username_mat-input-1'&#xD;
&#xD;
2019-10-11 16:19:30 - [TEST_STEP][PASSED] - click(findTestObject("Object Repository/Login_OR/Employee_login_verify/button_Login")): Object: 'Object Repository/Login_OR/Employee_login_verify/button_Login' is clicked on&#xD;
&#xD;
2019-10-11 16:19:30 - [MESSAGE][PASSED] - Object: 'Object Repository/Login_OR/Employee_login_verify/button_Login' is clicked on&#xD;
&#xD;
2019-10-11 16:19:30 - [TEST_STEP][FAILED] - verifyTextPresent("User account is locked", false): Unable to verify text 'User account is locked' is present  (Root cause: com.kms.katalon.core.exception.StepFailedException: Unable to verify text 'User account is locked' is present &#xD;
	at com.kms.katalon.core.webui.keyword.internal.WebUIKeywordMain.stepFailed(WebUIKeywordMain.groovy:64)&#xD;
	at com.kms.katalon.core.webui.keyword.internal.WebUIKeywordMain.runKeyword(WebUIKeywordMain.groovy:26)&#xD;
	at com.kms.katalon.core.webui.keyword.builtin.VerifyTextPresentKeyword.verifyTextPresent(VerifyTextPresentKeyword.groovy:83)&#xD;
	at com.kms.katalon.core.webui.keyword.builtin.VerifyTextPresentKeyword.execute(VerifyTextPresentKeyword.groovy:68)&#xD;
	at com.kms.katalon.core.keyword.internal.KeywordExecutor.executeKeywordForPlatform(KeywordExecutor.groovy:56)&#xD;
	at com.kms.katalon.core.webui.keyword.WebUiBuiltInKeywords.verifyTextPresent(WebUiBuiltInKeywords.groovy:1693)&#xD;
	at com.kms.katalon.core.webui.keyword.WebUiBuiltInKeywords$verifyTextPresent$6.call(Unknown Source)&#xD;
	at Lock_an_emloyee.run(Lock_an_emloyee:32)&#xD;
	at com.kms.katalon.core.main.ScriptEngine.run(ScriptEngine.java:194)&#xD;
	at com.kms.katalon.core.main.ScriptEngine.runScriptAsRawText(ScriptEngine.java:119)&#xD;
	at com.kms.katalon.core.main.TestCaseExecutor.runScript(TestCaseExecutor.java:337)&#xD;
	at com.kms.katalon.core.main.TestCaseExecutor.doExecute(TestCaseExecutor.java:328)&#xD;
	at com.kms.katalon.core.main.TestCaseExecutor.processExecutionPhase(TestCaseExecutor.java:307)&#xD;
	at com.kms.katalon.core.main.TestCaseExecutor.accessMainPhase(TestCaseExecutor.java:299)&#xD;
	at com.kms.katalon.core.main.TestCaseExecutor.execute(TestCaseExecutor.java:233)&#xD;
	at com.kms.katalon.core.main.TestSuiteExecutor.accessTestCaseMainPhase(TestSuiteExecutor.java:133)&#xD;
	at com.kms.katalon.core.main.TestSuiteExecutor.accessTestSuiteMainPhase(TestSuiteExecutor.java:116)&#xD;
	at com.kms.katalon.core.main.TestSuiteExecutor.execute(TestSuiteExecutor.java:83)&#xD;
	at com.kms.katalon.core.main.TestCaseMain.startTestSuite(TestCaseMain.java:157)&#xD;
	at com.kms.katalon.core.main.TestCaseMain$startTestSuite$0.call(Unknown Source)&#xD;
	at TempTestSuite1570790696642.run(TempTestSuite1570790696642.groovy:35)&#xD;
Caused by: com.kms.katalon.core.exception.StepFailedException: Text 'User account is locked' is not present on page &#xD;
	at com.kms.katalon.core.webui.keyword.internal.WebUIKeywordMain.stepFailed(WebUIKeywordMain.groovy:64)&#xD;
	at com.kms.katalon.core.webui.keyword.builtin.VerifyTextPresentKeyword$_verifyTextPresent_closure1.doCall(VerifyTextPresentKeyword.groovy:79)&#xD;
	at com.kms.katalon.core.webui.keyword.builtin.VerifyTextPresentKeyword$_verifyTextPresent_closure1.call(VerifyTextPresentKeyword.groovy)&#xD;
	at com.kms.katalon.core.webui.keyword.internal.WebUIKeywordMain.runKeyword(WebUIKeywordMain.groovy:20)&#xD;
	... 19 more&#xD;
)&#xD;
&#xD;
2019-10-11 16:19:30 - [MESSAGE][FAILED] - Text 'User account is locked' is not present on page  (Root cause: com.kms.katalon.core.exception.StepFailedException: Text 'User account is locked' is not present on page &#xD;
	at com.kms.katalon.core.webui.keyword.internal.WebUIKeywordMain.stepFailed(WebUIKeywordMain.groovy:64)&#xD;
	at com.kms.katalon.core.webui.keyword.builtin.VerifyTextPresentKeyword$_verifyTextPresent_closure1.doCall(VerifyTextPresentKeyword.groovy:79)&#xD;
	at com.kms.katalon.core.webui.keyword.builtin.VerifyTextPresentKeyword$_verifyTextPresent_closure1.call(VerifyTextPresentKeyword.groovy)&#xD;
	at com.kms.katalon.core.webui.keyword.internal.WebUIKeywordMain.runKeyword(WebUIKeywordMain.groovy:20)&#xD;
	at com.kms.katalon.core.webui.keyword.builtin.VerifyTextPresentKeyword.verifyTextPresent(VerifyTextPresentKeyword.groovy:83)&#xD;
	at com.kms.katalon.core.webui.keyword.builtin.VerifyTextPresentKeyword.execute(VerifyTextPresentKeyword.groovy:68)&#xD;
	at com.kms.katalon.core.keyword.internal.KeywordExecutor.executeKeywordForPlatform(KeywordExecutor.groovy:56)&#xD;
	at com.kms.katalon.core.webui.keyword.WebUiBuiltInKeywords.verifyTextPresent(WebUiBuiltInKeywords.groovy:1693)&#xD;
	at com.kms.katalon.core.webui.keyword.WebUiBuiltInKeywords$verifyTextPresent$6.call(Unknown Source)&#xD;
	at Lock_an_emloyee.run(Lock_an_emloyee:32)&#xD;
	at com.kms.katalon.core.main.ScriptEngine.run(ScriptEngine.java:194)&#xD;
	at com.kms.katalon.core.main.ScriptEngine.runScriptAsRawText(ScriptEngine.java:119)&#xD;
	at com.kms.katalon.core.main.TestCaseExecutor.runScript(TestCaseExecutor.java:337)&#xD;
	at com.kms.katalon.core.main.TestCaseExecutor.doExecute(TestCaseExecutor.java:328)&#xD;
	at com.kms.katalon.core.main.TestCaseExecutor.processExecutionPhase(TestCaseExecutor.java:307)&#xD;
	at com.kms.katalon.core.main.TestCaseExecutor.accessMainPhase(TestCaseExecutor.java:299)&#xD;
	at com.kms.katalon.core.main.TestCaseExecutor.execute(TestCaseExecutor.java:233)&#xD;
	at com.kms.katalon.core.main.TestSuiteExecutor.accessTestCaseMainPhase(TestSuiteExecutor.java:133)&#xD;
	at com.kms.katalon.core.main.TestSuiteExecutor.accessTestSuiteMainPhase(TestSuiteExecutor.java:116)&#xD;
	at com.kms.katalon.core.main.TestSuiteExecutor.execute(TestSuiteExecutor.java:83)&#xD;
	at com.kms.katalon.core.main.TestCaseMain.startTestSuite(TestCaseMain.java:157)&#xD;
	at com.kms.katalon.core.main.TestCaseMain$startTestSuite$0.call(Unknown Source)&#xD;
	at TempTestSuite1570790696642.run(TempTestSuite1570790696642.groovy:35)&#xD;
)&#xD;
&#xD;
2019-10-11 16:19:30 - [MESSAGE][FAILED] - Unable to verify text 'User account is locked' is present  (Root cause: com.kms.katalon.core.exception.StepFailedException: Unable to verify text 'User account is locked' is present &#xD;
	at com.kms.katalon.core.webui.keyword.internal.WebUIKeywordMain.stepFailed(WebUIKeywordMain.groovy:64)&#xD;
	at com.kms.katalon.core.webui.keyword.internal.WebUIKeywordMain.runKeyword(WebUIKeywordMain.groovy:26)&#xD;
	at com.kms.katalon.core.webui.keyword.builtin.VerifyTextPresentKeyword.verifyTextPresent(VerifyTextPresentKeyword.groovy:83)&#xD;
	at com.kms.katalon.core.webui.keyword.builtin.VerifyTextPresentKeyword.execute(VerifyTextPresentKeyword.groovy:68)&#xD;
	at com.kms.katalon.core.keyword.internal.KeywordExecutor.executeKeywordForPlatform(KeywordExecutor.groovy:56)&#xD;
	at com.kms.katalon.core.webui.keyword.WebUiBuiltInKeywords.verifyTextPresent(WebUiBuiltInKeywords.groovy:1693)&#xD;
	at com.kms.katalon.core.webui.keyword.WebUiBuiltInKeywords$verifyTextPresent$6.call(Unknown Source)&#xD;
	at Lock_an_emloyee.run(Lock_an_emloyee:32)&#xD;
	at com.kms.katalon.core.main.ScriptEngine.run(ScriptEngine.java:194)&#xD;
	at com.kms.katalon.core.main.ScriptEngine.runScriptAsRawText(ScriptEngine.java:119)&#xD;
	at com.kms.katalon.core.main.TestCaseExecutor.runScript(TestCaseExecutor.java:337)&#xD;
	at com.kms.katalon.core.main.TestCaseExecutor.doExecute(TestCaseExecutor.java:328)&#xD;
	at com.kms.katalon.core.main.TestCaseExecutor.processExecutionPhase(TestCaseExecutor.java:307)&#xD;
	at com.kms.katalon.core.main.TestCaseExecutor.accessMainPhase(TestCaseExecutor.java:299)&#xD;
	at com.kms.katalon.core.main.TestCaseExecutor.execute(TestCaseExecutor.java:233)&#xD;
	at com.kms.katalon.core.main.TestSuiteExecutor.accessTestCaseMainPhase(TestSuiteExecutor.java:133)&#xD;
	at com.kms.katalon.core.main.TestSuiteExecutor.accessTestSuiteMainPhase(TestSuiteExecutor.java:116)&#xD;
	at com.kms.katalon.core.main.TestSuiteExecutor.execute(TestSuiteExecutor.java:83)&#xD;
	at com.kms.katalon.core.main.TestCaseMain.startTestSuite(TestCaseMain.java:157)&#xD;
	at com.kms.katalon.core.main.TestCaseMain$startTestSuite$0.call(Unknown Source)&#xD;
	at TempTestSuite1570790696642.run(TempTestSuite1570790696642.groovy:35)&#xD;
Caused by: com.kms.katalon.core.exception.StepFailedException: Text 'User account is locked' is not present on page &#xD;
	at com.kms.katalon.core.webui.keyword.internal.WebUIKeywordMain.stepFailed(WebUIKeywordMain.groovy:64)&#xD;
	at com.kms.katalon.core.webui.keyword.builtin.VerifyTextPresentKeyword$_verifyTextPresent_closure1.doCall(VerifyTextPresentKeyword.groovy:79)&#xD;
	at com.kms.katalon.core.webui.keyword.builtin.VerifyTextPresentKeyword$_verifyTextPresent_closure1.call(VerifyTextPresentKeyword.groovy)&#xD;
	at com.kms.katalon.core.webui.keyword.internal.WebUIKeywordMain.runKeyword(WebUIKeywordMain.groovy:20)&#xD;
	... 19 more&#xD;
)&#xD;
[[ATTACHMENT|C:\\Users\\vinayaka.prabhu\\Katalon Studio\\Unified_Wallet_UI_Test\\Reports\\Complete_Wallet_UI\\Complete_Wallet_UI\\20191011_161456\\1570790970567.png]]</system-out>
            <system-err>2019-10-11 16:18:56 - [TEST_CASE][FAILED] - Test Cases/Login/Lock_an_emloyee: Test Cases/Login/Lock_an_emloyee FAILED.
Reason:
com.kms.katalon.core.exception.StepFailedException: Unable to verify text 'User account is locked' is present &#xD;
	at com.kms.katalon.core.webui.keyword.internal.WebUIKeywordMain.stepFailed(WebUIKeywordMain.groovy:64)&#xD;
	at com.kms.katalon.core.webui.keyword.internal.WebUIKeywordMain.runKeyword(WebUIKeywordMain.groovy:26)&#xD;
	at com.kms.katalon.core.webui.keyword.builtin.VerifyTextPresentKeyword.verifyTextPresent(VerifyTextPresentKeyword.groovy:83)&#xD;
	at com.kms.katalon.core.webui.keyword.builtin.VerifyTextPresentKeyword.execute(VerifyTextPresentKeyword.groovy:68)&#xD;
	at com.kms.katalon.core.keyword.internal.KeywordExecutor.executeKeywordForPlatform(KeywordExecutor.groovy:56)&#xD;
	at com.kms.katalon.core.webui.keyword.WebUiBuiltInKeywords.verifyTextPresent(WebUiBuiltInKeywords.groovy:1693)&#xD;
	at com.kms.katalon.core.webui.keyword.WebUiBuiltInKeywords$verifyTextPresent$6.call(Unknown Source)&#xD;
	at Lock_an_emloyee.run(Lock_an_emloyee:32)&#xD;
	at com.kms.katalon.core.main.ScriptEngine.run(ScriptEngine.java:194)&#xD;
	at com.kms.katalon.core.main.ScriptEngine.runScriptAsRawText(ScriptEngine.java:119)&#xD;
	at com.kms.katalon.core.main.TestCaseExecutor.runScript(TestCaseExecutor.java:337)&#xD;
	at com.kms.katalon.core.main.TestCaseExecutor.doExecute(TestCaseExecutor.java:328)&#xD;
	at com.kms.katalon.core.main.TestCaseExecutor.processExecutionPhase(TestCaseExecutor.java:307)&#xD;
	at com.kms.katalon.core.main.TestCaseExecutor.accessMainPhase(TestCaseExecutor.java:299)&#xD;
	at com.kms.katalon.core.main.TestCaseExecutor.execute(TestCaseExecutor.java:233)&#xD;
	at com.kms.katalon.core.main.TestSuiteExecutor.accessTestCaseMainPhase(TestSuiteExecutor.java:133)&#xD;
	at com.kms.katalon.core.main.TestSuiteExecutor.accessTestSuiteMainPhase(TestSuiteExecutor.java:116)&#xD;
	at com.kms.katalon.core.main.TestSuiteExecutor.execute(TestSuiteExecutor.java:83)&#xD;
	at com.kms.katalon.core.main.TestCaseMain.startTestSuite(TestCaseMain.java:157)&#xD;
	at com.kms.katalon.core.main.TestCaseMain$startTestSuite$0.call(Unknown Source)&#xD;
	at TempTestSuite1570790696642.run(TempTestSuite1570790696642.groovy:35)&#xD;
Caused by: com.kms.katalon.core.exception.StepFailedException: Text 'User account is locked' is not present on page &#xD;
	at com.kms.katalon.core.webui.keyword.internal.WebUIKeywordMain.stepFailed(WebUIKeywordMain.groovy:64)&#xD;
	at com.kms.katalon.core.webui.keyword.builtin.VerifyTextPresentKeyword$_verifyTextPresent_closure1.doCall(VerifyTextPresentKeyword.groovy:79)&#xD;
	at com.kms.katalon.core.webui.keyword.builtin.VerifyTextPresentKeyword$_verifyTextPresent_closure1.call(VerifyTextPresentKeyword.groovy)&#xD;
	at com.kms.katalon.core.webui.keyword.internal.WebUIKeywordMain.runKeyword(WebUIKeywordMain.groovy:20)&#xD;
	... 19 more</system-err>
        </testcase>
        <testcase name="Test Cases/Login/Employee_Inactive_Login_ShouldGiveErrorMessage" classname="Test Cases/Login/Employee_Inactive_Login_ShouldGiveErrorMessage" status="FAILED">
            <failure type="FAILED" message="Test Cases/Login/Employee_Inactive_Login_ShouldGiveErrorMessage FAILED.&#xA;Reason:&#xA;com.kms.katalon.core.exception.StepFailedException: Unable to verify text 'User is inactive ' is present &#xD;&#xA;&#x9;at com.kms.katalon.core.webui.keyword.internal.WebUIKeywordMain.stepFailed(WebUIKeywordMain.groovy:64)&#xD;&#xA;&#x9;at com.kms.katalon.core.webui.keyword.internal.WebUIKeywordMain.runKeyword(WebUIKeywordMain.groovy:26)&#xD;&#xA;&#x9;at com.kms.katalon.core.webui.keyword.builtin.VerifyTextPresentKeyword.verifyTextPresent(VerifyTextPresentKeyword.groovy:83)&#xD;&#xA;&#x9;at com.kms.katalon.core.webui.keyword.builtin.VerifyTextPresentKeyword.execute(VerifyTextPresentKeyword.groovy:68)&#xD;&#xA;&#x9;at com.kms.katalon.core.keyword.internal.KeywordExecutor.executeKeywordForPlatform(KeywordExecutor.groovy:56)&#xD;&#xA;&#x9;at com.kms.katalon.core.webui.keyword.WebUiBuiltInKeywords.verifyTextPresent(WebUiBuiltInKeywords.groovy:1693)&#xD;&#xA;&#x9;at com.kms.katalon.core.webui.keyword.WebUiBuiltInKeywords$verifyTextPresent$6.call(Unknown Source)&#xD;&#xA;&#x9;at Employee_Inactive_Login_ShouldGiveErrorMessage.run(Employee_Inactive_Login_ShouldGiveErrorMessage:32)&#xD;&#xA;&#x9;at com.kms.katalon.core.main.ScriptEngine.run(ScriptEngine.java:194)&#xD;&#xA;&#x9;at com.kms.katalon.core.main.ScriptEngine.runScriptAsRawText(ScriptEngine.java:119)&#xD;&#xA;&#x9;at com.kms.katalon.core.main.TestCaseExecutor.runScript(TestCaseExecutor.java:337)&#xD;&#xA;&#x9;at com.kms.katalon.core.main.TestCaseExecutor.doExecute(TestCaseExecutor.java:328)&#xD;&#xA;&#x9;at com.kms.katalon.core.main.TestCaseExecutor.processExecutionPhase(TestCaseExecutor.java:307)&#xD;&#xA;&#x9;at com.kms.katalon.core.main.TestCaseExecutor.accessMainPhase(TestCaseExecutor.java:299)&#xD;&#xA;&#x9;at com.kms.katalon.core.main.TestCaseExecutor.execute(TestCaseExecutor.java:233)&#xD;&#xA;&#x9;at com.kms.katalon.core.main.TestSuiteExecutor.accessTestCaseMainPhase(TestSuiteExecutor.java:133)&#xD;&#xA;&#x9;at com.kms.katalon.core.main.TestSuiteExecutor.accessTestSuiteMainPhase(TestSuiteExecutor.java:116)&#xD;&#xA;&#x9;at com.kms.katalon.core.main.TestSuiteExecutor.execute(TestSuiteExecutor.java:83)&#xD;&#xA;&#x9;at com.kms.katalon.core.main.TestCaseMain.startTestSuite(TestCaseMain.java:157)&#xD;&#xA;&#x9;at com.kms.katalon.core.main.TestCaseMain$startTestSuite$0.call(Unknown Source)&#xD;&#xA;&#x9;at TempTestSuite1570790696642.run(TempTestSuite1570790696642.groovy:35)&#xD;&#xA;Caused by: com.kms.katalon.core.exception.StepFailedException: Text 'User is inactive ' is not present on page &#xD;&#xA;&#x9;at com.kms.katalon.core.webui.keyword.internal.WebUIKeywordMain.stepFailed(WebUIKeywordMain.groovy:64)&#xD;&#xA;&#x9;at com.kms.katalon.core.webui.keyword.builtin.VerifyTextPresentKeyword$_verifyTextPresent_closure1.doCall(VerifyTextPresentKeyword.groovy:79)&#xD;&#xA;&#x9;at com.kms.katalon.core.webui.keyword.builtin.VerifyTextPresentKeyword$_verifyTextPresent_closure1.call(VerifyTextPresentKeyword.groovy)&#xD;&#xA;&#x9;at com.kms.katalon.core.webui.keyword.internal.WebUIKeywordMain.runKeyword(WebUIKeywordMain.groovy:20)&#xD;&#xA;&#x9;... 19 more&#xD;&#xA;"/>
            <system-out>2019-10-11 16:19:30 - [TEST_CASE][FAILED] - Test Cases/Login/Employee_Inactive_Login_ShouldGiveErrorMessage: Test Cases/Login/Employee_Inactive_Login_ShouldGiveErrorMessage FAILED.
Reason:
com.kms.katalon.core.exception.StepFailedException: Unable to verify text 'User is inactive ' is present &#xD;
	at com.kms.katalon.core.webui.keyword.internal.WebUIKeywordMain.stepFailed(WebUIKeywordMain.groovy:64)&#xD;
	at com.kms.katalon.core.webui.keyword.internal.WebUIKeywordMain.runKeyword(WebUIKeywordMain.groovy:26)&#xD;
	at com.kms.katalon.core.webui.keyword.builtin.VerifyTextPresentKeyword.verifyTextPresent(VerifyTextPresentKeyword.groovy:83)&#xD;
	at com.kms.katalon.core.webui.keyword.builtin.VerifyTextPresentKeyword.execute(VerifyTextPresentKeyword.groovy:68)&#xD;
	at com.kms.katalon.core.keyword.internal.KeywordExecutor.executeKeywordForPlatform(KeywordExecutor.groovy:56)&#xD;
	at com.kms.katalon.core.webui.keyword.WebUiBuiltInKeywords.verifyTextPresent(WebUiBuiltInKeywords.groovy:1693)&#xD;
	at com.kms.katalon.core.webui.keyword.WebUiBuiltInKeywords$verifyTextPresent$6.call(Unknown Source)&#xD;
	at Employee_Inactive_Login_ShouldGiveErrorMessage.run(Employee_Inactive_Login_ShouldGiveErrorMessage:32)&#xD;
	at com.kms.katalon.core.main.ScriptEngine.run(ScriptEngine.java:194)&#xD;
	at com.kms.katalon.core.main.ScriptEngine.runScriptAsRawText(ScriptEngine.java:119)&#xD;
	at com.kms.katalon.core.main.TestCaseExecutor.runScript(TestCaseExecutor.java:337)&#xD;
	at com.kms.katalon.core.main.TestCaseExecutor.doExecute(TestCaseExecutor.java:328)&#xD;
	at com.kms.katalon.core.main.TestCaseExecutor.processExecutionPhase(TestCaseExecutor.java:307)&#xD;
	at com.kms.katalon.core.main.TestCaseExecutor.accessMainPhase(TestCaseExecutor.java:299)&#xD;
	at com.kms.katalon.core.main.TestCaseExecutor.execute(TestCaseExecutor.java:233)&#xD;
	at com.kms.katalon.core.main.TestSuiteExecutor.accessTestCaseMainPhase(TestSuiteExecutor.java:133)&#xD;
	at com.kms.katalon.core.main.TestSuiteExecutor.accessTestSuiteMainPhase(TestSuiteExecutor.java:116)&#xD;
	at com.kms.katalon.core.main.TestSuiteExecutor.execute(TestSuiteExecutor.java:83)&#xD;
	at com.kms.katalon.core.main.TestCaseMain.startTestSuite(TestCaseMain.java:157)&#xD;
	at com.kms.katalon.core.main.TestCaseMain$startTestSuite$0.call(Unknown Source)&#xD;
	at TempTestSuite1570790696642.run(TempTestSuite1570790696642.groovy:35)&#xD;
Caused by: com.kms.katalon.core.exception.StepFailedException: Text 'User is inactive ' is not present on page &#xD;
	at com.kms.katalon.core.webui.keyword.internal.WebUIKeywordMain.stepFailed(WebUIKeywordMain.groovy:64)&#xD;
	at com.kms.katalon.core.webui.keyword.builtin.VerifyTextPresentKeyword$_verifyTextPresent_closure1.doCall(VerifyTextPresentKeyword.groovy:79)&#xD;
	at com.kms.katalon.core.webui.keyword.builtin.VerifyTextPresentKeyword$_verifyTextPresent_closure1.call(VerifyTextPresentKeyword.groovy)&#xD;
	at com.kms.katalon.core.webui.keyword.internal.WebUIKeywordMain.runKeyword(WebUIKeywordMain.groovy:20)&#xD;
	... 19 more&#xD;
&#xD;
&#xD;
2019-10-11 16:19:30 - [TEST_STEP][PASSED] - openBrowser(""): Browser is opened with url: ''&#xD;
&#xD;
2019-10-11 16:19:30 - [MESSAGE][WARNING] - A browser is already opened. Closing browser and opening a new one&#xD;
&#xD;
2019-10-11 16:19:31 - [MESSAGE][INFO] - Starting 'Chrome' driver&#xD;
&#xD;
2019-10-11 16:19:34 - [MESSAGE][PASSED] - Browser is opened with url: ''&#xD;
&#xD;
2019-10-11 16:19:34 - [TEST_STEP][PASSED] - navigateToUrl(login_url): Navigate to 'https://10.2.200.37:8441/login' successfully&#xD;
&#xD;
2019-10-11 16:19:35 - [MESSAGE][PASSED] - Navigate to 'https://10.2.200.37:8441/login' successfully&#xD;
&#xD;
2019-10-11 16:19:35 - [TEST_STEP][PASSED] - maximizeWindow(): Current window maximized&#xD;
&#xD;
2019-10-11 16:19:36 - [MESSAGE][PASSED] - Current window maximized&#xD;
&#xD;
2019-10-11 16:19:36 - [TEST_STEP][PASSED] - setText(findTestObject("Object Repository/Login_OR/Employee_Inactive_Login_ShouldGiveErrormessage_OR/Page_Unified Wallet/input_Sign in_mat-input-0"), employee_login_name): Text 'temployee' is set on object 'Object Repository/Login_OR/Employee_Inactive_Login_ShouldGiveErrormessage_OR/Page_Unified Wallet/input_Sign in_mat-input-0'&#xD;
&#xD;
2019-10-11 16:19:36 - [MESSAGE][PASSED] - Text 'temployee' is set on object 'Object Repository/Login_OR/Employee_Inactive_Login_ShouldGiveErrormessage_OR/Page_Unified Wallet/input_Sign in_mat-input-0'&#xD;
&#xD;
2019-10-11 16:19:36 - [TEST_STEP][PASSED] - setEncryptedText(findTestObject("Object Repository/Login_OR/Employee_Inactive_Login_ShouldGiveErrormessage_OR/Page_Unified Wallet/input_Username_mat-input-1"), employee_new_password): Text ****** has been set on object 'Object Repository/Login_OR/Employee_Inactive_Login_ShouldGiveErrormessage_OR/Page_Unified Wallet/input_Username_mat-input-1'&#xD;
&#xD;
2019-10-11 16:19:36 - [MESSAGE][PASSED] - Text ****** has been set on object 'Object Repository/Login_OR/Employee_Inactive_Login_ShouldGiveErrormessage_OR/Page_Unified Wallet/input_Username_mat-input-1'&#xD;
&#xD;
2019-10-11 16:19:36 - [TEST_STEP][PASSED] - click(findTestObject("Object Repository/Login_OR/Employee_Inactive_Login_ShouldGiveErrormessage_OR/Page_Unified Wallet/button_Login")): Object: 'Object Repository/Login_OR/Employee_Inactive_Login_ShouldGiveErrormessage_OR/Page_Unified Wallet/button_Login' is clicked on&#xD;
&#xD;
2019-10-11 16:19:36 - [MESSAGE][PASSED] - Object: 'Object Repository/Login_OR/Employee_Inactive_Login_ShouldGiveErrormessage_OR/Page_Unified Wallet/button_Login' is clicked on&#xD;
&#xD;
2019-10-11 16:19:36 - [TEST_STEP][PASSED] - delay(1): Delayed 1 second(s)&#xD;
&#xD;
2019-10-11 16:19:37 - [MESSAGE][PASSED] - Delayed 1 second(s)&#xD;
&#xD;
2019-10-11 16:19:37 - [TEST_STEP][FAILED] - verifyTextPresent("User is inactive ", false): Unable to verify text 'User is inactive ' is present  (Root cause: com.kms.katalon.core.exception.StepFailedException: Unable to verify text 'User is inactive ' is present &#xD;
	at com.kms.katalon.core.webui.keyword.internal.WebUIKeywordMain.stepFailed(WebUIKeywordMain.groovy:64)&#xD;
	at com.kms.katalon.core.webui.keyword.internal.WebUIKeywordMain.runKeyword(WebUIKeywordMain.groovy:26)&#xD;
	at com.kms.katalon.core.webui.keyword.builtin.VerifyTextPresentKeyword.verifyTextPresent(VerifyTextPresentKeyword.groovy:83)&#xD;
	at com.kms.katalon.core.webui.keyword.builtin.VerifyTextPresentKeyword.execute(VerifyTextPresentKeyword.groovy:68)&#xD;
	at com.kms.katalon.core.keyword.internal.KeywordExecutor.executeKeywordForPlatform(KeywordExecutor.groovy:56)&#xD;
	at com.kms.katalon.core.webui.keyword.WebUiBuiltInKeywords.verifyTextPresent(WebUiBuiltInKeywords.groovy:1693)&#xD;
	at com.kms.katalon.core.webui.keyword.WebUiBuiltInKeywords$verifyTextPresent$6.call(Unknown Source)&#xD;
	at Employee_Inactive_Login_ShouldGiveErrorMessage.run(Employee_Inactive_Login_ShouldGiveErrorMessage:32)&#xD;
	at com.kms.katalon.core.main.ScriptEngine.run(ScriptEngine.java:194)&#xD;
	at com.kms.katalon.core.main.ScriptEngine.runScriptAsRawText(ScriptEngine.java:119)&#xD;
	at com.kms.katalon.core.main.TestCaseExecutor.runScript(TestCaseExecutor.java:337)&#xD;
	at com.kms.katalon.core.main.TestCaseExecutor.doExecute(TestCaseExecutor.java:328)&#xD;
	at com.kms.katalon.core.main.TestCaseExecutor.processExecutionPhase(TestCaseExecutor.java:307)&#xD;
	at com.kms.katalon.core.main.TestCaseExecutor.accessMainPhase(TestCaseExecutor.java:299)&#xD;
	at com.kms.katalon.core.main.TestCaseExecutor.execute(TestCaseExecutor.java:233)&#xD;
	at com.kms.katalon.core.main.TestSuiteExecutor.accessTestCaseMainPhase(TestSuiteExecutor.java:133)&#xD;
	at com.kms.katalon.core.main.TestSuiteExecutor.accessTestSuiteMainPhase(TestSuiteExecutor.java:116)&#xD;
	at com.kms.katalon.core.main.TestSuiteExecutor.execute(TestSuiteExecutor.java:83)&#xD;
	at com.kms.katalon.core.main.TestCaseMain.startTestSuite(TestCaseMain.java:157)&#xD;
	at com.kms.katalon.core.main.TestCaseMain$startTestSuite$0.call(Unknown Source)&#xD;
	at TempTestSuite1570790696642.run(TempTestSuite1570790696642.groovy:35)&#xD;
Caused by: com.kms.katalon.core.exception.StepFailedException: Text 'User is inactive ' is not present on page &#xD;
	at com.kms.katalon.core.webui.keyword.internal.WebUIKeywordMain.stepFailed(WebUIKeywordMain.groovy:64)&#xD;
	at com.kms.katalon.core.webui.keyword.builtin.VerifyTextPresentKeyword$_verifyTextPresent_closure1.doCall(VerifyTextPresentKeyword.groovy:79)&#xD;
	at com.kms.katalon.core.webui.keyword.builtin.VerifyTextPresentKeyword$_verifyTextPresent_closure1.call(VerifyTextPresentKeyword.groovy)&#xD;
	at com.kms.katalon.core.webui.keyword.internal.WebUIKeywordMain.runKeyword(WebUIKeywordMain.groovy:20)&#xD;
	... 19 more&#xD;
)&#xD;
&#xD;
2019-10-11 16:19:37 - [MESSAGE][FAILED] - Text 'User is inactive ' is not present on page  (Root cause: com.kms.katalon.core.exception.StepFailedException: Text 'User is inactive ' is not present on page &#xD;
	at com.kms.katalon.core.webui.keyword.internal.WebUIKeywordMain.stepFailed(WebUIKeywordMain.groovy:64)&#xD;
	at com.kms.katalon.core.webui.keyword.builtin.VerifyTextPresentKeyword$_verifyTextPresent_closure1.doCall(VerifyTextPresentKeyword.groovy:79)&#xD;
	at com.kms.katalon.core.webui.keyword.builtin.VerifyTextPresentKeyword$_verifyTextPresent_closure1.call(VerifyTextPresentKeyword.groovy)&#xD;
	at com.kms.katalon.core.webui.keyword.internal.WebUIKeywordMain.runKeyword(WebUIKeywordMain.groovy:20)&#xD;
	at com.kms.katalon.core.webui.keyword.builtin.VerifyTextPresentKeyword.verifyTextPresent(VerifyTextPresentKeyword.groovy:83)&#xD;
	at com.kms.katalon.core.webui.keyword.builtin.VerifyTextPresentKeyword.execute(VerifyTextPresentKeyword.groovy:68)&#xD;
	at com.kms.katalon.core.keyword.internal.KeywordExecutor.executeKeywordForPlatform(KeywordExecutor.groovy:56)&#xD;
	at com.kms.katalon.core.webui.keyword.WebUiBuiltInKeywords.verifyTextPresent(WebUiBuiltInKeywords.groovy:1693)&#xD;
	at com.kms.katalon.core.webui.keyword.WebUiBuiltInKeywords$verifyTextPresent$6.call(Unknown Source)&#xD;
	at Employee_Inactive_Login_ShouldGiveErrorMessage.run(Employee_Inactive_Login_ShouldGiveErrorMessage:32)&#xD;
	at com.kms.katalon.core.main.ScriptEngine.run(ScriptEngine.java:194)&#xD;
	at com.kms.katalon.core.main.ScriptEngine.runScriptAsRawText(ScriptEngine.java:119)&#xD;
	at com.kms.katalon.core.main.TestCaseExecutor.runScript(TestCaseExecutor.java:337)&#xD;
	at com.kms.katalon.core.main.TestCaseExecutor.doExecute(TestCaseExecutor.java:328)&#xD;
	at com.kms.katalon.core.main.TestCaseExecutor.processExecutionPhase(TestCaseExecutor.java:307)&#xD;
	at com.kms.katalon.core.main.TestCaseExecutor.accessMainPhase(TestCaseExecutor.java:299)&#xD;
	at com.kms.katalon.core.main.TestCaseExecutor.execute(TestCaseExecutor.java:233)&#xD;
	at com.kms.katalon.core.main.TestSuiteExecutor.accessTestCaseMainPhase(TestSuiteExecutor.java:133)&#xD;
	at com.kms.katalon.core.main.TestSuiteExecutor.accessTestSuiteMainPhase(TestSuiteExecutor.java:116)&#xD;
	at com.kms.katalon.core.main.TestSuiteExecutor.execute(TestSuiteExecutor.java:83)&#xD;
	at com.kms.katalon.core.main.TestCaseMain.startTestSuite(TestCaseMain.java:157)&#xD;
	at com.kms.katalon.core.main.TestCaseMain$startTestSuite$0.call(Unknown Source)&#xD;
	at TempTestSuite1570790696642.run(TempTestSuite1570790696642.groovy:35)&#xD;
)&#xD;
&#xD;
2019-10-11 16:19:38 - [MESSAGE][FAILED] - Unable to verify text 'User is inactive ' is present  (Root cause: com.kms.katalon.core.exception.StepFailedException: Unable to verify text 'User is inactive ' is present &#xD;
	at com.kms.katalon.core.webui.keyword.internal.WebUIKeywordMain.stepFailed(WebUIKeywordMain.groovy:64)&#xD;
	at com.kms.katalon.core.webui.keyword.internal.WebUIKeywordMain.runKeyword(WebUIKeywordMain.groovy:26)&#xD;
	at com.kms.katalon.core.webui.keyword.builtin.VerifyTextPresentKeyword.verifyTextPresent(VerifyTextPresentKeyword.groovy:83)&#xD;
	at com.kms.katalon.core.webui.keyword.builtin.VerifyTextPresentKeyword.execute(VerifyTextPresentKeyword.groovy:68)&#xD;
	at com.kms.katalon.core.keyword.internal.KeywordExecutor.executeKeywordForPlatform(KeywordExecutor.groovy:56)&#xD;
	at com.kms.katalon.core.webui.keyword.WebUiBuiltInKeywords.verifyTextPresent(WebUiBuiltInKeywords.groovy:1693)&#xD;
	at com.kms.katalon.core.webui.keyword.WebUiBuiltInKeywords$verifyTextPresent$6.call(Unknown Source)&#xD;
	at Employee_Inactive_Login_ShouldGiveErrorMessage.run(Employee_Inactive_Login_ShouldGiveErrorMessage:32)&#xD;
	at com.kms.katalon.core.main.ScriptEngine.run(ScriptEngine.java:194)&#xD;
	at com.kms.katalon.core.main.ScriptEngine.runScriptAsRawText(ScriptEngine.java:119)&#xD;
	at com.kms.katalon.core.main.TestCaseExecutor.runScript(TestCaseExecutor.java:337)&#xD;
	at com.kms.katalon.core.main.TestCaseExecutor.doExecute(TestCaseExecutor.java:328)&#xD;
	at com.kms.katalon.core.main.TestCaseExecutor.processExecutionPhase(TestCaseExecutor.java:307)&#xD;
	at com.kms.katalon.core.main.TestCaseExecutor.accessMainPhase(TestCaseExecutor.java:299)&#xD;
	at com.kms.katalon.core.main.TestCaseExecutor.execute(TestCaseExecutor.java:233)&#xD;
	at com.kms.katalon.core.main.TestSuiteExecutor.accessTestCaseMainPhase(TestSuiteExecutor.java:133)&#xD;
	at com.kms.katalon.core.main.TestSuiteExecutor.accessTestSuiteMainPhase(TestSuiteExecutor.java:116)&#xD;
	at com.kms.katalon.core.main.TestSuiteExecutor.execute(TestSuiteExecutor.java:83)&#xD;
	at com.kms.katalon.core.main.TestCaseMain.startTestSuite(TestCaseMain.java:157)&#xD;
	at com.kms.katalon.core.main.TestCaseMain$startTestSuite$0.call(Unknown Source)&#xD;
	at TempTestSuite1570790696642.run(TempTestSuite1570790696642.groovy:35)&#xD;
Caused by: com.kms.katalon.core.exception.StepFailedException: Text 'User is inactive ' is not present on page &#xD;
	at com.kms.katalon.core.webui.keyword.internal.WebUIKeywordMain.stepFailed(WebUIKeywordMain.groovy:64)&#xD;
	at com.kms.katalon.core.webui.keyword.builtin.VerifyTextPresentKeyword$_verifyTextPresent_closure1.doCall(VerifyTextPresentKeyword.groovy:79)&#xD;
	at com.kms.katalon.core.webui.keyword.builtin.VerifyTextPresentKeyword$_verifyTextPresent_closure1.call(VerifyTextPresentKeyword.groovy)&#xD;
	at com.kms.katalon.core.webui.keyword.internal.WebUIKeywordMain.runKeyword(WebUIKeywordMain.groovy:20)&#xD;
	... 19 more&#xD;
)&#xD;
[[ATTACHMENT|C:\\Users\\vinayaka.prabhu\\Katalon Studio\\Unified_Wallet_UI_Test\\Reports\\Complete_Wallet_UI\\Complete_Wallet_UI\\20191011_161456\\1570790977764.png]]</system-out>
            <system-err>2019-10-11 16:19:30 - [TEST_CASE][FAILED] - Test Cases/Login/Employee_Inactive_Login_ShouldGiveErrorMessage: Test Cases/Login/Employee_Inactive_Login_ShouldGiveErrorMessage FAILED.
Reason:
com.kms.katalon.core.exception.StepFailedException: Unable to verify text 'User is inactive ' is present &#xD;
	at com.kms.katalon.core.webui.keyword.internal.WebUIKeywordMain.stepFailed(WebUIKeywordMain.groovy:64)&#xD;
	at com.kms.katalon.core.webui.keyword.internal.WebUIKeywordMain.runKeyword(WebUIKeywordMain.groovy:26)&#xD;
	at com.kms.katalon.core.webui.keyword.builtin.VerifyTextPresentKeyword.verifyTextPresent(VerifyTextPresentKeyword.groovy:83)&#xD;
	at com.kms.katalon.core.webui.keyword.builtin.VerifyTextPresentKeyword.execute(VerifyTextPresentKeyword.groovy:68)&#xD;
	at com.kms.katalon.core.keyword.internal.KeywordExecutor.executeKeywordForPlatform(KeywordExecutor.groovy:56)&#xD;
	at com.kms.katalon.core.webui.keyword.WebUiBuiltInKeywords.verifyTextPresent(WebUiBuiltInKeywords.groovy:1693)&#xD;
	at com.kms.katalon.core.webui.keyword.WebUiBuiltInKeywords$verifyTextPresent$6.call(Unknown Source)&#xD;
	at Employee_Inactive_Login_ShouldGiveErrorMessage.run(Employee_Inactive_Login_ShouldGiveErrorMessage:32)&#xD;
	at com.kms.katalon.core.main.ScriptEngine.run(ScriptEngine.java:194)&#xD;
	at com.kms.katalon.core.main.ScriptEngine.runScriptAsRawText(ScriptEngine.java:119)&#xD;
	at com.kms.katalon.core.main.TestCaseExecutor.runScript(TestCaseExecutor.java:337)&#xD;
	at com.kms.katalon.core.main.TestCaseExecutor.doExecute(TestCaseExecutor.java:328)&#xD;
	at com.kms.katalon.core.main.TestCaseExecutor.processExecutionPhase(TestCaseExecutor.java:307)&#xD;
	at com.kms.katalon.core.main.TestCaseExecutor.accessMainPhase(TestCaseExecutor.java:299)&#xD;
	at com.kms.katalon.core.main.TestCaseExecutor.execute(TestCaseExecutor.java:233)&#xD;
	at com.kms.katalon.core.main.TestSuiteExecutor.accessTestCaseMainPhase(TestSuiteExecutor.java:133)&#xD;
	at com.kms.katalon.core.main.TestSuiteExecutor.accessTestSuiteMainPhase(TestSuiteExecutor.java:116)&#xD;
	at com.kms.katalon.core.main.TestSuiteExecutor.execute(TestSuiteExecutor.java:83)&#xD;
	at com.kms.katalon.core.main.TestCaseMain.startTestSuite(TestCaseMain.java:157)&#xD;
	at com.kms.katalon.core.main.TestCaseMain$startTestSuite$0.call(Unknown Source)&#xD;
	at TempTestSuite1570790696642.run(TempTestSuite1570790696642.groovy:35)&#xD;
Caused by: com.kms.katalon.core.exception.StepFailedException: Text 'User is inactive ' is not present on page &#xD;
	at com.kms.katalon.core.webui.keyword.internal.WebUIKeywordMain.stepFailed(WebUIKeywordMain.groovy:64)&#xD;
	at com.kms.katalon.core.webui.keyword.builtin.VerifyTextPresentKeyword$_verifyTextPresent_closure1.doCall(VerifyTextPresentKeyword.groovy:79)&#xD;
	at com.kms.katalon.core.webui.keyword.builtin.VerifyTextPresentKeyword$_verifyTextPresent_closure1.call(VerifyTextPresentKeyword.groovy)&#xD;
	at com.kms.katalon.core.webui.keyword.internal.WebUIKeywordMain.runKeyword(WebUIKeywordMain.groovy:20)&#xD;
	... 19 more</system-err>
        </testcase>
        <testcase name="Test Cases/Employee/Employee_Role_And_Task/Roles/Delete/Delete_Roles_before_employee_Shouldgiveerror" classname="Test Cases/Employee/Employee_Role_And_Task/Roles/Delete/Delete_Roles_before_employee_Shouldgiveerror" status="PASSED">
            <system-out>2019-10-11 16:19:38 - [TEST_CASE][PASSED] - Test Cases/Employee/Employee_Role_And_Task/Roles/Delete/Delete_Roles_before_employee_Shouldgiveerror: Test Cases/Employee/Employee_Role_And_Task/Roles/Delete/Delete_Roles_before_employee_Shouldgiveerror&#xD;
&#xD;
2019-10-11 16:19:38 - [TEST_STEP][PASSED] - callTestCase(findTestCase("Login/AdminLogin_ShouldSucceed"), [:], STOP_ON_FAILURE): Call Test Case 'Test Cases/Login/AdminLogin_ShouldSucceed' successfully&#xD;
&#xD;
2019-10-11 16:19:38 - [TEST_CASE][PASSED] - Test Cases/Login/AdminLogin_ShouldSucceed: Test Cases/Login/AdminLogin_ShouldSucceed&#xD;
&#xD;
2019-10-11 16:19:38 - [TEST_STEP][PASSED] - openBrowser(""): Browser is opened with url: ''&#xD;
&#xD;
2019-10-11 16:19:38 - [MESSAGE][WARNING] - A browser is already opened. Closing browser and opening a new one&#xD;
&#xD;
2019-10-11 16:19:39 - [MESSAGE][INFO] - Starting 'Chrome' driver&#xD;
&#xD;
2019-10-11 16:19:41 - [MESSAGE][PASSED] - Browser is opened with url: ''&#xD;
&#xD;
2019-10-11 16:19:41 - [TEST_STEP][PASSED] - maximizeWindow(): Current window maximized&#xD;
&#xD;
2019-10-11 16:19:42 - [MESSAGE][PASSED] - Current window maximized&#xD;
&#xD;
2019-10-11 16:19:42 - [TEST_STEP][PASSED] - navigateToUrl(login_url): Navigate to 'https://10.2.200.37:8441/login' successfully&#xD;
&#xD;
2019-10-11 16:19:43 - [MESSAGE][PASSED] - Navigate to 'https://10.2.200.37:8441/login' successfully&#xD;
&#xD;
2019-10-11 16:19:43 - [TEST_STEP][PASSED] - setText(findTestObject("Object Repository/Login_OR/AdminLogin_ShouldSucceed/Page_Unified Wallet/input_Sign in_mat-input-0"), username_admin): Text 'admin' is set on object 'Object Repository/Login_OR/AdminLogin_ShouldSucceed/Page_Unified Wallet/input_Sign in_mat-input-0'&#xD;
&#xD;
2019-10-11 16:19:44 - [MESSAGE][PASSED] - Text 'admin' is set on object 'Object Repository/Login_OR/AdminLogin_ShouldSucceed/Page_Unified Wallet/input_Sign in_mat-input-0'&#xD;
&#xD;
2019-10-11 16:19:44 - [TEST_STEP][PASSED] - setEncryptedText(findTestObject("Object Repository/Login_OR/AdminLogin_ShouldSucceed/Page_Unified Wallet/input_Username_mat-input-1"), username_admins_Password): Text ****** has been set on object 'Object Repository/Login_OR/AdminLogin_ShouldSucceed/Page_Unified Wallet/input_Username_mat-input-1'&#xD;
&#xD;
2019-10-11 16:19:44 - [MESSAGE][PASSED] - Text ****** has been set on object 'Object Repository/Login_OR/AdminLogin_ShouldSucceed/Page_Unified Wallet/input_Username_mat-input-1'&#xD;
&#xD;
2019-10-11 16:19:44 - [TEST_STEP][PASSED] - click(findTestObject("Object Repository/Login_OR/AdminLogin_ShouldSucceed/Page_Unified Wallet/button_Login")): Object: 'Object Repository/Login_OR/AdminLogin_ShouldSucceed/Page_Unified Wallet/button_Login' is clicked on&#xD;
&#xD;
2019-10-11 16:19:44 - [MESSAGE][PASSED] - Object: 'Object Repository/Login_OR/AdminLogin_ShouldSucceed/Page_Unified Wallet/button_Login' is clicked on&#xD;
&#xD;
2019-10-11 16:19:44 - [TEST_STEP][PASSED] - delay(2): Delayed 2 second(s)&#xD;
&#xD;
2019-10-11 16:19:46 - [MESSAGE][PASSED] - Delayed 2 second(s)&#xD;
&#xD;
2019-10-11 16:19:46 - [MESSAGE][PASSED] - Call Test Case 'Test Cases/Login/AdminLogin_ShouldSucceed' successfully&#xD;
&#xD;
2019-10-11 16:19:46 - [TEST_STEP][PASSED] - click(findTestObject("Object Repository/Employee/Employee_Role_And_Task_OR/Roles_OR/Delete_OR/Delete_role_before_employee_shouldgiveerror_OR/div_more_vert_hamburgerWrapper"), OPTIONAL): Object: 'Object Repository/Employee/Employee_Role_And_Task_OR/Roles_OR/Delete_OR/Delete_role_before_employee_shouldgiveerror_OR/div_more_vert_hamburgerWrapper' is clicked on&#xD;
&#xD;
2019-10-11 16:19:48 - [MESSAGE][PASSED] - Object: 'Object Repository/Employee/Employee_Role_And_Task_OR/Roles_OR/Delete_OR/Delete_role_before_employee_shouldgiveerror_OR/div_more_vert_hamburgerWrapper' is clicked on&#xD;
&#xD;
2019-10-11 16:19:48 - [TEST_STEP][PASSED] - click(findTestObject("Object Repository/Employee/Employee_Role_And_Task_OR/Roles_OR/Delete_OR/Delete_role_before_employee_shouldgiveerror_OR/a_account_circleEmployee")): Object: 'Object Repository/Employee/Employee_Role_And_Task_OR/Roles_OR/Delete_OR/Delete_role_before_employee_shouldgiveerror_OR/a_account_circleEmployee' is clicked on&#xD;
&#xD;
2019-10-11 16:19:48 - [MESSAGE][PASSED] - Object: 'Object Repository/Employee/Employee_Role_And_Task_OR/Roles_OR/Delete_OR/Delete_role_before_employee_shouldgiveerror_OR/a_account_circleEmployee' is clicked on&#xD;
&#xD;
2019-10-11 16:19:48 - [TEST_STEP][PASSED] - click(findTestObject("Object Repository/Employee/Employee_Role_And_Task_OR/Roles_OR/Delete_OR/Delete_role_before_employee_shouldgiveerror_OR/a_assignmentRole And Task")): Object: 'Object Repository/Employee/Employee_Role_And_Task_OR/Roles_OR/Delete_OR/Delete_role_before_employee_shouldgiveerror_OR/a_assignmentRole And Task' is clicked on&#xD;
&#xD;
2019-10-11 16:19:49 - [MESSAGE][PASSED] - Object: 'Object Repository/Employee/Employee_Role_And_Task_OR/Roles_OR/Delete_OR/Delete_role_before_employee_shouldgiveerror_OR/a_assignmentRole And Task' is clicked on&#xD;
&#xD;
2019-10-11 16:19:49 - [TEST_STEP][PASSED] - delay(1): Delayed 1 second(s)&#xD;
&#xD;
2019-10-11 16:19:50 - [MESSAGE][PASSED] - Delayed 1 second(s)&#xD;
&#xD;
2019-10-11 16:19:50 - [TEST_STEP][PASSED] - click(findTestObject("Object Repository/Employee/Employee_Role_And_Task_OR/Roles_OR/Delete_OR/Delete_role_before_employee_shouldgiveerror_OR/mat-cell_RVINC")): Object: 'Object Repository/Employee/Employee_Role_And_Task_OR/Roles_OR/Delete_OR/Delete_role_before_employee_shouldgiveerror_OR/mat-cell_RVINC' is clicked on&#xD;
&#xD;
2019-10-11 16:19:50 - [MESSAGE][PASSED] - Object: 'Object Repository/Employee/Employee_Role_And_Task_OR/Roles_OR/Delete_OR/Delete_role_before_employee_shouldgiveerror_OR/mat-cell_RVINC' is clicked on&#xD;
&#xD;
2019-10-11 16:19:50 - [TEST_STEP][PASSED] - delay(1): Delayed 1 second(s)&#xD;
&#xD;
2019-10-11 16:19:51 - [MESSAGE][PASSED] - Delayed 1 second(s)&#xD;
&#xD;
2019-10-11 16:19:51 - [TEST_STEP][PASSED] - click(findTestObject("Object Repository/Employee/Employee_Role_And_Task_OR/Roles_OR/Delete_OR/Delete_role_before_employee_shouldgiveerror_OR/i_delete")): Object: 'Object Repository/Employee/Employee_Role_And_Task_OR/Roles_OR/Delete_OR/Delete_role_before_employee_shouldgiveerror_OR/i_delete' is clicked on&#xD;
&#xD;
2019-10-11 16:19:51 - [MESSAGE][PASSED] - Object: 'Object Repository/Employee/Employee_Role_And_Task_OR/Roles_OR/Delete_OR/Delete_role_before_employee_shouldgiveerror_OR/i_delete' is clicked on&#xD;
&#xD;
2019-10-11 16:19:51 - [TEST_STEP][PASSED] - delay(1): Delayed 1 second(s)&#xD;
&#xD;
2019-10-11 16:19:52 - [MESSAGE][PASSED] - Delayed 1 second(s)&#xD;
&#xD;
2019-10-11 16:19:52 - [TEST_STEP][PASSED] - verifyTextPresent("Do you want to delete RVINN Role?", false): Text 'Do you want to delete RVINN Role?' is present on page &#xD;
&#xD;
2019-10-11 16:19:52 - [MESSAGE][PASSED] - Text 'Do you want to delete RVINN Role?' is present on page &#xD;
&#xD;
2019-10-11 16:19:52 - [TEST_STEP][PASSED] - delay(1): Delayed 1 second(s)&#xD;
&#xD;
2019-10-11 16:19:53 - [MESSAGE][PASSED] - Delayed 1 second(s)&#xD;
&#xD;
2019-10-11 16:19:53 - [TEST_STEP][PASSED] - click(findTestObject("Object Repository/Employee/Employee_Role_And_Task_OR/Roles_OR/Delete_OR/Delete_role_before_employee_shouldgiveerror_OR/button_Ok")): Object: 'Object Repository/Employee/Employee_Role_And_Task_OR/Roles_OR/Delete_OR/Delete_role_before_employee_shouldgiveerror_OR/button_Ok' is clicked on&#xD;
&#xD;
2019-10-11 16:19:53 - [MESSAGE][PASSED] - Object: 'Object Repository/Employee/Employee_Role_And_Task_OR/Roles_OR/Delete_OR/Delete_role_before_employee_shouldgiveerror_OR/button_Ok' is clicked on&#xD;
&#xD;
2019-10-11 16:19:53 - [TEST_STEP][PASSED] - delay(1): Delayed 1 second(s)&#xD;
&#xD;
2019-10-11 16:19:54 - [MESSAGE][PASSED] - Delayed 1 second(s)&#xD;
&#xD;
2019-10-11 16:19:54 - [TEST_STEP][PASSED] - verifyTextPresent("Cannot delete a role associated with employees", false): Text 'Cannot delete a role associated with employees' is present on page &#xD;
&#xD;
2019-10-11 16:19:54 - [MESSAGE][PASSED] - Text 'Cannot delete a role associated with employees' is present on page &#xD;
&#xD;
2019-10-11 16:19:54 - [TEST_STEP][PASSED] - delay(1): Delayed 1 second(s)&#xD;
&#xD;
2019-10-11 16:19:55 - [MESSAGE][PASSED] - Delayed 1 second(s)&#xD;
&#xD;
2019-10-11 16:19:55 - [TEST_STEP][PASSED] - click(findTestObject("Object Repository/Employee/Employee_Role_And_Task_OR/Roles_OR/Delete_OR/Delete_role_before_employee_shouldgiveerror_OR/button_OK (1)")): Object: 'Object Repository/Employee/Employee_Role_And_Task_OR/Roles_OR/Delete_OR/Delete_role_before_employee_shouldgiveerror_OR/button_OK (1)' is clicked on&#xD;
&#xD;
2019-10-11 16:19:55 - [MESSAGE][PASSED] - Object: 'Object Repository/Employee/Employee_Role_And_Task_OR/Roles_OR/Delete_OR/Delete_role_before_employee_shouldgiveerror_OR/button_OK (1)' is clicked on&#xD;
&#xD;
2019-10-11 16:19:55 - [TEST_STEP][PASSED] - closeBrowser(): Browser is closed&#xD;
&#xD;
2019-10-11 16:19:56 - [MESSAGE][PASSED] - Browser is closed</system-out>
            <system-err></system-err>
        </testcase>
        <testcase name="Test Cases/Employee/Employee/Delete/Delete_Employee_ShouldSucceed" classname="Test Cases/Employee/Employee/Delete/Delete_Employee_ShouldSucceed" status="FAILED">
            <failure type="FAILED" message="Test Cases/Employee/Employee/Delete/Delete_Employee_ShouldSucceed FAILED.&#xA;Reason:&#xA;com.kms.katalon.core.exception.StepFailedException: Unable to click on object 'Object Repository/Employee/Employee/Delete_OR/Delete_Employee_ShouldSucceed/Page_Unified Wallet/a_account_circleEmployee_1'&#xD;&#xA;&#x9;at com.kms.katalon.core.webui.keyword.internal.WebUIKeywordMain.stepFailed(WebUIKeywordMain.groovy:64)&#xD;&#xA;&#x9;at com.kms.katalon.core.webui.keyword.internal.WebUIKeywordMain.runKeyword(WebUIKeywordMain.groovy:26)&#xD;&#xA;&#x9;at com.kms.katalon.core.webui.keyword.builtin.ClickKeyword.click(ClickKeyword.groovy:86)&#xD;&#xA;&#x9;at com.kms.katalon.core.webui.keyword.builtin.ClickKeyword.execute(ClickKeyword.groovy:67)&#xD;&#xA;&#x9;at com.kms.katalon.core.keyword.internal.KeywordExecutor.executeKeywordForPlatform(KeywordExecutor.groovy:56)&#xD;&#xA;&#x9;at com.kms.katalon.core.webui.keyword.WebUiBuiltInKeywords.click(WebUiBuiltInKeywords.groovy:616)&#xD;&#xA;&#x9;at com.kms.katalon.core.webui.keyword.WebUiBuiltInKeywords$click$4.call(Unknown Source)&#xD;&#xA;&#x9;at Delete_Employee_ShouldSucceed.run(Delete_Employee_ShouldSucceed:23)&#xD;&#xA;&#x9;at com.kms.katalon.core.main.ScriptEngine.run(ScriptEngine.java:194)&#xD;&#xA;&#x9;at com.kms.katalon.core.main.ScriptEngine.runScriptAsRawText(ScriptEngine.java:119)&#xD;&#xA;&#x9;at com.kms.katalon.core.main.TestCaseExecutor.runScript(TestCaseExecutor.java:337)&#xD;&#xA;&#x9;at com.kms.katalon.core.main.TestCaseExecutor.doExecute(TestCaseExecutor.java:328)&#xD;&#xA;&#x9;at com.kms.katalon.core.main.TestCaseExecutor.processExecutionPhase(TestCaseExecutor.java:307)&#xD;&#xA;&#x9;at com.kms.katalon.core.main.TestCaseExecutor.accessMainPhase(TestCaseExecutor.java:299)&#xD;&#xA;&#x9;at com.kms.katalon.core.main.TestCaseExecutor.execute(TestCaseExecutor.java:233)&#xD;&#xA;&#x9;at com.kms.katalon.core.main.TestSuiteExecutor.accessTestCaseMainPhase(TestSuiteExecutor.java:133)&#xD;&#xA;&#x9;at com.kms.katalon.core.main.TestSuiteExecutor.accessTestSuiteMainPhase(TestSuiteExecutor.java:116)&#xD;&#xA;&#x9;at com.kms.katalon.core.main.TestSuiteExecutor.execute(TestSuiteExecutor.java:83)&#xD;&#xA;&#x9;at com.kms.katalon.core.main.TestCaseMain.startTestSuite(TestCaseMain.java:157)&#xD;&#xA;&#x9;at com.kms.katalon.core.main.TestCaseMain$startTestSuite$0.call(Unknown Source)&#xD;&#xA;&#x9;at TempTestSuite1570790696642.run(TempTestSuite1570790696642.groovy:35)&#xD;&#xA;Caused by: org.openqa.selenium.ElementNotInteractableException: element not interactable&#xA;  (Session info: chrome=77.0.3865.90)&#xA;Build info: version: '3.141.59', revision: 'e82be7d358', time: '2018-11-14T08:25:53'&#xA;System info: host: 'BLRW-36SF9X2', ip: '10.2.200.67', os.name: 'Windows 10', os.arch: 'amd64', os.version: '10.0', java.version: '1.8.0_181'&#xA;Driver info: com.kms.katalon.selenium.driver.CChromeDriver&#xA;Capabilities {acceptInsecureCerts: false, browserName: chrome, browserVersion: 77.0.3865.90, chrome: {chromedriverVersion: 76.0.3809.25 (a0c95f440512e..., userDataDir: C:\Users\VINAYA~1.PRA\AppDa...}, goog:chromeOptions: {debuggerAddress: localhost:64673}, javascriptEnabled: true, networkConnectionEnabled: false, pageLoadStrategy: normal, platform: XP, platformName: XP, proxy: Proxy(), setWindowRect: true, strictFileInteractability: false, timeouts: {implicit: 0, pageLoad: 300000, script: 30000}, unhandledPromptBehavior: dismiss and notify}&#xA;Session ID: c6f948986a16eface6b67e73a0ac58dc&#xD;&#xA;&#x9;at org.openqa.selenium.remote.http.W3CHttpResponseCodec.createException(W3CHttpResponseCodec.java:187)&#xD;&#xA;&#x9;at org.openqa.selenium.remote.http.W3CHttpResponseCodec.decode(W3CHttpResponseCodec.java:122)&#xD;&#xA;&#x9;at org.openqa.selenium.remote.http.W3CHttpResponseCodec.decode(W3CHttpResponseCodec.java:49)&#xD;&#xA;&#x9;at org.openqa.selenium.remote.HttpCommandExecutor.execute(HttpCommandExecutor.java:158)&#xD;&#xA;&#x9;at org.openqa.selenium.remote.service.DriverCommandExecutor.execute(DriverCommandExecutor.java:83)&#xD;&#xA;&#x9;at org.openqa.selenium.remote.RemoteWebDriver.execute(RemoteWebDriver.java:552)&#xD;&#xA;&#x9;at com.kms.katalon.selenium.driver.CChromeDriver.execute(CChromeDriver.java:20)&#xD;&#xA;&#x9;at org.openqa.selenium.remote.RemoteWebElement.execute(RemoteWebElement.java:285)&#xD;&#xA;&#x9;at org.openqa.selenium.remote.RemoteWebElement.click(RemoteWebElement.java:84)&#xD;&#xA;&#x9;at com.kms.katalon.core.webui.keyword.builtin.ClickKeyword$_click_closure1.doCall(ClickKeyword.groovy:79)&#xD;&#xA;&#x9;at com.kms.katalon.core.webui.keyword.builtin.ClickKeyword$_click_closure1.call(ClickKeyword.groovy)&#xD;&#xA;&#x9;at com.kms.katalon.core.webui.keyword.internal.WebUIKeywordMain.runKeyword(WebUIKeywordMain.groovy:20)&#xD;&#xA;&#x9;... 19 more&#xD;&#xA;"/>
            <system-out>2019-10-11 16:19:56 - [TEST_CASE][FAILED] - Test Cases/Employee/Employee/Delete/Delete_Employee_ShouldSucceed: Test Cases/Employee/Employee/Delete/Delete_Employee_ShouldSucceed FAILED.
Reason:
com.kms.katalon.core.exception.StepFailedException: Unable to click on object 'Object Repository/Employee/Employee/Delete_OR/Delete_Employee_ShouldSucceed/Page_Unified Wallet/a_account_circleEmployee_1'&#xD;
	at com.kms.katalon.core.webui.keyword.internal.WebUIKeywordMain.stepFailed(WebUIKeywordMain.groovy:64)&#xD;
	at com.kms.katalon.core.webui.keyword.internal.WebUIKeywordMain.runKeyword(WebUIKeywordMain.groovy:26)&#xD;
	at com.kms.katalon.core.webui.keyword.builtin.ClickKeyword.click(ClickKeyword.groovy:86)&#xD;
	at com.kms.katalon.core.webui.keyword.builtin.ClickKeyword.execute(ClickKeyword.groovy:67)&#xD;
	at com.kms.katalon.core.keyword.internal.KeywordExecutor.executeKeywordForPlatform(KeywordExecutor.groovy:56)&#xD;
	at com.kms.katalon.core.webui.keyword.WebUiBuiltInKeywords.click(WebUiBuiltInKeywords.groovy:616)&#xD;
	at com.kms.katalon.core.webui.keyword.WebUiBuiltInKeywords$click$4.call(Unknown Source)&#xD;
	at Delete_Employee_ShouldSucceed.run(Delete_Employee_ShouldSucceed:23)&#xD;
	at com.kms.katalon.core.main.ScriptEngine.run(ScriptEngine.java:194)&#xD;
	at com.kms.katalon.core.main.ScriptEngine.runScriptAsRawText(ScriptEngine.java:119)&#xD;
	at com.kms.katalon.core.main.TestCaseExecutor.runScript(TestCaseExecutor.java:337)&#xD;
	at com.kms.katalon.core.main.TestCaseExecutor.doExecute(TestCaseExecutor.java:328)&#xD;
	at com.kms.katalon.core.main.TestCaseExecutor.processExecutionPhase(TestCaseExecutor.java:307)&#xD;
	at com.kms.katalon.core.main.TestCaseExecutor.accessMainPhase(TestCaseExecutor.java:299)&#xD;
	at com.kms.katalon.core.main.TestCaseExecutor.execute(TestCaseExecutor.java:233)&#xD;
	at com.kms.katalon.core.main.TestSuiteExecutor.accessTestCaseMainPhase(TestSuiteExecutor.java:133)&#xD;
	at com.kms.katalon.core.main.TestSuiteExecutor.accessTestSuiteMainPhase(TestSuiteExecutor.java:116)&#xD;
	at com.kms.katalon.core.main.TestSuiteExecutor.execute(TestSuiteExecutor.java:83)&#xD;
	at com.kms.katalon.core.main.TestCaseMain.startTestSuite(TestCaseMain.java:157)&#xD;
	at com.kms.katalon.core.main.TestCaseMain$startTestSuite$0.call(Unknown Source)&#xD;
	at TempTestSuite1570790696642.run(TempTestSuite1570790696642.groovy:35)&#xD;
Caused by: org.openqa.selenium.ElementNotInteractableException: element not interactable
  (Session info: chrome=77.0.3865.90)
Build info: version: '3.141.59', revision: 'e82be7d358', time: '2018-11-14T08:25:53'
System info: host: 'BLRW-36SF9X2', ip: '10.2.200.67', os.name: 'Windows 10', os.arch: 'amd64', os.version: '10.0', java.version: '1.8.0_181'
Driver info: com.kms.katalon.selenium.driver.CChromeDriver
Capabilities {acceptInsecureCerts: false, browserName: chrome, browserVersion: 77.0.3865.90, chrome: {chromedriverVersion: 76.0.3809.25 (a0c95f440512e..., userDataDir: C:\Users\VINAYA~1.PRA\AppDa...}, goog:chromeOptions: {debuggerAddress: localhost:64673}, javascriptEnabled: true, networkConnectionEnabled: false, pageLoadStrategy: normal, platform: XP, platformName: XP, proxy: Proxy(), setWindowRect: true, strictFileInteractability: false, timeouts: {implicit: 0, pageLoad: 300000, script: 30000}, unhandledPromptBehavior: dismiss and notify}
Session ID: c6f948986a16eface6b67e73a0ac58dc&#xD;
	at org.openqa.selenium.remote.http.W3CHttpResponseCodec.createException(W3CHttpResponseCodec.java:187)&#xD;
	at org.openqa.selenium.remote.http.W3CHttpResponseCodec.decode(W3CHttpResponseCodec.java:122)&#xD;
	at org.openqa.selenium.remote.http.W3CHttpResponseCodec.decode(W3CHttpResponseCodec.java:49)&#xD;
	at org.openqa.selenium.remote.HttpCommandExecutor.execute(HttpCommandExecutor.java:158)&#xD;
	at org.openqa.selenium.remote.service.DriverCommandExecutor.execute(DriverCommandExecutor.java:83)&#xD;
	at org.openqa.selenium.remote.RemoteWebDriver.execute(RemoteWebDriver.java:552)&#xD;
	at com.kms.katalon.selenium.driver.CChromeDriver.execute(CChromeDriver.java:20)&#xD;
	at org.openqa.selenium.remote.RemoteWebElement.execute(RemoteWebElement.java:285)&#xD;
	at org.openqa.selenium.remote.RemoteWebElement.click(RemoteWebElement.java:84)&#xD;
	at com.kms.katalon.core.webui.keyword.builtin.ClickKeyword$_click_closure1.doCall(ClickKeyword.groovy:79)&#xD;
	at com.kms.katalon.core.webui.keyword.builtin.ClickKeyword$_click_closure1.call(ClickKeyword.groovy)&#xD;
	at com.kms.katalon.core.webui.keyword.internal.WebUIKeywordMain.runKeyword(WebUIKeywordMain.groovy:20)&#xD;
	... 19 more&#xD;
&#xD;
&#xD;
2019-10-11 16:19:56 - [TEST_STEP][PASSED] - callTestCase(findTestCase("Login/AdminLogin_ShouldSucceed"), [:], STOP_ON_FAILURE): Call Test Case 'Test Cases/Login/AdminLogin_ShouldSucceed' successfully&#xD;
&#xD;
2019-10-11 16:19:56 - [TEST_CASE][PASSED] - Test Cases/Login/AdminLogin_ShouldSucceed: Test Cases/Login/AdminLogin_ShouldSucceed&#xD;
&#xD;
2019-10-11 16:19:56 - [TEST_STEP][PASSED] - openBrowser(""): Browser is opened with url: ''&#xD;
&#xD;
2019-10-11 16:19:56 - [MESSAGE][INFO] - Starting 'Chrome' driver&#xD;
&#xD;
2019-10-11 16:19:59 - [MESSAGE][PASSED] - Browser is opened with url: ''&#xD;
&#xD;
2019-10-11 16:19:59 - [TEST_STEP][PASSED] - maximizeWindow(): Current window maximized&#xD;
&#xD;
2019-10-11 16:20:00 - [MESSAGE][PASSED] - Current window maximized&#xD;
&#xD;
2019-10-11 16:20:00 - [TEST_STEP][PASSED] - navigateToUrl(login_url): Navigate to 'https://10.2.200.37:8441/login' successfully&#xD;
&#xD;
2019-10-11 16:20:01 - [MESSAGE][PASSED] - Navigate to 'https://10.2.200.37:8441/login' successfully&#xD;
&#xD;
2019-10-11 16:20:01 - [TEST_STEP][PASSED] - setText(findTestObject("Object Repository/Login_OR/AdminLogin_ShouldSucceed/Page_Unified Wallet/input_Sign in_mat-input-0"), username_admin): Text 'admin' is set on object 'Object Repository/Login_OR/AdminLogin_ShouldSucceed/Page_Unified Wallet/input_Sign in_mat-input-0'&#xD;
&#xD;
2019-10-11 16:20:01 - [MESSAGE][PASSED] - Text 'admin' is set on object 'Object Repository/Login_OR/AdminLogin_ShouldSucceed/Page_Unified Wallet/input_Sign in_mat-input-0'&#xD;
&#xD;
2019-10-11 16:20:01 - [TEST_STEP][PASSED] - setEncryptedText(findTestObject("Object Repository/Login_OR/AdminLogin_ShouldSucceed/Page_Unified Wallet/input_Username_mat-input-1"), username_admins_Password): Text ****** has been set on object 'Object Repository/Login_OR/AdminLogin_ShouldSucceed/Page_Unified Wallet/input_Username_mat-input-1'&#xD;
&#xD;
2019-10-11 16:20:01 - [MESSAGE][PASSED] - Text ****** has been set on object 'Object Repository/Login_OR/AdminLogin_ShouldSucceed/Page_Unified Wallet/input_Username_mat-input-1'&#xD;
&#xD;
2019-10-11 16:20:01 - [TEST_STEP][PASSED] - click(findTestObject("Object Repository/Login_OR/AdminLogin_ShouldSucceed/Page_Unified Wallet/button_Login")): Object: 'Object Repository/Login_OR/AdminLogin_ShouldSucceed/Page_Unified Wallet/button_Login' is clicked on&#xD;
&#xD;
2019-10-11 16:20:02 - [MESSAGE][PASSED] - Object: 'Object Repository/Login_OR/AdminLogin_ShouldSucceed/Page_Unified Wallet/button_Login' is clicked on&#xD;
&#xD;
2019-10-11 16:20:02 - [TEST_STEP][PASSED] - delay(2): Delayed 2 second(s)&#xD;
&#xD;
2019-10-11 16:20:04 - [MESSAGE][PASSED] - Delayed 2 second(s)&#xD;
&#xD;
2019-10-11 16:20:04 - [MESSAGE][PASSED] - Call Test Case 'Test Cases/Login/AdminLogin_ShouldSucceed' successfully&#xD;
&#xD;
2019-10-11 16:20:04 - [TEST_STEP][PASSED] - click(findTestObject("Object Repository/Employee/Employee/Delete_OR/Delete_Employee_ShouldSucceed/Page_Unified Wallet/div_more_vert_hamburgerWrapper"), OPTIONAL): Object: 'Object Repository/Employee/Employee/Delete_OR/Delete_Employee_ShouldSucceed/Page_Unified Wallet/div_more_vert_hamburgerWrapper' is clicked on&#xD;
&#xD;
2019-10-11 16:20:05 - [MESSAGE][PASSED] - Object: 'Object Repository/Employee/Employee/Delete_OR/Delete_Employee_ShouldSucceed/Page_Unified Wallet/div_more_vert_hamburgerWrapper' is clicked on&#xD;
&#xD;
2019-10-11 16:20:05 - [TEST_STEP][PASSED] - click(findTestObject("Object Repository/Employee/Employee/Delete_OR/Delete_Employee_ShouldSucceed/Page_Unified Wallet/a_account_circleEmployee")): Object: 'Object Repository/Employee/Employee/Delete_OR/Delete_Employee_ShouldSucceed/Page_Unified Wallet/a_account_circleEmployee' is clicked on&#xD;
&#xD;
2019-10-11 16:20:06 - [MESSAGE][PASSED] - Object: 'Object Repository/Employee/Employee/Delete_OR/Delete_Employee_ShouldSucceed/Page_Unified Wallet/a_account_circleEmployee' is clicked on&#xD;
&#xD;
2019-10-11 16:20:06 - [TEST_STEP][FAILED] - click(findTestObject("Object Repository/Employee/Employee/Delete_OR/Delete_Employee_ShouldSucceed/Page_Unified Wallet/a_account_circleEmployee_1")): Unable to click on object 'Object Repository/Employee/Employee/Delete_OR/Delete_Employee_ShouldSucceed/Page_Unified Wallet/a_account_circleEmployee_1' (Root cause: com.kms.katalon.core.exception.StepFailedException: Unable to click on object 'Object Repository/Employee/Employee/Delete_OR/Delete_Employee_ShouldSucceed/Page_Unified Wallet/a_account_circleEmployee_1'&#xD;
	at com.kms.katalon.core.webui.keyword.internal.WebUIKeywordMain.stepFailed(WebUIKeywordMain.groovy:64)&#xD;
	at com.kms.katalon.core.webui.keyword.internal.WebUIKeywordMain.runKeyword(WebUIKeywordMain.groovy:26)&#xD;
	at com.kms.katalon.core.webui.keyword.builtin.ClickKeyword.click(ClickKeyword.groovy:86)&#xD;
	at com.kms.katalon.core.webui.keyword.builtin.ClickKeyword.execute(ClickKeyword.groovy:67)&#xD;
	at com.kms.katalon.core.keyword.internal.KeywordExecutor.executeKeywordForPlatform(KeywordExecutor.groovy:56)&#xD;
	at com.kms.katalon.core.webui.keyword.WebUiBuiltInKeywords.click(WebUiBuiltInKeywords.groovy:616)&#xD;
	at com.kms.katalon.core.webui.keyword.WebUiBuiltInKeywords$click$4.call(Unknown Source)&#xD;
	at Delete_Employee_ShouldSucceed.run(Delete_Employee_ShouldSucceed:23)&#xD;
	at com.kms.katalon.core.main.ScriptEngine.run(ScriptEngine.java:194)&#xD;
	at com.kms.katalon.core.main.ScriptEngine.runScriptAsRawText(ScriptEngine.java:119)&#xD;
	at com.kms.katalon.core.main.TestCaseExecutor.runScript(TestCaseExecutor.java:337)&#xD;
	at com.kms.katalon.core.main.TestCaseExecutor.doExecute(TestCaseExecutor.java:328)&#xD;
	at com.kms.katalon.core.main.TestCaseExecutor.processExecutionPhase(TestCaseExecutor.java:307)&#xD;
	at com.kms.katalon.core.main.TestCaseExecutor.accessMainPhase(TestCaseExecutor.java:299)&#xD;
	at com.kms.katalon.core.main.TestCaseExecutor.execute(TestCaseExecutor.java:233)&#xD;
	at com.kms.katalon.core.main.TestSuiteExecutor.accessTestCaseMainPhase(TestSuiteExecutor.java:133)&#xD;
	at com.kms.katalon.core.main.TestSuiteExecutor.accessTestSuiteMainPhase(TestSuiteExecutor.java:116)&#xD;
	at com.kms.katalon.core.main.TestSuiteExecutor.execute(TestSuiteExecutor.java:83)&#xD;
	at com.kms.katalon.core.main.TestCaseMain.startTestSuite(TestCaseMain.java:157)&#xD;
	at com.kms.katalon.core.main.TestCaseMain$startTestSuite$0.call(Unknown Source)&#xD;
	at TempTestSuite1570790696642.run(TempTestSuite1570790696642.groovy:35)&#xD;
Caused by: org.openqa.selenium.ElementNotInteractableException: element not interactable
  (Session info: chrome=77.0.3865.90)
Build info: version: '3.141.59', revision: 'e82be7d358', time: '2018-11-14T08:25:53'
System info: host: 'BLRW-36SF9X2', ip: '10.2.200.67', os.name: 'Windows 10', os.arch: 'amd64', os.version: '10.0', java.version: '1.8.0_181'
Driver info: com.kms.katalon.selenium.driver.CChromeDriver
Capabilities {acceptInsecureCerts: false, browserName: chrome, browserVersion: 77.0.3865.90, chrome: {chromedriverVersion: 76.0.3809.25 (a0c95f440512e..., userDataDir: C:\Users\VINAYA~1.PRA\AppDa...}, goog:chromeOptions: {debuggerAddress: localhost:64673}, javascriptEnabled: true, networkConnectionEnabled: false, pageLoadStrategy: normal, platform: XP, platformName: XP, proxy: Proxy(), setWindowRect: true, strictFileInteractability: false, timeouts: {implicit: 0, pageLoad: 300000, script: 30000}, unhandledPromptBehavior: dismiss and notify}
Session ID: c6f948986a16eface6b67e73a0ac58dc&#xD;
	at org.openqa.selenium.remote.http.W3CHttpResponseCodec.createException(W3CHttpResponseCodec.java:187)&#xD;
	at org.openqa.selenium.remote.http.W3CHttpResponseCodec.decode(W3CHttpResponseCodec.java:122)&#xD;
	at org.openqa.selenium.remote.http.W3CHttpResponseCodec.decode(W3CHttpResponseCodec.java:49)&#xD;
	at org.openqa.selenium.remote.HttpCommandExecutor.execute(HttpCommandExecutor.java:158)&#xD;
	at org.openqa.selenium.remote.service.DriverCommandExecutor.execute(DriverCommandExecutor.java:83)&#xD;
	at org.openqa.selenium.remote.RemoteWebDriver.execute(RemoteWebDriver.java:552)&#xD;
	at com.kms.katalon.selenium.driver.CChromeDriver.execute(CChromeDriver.java:20)&#xD;
	at org.openqa.selenium.remote.RemoteWebElement.execute(RemoteWebElement.java:285)&#xD;
	at org.openqa.selenium.remote.RemoteWebElement.click(RemoteWebElement.java:84)&#xD;
	at com.kms.katalon.core.webui.keyword.builtin.ClickKeyword$_click_closure1.doCall(ClickKeyword.groovy:79)&#xD;
	at com.kms.katalon.core.webui.keyword.builtin.ClickKeyword$_click_closure1.call(ClickKeyword.groovy)&#xD;
	at com.kms.katalon.core.webui.keyword.internal.WebUIKeywordMain.runKeyword(WebUIKeywordMain.groovy:20)&#xD;
	at com.kms.katalon.core.webui.keyword.builtin.ClickKeyword.click(ClickKeyword.groovy:86)&#xD;
	at com.kms.katalon.core.webui.keyword.builtin.ClickKeyword.execute(ClickKeyword.groovy:67)&#xD;
	at com.kms.katalon.core.keyword.internal.KeywordExecutor.executeKeywordForPlatform(KeywordExecutor.groovy:56)&#xD;
	at com.kms.katalon.core.webui.keyword.WebUiBuiltInKeywords.click(WebUiBuiltInKeywords.groovy:616)&#xD;
	at com.kms.katalon.core.webui.keyword.WebUiBuiltInKeywords$click$4.call(Unknown Source)&#xD;
	at Script1565776962047.run(Script1565776962047.groovy:23)&#xD;
	... 13 more&#xD;
)&#xD;
&#xD;
2019-10-11 16:20:06 - [MESSAGE][FAILED] - Unable to click on object 'Object Repository/Employee/Employee/Delete_OR/Delete_Employee_ShouldSucceed/Page_Unified Wallet/a_account_circleEmployee_1' (Root cause: com.kms.katalon.core.exception.StepFailedException: Unable to click on object 'Object Repository/Employee/Employee/Delete_OR/Delete_Employee_ShouldSucceed/Page_Unified Wallet/a_account_circleEmployee_1'&#xD;
	at com.kms.katalon.core.webui.keyword.internal.WebUIKeywordMain.stepFailed(WebUIKeywordMain.groovy:64)&#xD;
	at com.kms.katalon.core.webui.keyword.internal.WebUIKeywordMain.runKeyword(WebUIKeywordMain.groovy:26)&#xD;
	at com.kms.katalon.core.webui.keyword.builtin.ClickKeyword.click(ClickKeyword.groovy:86)&#xD;
	at com.kms.katalon.core.webui.keyword.builtin.ClickKeyword.execute(ClickKeyword.groovy:67)&#xD;
	at com.kms.katalon.core.keyword.internal.KeywordExecutor.executeKeywordForPlatform(KeywordExecutor.groovy:56)&#xD;
	at com.kms.katalon.core.webui.keyword.WebUiBuiltInKeywords.click(WebUiBuiltInKeywords.groovy:616)&#xD;
	at com.kms.katalon.core.webui.keyword.WebUiBuiltInKeywords$click$4.call(Unknown Source)&#xD;
	at Delete_Employee_ShouldSucceed.run(Delete_Employee_ShouldSucceed:23)&#xD;
	at com.kms.katalon.core.main.ScriptEngine.run(ScriptEngine.java:194)&#xD;
	at com.kms.katalon.core.main.ScriptEngine.runScriptAsRawText(ScriptEngine.java:119)&#xD;
	at com.kms.katalon.core.main.TestCaseExecutor.runScript(TestCaseExecutor.java:337)&#xD;
	at com.kms.katalon.core.main.TestCaseExecutor.doExecute(TestCaseExecutor.java:328)&#xD;
	at com.kms.katalon.core.main.TestCaseExecutor.processExecutionPhase(TestCaseExecutor.java:307)&#xD;
	at com.kms.katalon.core.main.TestCaseExecutor.accessMainPhase(TestCaseExecutor.java:299)&#xD;
	at com.kms.katalon.core.main.TestCaseExecutor.execute(TestCaseExecutor.java:233)&#xD;
	at com.kms.katalon.core.main.TestSuiteExecutor.accessTestCaseMainPhase(TestSuiteExecutor.java:133)&#xD;
	at com.kms.katalon.core.main.TestSuiteExecutor.accessTestSuiteMainPhase(TestSuiteExecutor.java:116)&#xD;
	at com.kms.katalon.core.main.TestSuiteExecutor.execute(TestSuiteExecutor.java:83)&#xD;
	at com.kms.katalon.core.main.TestCaseMain.startTestSuite(TestCaseMain.java:157)&#xD;
	at com.kms.katalon.core.main.TestCaseMain$startTestSuite$0.call(Unknown Source)&#xD;
	at TempTestSuite1570790696642.run(TempTestSuite1570790696642.groovy:35)&#xD;
Caused by: org.openqa.selenium.ElementNotInteractableException: element not interactable
  (Session info: chrome=77.0.3865.90)
Build info: version: '3.141.59', revision: 'e82be7d358', time: '2018-11-14T08:25:53'
System info: host: 'BLRW-36SF9X2', ip: '10.2.200.67', os.name: 'Windows 10', os.arch: 'amd64', os.version: '10.0', java.version: '1.8.0_181'
Driver info: com.kms.katalon.selenium.driver.CChromeDriver
Capabilities {acceptInsecureCerts: false, browserName: chrome, browserVersion: 77.0.3865.90, chrome: {chromedriverVersion: 76.0.3809.25 (a0c95f440512e..., userDataDir: C:\Users\VINAYA~1.PRA\AppDa...}, goog:chromeOptions: {debuggerAddress: localhost:64673}, javascriptEnabled: true, networkConnectionEnabled: false, pageLoadStrategy: normal, platform: XP, platformName: XP, proxy: Proxy(), setWindowRect: true, strictFileInteractability: false, timeouts: {implicit: 0, pageLoad: 300000, script: 30000}, unhandledPromptBehavior: dismiss and notify}
Session ID: c6f948986a16eface6b67e73a0ac58dc&#xD;
	at org.openqa.selenium.remote.http.W3CHttpResponseCodec.createException(W3CHttpResponseCodec.java:187)&#xD;
	at org.openqa.selenium.remote.http.W3CHttpResponseCodec.decode(W3CHttpResponseCodec.java:122)&#xD;
	at org.openqa.selenium.remote.http.W3CHttpResponseCodec.decode(W3CHttpResponseCodec.java:49)&#xD;
	at org.openqa.selenium.remote.HttpCommandExecutor.execute(HttpCommandExecutor.java:158)&#xD;
	at org.openqa.selenium.remote.service.DriverCommandExecutor.execute(DriverCommandExecutor.java:83)&#xD;
	at org.openqa.selenium.remote.RemoteWebDriver.execute(RemoteWebDriver.java:552)&#xD;
	at com.kms.katalon.selenium.driver.CChromeDriver.execute(CChromeDriver.java:20)&#xD;
	at org.openqa.selenium.remote.RemoteWebElement.execute(RemoteWebElement.java:285)&#xD;
	at org.openqa.selenium.remote.RemoteWebElement.click(RemoteWebElement.java:84)&#xD;
	at com.kms.katalon.core.webui.keyword.builtin.ClickKeyword$_click_closure1.doCall(ClickKeyword.groovy:79)&#xD;
	at com.kms.katalon.core.webui.keyword.builtin.ClickKeyword$_click_closure1.call(ClickKeyword.groovy)&#xD;
	at com.kms.katalon.core.webui.keyword.internal.WebUIKeywordMain.runKeyword(WebUIKeywordMain.groovy:20)&#xD;
	at com.kms.katalon.core.webui.keyword.builtin.ClickKeyword.click(ClickKeyword.groovy:86)&#xD;
	at com.kms.katalon.core.webui.keyword.builtin.ClickKeyword.execute(ClickKeyword.groovy:67)&#xD;
	at com.kms.katalon.core.keyword.internal.KeywordExecutor.executeKeywordForPlatform(KeywordExecutor.groovy:56)&#xD;
	at com.kms.katalon.core.webui.keyword.WebUiBuiltInKeywords.click(WebUiBuiltInKeywords.groovy:616)&#xD;
	at com.kms.katalon.core.webui.keyword.WebUiBuiltInKeywords$click$4.call(Unknown Source)&#xD;
	at Script1565776962047.run(Script1565776962047.groovy:23)&#xD;
	... 13 more&#xD;
)&#xD;
[[ATTACHMENT|C:\\Users\\vinayaka.prabhu\\Katalon Studio\\Unified_Wallet_UI_Test\\Reports\\Complete_Wallet_UI\\Complete_Wallet_UI\\20191011_161456\\1570791006446.png]]</system-out>
            <system-err>2019-10-11 16:19:56 - [TEST_CASE][FAILED] - Test Cases/Employee/Employee/Delete/Delete_Employee_ShouldSucceed: Test Cases/Employee/Employee/Delete/Delete_Employee_ShouldSucceed FAILED.
Reason:
com.kms.katalon.core.exception.StepFailedException: Unable to click on object 'Object Repository/Employee/Employee/Delete_OR/Delete_Employee_ShouldSucceed/Page_Unified Wallet/a_account_circleEmployee_1'&#xD;
	at com.kms.katalon.core.webui.keyword.internal.WebUIKeywordMain.stepFailed(WebUIKeywordMain.groovy:64)&#xD;
	at com.kms.katalon.core.webui.keyword.internal.WebUIKeywordMain.runKeyword(WebUIKeywordMain.groovy:26)&#xD;
	at com.kms.katalon.core.webui.keyword.builtin.ClickKeyword.click(ClickKeyword.groovy:86)&#xD;
	at com.kms.katalon.core.webui.keyword.builtin.ClickKeyword.execute(ClickKeyword.groovy:67)&#xD;
	at com.kms.katalon.core.keyword.internal.KeywordExecutor.executeKeywordForPlatform(KeywordExecutor.groovy:56)&#xD;
	at com.kms.katalon.core.webui.keyword.WebUiBuiltInKeywords.click(WebUiBuiltInKeywords.groovy:616)&#xD;
	at com.kms.katalon.core.webui.keyword.WebUiBuiltInKeywords$click$4.call(Unknown Source)&#xD;
	at Delete_Employee_ShouldSucceed.run(Delete_Employee_ShouldSucceed:23)&#xD;
	at com.kms.katalon.core.main.ScriptEngine.run(ScriptEngine.java:194)&#xD;
	at com.kms.katalon.core.main.ScriptEngine.runScriptAsRawText(ScriptEngine.java:119)&#xD;
	at com.kms.katalon.core.main.TestCaseExecutor.runScript(TestCaseExecutor.java:337)&#xD;
	at com.kms.katalon.core.main.TestCaseExecutor.doExecute(TestCaseExecutor.java:328)&#xD;
	at com.kms.katalon.core.main.TestCaseExecutor.processExecutionPhase(TestCaseExecutor.java:307)&#xD;
	at com.kms.katalon.core.main.TestCaseExecutor.accessMainPhase(TestCaseExecutor.java:299)&#xD;
	at com.kms.katalon.core.main.TestCaseExecutor.execute(TestCaseExecutor.java:233)&#xD;
	at com.kms.katalon.core.main.TestSuiteExecutor.accessTestCaseMainPhase(TestSuiteExecutor.java:133)&#xD;
	at com.kms.katalon.core.main.TestSuiteExecutor.accessTestSuiteMainPhase(TestSuiteExecutor.java:116)&#xD;
	at com.kms.katalon.core.main.TestSuiteExecutor.execute(TestSuiteExecutor.java:83)&#xD;
	at com.kms.katalon.core.main.TestCaseMain.startTestSuite(TestCaseMain.java:157)&#xD;
	at com.kms.katalon.core.main.TestCaseMain$startTestSuite$0.call(Unknown Source)&#xD;
	at TempTestSuite1570790696642.run(TempTestSuite1570790696642.groovy:35)&#xD;
Caused by: org.openqa.selenium.ElementNotInteractableException: element not interactable
  (Session info: chrome=77.0.3865.90)
Build info: version: '3.141.59', revision: 'e82be7d358', time: '2018-11-14T08:25:53'
System info: host: 'BLRW-36SF9X2', ip: '10.2.200.67', os.name: 'Windows 10', os.arch: 'amd64', os.version: '10.0', java.version: '1.8.0_181'
Driver info: com.kms.katalon.selenium.driver.CChromeDriver
Capabilities {acceptInsecureCerts: false, browserName: chrome, browserVersion: 77.0.3865.90, chrome: {chromedriverVersion: 76.0.3809.25 (a0c95f440512e..., userDataDir: C:\Users\VINAYA~1.PRA\AppDa...}, goog:chromeOptions: {debuggerAddress: localhost:64673}, javascriptEnabled: true, networkConnectionEnabled: false, pageLoadStrategy: normal, platform: XP, platformName: XP, proxy: Proxy(), setWindowRect: true, strictFileInteractability: false, timeouts: {implicit: 0, pageLoad: 300000, script: 30000}, unhandledPromptBehavior: dismiss and notify}
Session ID: c6f948986a16eface6b67e73a0ac58dc&#xD;
	at org.openqa.selenium.remote.http.W3CHttpResponseCodec.createException(W3CHttpResponseCodec.java:187)&#xD;
	at org.openqa.selenium.remote.http.W3CHttpResponseCodec.decode(W3CHttpResponseCodec.java:122)&#xD;
	at org.openqa.selenium.remote.http.W3CHttpResponseCodec.decode(W3CHttpResponseCodec.java:49)&#xD;
	at org.openqa.selenium.remote.HttpCommandExecutor.execute(HttpCommandExecutor.java:158)&#xD;
	at org.openqa.selenium.remote.service.DriverCommandExecutor.execute(DriverCommandExecutor.java:83)&#xD;
	at org.openqa.selenium.remote.RemoteWebDriver.execute(RemoteWebDriver.java:552)&#xD;
	at com.kms.katalon.selenium.driver.CChromeDriver.execute(CChromeDriver.java:20)&#xD;
	at org.openqa.selenium.remote.RemoteWebElement.execute(RemoteWebElement.java:285)&#xD;
	at org.openqa.selenium.remote.RemoteWebElement.click(RemoteWebElement.java:84)&#xD;
	at com.kms.katalon.core.webui.keyword.builtin.ClickKeyword$_click_closure1.doCall(ClickKeyword.groovy:79)&#xD;
	at com.kms.katalon.core.webui.keyword.builtin.ClickKeyword$_click_closure1.call(ClickKeyword.groovy)&#xD;
	at com.kms.katalon.core.webui.keyword.internal.WebUIKeywordMain.runKeyword(WebUIKeywordMain.groovy:20)&#xD;
	... 19 more</system-err>
        </testcase>
        <testcase name="Test Cases/Employee/Employee_Role_And_Task/Task Group/Delete/Delete_RoleActive_ShouldFail" classname="Test Cases/Employee/Employee_Role_And_Task/Task Group/Delete/Delete_RoleActive_ShouldFail" status="FAILED">
            <failure type="FAILED" message="Test Cases/Employee/Employee_Role_And_Task/Task Group/Delete/Delete_RoleActive_ShouldFail FAILED.&#xA;Reason:&#xA;com.kms.katalon.core.exception.StepFailedException: Unable to click on object 'Object Repository/Employee/Employee_Role_And_Task_OR/Task Group_OR/Delete_OR/Delete_RoleActive_ShouldGiveErrorMessage/a_assignmentRole And Task'&#xD;&#xA;&#x9;at com.kms.katalon.core.webui.keyword.internal.WebUIKeywordMain.stepFailed(WebUIKeywordMain.groovy:64)&#xD;&#xA;&#x9;at com.kms.katalon.core.webui.keyword.internal.WebUIKeywordMain.runKeyword(WebUIKeywordMain.groovy:26)&#xD;&#xA;&#x9;at com.kms.katalon.core.webui.keyword.builtin.ClickKeyword.click(ClickKeyword.groovy:86)&#xD;&#xA;&#x9;at com.kms.katalon.core.webui.keyword.builtin.ClickKeyword.execute(ClickKeyword.groovy:67)&#xD;&#xA;&#x9;at com.kms.katalon.core.keyword.internal.KeywordExecutor.executeKeywordForPlatform(KeywordExecutor.groovy:56)&#xD;&#xA;&#x9;at com.kms.katalon.core.webui.keyword.WebUiBuiltInKeywords.click(WebUiBuiltInKeywords.groovy:616)&#xD;&#xA;&#x9;at com.kms.katalon.core.webui.keyword.WebUiBuiltInKeywords$click$4.call(Unknown Source)&#xD;&#xA;&#x9;at Delete_RoleActive_ShouldFail.run(Delete_RoleActive_ShouldFail:23)&#xD;&#xA;&#x9;at com.kms.katalon.core.main.ScriptEngine.run(ScriptEngine.java:194)&#xD;&#xA;&#x9;at com.kms.katalon.core.main.ScriptEngine.runScriptAsRawText(ScriptEngine.java:119)&#xD;&#xA;&#x9;at com.kms.katalon.core.main.TestCaseExecutor.runScript(TestCaseExecutor.java:337)&#xD;&#xA;&#x9;at com.kms.katalon.core.main.TestCaseExecutor.doExecute(TestCaseExecutor.java:328)&#xD;&#xA;&#x9;at com.kms.katalon.core.main.TestCaseExecutor.processExecutionPhase(TestCaseExecutor.java:307)&#xD;&#xA;&#x9;at com.kms.katalon.core.main.TestCaseExecutor.accessMainPhase(TestCaseExecutor.java:299)&#xD;&#xA;&#x9;at com.kms.katalon.core.main.TestCaseExecutor.execute(TestCaseExecutor.java:233)&#xD;&#xA;&#x9;at com.kms.katalon.core.main.TestSuiteExecutor.accessTestCaseMainPhase(TestSuiteExecutor.java:133)&#xD;&#xA;&#x9;at com.kms.katalon.core.main.TestSuiteExecutor.accessTestSuiteMainPhase(TestSuiteExecutor.java:116)&#xD;&#xA;&#x9;at com.kms.katalon.core.main.TestSuiteExecutor.execute(TestSuiteExecutor.java:83)&#xD;&#xA;&#x9;at com.kms.katalon.core.main.TestCaseMain.startTestSuite(TestCaseMain.java:157)&#xD;&#xA;&#x9;at com.kms.katalon.core.main.TestCaseMain$startTestSuite$0.call(Unknown Source)&#xD;&#xA;&#x9;at TempTestSuite1570790696642.run(TempTestSuite1570790696642.groovy:35)&#xD;&#xA;Caused by: org.openqa.selenium.ElementNotInteractableException: element not interactable&#xA;  (Session info: chrome=77.0.3865.90)&#xA;Build info: version: '3.141.59', revision: 'e82be7d358', time: '2018-11-14T08:25:53'&#xA;System info: host: 'BLRW-36SF9X2', ip: '10.2.200.67', os.name: 'Windows 10', os.arch: 'amd64', os.version: '10.0', java.version: '1.8.0_181'&#xA;Driver info: com.kms.katalon.selenium.driver.CChromeDriver&#xA;Capabilities {acceptInsecureCerts: false, browserName: chrome, browserVersion: 77.0.3865.90, chrome: {chromedriverVersion: 76.0.3809.25 (a0c95f440512e..., userDataDir: C:\Users\VINAYA~1.PRA\AppDa...}, goog:chromeOptions: {debuggerAddress: localhost:64721}, javascriptEnabled: true, networkConnectionEnabled: false, pageLoadStrategy: normal, platform: XP, platformName: XP, proxy: Proxy(), setWindowRect: true, strictFileInteractability: false, timeouts: {implicit: 0, pageLoad: 300000, script: 30000}, unhandledPromptBehavior: dismiss and notify}&#xA;Session ID: 7af9b1f290c8c9255427db533bef97cb&#xD;&#xA;&#x9;at org.openqa.selenium.remote.http.W3CHttpResponseCodec.createException(W3CHttpResponseCodec.java:187)&#xD;&#xA;&#x9;at org.openqa.selenium.remote.http.W3CHttpResponseCodec.decode(W3CHttpResponseCodec.java:122)&#xD;&#xA;&#x9;at org.openqa.selenium.remote.http.W3CHttpResponseCodec.decode(W3CHttpResponseCodec.java:49)&#xD;&#xA;&#x9;at org.openqa.selenium.remote.HttpCommandExecutor.execute(HttpCommandExecutor.java:158)&#xD;&#xA;&#x9;at org.openqa.selenium.remote.service.DriverCommandExecutor.execute(DriverCommandExecutor.java:83)&#xD;&#xA;&#x9;at org.openqa.selenium.remote.RemoteWebDriver.execute(RemoteWebDriver.java:552)&#xD;&#xA;&#x9;at com.kms.katalon.selenium.driver.CChromeDriver.execute(CChromeDriver.java:20)&#xD;&#xA;&#x9;at org.openqa.selenium.remote.RemoteWebElement.execute(RemoteWebElement.java:285)&#xD;&#xA;&#x9;at org.openqa.selenium.remote.RemoteWebElement.click(RemoteWebElement.java:84)&#xD;&#xA;&#x9;at com.kms.katalon.core.webui.keyword.builtin.ClickKeyword$_click_closure1.doCall(ClickKeyword.groovy:79)&#xD;&#xA;&#x9;at com.kms.katalon.core.webui.keyword.builtin.ClickKeyword$_click_closure1.call(ClickKeyword.groovy)&#xD;&#xA;&#x9;at com.kms.katalon.core.webui.keyword.internal.WebUIKeywordMain.runKeyword(WebUIKeywordMain.groovy:20)&#xD;&#xA;&#x9;... 19 more&#xD;&#xA;"/>
            <system-out>2019-10-11 16:20:06 - [TEST_CASE][FAILED] - Test Cases/Employee/Employee_Role_And_Task/Task Group/Delete/Delete_RoleActive_ShouldFail: Test Cases/Employee/Employee_Role_And_Task/Task Group/Delete/Delete_RoleActive_ShouldFail FAILED.
Reason:
com.kms.katalon.core.exception.StepFailedException: Unable to click on object 'Object Repository/Employee/Employee_Role_And_Task_OR/Task Group_OR/Delete_OR/Delete_RoleActive_ShouldGiveErrorMessage/a_assignmentRole And Task'&#xD;
	at com.kms.katalon.core.webui.keyword.internal.WebUIKeywordMain.stepFailed(WebUIKeywordMain.groovy:64)&#xD;
	at com.kms.katalon.core.webui.keyword.internal.WebUIKeywordMain.runKeyword(WebUIKeywordMain.groovy:26)&#xD;
	at com.kms.katalon.core.webui.keyword.builtin.ClickKeyword.click(ClickKeyword.groovy:86)&#xD;
	at com.kms.katalon.core.webui.keyword.builtin.ClickKeyword.execute(ClickKeyword.groovy:67)&#xD;
	at com.kms.katalon.core.keyword.internal.KeywordExecutor.executeKeywordForPlatform(KeywordExecutor.groovy:56)&#xD;
	at com.kms.katalon.core.webui.keyword.WebUiBuiltInKeywords.click(WebUiBuiltInKeywords.groovy:616)&#xD;
	at com.kms.katalon.core.webui.keyword.WebUiBuiltInKeywords$click$4.call(Unknown Source)&#xD;
	at Delete_RoleActive_ShouldFail.run(Delete_RoleActive_ShouldFail:23)&#xD;
	at com.kms.katalon.core.main.ScriptEngine.run(ScriptEngine.java:194)&#xD;
	at com.kms.katalon.core.main.ScriptEngine.runScriptAsRawText(ScriptEngine.java:119)&#xD;
	at com.kms.katalon.core.main.TestCaseExecutor.runScript(TestCaseExecutor.java:337)&#xD;
	at com.kms.katalon.core.main.TestCaseExecutor.doExecute(TestCaseExecutor.java:328)&#xD;
	at com.kms.katalon.core.main.TestCaseExecutor.processExecutionPhase(TestCaseExecutor.java:307)&#xD;
	at com.kms.katalon.core.main.TestCaseExecutor.accessMainPhase(TestCaseExecutor.java:299)&#xD;
	at com.kms.katalon.core.main.TestCaseExecutor.execute(TestCaseExecutor.java:233)&#xD;
	at com.kms.katalon.core.main.TestSuiteExecutor.accessTestCaseMainPhase(TestSuiteExecutor.java:133)&#xD;
	at com.kms.katalon.core.main.TestSuiteExecutor.accessTestSuiteMainPhase(TestSuiteExecutor.java:116)&#xD;
	at com.kms.katalon.core.main.TestSuiteExecutor.execute(TestSuiteExecutor.java:83)&#xD;
	at com.kms.katalon.core.main.TestCaseMain.startTestSuite(TestCaseMain.java:157)&#xD;
	at com.kms.katalon.core.main.TestCaseMain$startTestSuite$0.call(Unknown Source)&#xD;
	at TempTestSuite1570790696642.run(TempTestSuite1570790696642.groovy:35)&#xD;
Caused by: org.openqa.selenium.ElementNotInteractableException: element not interactable
  (Session info: chrome=77.0.3865.90)
Build info: version: '3.141.59', revision: 'e82be7d358', time: '2018-11-14T08:25:53'
System info: host: 'BLRW-36SF9X2', ip: '10.2.200.67', os.name: 'Windows 10', os.arch: 'amd64', os.version: '10.0', java.version: '1.8.0_181'
Driver info: com.kms.katalon.selenium.driver.CChromeDriver
Capabilities {acceptInsecureCerts: false, browserName: chrome, browserVersion: 77.0.3865.90, chrome: {chromedriverVersion: 76.0.3809.25 (a0c95f440512e..., userDataDir: C:\Users\VINAYA~1.PRA\AppDa...}, goog:chromeOptions: {debuggerAddress: localhost:64721}, javascriptEnabled: true, networkConnectionEnabled: false, pageLoadStrategy: normal, platform: XP, platformName: XP, proxy: Proxy(), setWindowRect: true, strictFileInteractability: false, timeouts: {implicit: 0, pageLoad: 300000, script: 30000}, unhandledPromptBehavior: dismiss and notify}
Session ID: 7af9b1f290c8c9255427db533bef97cb&#xD;
	at org.openqa.selenium.remote.http.W3CHttpResponseCodec.createException(W3CHttpResponseCodec.java:187)&#xD;
	at org.openqa.selenium.remote.http.W3CHttpResponseCodec.decode(W3CHttpResponseCodec.java:122)&#xD;
	at org.openqa.selenium.remote.http.W3CHttpResponseCodec.decode(W3CHttpResponseCodec.java:49)&#xD;
	at org.openqa.selenium.remote.HttpCommandExecutor.execute(HttpCommandExecutor.java:158)&#xD;
	at org.openqa.selenium.remote.service.DriverCommandExecutor.execute(DriverCommandExecutor.java:83)&#xD;
	at org.openqa.selenium.remote.RemoteWebDriver.execute(RemoteWebDriver.java:552)&#xD;
	at com.kms.katalon.selenium.driver.CChromeDriver.execute(CChromeDriver.java:20)&#xD;
	at org.openqa.selenium.remote.RemoteWebElement.execute(RemoteWebElement.java:285)&#xD;
	at org.openqa.selenium.remote.RemoteWebElement.click(RemoteWebElement.java:84)&#xD;
	at com.kms.katalon.core.webui.keyword.builtin.ClickKeyword$_click_closure1.doCall(ClickKeyword.groovy:79)&#xD;
	at com.kms.katalon.core.webui.keyword.builtin.ClickKeyword$_click_closure1.call(ClickKeyword.groovy)&#xD;
	at com.kms.katalon.core.webui.keyword.internal.WebUIKeywordMain.runKeyword(WebUIKeywordMain.groovy:20)&#xD;
	... 19 more&#xD;
&#xD;
&#xD;
2019-10-11 16:20:07 - [TEST_STEP][PASSED] - callTestCase(findTestCase("Login/AdminLogin_ShouldSucceed"), [:], STOP_ON_FAILURE): Call Test Case 'Test Cases/Login/AdminLogin_ShouldSucceed' successfully&#xD;
&#xD;
2019-10-11 16:20:07 - [TEST_CASE][PASSED] - Test Cases/Login/AdminLogin_ShouldSucceed: Test Cases/Login/AdminLogin_ShouldSucceed&#xD;
&#xD;
2019-10-11 16:20:07 - [TEST_STEP][PASSED] - openBrowser(""): Browser is opened with url: ''&#xD;
&#xD;
2019-10-11 16:20:07 - [MESSAGE][WARNING] - A browser is already opened. Closing browser and opening a new one&#xD;
&#xD;
2019-10-11 16:20:08 - [MESSAGE][INFO] - Starting 'Chrome' driver&#xD;
&#xD;
2019-10-11 16:20:10 - [MESSAGE][PASSED] - Browser is opened with url: ''&#xD;
&#xD;
2019-10-11 16:20:10 - [TEST_STEP][PASSED] - maximizeWindow(): Current window maximized&#xD;
&#xD;
2019-10-11 16:20:11 - [MESSAGE][PASSED] - Current window maximized&#xD;
&#xD;
2019-10-11 16:20:11 - [TEST_STEP][PASSED] - navigateToUrl(login_url): Navigate to 'https://10.2.200.37:8441/login' successfully&#xD;
&#xD;
2019-10-11 16:20:13 - [MESSAGE][PASSED] - Navigate to 'https://10.2.200.37:8441/login' successfully&#xD;
&#xD;
2019-10-11 16:20:13 - [TEST_STEP][PASSED] - setText(findTestObject("Object Repository/Login_OR/AdminLogin_ShouldSucceed/Page_Unified Wallet/input_Sign in_mat-input-0"), username_admin): Text 'admin' is set on object 'Object Repository/Login_OR/AdminLogin_ShouldSucceed/Page_Unified Wallet/input_Sign in_mat-input-0'&#xD;
&#xD;
2019-10-11 16:20:13 - [MESSAGE][PASSED] - Text 'admin' is set on object 'Object Repository/Login_OR/AdminLogin_ShouldSucceed/Page_Unified Wallet/input_Sign in_mat-input-0'&#xD;
&#xD;
2019-10-11 16:20:13 - [TEST_STEP][PASSED] - setEncryptedText(findTestObject("Object Repository/Login_OR/AdminLogin_ShouldSucceed/Page_Unified Wallet/input_Username_mat-input-1"), username_admins_Password): Text ****** has been set on object 'Object Repository/Login_OR/AdminLogin_ShouldSucceed/Page_Unified Wallet/input_Username_mat-input-1'&#xD;
&#xD;
2019-10-11 16:20:13 - [MESSAGE][PASSED] - Text ****** has been set on object 'Object Repository/Login_OR/AdminLogin_ShouldSucceed/Page_Unified Wallet/input_Username_mat-input-1'&#xD;
&#xD;
2019-10-11 16:20:13 - [TEST_STEP][PASSED] - click(findTestObject("Object Repository/Login_OR/AdminLogin_ShouldSucceed/Page_Unified Wallet/button_Login")): Object: 'Object Repository/Login_OR/AdminLogin_ShouldSucceed/Page_Unified Wallet/button_Login' is clicked on&#xD;
&#xD;
2019-10-11 16:20:13 - [MESSAGE][PASSED] - Object: 'Object Repository/Login_OR/AdminLogin_ShouldSucceed/Page_Unified Wallet/button_Login' is clicked on&#xD;
&#xD;
2019-10-11 16:20:13 - [TEST_STEP][PASSED] - delay(2): Delayed 2 second(s)&#xD;
&#xD;
2019-10-11 16:20:15 - [MESSAGE][PASSED] - Delayed 2 second(s)&#xD;
&#xD;
2019-10-11 16:20:15 - [MESSAGE][PASSED] - Call Test Case 'Test Cases/Login/AdminLogin_ShouldSucceed' successfully&#xD;
&#xD;
2019-10-11 16:20:15 - [TEST_STEP][PASSED] - click(findTestObject("Object Repository/Employee/Employee_Role_And_Task_OR/Task Group_OR/Delete_OR/Delete_RoleActive_ShouldGiveErrorMessage/div_more_vert_hamburgerWrapper"), OPTIONAL): Object: 'Object Repository/Employee/Employee_Role_And_Task_OR/Task Group_OR/Delete_OR/Delete_RoleActive_ShouldGiveErrorMessage/div_more_vert_hamburgerWrapper' is clicked on&#xD;
&#xD;
2019-10-11 16:20:20 - [MESSAGE][PASSED] - Object: 'Object Repository/Employee/Employee_Role_And_Task_OR/Task Group_OR/Delete_OR/Delete_RoleActive_ShouldGiveErrorMessage/div_more_vert_hamburgerWrapper' is clicked on&#xD;
&#xD;
2019-10-11 16:20:20 - [TEST_STEP][PASSED] - click(findTestObject("Object Repository/Employee/Employee_Role_And_Task_OR/Task Group_OR/Delete_OR/Delete_RoleActive_ShouldGiveErrorMessage/a_account_circleEmployee")): Object: 'Object Repository/Employee/Employee_Role_And_Task_OR/Task Group_OR/Delete_OR/Delete_RoleActive_ShouldGiveErrorMessage/a_account_circleEmployee' is clicked on&#xD;
&#xD;
2019-10-11 16:20:20 - [MESSAGE][PASSED] - Object: 'Object Repository/Employee/Employee_Role_And_Task_OR/Task Group_OR/Delete_OR/Delete_RoleActive_ShouldGiveErrorMessage/a_account_circleEmployee' is clicked on&#xD;
&#xD;
2019-10-11 16:20:20 - [TEST_STEP][FAILED] - click(findTestObject("Object Repository/Employee/Employee_Role_And_Task_OR/Task Group_OR/Delete_OR/Delete_RoleActive_ShouldGiveErrorMessage/a_assignmentRole And Task")): Unable to click on object 'Object Repository/Employee/Employee_Role_And_Task_OR/Task Group_OR/Delete_OR/Delete_RoleActive_ShouldGiveErrorMessage/a_assignmentRole And Task' (Root cause: com.kms.katalon.core.exception.StepFailedException: Unable to click on object 'Object Repository/Employee/Employee_Role_And_Task_OR/Task Group_OR/Delete_OR/Delete_RoleActive_ShouldGiveErrorMessage/a_assignmentRole And Task'&#xD;
	at com.kms.katalon.core.webui.keyword.internal.WebUIKeywordMain.stepFailed(WebUIKeywordMain.groovy:64)&#xD;
	at com.kms.katalon.core.webui.keyword.internal.WebUIKeywordMain.runKeyword(WebUIKeywordMain.groovy:26)&#xD;
	at com.kms.katalon.core.webui.keyword.builtin.ClickKeyword.click(ClickKeyword.groovy:86)&#xD;
	at com.kms.katalon.core.webui.keyword.builtin.ClickKeyword.execute(ClickKeyword.groovy:67)&#xD;
	at com.kms.katalon.core.keyword.internal.KeywordExecutor.executeKeywordForPlatform(KeywordExecutor.groovy:56)&#xD;
	at com.kms.katalon.core.webui.keyword.WebUiBuiltInKeywords.click(WebUiBuiltInKeywords.groovy:616)&#xD;
	at com.kms.katalon.core.webui.keyword.WebUiBuiltInKeywords$click$4.call(Unknown Source)&#xD;
	at Delete_RoleActive_ShouldFail.run(Delete_RoleActive_ShouldFail:23)&#xD;
	at com.kms.katalon.core.main.ScriptEngine.run(ScriptEngine.java:194)&#xD;
	at com.kms.katalon.core.main.ScriptEngine.runScriptAsRawText(ScriptEngine.java:119)&#xD;
	at com.kms.katalon.core.main.TestCaseExecutor.runScript(TestCaseExecutor.java:337)&#xD;
	at com.kms.katalon.core.main.TestCaseExecutor.doExecute(TestCaseExecutor.java:328)&#xD;
	at com.kms.katalon.core.main.TestCaseExecutor.processExecutionPhase(TestCaseExecutor.java:307)&#xD;
	at com.kms.katalon.core.main.TestCaseExecutor.accessMainPhase(TestCaseExecutor.java:299)&#xD;
	at com.kms.katalon.core.main.TestCaseExecutor.execute(TestCaseExecutor.java:233)&#xD;
	at com.kms.katalon.core.main.TestSuiteExecutor.accessTestCaseMainPhase(TestSuiteExecutor.java:133)&#xD;
	at com.kms.katalon.core.main.TestSuiteExecutor.accessTestSuiteMainPhase(TestSuiteExecutor.java:116)&#xD;
	at com.kms.katalon.core.main.TestSuiteExecutor.execute(TestSuiteExecutor.java:83)&#xD;
	at com.kms.katalon.core.main.TestCaseMain.startTestSuite(TestCaseMain.java:157)&#xD;
	at com.kms.katalon.core.main.TestCaseMain$startTestSuite$0.call(Unknown Source)&#xD;
	at TempTestSuite1570790696642.run(TempTestSuite1570790696642.groovy:35)&#xD;
Caused by: org.openqa.selenium.ElementNotInteractableException: element not interactable
  (Session info: chrome=77.0.3865.90)
Build info: version: '3.141.59', revision: 'e82be7d358', time: '2018-11-14T08:25:53'
System info: host: 'BLRW-36SF9X2', ip: '10.2.200.67', os.name: 'Windows 10', os.arch: 'amd64', os.version: '10.0', java.version: '1.8.0_181'
Driver info: com.kms.katalon.selenium.driver.CChromeDriver
Capabilities {acceptInsecureCerts: false, browserName: chrome, browserVersion: 77.0.3865.90, chrome: {chromedriverVersion: 76.0.3809.25 (a0c95f440512e..., userDataDir: C:\Users\VINAYA~1.PRA\AppDa...}, goog:chromeOptions: {debuggerAddress: localhost:64721}, javascriptEnabled: true, networkConnectionEnabled: false, pageLoadStrategy: normal, platform: XP, platformName: XP, proxy: Proxy(), setWindowRect: true, strictFileInteractability: false, timeouts: {implicit: 0, pageLoad: 300000, script: 30000}, unhandledPromptBehavior: dismiss and notify}
Session ID: 7af9b1f290c8c9255427db533bef97cb&#xD;
	at org.openqa.selenium.remote.http.W3CHttpResponseCodec.createException(W3CHttpResponseCodec.java:187)&#xD;
	at org.openqa.selenium.remote.http.W3CHttpResponseCodec.decode(W3CHttpResponseCodec.java:122)&#xD;
	at org.openqa.selenium.remote.http.W3CHttpResponseCodec.decode(W3CHttpResponseCodec.java:49)&#xD;
	at org.openqa.selenium.remote.HttpCommandExecutor.execute(HttpCommandExecutor.java:158)&#xD;
	at org.openqa.selenium.remote.service.DriverCommandExecutor.execute(DriverCommandExecutor.java:83)&#xD;
	at org.openqa.selenium.remote.RemoteWebDriver.execute(RemoteWebDriver.java:552)&#xD;
	at com.kms.katalon.selenium.driver.CChromeDriver.execute(CChromeDriver.java:20)&#xD;
	at org.openqa.selenium.remote.RemoteWebElement.execute(RemoteWebElement.java:285)&#xD;
	at org.openqa.selenium.remote.RemoteWebElement.click(RemoteWebElement.java:84)&#xD;
	at com.kms.katalon.core.webui.keyword.builtin.ClickKeyword$_click_closure1.doCall(ClickKeyword.groovy:79)&#xD;
	at com.kms.katalon.core.webui.keyword.builtin.ClickKeyword$_click_closure1.call(ClickKeyword.groovy)&#xD;
	at com.kms.katalon.core.webui.keyword.internal.WebUIKeywordMain.runKeyword(WebUIKeywordMain.groovy:20)&#xD;
	at com.kms.katalon.core.webui.keyword.builtin.ClickKeyword.click(ClickKeyword.groovy:86)&#xD;
	at com.kms.katalon.core.webui.keyword.builtin.ClickKeyword.execute(ClickKeyword.groovy:67)&#xD;
	at com.kms.katalon.core.keyword.internal.KeywordExecutor.executeKeywordForPlatform(KeywordExecutor.groovy:56)&#xD;
	at com.kms.katalon.core.webui.keyword.WebUiBuiltInKeywords.click(WebUiBuiltInKeywords.groovy:616)&#xD;
	at com.kms.katalon.core.webui.keyword.WebUiBuiltInKeywords$click$4.call(Unknown Source)&#xD;
	at Script1565959391237.run(Script1565959391237.groovy:23)&#xD;
	... 13 more&#xD;
)&#xD;
&#xD;
2019-10-11 16:20:21 - [MESSAGE][FAILED] - Unable to click on object 'Object Repository/Employee/Employee_Role_And_Task_OR/Task Group_OR/Delete_OR/Delete_RoleActive_ShouldGiveErrorMessage/a_assignmentRole And Task' (Root cause: com.kms.katalon.core.exception.StepFailedException: Unable to click on object 'Object Repository/Employee/Employee_Role_And_Task_OR/Task Group_OR/Delete_OR/Delete_RoleActive_ShouldGiveErrorMessage/a_assignmentRole And Task'&#xD;
	at com.kms.katalon.core.webui.keyword.internal.WebUIKeywordMain.stepFailed(WebUIKeywordMain.groovy:64)&#xD;
	at com.kms.katalon.core.webui.keyword.internal.WebUIKeywordMain.runKeyword(WebUIKeywordMain.groovy:26)&#xD;
	at com.kms.katalon.core.webui.keyword.builtin.ClickKeyword.click(ClickKeyword.groovy:86)&#xD;
	at com.kms.katalon.core.webui.keyword.builtin.ClickKeyword.execute(ClickKeyword.groovy:67)&#xD;
	at com.kms.katalon.core.keyword.internal.KeywordExecutor.executeKeywordForPlatform(KeywordExecutor.groovy:56)&#xD;
	at com.kms.katalon.core.webui.keyword.WebUiBuiltInKeywords.click(WebUiBuiltInKeywords.groovy:616)&#xD;
	at com.kms.katalon.core.webui.keyword.WebUiBuiltInKeywords$click$4.call(Unknown Source)&#xD;
	at Delete_RoleActive_ShouldFail.run(Delete_RoleActive_ShouldFail:23)&#xD;
	at com.kms.katalon.core.main.ScriptEngine.run(ScriptEngine.java:194)&#xD;
	at com.kms.katalon.core.main.ScriptEngine.runScriptAsRawText(ScriptEngine.java:119)&#xD;
	at com.kms.katalon.core.main.TestCaseExecutor.runScript(TestCaseExecutor.java:337)&#xD;
	at com.kms.katalon.core.main.TestCaseExecutor.doExecute(TestCaseExecutor.java:328)&#xD;
	at com.kms.katalon.core.main.TestCaseExecutor.processExecutionPhase(TestCaseExecutor.java:307)&#xD;
	at com.kms.katalon.core.main.TestCaseExecutor.accessMainPhase(TestCaseExecutor.java:299)&#xD;
	at com.kms.katalon.core.main.TestCaseExecutor.execute(TestCaseExecutor.java:233)&#xD;
	at com.kms.katalon.core.main.TestSuiteExecutor.accessTestCaseMainPhase(TestSuiteExecutor.java:133)&#xD;
	at com.kms.katalon.core.main.TestSuiteExecutor.accessTestSuiteMainPhase(TestSuiteExecutor.java:116)&#xD;
	at com.kms.katalon.core.main.TestSuiteExecutor.execute(TestSuiteExecutor.java:83)&#xD;
	at com.kms.katalon.core.main.TestCaseMain.startTestSuite(TestCaseMain.java:157)&#xD;
	at com.kms.katalon.core.main.TestCaseMain$startTestSuite$0.call(Unknown Source)&#xD;
	at TempTestSuite1570790696642.run(TempTestSuite1570790696642.groovy:35)&#xD;
Caused by: org.openqa.selenium.ElementNotInteractableException: element not interactable
  (Session info: chrome=77.0.3865.90)
Build info: version: '3.141.59', revision: 'e82be7d358', time: '2018-11-14T08:25:53'
System info: host: 'BLRW-36SF9X2', ip: '10.2.200.67', os.name: 'Windows 10', os.arch: 'amd64', os.version: '10.0', java.version: '1.8.0_181'
Driver info: com.kms.katalon.selenium.driver.CChromeDriver
Capabilities {acceptInsecureCerts: false, browserName: chrome, browserVersion: 77.0.3865.90, chrome: {chromedriverVersion: 76.0.3809.25 (a0c95f440512e..., userDataDir: C:\Users\VINAYA~1.PRA\AppDa...}, goog:chromeOptions: {debuggerAddress: localhost:64721}, javascriptEnabled: true, networkConnectionEnabled: false, pageLoadStrategy: normal, platform: XP, platformName: XP, proxy: Proxy(), setWindowRect: true, strictFileInteractability: false, timeouts: {implicit: 0, pageLoad: 300000, script: 30000}, unhandledPromptBehavior: dismiss and notify}
Session ID: 7af9b1f290c8c9255427db533bef97cb&#xD;
	at org.openqa.selenium.remote.http.W3CHttpResponseCodec.createException(W3CHttpResponseCodec.java:187)&#xD;
	at org.openqa.selenium.remote.http.W3CHttpResponseCodec.decode(W3CHttpResponseCodec.java:122)&#xD;
	at org.openqa.selenium.remote.http.W3CHttpResponseCodec.decode(W3CHttpResponseCodec.java:49)&#xD;
	at org.openqa.selenium.remote.HttpCommandExecutor.execute(HttpCommandExecutor.java:158)&#xD;
	at org.openqa.selenium.remote.service.DriverCommandExecutor.execute(DriverCommandExecutor.java:83)&#xD;
	at org.openqa.selenium.remote.RemoteWebDriver.execute(RemoteWebDriver.java:552)&#xD;
	at com.kms.katalon.selenium.driver.CChromeDriver.execute(CChromeDriver.java:20)&#xD;
	at org.openqa.selenium.remote.RemoteWebElement.execute(RemoteWebElement.java:285)&#xD;
	at org.openqa.selenium.remote.RemoteWebElement.click(RemoteWebElement.java:84)&#xD;
	at com.kms.katalon.core.webui.keyword.builtin.ClickKeyword$_click_closure1.doCall(ClickKeyword.groovy:79)&#xD;
	at com.kms.katalon.core.webui.keyword.builtin.ClickKeyword$_click_closure1.call(ClickKeyword.groovy)&#xD;
	at com.kms.katalon.core.webui.keyword.internal.WebUIKeywordMain.runKeyword(WebUIKeywordMain.groovy:20)&#xD;
	at com.kms.katalon.core.webui.keyword.builtin.ClickKeyword.click(ClickKeyword.groovy:86)&#xD;
	at com.kms.katalon.core.webui.keyword.builtin.ClickKeyword.execute(ClickKeyword.groovy:67)&#xD;
	at com.kms.katalon.core.keyword.internal.KeywordExecutor.executeKeywordForPlatform(KeywordExecutor.groovy:56)&#xD;
	at com.kms.katalon.core.webui.keyword.WebUiBuiltInKeywords.click(WebUiBuiltInKeywords.groovy:616)&#xD;
	at com.kms.katalon.core.webui.keyword.WebUiBuiltInKeywords$click$4.call(Unknown Source)&#xD;
	at Script1565959391237.run(Script1565959391237.groovy:23)&#xD;
	... 13 more&#xD;
)&#xD;
[[ATTACHMENT|C:\\Users\\vinayaka.prabhu\\Katalon Studio\\Unified_Wallet_UI_Test\\Reports\\Complete_Wallet_UI\\Complete_Wallet_UI\\20191011_161456\\1570791020669.png]]</system-out>
            <system-err>2019-10-11 16:20:06 - [TEST_CASE][FAILED] - Test Cases/Employee/Employee_Role_And_Task/Task Group/Delete/Delete_RoleActive_ShouldFail: Test Cases/Employee/Employee_Role_And_Task/Task Group/Delete/Delete_RoleActive_ShouldFail FAILED.
Reason:
com.kms.katalon.core.exception.StepFailedException: Unable to click on object 'Object Repository/Employee/Employee_Role_And_Task_OR/Task Group_OR/Delete_OR/Delete_RoleActive_ShouldGiveErrorMessage/a_assignmentRole And Task'&#xD;
	at com.kms.katalon.core.webui.keyword.internal.WebUIKeywordMain.stepFailed(WebUIKeywordMain.groovy:64)&#xD;
	at com.kms.katalon.core.webui.keyword.internal.WebUIKeywordMain.runKeyword(WebUIKeywordMain.groovy:26)&#xD;
	at com.kms.katalon.core.webui.keyword.builtin.ClickKeyword.click(ClickKeyword.groovy:86)&#xD;
	at com.kms.katalon.core.webui.keyword.builtin.ClickKeyword.execute(ClickKeyword.groovy:67)&#xD;
	at com.kms.katalon.core.keyword.internal.KeywordExecutor.executeKeywordForPlatform(KeywordExecutor.groovy:56)&#xD;
	at com.kms.katalon.core.webui.keyword.WebUiBuiltInKeywords.click(WebUiBuiltInKeywords.groovy:616)&#xD;
	at com.kms.katalon.core.webui.keyword.WebUiBuiltInKeywords$click$4.call(Unknown Source)&#xD;
	at Delete_RoleActive_ShouldFail.run(Delete_RoleActive_ShouldFail:23)&#xD;
	at com.kms.katalon.core.main.ScriptEngine.run(ScriptEngine.java:194)&#xD;
	at com.kms.katalon.core.main.ScriptEngine.runScriptAsRawText(ScriptEngine.java:119)&#xD;
	at com.kms.katalon.core.main.TestCaseExecutor.runScript(TestCaseExecutor.java:337)&#xD;
	at com.kms.katalon.core.main.TestCaseExecutor.doExecute(TestCaseExecutor.java:328)&#xD;
	at com.kms.katalon.core.main.TestCaseExecutor.processExecutionPhase(TestCaseExecutor.java:307)&#xD;
	at com.kms.katalon.core.main.TestCaseExecutor.accessMainPhase(TestCaseExecutor.java:299)&#xD;
	at com.kms.katalon.core.main.TestCaseExecutor.execute(TestCaseExecutor.java:233)&#xD;
	at com.kms.katalon.core.main.TestSuiteExecutor.accessTestCaseMainPhase(TestSuiteExecutor.java:133)&#xD;
	at com.kms.katalon.core.main.TestSuiteExecutor.accessTestSuiteMainPhase(TestSuiteExecutor.java:116)&#xD;
	at com.kms.katalon.core.main.TestSuiteExecutor.execute(TestSuiteExecutor.java:83)&#xD;
	at com.kms.katalon.core.main.TestCaseMain.startTestSuite(TestCaseMain.java:157)&#xD;
	at com.kms.katalon.core.main.TestCaseMain$startTestSuite$0.call(Unknown Source)&#xD;
	at TempTestSuite1570790696642.run(TempTestSuite1570790696642.groovy:35)&#xD;
Caused by: org.openqa.selenium.ElementNotInteractableException: element not interactable
  (Session info: chrome=77.0.3865.90)
Build info: version: '3.141.59', revision: 'e82be7d358', time: '2018-11-14T08:25:53'
System info: host: 'BLRW-36SF9X2', ip: '10.2.200.67', os.name: 'Windows 10', os.arch: 'amd64', os.version: '10.0', java.version: '1.8.0_181'
Driver info: com.kms.katalon.selenium.driver.CChromeDriver
Capabilities {acceptInsecureCerts: false, browserName: chrome, browserVersion: 77.0.3865.90, chrome: {chromedriverVersion: 76.0.3809.25 (a0c95f440512e..., userDataDir: C:\Users\VINAYA~1.PRA\AppDa...}, goog:chromeOptions: {debuggerAddress: localhost:64721}, javascriptEnabled: true, networkConnectionEnabled: false, pageLoadStrategy: normal, platform: XP, platformName: XP, proxy: Proxy(), setWindowRect: true, strictFileInteractability: false, timeouts: {implicit: 0, pageLoad: 300000, script: 30000}, unhandledPromptBehavior: dismiss and notify}
Session ID: 7af9b1f290c8c9255427db533bef97cb&#xD;
	at org.openqa.selenium.remote.http.W3CHttpResponseCodec.createException(W3CHttpResponseCodec.java:187)&#xD;
	at org.openqa.selenium.remote.http.W3CHttpResponseCodec.decode(W3CHttpResponseCodec.java:122)&#xD;
	at org.openqa.selenium.remote.http.W3CHttpResponseCodec.decode(W3CHttpResponseCodec.java:49)&#xD;
	at org.openqa.selenium.remote.HttpCommandExecutor.execute(HttpCommandExecutor.java:158)&#xD;
	at org.openqa.selenium.remote.service.DriverCommandExecutor.execute(DriverCommandExecutor.java:83)&#xD;
	at org.openqa.selenium.remote.RemoteWebDriver.execute(RemoteWebDriver.java:552)&#xD;
	at com.kms.katalon.selenium.driver.CChromeDriver.execute(CChromeDriver.java:20)&#xD;
	at org.openqa.selenium.remote.RemoteWebElement.execute(RemoteWebElement.java:285)&#xD;
	at org.openqa.selenium.remote.RemoteWebElement.click(RemoteWebElement.java:84)&#xD;
	at com.kms.katalon.core.webui.keyword.builtin.ClickKeyword$_click_closure1.doCall(ClickKeyword.groovy:79)&#xD;
	at com.kms.katalon.core.webui.keyword.builtin.ClickKeyword$_click_closure1.call(ClickKeyword.groovy)&#xD;
	at com.kms.katalon.core.webui.keyword.internal.WebUIKeywordMain.runKeyword(WebUIKeywordMain.groovy:20)&#xD;
	... 19 more</system-err>
        </testcase>
        <testcase name="Test Cases/Employee/Employee_Role_And_Task/Roles/Delete/Delete_Roles_ShouldSucceed" classname="Test Cases/Employee/Employee_Role_And_Task/Roles/Delete/Delete_Roles_ShouldSucceed" status="FAILED">
            <failure type="FAILED" message="Test Cases/Employee/Employee_Role_And_Task/Roles/Delete/Delete_Roles_ShouldSucceed FAILED.&#xA;Reason:&#xA;com.kms.katalon.core.exception.StepFailedException: Unable to verify text 'deleted successfully' is present &#xD;&#xA;&#x9;at com.kms.katalon.core.webui.keyword.internal.WebUIKeywordMain.stepFailed(WebUIKeywordMain.groovy:64)&#xD;&#xA;&#x9;at com.kms.katalon.core.webui.keyword.internal.WebUIKeywordMain.runKeyword(WebUIKeywordMain.groovy:26)&#xD;&#xA;&#x9;at com.kms.katalon.core.webui.keyword.builtin.VerifyTextPresentKeyword.verifyTextPresent(VerifyTextPresentKeyword.groovy:83)&#xD;&#xA;&#x9;at com.kms.katalon.core.webui.keyword.builtin.VerifyTextPresentKeyword.execute(VerifyTextPresentKeyword.groovy:68)&#xD;&#xA;&#x9;at com.kms.katalon.core.keyword.internal.KeywordExecutor.executeKeywordForPlatform(KeywordExecutor.groovy:56)&#xD;&#xA;&#x9;at com.kms.katalon.core.webui.keyword.WebUiBuiltInKeywords.verifyTextPresent(WebUiBuiltInKeywords.groovy:1693)&#xD;&#xA;&#x9;at com.kms.katalon.core.webui.keyword.WebUiBuiltInKeywords$verifyTextPresent$6.call(Unknown Source)&#xD;&#xA;&#x9;at Delete_Roles_ShouldSucceed.run(Delete_Roles_ShouldSucceed:43)&#xD;&#xA;&#x9;at com.kms.katalon.core.main.ScriptEngine.run(ScriptEngine.java:194)&#xD;&#xA;&#x9;at com.kms.katalon.core.main.ScriptEngine.runScriptAsRawText(ScriptEngine.java:119)&#xD;&#xA;&#x9;at com.kms.katalon.core.main.TestCaseExecutor.runScript(TestCaseExecutor.java:337)&#xD;&#xA;&#x9;at com.kms.katalon.core.main.TestCaseExecutor.doExecute(TestCaseExecutor.java:328)&#xD;&#xA;&#x9;at com.kms.katalon.core.main.TestCaseExecutor.processExecutionPhase(TestCaseExecutor.java:307)&#xD;&#xA;&#x9;at com.kms.katalon.core.main.TestCaseExecutor.accessMainPhase(TestCaseExecutor.java:299)&#xD;&#xA;&#x9;at com.kms.katalon.core.main.TestCaseExecutor.execute(TestCaseExecutor.java:233)&#xD;&#xA;&#x9;at com.kms.katalon.core.main.TestSuiteExecutor.accessTestCaseMainPhase(TestSuiteExecutor.java:133)&#xD;&#xA;&#x9;at com.kms.katalon.core.main.TestSuiteExecutor.accessTestSuiteMainPhase(TestSuiteExecutor.java:116)&#xD;&#xA;&#x9;at com.kms.katalon.core.main.TestSuiteExecutor.execute(TestSuiteExecutor.java:83)&#xD;&#xA;&#x9;at com.kms.katalon.core.main.TestCaseMain.startTestSuite(TestCaseMain.java:157)&#xD;&#xA;&#x9;at com.kms.katalon.core.main.TestCaseMain$startTestSuite$0.call(Unknown Source)&#xD;&#xA;&#x9;at TempTestSuite1570790696642.run(TempTestSuite1570790696642.groovy:35)&#xD;&#xA;Caused by: com.kms.katalon.core.exception.StepFailedException: Text 'deleted successfully' is not present on page &#xD;&#xA;&#x9;at com.kms.katalon.core.webui.keyword.internal.WebUIKeywordMain.stepFailed(WebUIKeywordMain.groovy:64)&#xD;&#xA;&#x9;at com.kms.katalon.core.webui.keyword.builtin.VerifyTextPresentKeyword$_verifyTextPresent_closure1.doCall(VerifyTextPresentKeyword.groovy:79)&#xD;&#xA;&#x9;at com.kms.katalon.core.webui.keyword.builtin.VerifyTextPresentKeyword$_verifyTextPresent_closure1.call(VerifyTextPresentKeyword.groovy)&#xD;&#xA;&#x9;at com.kms.katalon.core.webui.keyword.internal.WebUIKeywordMain.runKeyword(WebUIKeywordMain.groovy:20)&#xD;&#xA;&#x9;... 19 more&#xD;&#xA;"/>
            <system-out>2019-10-11 16:20:21 - [TEST_CASE][FAILED] - Test Cases/Employee/Employee_Role_And_Task/Roles/Delete/Delete_Roles_ShouldSucceed: Test Cases/Employee/Employee_Role_And_Task/Roles/Delete/Delete_Roles_ShouldSucceed FAILED.
Reason:
com.kms.katalon.core.exception.StepFailedException: Unable to verify text 'deleted successfully' is present &#xD;
	at com.kms.katalon.core.webui.keyword.internal.WebUIKeywordMain.stepFailed(WebUIKeywordMain.groovy:64)&#xD;
	at com.kms.katalon.core.webui.keyword.internal.WebUIKeywordMain.runKeyword(WebUIKeywordMain.groovy:26)&#xD;
	at com.kms.katalon.core.webui.keyword.builtin.VerifyTextPresentKeyword.verifyTextPresent(VerifyTextPresentKeyword.groovy:83)&#xD;
	at com.kms.katalon.core.webui.keyword.builtin.VerifyTextPresentKeyword.execute(VerifyTextPresentKeyword.groovy:68)&#xD;
	at com.kms.katalon.core.keyword.internal.KeywordExecutor.executeKeywordForPlatform(KeywordExecutor.groovy:56)&#xD;
	at com.kms.katalon.core.webui.keyword.WebUiBuiltInKeywords.verifyTextPresent(WebUiBuiltInKeywords.groovy:1693)&#xD;
	at com.kms.katalon.core.webui.keyword.WebUiBuiltInKeywords$verifyTextPresent$6.call(Unknown Source)&#xD;
	at Delete_Roles_ShouldSucceed.run(Delete_Roles_ShouldSucceed:43)&#xD;
	at com.kms.katalon.core.main.ScriptEngine.run(ScriptEngine.java:194)&#xD;
	at com.kms.katalon.core.main.ScriptEngine.runScriptAsRawText(ScriptEngine.java:119)&#xD;
	at com.kms.katalon.core.main.TestCaseExecutor.runScript(TestCaseExecutor.java:337)&#xD;
	at com.kms.katalon.core.main.TestCaseExecutor.doExecute(TestCaseExecutor.java:328)&#xD;
	at com.kms.katalon.core.main.TestCaseExecutor.processExecutionPhase(TestCaseExecutor.java:307)&#xD;
	at com.kms.katalon.core.main.TestCaseExecutor.accessMainPhase(TestCaseExecutor.java:299)&#xD;
	at com.kms.katalon.core.main.TestCaseExecutor.execute(TestCaseExecutor.java:233)&#xD;
	at com.kms.katalon.core.main.TestSuiteExecutor.accessTestCaseMainPhase(TestSuiteExecutor.java:133)&#xD;
	at com.kms.katalon.core.main.TestSuiteExecutor.accessTestSuiteMainPhase(TestSuiteExecutor.java:116)&#xD;
	at com.kms.katalon.core.main.TestSuiteExecutor.execute(TestSuiteExecutor.java:83)&#xD;
	at com.kms.katalon.core.main.TestCaseMain.startTestSuite(TestCaseMain.java:157)&#xD;
	at com.kms.katalon.core.main.TestCaseMain$startTestSuite$0.call(Unknown Source)&#xD;
	at TempTestSuite1570790696642.run(TempTestSuite1570790696642.groovy:35)&#xD;
Caused by: com.kms.katalon.core.exception.StepFailedException: Text 'deleted successfully' is not present on page &#xD;
	at com.kms.katalon.core.webui.keyword.internal.WebUIKeywordMain.stepFailed(WebUIKeywordMain.groovy:64)&#xD;
	at com.kms.katalon.core.webui.keyword.builtin.VerifyTextPresentKeyword$_verifyTextPresent_closure1.doCall(VerifyTextPresentKeyword.groovy:79)&#xD;
	at com.kms.katalon.core.webui.keyword.builtin.VerifyTextPresentKeyword$_verifyTextPresent_closure1.call(VerifyTextPresentKeyword.groovy)&#xD;
	at com.kms.katalon.core.webui.keyword.internal.WebUIKeywordMain.runKeyword(WebUIKeywordMain.groovy:20)&#xD;
	... 19 more&#xD;
&#xD;
&#xD;
2019-10-11 16:20:21 - [TEST_STEP][PASSED] - callTestCase(findTestCase("Login/AdminLogin_ShouldSucceed"), [:], STOP_ON_FAILURE): Call Test Case 'Test Cases/Login/AdminLogin_ShouldSucceed' successfully&#xD;
&#xD;
2019-10-11 16:20:21 - [TEST_CASE][PASSED] - Test Cases/Login/AdminLogin_ShouldSucceed: Test Cases/Login/AdminLogin_ShouldSucceed&#xD;
&#xD;
2019-10-11 16:20:21 - [TEST_STEP][PASSED] - openBrowser(""): Browser is opened with url: ''&#xD;
&#xD;
2019-10-11 16:20:21 - [MESSAGE][WARNING] - A browser is already opened. Closing browser and opening a new one&#xD;
&#xD;
2019-10-11 16:20:22 - [MESSAGE][INFO] - Starting 'Chrome' driver&#xD;
&#xD;
2019-10-11 16:20:24 - [MESSAGE][PASSED] - Browser is opened with url: ''&#xD;
&#xD;
2019-10-11 16:20:24 - [TEST_STEP][PASSED] - maximizeWindow(): Current window maximized&#xD;
&#xD;
2019-10-11 16:20:25 - [MESSAGE][PASSED] - Current window maximized&#xD;
&#xD;
2019-10-11 16:20:25 - [TEST_STEP][PASSED] - navigateToUrl(login_url): Navigate to 'https://10.2.200.37:8441/login' successfully&#xD;
&#xD;
2019-10-11 16:20:26 - [MESSAGE][PASSED] - Navigate to 'https://10.2.200.37:8441/login' successfully&#xD;
&#xD;
2019-10-11 16:20:26 - [TEST_STEP][PASSED] - setText(findTestObject("Object Repository/Login_OR/AdminLogin_ShouldSucceed/Page_Unified Wallet/input_Sign in_mat-input-0"), username_admin): Text 'admin' is set on object 'Object Repository/Login_OR/AdminLogin_ShouldSucceed/Page_Unified Wallet/input_Sign in_mat-input-0'&#xD;
&#xD;
2019-10-11 16:20:27 - [MESSAGE][PASSED] - Text 'admin' is set on object 'Object Repository/Login_OR/AdminLogin_ShouldSucceed/Page_Unified Wallet/input_Sign in_mat-input-0'&#xD;
&#xD;
2019-10-11 16:20:27 - [TEST_STEP][PASSED] - setEncryptedText(findTestObject("Object Repository/Login_OR/AdminLogin_ShouldSucceed/Page_Unified Wallet/input_Username_mat-input-1"), username_admins_Password): Text ****** has been set on object 'Object Repository/Login_OR/AdminLogin_ShouldSucceed/Page_Unified Wallet/input_Username_mat-input-1'&#xD;
&#xD;
2019-10-11 16:20:27 - [MESSAGE][PASSED] - Text ****** has been set on object 'Object Repository/Login_OR/AdminLogin_ShouldSucceed/Page_Unified Wallet/input_Username_mat-input-1'&#xD;
&#xD;
2019-10-11 16:20:27 - [TEST_STEP][PASSED] - click(findTestObject("Object Repository/Login_OR/AdminLogin_ShouldSucceed/Page_Unified Wallet/button_Login")): Object: 'Object Repository/Login_OR/AdminLogin_ShouldSucceed/Page_Unified Wallet/button_Login' is clicked on&#xD;
&#xD;
2019-10-11 16:20:27 - [MESSAGE][PASSED] - Object: 'Object Repository/Login_OR/AdminLogin_ShouldSucceed/Page_Unified Wallet/button_Login' is clicked on&#xD;
&#xD;
2019-10-11 16:20:27 - [TEST_STEP][PASSED] - delay(2): Delayed 2 second(s)&#xD;
&#xD;
2019-10-11 16:20:29 - [MESSAGE][PASSED] - Delayed 2 second(s)&#xD;
&#xD;
2019-10-11 16:20:29 - [MESSAGE][PASSED] - Call Test Case 'Test Cases/Login/AdminLogin_ShouldSucceed' successfully&#xD;
&#xD;
2019-10-11 16:20:29 - [TEST_STEP][PASSED] - click(findTestObject("Object Repository/Employee/Employee_Role_And_Task_OR/Roles_OR/Delete_OR/div_more_vert_hamburgerWrapper"), OPTIONAL): Object: 'Object Repository/Employee/Employee_Role_And_Task_OR/Roles_OR/Delete_OR/div_more_vert_hamburgerWrapper' is clicked on&#xD;
&#xD;
2019-10-11 16:20:29 - [MESSAGE][PASSED] - Object: 'Object Repository/Employee/Employee_Role_And_Task_OR/Roles_OR/Delete_OR/div_more_vert_hamburgerWrapper' is clicked on&#xD;
&#xD;
2019-10-11 16:20:29 - [TEST_STEP][PASSED] - click(findTestObject("Object Repository/Employee/Employee_Role_And_Task_OR/Roles_OR/Delete_OR/a_account_circleEmployee")): Object: 'Object Repository/Employee/Employee_Role_And_Task_OR/Roles_OR/Delete_OR/a_account_circleEmployee' is clicked on&#xD;
&#xD;
2019-10-11 16:20:29 - [MESSAGE][PASSED] - Object: 'Object Repository/Employee/Employee_Role_And_Task_OR/Roles_OR/Delete_OR/a_account_circleEmployee' is clicked on&#xD;
&#xD;
2019-10-11 16:20:29 - [TEST_STEP][PASSED] - click(findTestObject("Object Repository/Employee/Employee_Role_And_Task_OR/Roles_OR/Delete_OR/a_assignmentRole And Task")): Object: 'Object Repository/Employee/Employee_Role_And_Task_OR/Roles_OR/Delete_OR/a_assignmentRole And Task' is clicked on&#xD;
&#xD;
2019-10-11 16:20:29 - [MESSAGE][PASSED] - Object: 'Object Repository/Employee/Employee_Role_And_Task_OR/Roles_OR/Delete_OR/a_assignmentRole And Task' is clicked on&#xD;
&#xD;
2019-10-11 16:20:29 - [TEST_STEP][PASSED] - delay(1): Delayed 1 second(s)&#xD;
&#xD;
2019-10-11 16:20:30 - [MESSAGE][PASSED] - Delayed 1 second(s)&#xD;
&#xD;
2019-10-11 16:20:30 - [TEST_STEP][PASSED] - click(findTestObject("Object Repository/Employee/Employee_Role_And_Task_OR/Roles_OR/Delete_OR/mat-cell_1112")): Object: 'Object Repository/Employee/Employee_Role_And_Task_OR/Roles_OR/Delete_OR/mat-cell_1112' is clicked on&#xD;
&#xD;
2019-10-11 16:20:30 - [MESSAGE][PASSED] - Object: 'Object Repository/Employee/Employee_Role_And_Task_OR/Roles_OR/Delete_OR/mat-cell_1112' is clicked on&#xD;
&#xD;
2019-10-11 16:20:30 - [TEST_STEP][PASSED] - delay(1): Delayed 1 second(s)&#xD;
&#xD;
2019-10-11 16:20:31 - [MESSAGE][PASSED] - Delayed 1 second(s)&#xD;
&#xD;
2019-10-11 16:20:31 - [TEST_STEP][PASSED] - click(findTestObject("Object Repository/Employee/Employee_Role_And_Task_OR/Roles_OR/Delete_OR/i_delete")): Object: 'Object Repository/Employee/Employee_Role_And_Task_OR/Roles_OR/Delete_OR/i_delete' is clicked on&#xD;
&#xD;
2019-10-11 16:20:31 - [MESSAGE][PASSED] - Object: 'Object Repository/Employee/Employee_Role_And_Task_OR/Roles_OR/Delete_OR/i_delete' is clicked on&#xD;
&#xD;
2019-10-11 16:20:31 - [TEST_STEP][PASSED] - delay(1): Delayed 1 second(s)&#xD;
&#xD;
2019-10-11 16:20:32 - [MESSAGE][PASSED] - Delayed 1 second(s)&#xD;
&#xD;
2019-10-11 16:20:32 - [TEST_STEP][PASSED] - verifyTextPresent("Do you want to delete", false): Text 'Do you want to delete' is present on page &#xD;
&#xD;
2019-10-11 16:20:32 - [MESSAGE][PASSED] - Text 'Do you want to delete' is present on page &#xD;
&#xD;
2019-10-11 16:20:32 - [TEST_STEP][PASSED] - delay(1): Delayed 1 second(s)&#xD;
&#xD;
2019-10-11 16:20:33 - [MESSAGE][PASSED] - Delayed 1 second(s)&#xD;
&#xD;
2019-10-11 16:20:33 - [TEST_STEP][PASSED] - click(findTestObject("Object Repository/Employee/Employee_Role_And_Task_OR/Roles_OR/Delete_OR/button_Ok")): Object: 'Object Repository/Employee/Employee_Role_And_Task_OR/Roles_OR/Delete_OR/button_Ok' is clicked on&#xD;
&#xD;
2019-10-11 16:20:34 - [MESSAGE][PASSED] - Object: 'Object Repository/Employee/Employee_Role_And_Task_OR/Roles_OR/Delete_OR/button_Ok' is clicked on&#xD;
&#xD;
2019-10-11 16:20:34 - [TEST_STEP][PASSED] - delay(1): Delayed 1 second(s)&#xD;
&#xD;
2019-10-11 16:20:35 - [MESSAGE][PASSED] - Delayed 1 second(s)&#xD;
&#xD;
2019-10-11 16:20:35 - [TEST_STEP][FAILED] - verifyTextPresent("deleted successfully", false): Unable to verify text 'deleted successfully' is present  (Root cause: com.kms.katalon.core.exception.StepFailedException: Unable to verify text 'deleted successfully' is present &#xD;
	at com.kms.katalon.core.webui.keyword.internal.WebUIKeywordMain.stepFailed(WebUIKeywordMain.groovy:64)&#xD;
	at com.kms.katalon.core.webui.keyword.internal.WebUIKeywordMain.runKeyword(WebUIKeywordMain.groovy:26)&#xD;
	at com.kms.katalon.core.webui.keyword.builtin.VerifyTextPresentKeyword.verifyTextPresent(VerifyTextPresentKeyword.groovy:83)&#xD;
	at com.kms.katalon.core.webui.keyword.builtin.VerifyTextPresentKeyword.execute(VerifyTextPresentKeyword.groovy:68)&#xD;
	at com.kms.katalon.core.keyword.internal.KeywordExecutor.executeKeywordForPlatform(KeywordExecutor.groovy:56)&#xD;
	at com.kms.katalon.core.webui.keyword.WebUiBuiltInKeywords.verifyTextPresent(WebUiBuiltInKeywords.groovy:1693)&#xD;
	at com.kms.katalon.core.webui.keyword.WebUiBuiltInKeywords$verifyTextPresent$6.call(Unknown Source)&#xD;
	at Delete_Roles_ShouldSucceed.run(Delete_Roles_ShouldSucceed:43)&#xD;
	at com.kms.katalon.core.main.ScriptEngine.run(ScriptEngine.java:194)&#xD;
	at com.kms.katalon.core.main.ScriptEngine.runScriptAsRawText(ScriptEngine.java:119)&#xD;
	at com.kms.katalon.core.main.TestCaseExecutor.runScript(TestCaseExecutor.java:337)&#xD;
	at com.kms.katalon.core.main.TestCaseExecutor.doExecute(TestCaseExecutor.java:328)&#xD;
	at com.kms.katalon.core.main.TestCaseExecutor.processExecutionPhase(TestCaseExecutor.java:307)&#xD;
	at com.kms.katalon.core.main.TestCaseExecutor.accessMainPhase(TestCaseExecutor.java:299)&#xD;
	at com.kms.katalon.core.main.TestCaseExecutor.execute(TestCaseExecutor.java:233)&#xD;
	at com.kms.katalon.core.main.TestSuiteExecutor.accessTestCaseMainPhase(TestSuiteExecutor.java:133)&#xD;
	at com.kms.katalon.core.main.TestSuiteExecutor.accessTestSuiteMainPhase(TestSuiteExecutor.java:116)&#xD;
	at com.kms.katalon.core.main.TestSuiteExecutor.execute(TestSuiteExecutor.java:83)&#xD;
	at com.kms.katalon.core.main.TestCaseMain.startTestSuite(TestCaseMain.java:157)&#xD;
	at com.kms.katalon.core.main.TestCaseMain$startTestSuite$0.call(Unknown Source)&#xD;
	at TempTestSuite1570790696642.run(TempTestSuite1570790696642.groovy:35)&#xD;
Caused by: com.kms.katalon.core.exception.StepFailedException: Text 'deleted successfully' is not present on page &#xD;
	at com.kms.katalon.core.webui.keyword.internal.WebUIKeywordMain.stepFailed(WebUIKeywordMain.groovy:64)&#xD;
	at com.kms.katalon.core.webui.keyword.builtin.VerifyTextPresentKeyword$_verifyTextPresent_closure1.doCall(VerifyTextPresentKeyword.groovy:79)&#xD;
	at com.kms.katalon.core.webui.keyword.builtin.VerifyTextPresentKeyword$_verifyTextPresent_closure1.call(VerifyTextPresentKeyword.groovy)&#xD;
	at com.kms.katalon.core.webui.keyword.internal.WebUIKeywordMain.runKeyword(WebUIKeywordMain.groovy:20)&#xD;
	... 19 more&#xD;
)&#xD;
&#xD;
2019-10-11 16:20:35 - [MESSAGE][FAILED] - Text 'deleted successfully' is not present on page  (Root cause: com.kms.katalon.core.exception.StepFailedException: Text 'deleted successfully' is not present on page &#xD;
	at com.kms.katalon.core.webui.keyword.internal.WebUIKeywordMain.stepFailed(WebUIKeywordMain.groovy:64)&#xD;
	at com.kms.katalon.core.webui.keyword.builtin.VerifyTextPresentKeyword$_verifyTextPresent_closure1.doCall(VerifyTextPresentKeyword.groovy:79)&#xD;
	at com.kms.katalon.core.webui.keyword.builtin.VerifyTextPresentKeyword$_verifyTextPresent_closure1.call(VerifyTextPresentKeyword.groovy)&#xD;
	at com.kms.katalon.core.webui.keyword.internal.WebUIKeywordMain.runKeyword(WebUIKeywordMain.groovy:20)&#xD;
	at com.kms.katalon.core.webui.keyword.builtin.VerifyTextPresentKeyword.verifyTextPresent(VerifyTextPresentKeyword.groovy:83)&#xD;
	at com.kms.katalon.core.webui.keyword.builtin.VerifyTextPresentKeyword.execute(VerifyTextPresentKeyword.groovy:68)&#xD;
	at com.kms.katalon.core.keyword.internal.KeywordExecutor.executeKeywordForPlatform(KeywordExecutor.groovy:56)&#xD;
	at com.kms.katalon.core.webui.keyword.WebUiBuiltInKeywords.verifyTextPresent(WebUiBuiltInKeywords.groovy:1693)&#xD;
	at com.kms.katalon.core.webui.keyword.WebUiBuiltInKeywords$verifyTextPresent$6.call(Unknown Source)&#xD;
	at Delete_Roles_ShouldSucceed.run(Delete_Roles_ShouldSucceed:43)&#xD;
	at com.kms.katalon.core.main.ScriptEngine.run(ScriptEngine.java:194)&#xD;
	at com.kms.katalon.core.main.ScriptEngine.runScriptAsRawText(ScriptEngine.java:119)&#xD;
	at com.kms.katalon.core.main.TestCaseExecutor.runScript(TestCaseExecutor.java:337)&#xD;
	at com.kms.katalon.core.main.TestCaseExecutor.doExecute(TestCaseExecutor.java:328)&#xD;
	at com.kms.katalon.core.main.TestCaseExecutor.processExecutionPhase(TestCaseExecutor.java:307)&#xD;
	at com.kms.katalon.core.main.TestCaseExecutor.accessMainPhase(TestCaseExecutor.java:299)&#xD;
	at com.kms.katalon.core.main.TestCaseExecutor.execute(TestCaseExecutor.java:233)&#xD;
	at com.kms.katalon.core.main.TestSuiteExecutor.accessTestCaseMainPhase(TestSuiteExecutor.java:133)&#xD;
	at com.kms.katalon.core.main.TestSuiteExecutor.accessTestSuiteMainPhase(TestSuiteExecutor.java:116)&#xD;
	at com.kms.katalon.core.main.TestSuiteExecutor.execute(TestSuiteExecutor.java:83)&#xD;
	at com.kms.katalon.core.main.TestCaseMain.startTestSuite(TestCaseMain.java:157)&#xD;
	at com.kms.katalon.core.main.TestCaseMain$startTestSuite$0.call(Unknown Source)&#xD;
	at TempTestSuite1570790696642.run(TempTestSuite1570790696642.groovy:35)&#xD;
)&#xD;
&#xD;
2019-10-11 16:20:35 - [MESSAGE][FAILED] - Unable to verify text 'deleted successfully' is present  (Root cause: com.kms.katalon.core.exception.StepFailedException: Unable to verify text 'deleted successfully' is present &#xD;
	at com.kms.katalon.core.webui.keyword.internal.WebUIKeywordMain.stepFailed(WebUIKeywordMain.groovy:64)&#xD;
	at com.kms.katalon.core.webui.keyword.internal.WebUIKeywordMain.runKeyword(WebUIKeywordMain.groovy:26)&#xD;
	at com.kms.katalon.core.webui.keyword.builtin.VerifyTextPresentKeyword.verifyTextPresent(VerifyTextPresentKeyword.groovy:83)&#xD;
	at com.kms.katalon.core.webui.keyword.builtin.VerifyTextPresentKeyword.execute(VerifyTextPresentKeyword.groovy:68)&#xD;
	at com.kms.katalon.core.keyword.internal.KeywordExecutor.executeKeywordForPlatform(KeywordExecutor.groovy:56)&#xD;
	at com.kms.katalon.core.webui.keyword.WebUiBuiltInKeywords.verifyTextPresent(WebUiBuiltInKeywords.groovy:1693)&#xD;
	at com.kms.katalon.core.webui.keyword.WebUiBuiltInKeywords$verifyTextPresent$6.call(Unknown Source)&#xD;
	at Delete_Roles_ShouldSucceed.run(Delete_Roles_ShouldSucceed:43)&#xD;
	at com.kms.katalon.core.main.ScriptEngine.run(ScriptEngine.java:194)&#xD;
	at com.kms.katalon.core.main.ScriptEngine.runScriptAsRawText(ScriptEngine.java:119)&#xD;
	at com.kms.katalon.core.main.TestCaseExecutor.runScript(TestCaseExecutor.java:337)&#xD;
	at com.kms.katalon.core.main.TestCaseExecutor.doExecute(TestCaseExecutor.java:328)&#xD;
	at com.kms.katalon.core.main.TestCaseExecutor.processExecutionPhase(TestCaseExecutor.java:307)&#xD;
	at com.kms.katalon.core.main.TestCaseExecutor.accessMainPhase(TestCaseExecutor.java:299)&#xD;
	at com.kms.katalon.core.main.TestCaseExecutor.execute(TestCaseExecutor.java:233)&#xD;
	at com.kms.katalon.core.main.TestSuiteExecutor.accessTestCaseMainPhase(TestSuiteExecutor.java:133)&#xD;
	at com.kms.katalon.core.main.TestSuiteExecutor.accessTestSuiteMainPhase(TestSuiteExecutor.java:116)&#xD;
	at com.kms.katalon.core.main.TestSuiteExecutor.execute(TestSuiteExecutor.java:83)&#xD;
	at com.kms.katalon.core.main.TestCaseMain.startTestSuite(TestCaseMain.java:157)&#xD;
	at com.kms.katalon.core.main.TestCaseMain$startTestSuite$0.call(Unknown Source)&#xD;
	at TempTestSuite1570790696642.run(TempTestSuite1570790696642.groovy:35)&#xD;
Caused by: com.kms.katalon.core.exception.StepFailedException: Text 'deleted successfully' is not present on page &#xD;
	at com.kms.katalon.core.webui.keyword.internal.WebUIKeywordMain.stepFailed(WebUIKeywordMain.groovy:64)&#xD;
	at com.kms.katalon.core.webui.keyword.builtin.VerifyTextPresentKeyword$_verifyTextPresent_closure1.doCall(VerifyTextPresentKeyword.groovy:79)&#xD;
	at com.kms.katalon.core.webui.keyword.builtin.VerifyTextPresentKeyword$_verifyTextPresent_closure1.call(VerifyTextPresentKeyword.groovy)&#xD;
	at com.kms.katalon.core.webui.keyword.internal.WebUIKeywordMain.runKeyword(WebUIKeywordMain.groovy:20)&#xD;
	... 19 more&#xD;
)&#xD;
[[ATTACHMENT|C:\\Users\\vinayaka.prabhu\\Katalon Studio\\Unified_Wallet_UI_Test\\Reports\\Complete_Wallet_UI\\Complete_Wallet_UI\\20191011_161456\\1570791035124.png]]</system-out>
            <system-err>2019-10-11 16:20:21 - [TEST_CASE][FAILED] - Test Cases/Employee/Employee_Role_And_Task/Roles/Delete/Delete_Roles_ShouldSucceed: Test Cases/Employee/Employee_Role_And_Task/Roles/Delete/Delete_Roles_ShouldSucceed FAILED.
Reason:
com.kms.katalon.core.exception.StepFailedException: Unable to verify text 'deleted successfully' is present &#xD;
	at com.kms.katalon.core.webui.keyword.internal.WebUIKeywordMain.stepFailed(WebUIKeywordMain.groovy:64)&#xD;
	at com.kms.katalon.core.webui.keyword.internal.WebUIKeywordMain.runKeyword(WebUIKeywordMain.groovy:26)&#xD;
	at com.kms.katalon.core.webui.keyword.builtin.VerifyTextPresentKeyword.verifyTextPresent(VerifyTextPresentKeyword.groovy:83)&#xD;
	at com.kms.katalon.core.webui.keyword.builtin.VerifyTextPresentKeyword.execute(VerifyTextPresentKeyword.groovy:68)&#xD;
	at com.kms.katalon.core.keyword.internal.KeywordExecutor.executeKeywordForPlatform(KeywordExecutor.groovy:56)&#xD;
	at com.kms.katalon.core.webui.keyword.WebUiBuiltInKeywords.verifyTextPresent(WebUiBuiltInKeywords.groovy:1693)&#xD;
	at com.kms.katalon.core.webui.keyword.WebUiBuiltInKeywords$verifyTextPresent$6.call(Unknown Source)&#xD;
	at Delete_Roles_ShouldSucceed.run(Delete_Roles_ShouldSucceed:43)&#xD;
	at com.kms.katalon.core.main.ScriptEngine.run(ScriptEngine.java:194)&#xD;
	at com.kms.katalon.core.main.ScriptEngine.runScriptAsRawText(ScriptEngine.java:119)&#xD;
	at com.kms.katalon.core.main.TestCaseExecutor.runScript(TestCaseExecutor.java:337)&#xD;
	at com.kms.katalon.core.main.TestCaseExecutor.doExecute(TestCaseExecutor.java:328)&#xD;
	at com.kms.katalon.core.main.TestCaseExecutor.processExecutionPhase(TestCaseExecutor.java:307)&#xD;
	at com.kms.katalon.core.main.TestCaseExecutor.accessMainPhase(TestCaseExecutor.java:299)&#xD;
	at com.kms.katalon.core.main.TestCaseExecutor.execute(TestCaseExecutor.java:233)&#xD;
	at com.kms.katalon.core.main.TestSuiteExecutor.accessTestCaseMainPhase(TestSuiteExecutor.java:133)&#xD;
	at com.kms.katalon.core.main.TestSuiteExecutor.accessTestSuiteMainPhase(TestSuiteExecutor.java:116)&#xD;
	at com.kms.katalon.core.main.TestSuiteExecutor.execute(TestSuiteExecutor.java:83)&#xD;
	at com.kms.katalon.core.main.TestCaseMain.startTestSuite(TestCaseMain.java:157)&#xD;
	at com.kms.katalon.core.main.TestCaseMain$startTestSuite$0.call(Unknown Source)&#xD;
	at TempTestSuite1570790696642.run(TempTestSuite1570790696642.groovy:35)&#xD;
Caused by: com.kms.katalon.core.exception.StepFailedException: Text 'deleted successfully' is not present on page &#xD;
	at com.kms.katalon.core.webui.keyword.internal.WebUIKeywordMain.stepFailed(WebUIKeywordMain.groovy:64)&#xD;
	at com.kms.katalon.core.webui.keyword.builtin.VerifyTextPresentKeyword$_verifyTextPresent_closure1.doCall(VerifyTextPresentKeyword.groovy:79)&#xD;
	at com.kms.katalon.core.webui.keyword.builtin.VerifyTextPresentKeyword$_verifyTextPresent_closure1.call(VerifyTextPresentKeyword.groovy)&#xD;
	at com.kms.katalon.core.webui.keyword.internal.WebUIKeywordMain.runKeyword(WebUIKeywordMain.groovy:20)&#xD;
	... 19 more</system-err>
        </testcase>
        <testcase name="Test Cases/Employee/Employee_Role_And_Task/Task Group/Delete/Delete_RoleInactive_ShouldSucceed" classname="Test Cases/Employee/Employee_Role_And_Task/Task Group/Delete/Delete_RoleInactive_ShouldSucceed" status="FAILED">
            <failure type="FAILED" message="Test Cases/Employee/Employee_Role_And_Task/Task Group/Delete/Delete_RoleInactive_ShouldSucceed FAILED.&#xA;Reason:&#xA;com.kms.katalon.core.exception.StepFailedException: Unable to verify text 'deleted successfully' is present &#xD;&#xA;&#x9;at com.kms.katalon.core.webui.keyword.internal.WebUIKeywordMain.stepFailed(WebUIKeywordMain.groovy:64)&#xD;&#xA;&#x9;at com.kms.katalon.core.webui.keyword.internal.WebUIKeywordMain.runKeyword(WebUIKeywordMain.groovy:26)&#xD;&#xA;&#x9;at com.kms.katalon.core.webui.keyword.builtin.VerifyTextPresentKeyword.verifyTextPresent(VerifyTextPresentKeyword.groovy:83)&#xD;&#xA;&#x9;at com.kms.katalon.core.webui.keyword.builtin.VerifyTextPresentKeyword.execute(VerifyTextPresentKeyword.groovy:68)&#xD;&#xA;&#x9;at com.kms.katalon.core.keyword.internal.KeywordExecutor.executeKeywordForPlatform(KeywordExecutor.groovy:56)&#xD;&#xA;&#x9;at com.kms.katalon.core.webui.keyword.WebUiBuiltInKeywords.verifyTextPresent(WebUiBuiltInKeywords.groovy:1693)&#xD;&#xA;&#x9;at com.kms.katalon.core.webui.keyword.WebUiBuiltInKeywords$verifyTextPresent$6.call(Unknown Source)&#xD;&#xA;&#x9;at Delete_RoleInactive_ShouldSucceed.run(Delete_RoleInactive_ShouldSucceed:44)&#xD;&#xA;&#x9;at com.kms.katalon.core.main.ScriptEngine.run(ScriptEngine.java:194)&#xD;&#xA;&#x9;at com.kms.katalon.core.main.ScriptEngine.runScriptAsRawText(ScriptEngine.java:119)&#xD;&#xA;&#x9;at com.kms.katalon.core.main.TestCaseExecutor.runScript(TestCaseExecutor.java:337)&#xD;&#xA;&#x9;at com.kms.katalon.core.main.TestCaseExecutor.doExecute(TestCaseExecutor.java:328)&#xD;&#xA;&#x9;at com.kms.katalon.core.main.TestCaseExecutor.processExecutionPhase(TestCaseExecutor.java:307)&#xD;&#xA;&#x9;at com.kms.katalon.core.main.TestCaseExecutor.accessMainPhase(TestCaseExecutor.java:299)&#xD;&#xA;&#x9;at com.kms.katalon.core.main.TestCaseExecutor.execute(TestCaseExecutor.java:233)&#xD;&#xA;&#x9;at com.kms.katalon.core.main.TestSuiteExecutor.accessTestCaseMainPhase(TestSuiteExecutor.java:133)&#xD;&#xA;&#x9;at com.kms.katalon.core.main.TestSuiteExecutor.accessTestSuiteMainPhase(TestSuiteExecutor.java:116)&#xD;&#xA;&#x9;at com.kms.katalon.core.main.TestSuiteExecutor.execute(TestSuiteExecutor.java:83)&#xD;&#xA;&#x9;at com.kms.katalon.core.main.TestCaseMain.startTestSuite(TestCaseMain.java:157)&#xD;&#xA;&#x9;at com.kms.katalon.core.main.TestCaseMain$startTestSuite$0.call(Unknown Source)&#xD;&#xA;&#x9;at TempTestSuite1570790696642.run(TempTestSuite1570790696642.groovy:35)&#xD;&#xA;Caused by: com.kms.katalon.core.exception.StepFailedException: Text 'deleted successfully' is not present on page &#xD;&#xA;&#x9;at com.kms.katalon.core.webui.keyword.internal.WebUIKeywordMain.stepFailed(WebUIKeywordMain.groovy:64)&#xD;&#xA;&#x9;at com.kms.katalon.core.webui.keyword.builtin.VerifyTextPresentKeyword$_verifyTextPresent_closure1.doCall(VerifyTextPresentKeyword.groovy:79)&#xD;&#xA;&#x9;at com.kms.katalon.core.webui.keyword.builtin.VerifyTextPresentKeyword$_verifyTextPresent_closure1.call(VerifyTextPresentKeyword.groovy)&#xD;&#xA;&#x9;at com.kms.katalon.core.webui.keyword.internal.WebUIKeywordMain.runKeyword(WebUIKeywordMain.groovy:20)&#xD;&#xA;&#x9;... 19 more&#xD;&#xA;"/>
            <system-out>2019-10-11 16:20:35 - [TEST_CASE][FAILED] - Test Cases/Employee/Employee_Role_And_Task/Task Group/Delete/Delete_RoleInactive_ShouldSucceed: Test Cases/Employee/Employee_Role_And_Task/Task Group/Delete/Delete_RoleInactive_ShouldSucceed FAILED.
Reason:
com.kms.katalon.core.exception.StepFailedException: Unable to verify text 'deleted successfully' is present &#xD;
	at com.kms.katalon.core.webui.keyword.internal.WebUIKeywordMain.stepFailed(WebUIKeywordMain.groovy:64)&#xD;
	at com.kms.katalon.core.webui.keyword.internal.WebUIKeywordMain.runKeyword(WebUIKeywordMain.groovy:26)&#xD;
	at com.kms.katalon.core.webui.keyword.builtin.VerifyTextPresentKeyword.verifyTextPresent(VerifyTextPresentKeyword.groovy:83)&#xD;
	at com.kms.katalon.core.webui.keyword.builtin.VerifyTextPresentKeyword.execute(VerifyTextPresentKeyword.groovy:68)&#xD;
	at com.kms.katalon.core.keyword.internal.KeywordExecutor.executeKeywordForPlatform(KeywordExecutor.groovy:56)&#xD;
	at com.kms.katalon.core.webui.keyword.WebUiBuiltInKeywords.verifyTextPresent(WebUiBuiltInKeywords.groovy:1693)&#xD;
	at com.kms.katalon.core.webui.keyword.WebUiBuiltInKeywords$verifyTextPresent$6.call(Unknown Source)&#xD;
	at Delete_RoleInactive_ShouldSucceed.run(Delete_RoleInactive_ShouldSucceed:44)&#xD;
	at com.kms.katalon.core.main.ScriptEngine.run(ScriptEngine.java:194)&#xD;
	at com.kms.katalon.core.main.ScriptEngine.runScriptAsRawText(ScriptEngine.java:119)&#xD;
	at com.kms.katalon.core.main.TestCaseExecutor.runScript(TestCaseExecutor.java:337)&#xD;
	at com.kms.katalon.core.main.TestCaseExecutor.doExecute(TestCaseExecutor.java:328)&#xD;
	at com.kms.katalon.core.main.TestCaseExecutor.processExecutionPhase(TestCaseExecutor.java:307)&#xD;
	at com.kms.katalon.core.main.TestCaseExecutor.accessMainPhase(TestCaseExecutor.java:299)&#xD;
	at com.kms.katalon.core.main.TestCaseExecutor.execute(TestCaseExecutor.java:233)&#xD;
	at com.kms.katalon.core.main.TestSuiteExecutor.accessTestCaseMainPhase(TestSuiteExecutor.java:133)&#xD;
	at com.kms.katalon.core.main.TestSuiteExecutor.accessTestSuiteMainPhase(TestSuiteExecutor.java:116)&#xD;
	at com.kms.katalon.core.main.TestSuiteExecutor.execute(TestSuiteExecutor.java:83)&#xD;
	at com.kms.katalon.core.main.TestCaseMain.startTestSuite(TestCaseMain.java:157)&#xD;
	at com.kms.katalon.core.main.TestCaseMain$startTestSuite$0.call(Unknown Source)&#xD;
	at TempTestSuite1570790696642.run(TempTestSuite1570790696642.groovy:35)&#xD;
Caused by: com.kms.katalon.core.exception.StepFailedException: Text 'deleted successfully' is not present on page &#xD;
	at com.kms.katalon.core.webui.keyword.internal.WebUIKeywordMain.stepFailed(WebUIKeywordMain.groovy:64)&#xD;
	at com.kms.katalon.core.webui.keyword.builtin.VerifyTextPresentKeyword$_verifyTextPresent_closure1.doCall(VerifyTextPresentKeyword.groovy:79)&#xD;
	at com.kms.katalon.core.webui.keyword.builtin.VerifyTextPresentKeyword$_verifyTextPresent_closure1.call(VerifyTextPresentKeyword.groovy)&#xD;
	at com.kms.katalon.core.webui.keyword.internal.WebUIKeywordMain.runKeyword(WebUIKeywordMain.groovy:20)&#xD;
	... 19 more&#xD;
&#xD;
&#xD;
2019-10-11 16:20:35 - [TEST_STEP][PASSED] - callTestCase(findTestCase("Login/AdminLogin_ShouldSucceed"), [:], STOP_ON_FAILURE): Call Test Case 'Test Cases/Login/AdminLogin_ShouldSucceed' successfully&#xD;
&#xD;
2019-10-11 16:20:35 - [TEST_CASE][PASSED] - Test Cases/Login/AdminLogin_ShouldSucceed: Test Cases/Login/AdminLogin_ShouldSucceed&#xD;
&#xD;
2019-10-11 16:20:35 - [TEST_STEP][PASSED] - openBrowser(""): Browser is opened with url: ''&#xD;
&#xD;
2019-10-11 16:20:35 - [MESSAGE][WARNING] - A browser is already opened. Closing browser and opening a new one&#xD;
&#xD;
2019-10-11 16:20:36 - [MESSAGE][INFO] - Starting 'Chrome' driver&#xD;
&#xD;
2019-10-11 16:20:39 - [MESSAGE][PASSED] - Browser is opened with url: ''&#xD;
&#xD;
2019-10-11 16:20:39 - [TEST_STEP][PASSED] - maximizeWindow(): Current window maximized&#xD;
&#xD;
2019-10-11 16:20:40 - [MESSAGE][PASSED] - Current window maximized&#xD;
&#xD;
2019-10-11 16:20:40 - [TEST_STEP][PASSED] - navigateToUrl(login_url): Navigate to 'https://10.2.200.37:8441/login' successfully&#xD;
&#xD;
2019-10-11 16:20:41 - [MESSAGE][PASSED] - Navigate to 'https://10.2.200.37:8441/login' successfully&#xD;
&#xD;
2019-10-11 16:20:41 - [TEST_STEP][PASSED] - setText(findTestObject("Object Repository/Login_OR/AdminLogin_ShouldSucceed/Page_Unified Wallet/input_Sign in_mat-input-0"), username_admin): Text 'admin' is set on object 'Object Repository/Login_OR/AdminLogin_ShouldSucceed/Page_Unified Wallet/input_Sign in_mat-input-0'&#xD;
&#xD;
2019-10-11 16:20:41 - [MESSAGE][PASSED] - Text 'admin' is set on object 'Object Repository/Login_OR/AdminLogin_ShouldSucceed/Page_Unified Wallet/input_Sign in_mat-input-0'&#xD;
&#xD;
2019-10-11 16:20:41 - [TEST_STEP][PASSED] - setEncryptedText(findTestObject("Object Repository/Login_OR/AdminLogin_ShouldSucceed/Page_Unified Wallet/input_Username_mat-input-1"), username_admins_Password): Text ****** has been set on object 'Object Repository/Login_OR/AdminLogin_ShouldSucceed/Page_Unified Wallet/input_Username_mat-input-1'&#xD;
&#xD;
2019-10-11 16:20:41 - [MESSAGE][PASSED] - Text ****** has been set on object 'Object Repository/Login_OR/AdminLogin_ShouldSucceed/Page_Unified Wallet/input_Username_mat-input-1'&#xD;
&#xD;
2019-10-11 16:20:41 - [TEST_STEP][PASSED] - click(findTestObject("Object Repository/Login_OR/AdminLogin_ShouldSucceed/Page_Unified Wallet/button_Login")): Object: 'Object Repository/Login_OR/AdminLogin_ShouldSucceed/Page_Unified Wallet/button_Login' is clicked on&#xD;
&#xD;
2019-10-11 16:20:41 - [MESSAGE][PASSED] - Object: 'Object Repository/Login_OR/AdminLogin_ShouldSucceed/Page_Unified Wallet/button_Login' is clicked on&#xD;
&#xD;
2019-10-11 16:20:41 - [TEST_STEP][PASSED] - delay(2): Delayed 2 second(s)&#xD;
&#xD;
2019-10-11 16:20:43 - [MESSAGE][PASSED] - Delayed 2 second(s)&#xD;
&#xD;
2019-10-11 16:20:43 - [MESSAGE][PASSED] - Call Test Case 'Test Cases/Login/AdminLogin_ShouldSucceed' successfully&#xD;
&#xD;
2019-10-11 16:20:43 - [TEST_STEP][PASSED] - click(findTestObject("Object Repository/Employee/Employee_Role_And_Task_OR/Task Group_OR/Delete_OR/Delete_RoleInactive_ShouldSucceed/div_more_vert_hamburgerWrapper")): Object: 'Object Repository/Employee/Employee_Role_And_Task_OR/Task Group_OR/Delete_OR/Delete_RoleInactive_ShouldSucceed/div_more_vert_hamburgerWrapper' is clicked on&#xD;
&#xD;
2019-10-11 16:20:47 - [MESSAGE][PASSED] - Object: 'Object Repository/Employee/Employee_Role_And_Task_OR/Task Group_OR/Delete_OR/Delete_RoleInactive_ShouldSucceed/div_more_vert_hamburgerWrapper' is clicked on&#xD;
&#xD;
2019-10-11 16:20:47 - [TEST_STEP][PASSED] - click(findTestObject("Object Repository/Employee/Employee_Role_And_Task_OR/Task Group_OR/Delete_OR/Delete_RoleInactive_ShouldSucceed/a_account_circleEmployee")): Object: 'Object Repository/Employee/Employee_Role_And_Task_OR/Task Group_OR/Delete_OR/Delete_RoleInactive_ShouldSucceed/a_account_circleEmployee' is clicked on&#xD;
&#xD;
2019-10-11 16:20:47 - [MESSAGE][PASSED] - Object: 'Object Repository/Employee/Employee_Role_And_Task_OR/Task Group_OR/Delete_OR/Delete_RoleInactive_ShouldSucceed/a_account_circleEmployee' is clicked on&#xD;
&#xD;
2019-10-11 16:20:47 - [TEST_STEP][PASSED] - click(findTestObject("Object Repository/Employee/Employee_Role_And_Task_OR/Task Group_OR/Delete_OR/Delete_RoleInactive_ShouldSucceed/a_assignmentRole And Task")): Object: 'Object Repository/Employee/Employee_Role_And_Task_OR/Task Group_OR/Delete_OR/Delete_RoleInactive_ShouldSucceed/a_assignmentRole And Task' is clicked on&#xD;
&#xD;
2019-10-11 16:20:47 - [MESSAGE][PASSED] - Object: 'Object Repository/Employee/Employee_Role_And_Task_OR/Task Group_OR/Delete_OR/Delete_RoleInactive_ShouldSucceed/a_assignmentRole And Task' is clicked on&#xD;
&#xD;
2019-10-11 16:20:47 - [TEST_STEP][PASSED] - click(findTestObject("Object Repository/Employee/Employee_Role_And_Task_OR/Task Group_OR/Delete_OR/Delete_RoleInactive_ShouldSucceed/div_Task Group")): Object: 'Object Repository/Employee/Employee_Role_And_Task_OR/Task Group_OR/Delete_OR/Delete_RoleInactive_ShouldSucceed/div_Task Group' is clicked on&#xD;
&#xD;
2019-10-11 16:20:47 - [MESSAGE][PASSED] - Object: 'Object Repository/Employee/Employee_Role_And_Task_OR/Task Group_OR/Delete_OR/Delete_RoleInactive_ShouldSucceed/div_Task Group' is clicked on&#xD;
&#xD;
2019-10-11 16:20:47 - [TEST_STEP][PASSED] - delay(1): Delayed 1 second(s)&#xD;
&#xD;
2019-10-11 16:20:48 - [MESSAGE][PASSED] - Delayed 1 second(s)&#xD;
&#xD;
2019-10-11 16:20:48 - [TEST_STEP][PASSED] - click(findTestObject("Object Repository/Employee/Employee_Role_And_Task_OR/Task Group_OR/Delete_OR/Delete_RoleInactive_ShouldSucceed/mat-cell_TVINC")): Object: 'Object Repository/Employee/Employee_Role_And_Task_OR/Task Group_OR/Delete_OR/Delete_RoleInactive_ShouldSucceed/mat-cell_TVINC' is clicked on&#xD;
&#xD;
2019-10-11 16:20:48 - [MESSAGE][PASSED] - Object: 'Object Repository/Employee/Employee_Role_And_Task_OR/Task Group_OR/Delete_OR/Delete_RoleInactive_ShouldSucceed/mat-cell_TVINC' is clicked on&#xD;
&#xD;
2019-10-11 16:20:48 - [TEST_STEP][PASSED] - delay(1): Delayed 1 second(s)&#xD;
&#xD;
2019-10-11 16:20:49 - [MESSAGE][PASSED] - Delayed 1 second(s)&#xD;
&#xD;
2019-10-11 16:20:49 - [TEST_STEP][PASSED] - click(findTestObject("Object Repository/Employee/Employee_Role_And_Task_OR/Task Group_OR/Delete_OR/Delete_RoleInactive_ShouldSucceed/i_delete")): Object: 'Object Repository/Employee/Employee_Role_And_Task_OR/Task Group_OR/Delete_OR/Delete_RoleInactive_ShouldSucceed/i_delete' is clicked on&#xD;
&#xD;
2019-10-11 16:20:50 - [MESSAGE][PASSED] - Object: 'Object Repository/Employee/Employee_Role_And_Task_OR/Task Group_OR/Delete_OR/Delete_RoleInactive_ShouldSucceed/i_delete' is clicked on&#xD;
&#xD;
2019-10-11 16:20:50 - [TEST_STEP][PASSED] - delay(1): Delayed 1 second(s)&#xD;
&#xD;
2019-10-11 16:20:51 - [MESSAGE][PASSED] - Delayed 1 second(s)&#xD;
&#xD;
2019-10-11 16:20:51 - [TEST_STEP][PASSED] - verifyTextPresent("Do you want to delete", false): Text 'Do you want to delete' is present on page &#xD;
&#xD;
2019-10-11 16:20:51 - [MESSAGE][PASSED] - Text 'Do you want to delete' is present on page &#xD;
&#xD;
2019-10-11 16:20:51 - [TEST_STEP][PASSED] - delay(1): Delayed 1 second(s)&#xD;
&#xD;
2019-10-11 16:20:52 - [MESSAGE][PASSED] - Delayed 1 second(s)&#xD;
&#xD;
2019-10-11 16:20:52 - [TEST_STEP][PASSED] - click(findTestObject("Object Repository/Employee/Employee_Role_And_Task_OR/Task Group_OR/Delete_OR/Delete_RoleInactive_ShouldSucceed/button_Ok")): Object: 'Object Repository/Employee/Employee_Role_And_Task_OR/Task Group_OR/Delete_OR/Delete_RoleInactive_ShouldSucceed/button_Ok' is clicked on&#xD;
&#xD;
2019-10-11 16:20:52 - [MESSAGE][PASSED] - Object: 'Object Repository/Employee/Employee_Role_And_Task_OR/Task Group_OR/Delete_OR/Delete_RoleInactive_ShouldSucceed/button_Ok' is clicked on&#xD;
&#xD;
2019-10-11 16:20:52 - [TEST_STEP][PASSED] - delay(1): Delayed 1 second(s)&#xD;
&#xD;
2019-10-11 16:20:53 - [MESSAGE][PASSED] - Delayed 1 second(s)&#xD;
&#xD;
2019-10-11 16:20:53 - [TEST_STEP][FAILED] - verifyTextPresent("deleted successfully", false): Unable to verify text 'deleted successfully' is present  (Root cause: com.kms.katalon.core.exception.StepFailedException: Unable to verify text 'deleted successfully' is present &#xD;
	at com.kms.katalon.core.webui.keyword.internal.WebUIKeywordMain.stepFailed(WebUIKeywordMain.groovy:64)&#xD;
	at com.kms.katalon.core.webui.keyword.internal.WebUIKeywordMain.runKeyword(WebUIKeywordMain.groovy:26)&#xD;
	at com.kms.katalon.core.webui.keyword.builtin.VerifyTextPresentKeyword.verifyTextPresent(VerifyTextPresentKeyword.groovy:83)&#xD;
	at com.kms.katalon.core.webui.keyword.builtin.VerifyTextPresentKeyword.execute(VerifyTextPresentKeyword.groovy:68)&#xD;
	at com.kms.katalon.core.keyword.internal.KeywordExecutor.executeKeywordForPlatform(KeywordExecutor.groovy:56)&#xD;
	at com.kms.katalon.core.webui.keyword.WebUiBuiltInKeywords.verifyTextPresent(WebUiBuiltInKeywords.groovy:1693)&#xD;
	at com.kms.katalon.core.webui.keyword.WebUiBuiltInKeywords$verifyTextPresent$6.call(Unknown Source)&#xD;
	at Delete_RoleInactive_ShouldSucceed.run(Delete_RoleInactive_ShouldSucceed:44)&#xD;
	at com.kms.katalon.core.main.ScriptEngine.run(ScriptEngine.java:194)&#xD;
	at com.kms.katalon.core.main.ScriptEngine.runScriptAsRawText(ScriptEngine.java:119)&#xD;
	at com.kms.katalon.core.main.TestCaseExecutor.runScript(TestCaseExecutor.java:337)&#xD;
	at com.kms.katalon.core.main.TestCaseExecutor.doExecute(TestCaseExecutor.java:328)&#xD;
	at com.kms.katalon.core.main.TestCaseExecutor.processExecutionPhase(TestCaseExecutor.java:307)&#xD;
	at com.kms.katalon.core.main.TestCaseExecutor.accessMainPhase(TestCaseExecutor.java:299)&#xD;
	at com.kms.katalon.core.main.TestCaseExecutor.execute(TestCaseExecutor.java:233)&#xD;
	at com.kms.katalon.core.main.TestSuiteExecutor.accessTestCaseMainPhase(TestSuiteExecutor.java:133)&#xD;
	at com.kms.katalon.core.main.TestSuiteExecutor.accessTestSuiteMainPhase(TestSuiteExecutor.java:116)&#xD;
	at com.kms.katalon.core.main.TestSuiteExecutor.execute(TestSuiteExecutor.java:83)&#xD;
	at com.kms.katalon.core.main.TestCaseMain.startTestSuite(TestCaseMain.java:157)&#xD;
	at com.kms.katalon.core.main.TestCaseMain$startTestSuite$0.call(Unknown Source)&#xD;
	at TempTestSuite1570790696642.run(TempTestSuite1570790696642.groovy:35)&#xD;
Caused by: com.kms.katalon.core.exception.StepFailedException: Text 'deleted successfully' is not present on page &#xD;
	at com.kms.katalon.core.webui.keyword.internal.WebUIKeywordMain.stepFailed(WebUIKeywordMain.groovy:64)&#xD;
	at com.kms.katalon.core.webui.keyword.builtin.VerifyTextPresentKeyword$_verifyTextPresent_closure1.doCall(VerifyTextPresentKeyword.groovy:79)&#xD;
	at com.kms.katalon.core.webui.keyword.builtin.VerifyTextPresentKeyword$_verifyTextPresent_closure1.call(VerifyTextPresentKeyword.groovy)&#xD;
	at com.kms.katalon.core.webui.keyword.internal.WebUIKeywordMain.runKeyword(WebUIKeywordMain.groovy:20)&#xD;
	... 19 more&#xD;
)&#xD;
&#xD;
2019-10-11 16:20:53 - [MESSAGE][FAILED] - Text 'deleted successfully' is not present on page  (Root cause: com.kms.katalon.core.exception.StepFailedException: Text 'deleted successfully' is not present on page &#xD;
	at com.kms.katalon.core.webui.keyword.internal.WebUIKeywordMain.stepFailed(WebUIKeywordMain.groovy:64)&#xD;
	at com.kms.katalon.core.webui.keyword.builtin.VerifyTextPresentKeyword$_verifyTextPresent_closure1.doCall(VerifyTextPresentKeyword.groovy:79)&#xD;
	at com.kms.katalon.core.webui.keyword.builtin.VerifyTextPresentKeyword$_verifyTextPresent_closure1.call(VerifyTextPresentKeyword.groovy)&#xD;
	at com.kms.katalon.core.webui.keyword.internal.WebUIKeywordMain.runKeyword(WebUIKeywordMain.groovy:20)&#xD;
	at com.kms.katalon.core.webui.keyword.builtin.VerifyTextPresentKeyword.verifyTextPresent(VerifyTextPresentKeyword.groovy:83)&#xD;
	at com.kms.katalon.core.webui.keyword.builtin.VerifyTextPresentKeyword.execute(VerifyTextPresentKeyword.groovy:68)&#xD;
	at com.kms.katalon.core.keyword.internal.KeywordExecutor.executeKeywordForPlatform(KeywordExecutor.groovy:56)&#xD;
	at com.kms.katalon.core.webui.keyword.WebUiBuiltInKeywords.verifyTextPresent(WebUiBuiltInKeywords.groovy:1693)&#xD;
	at com.kms.katalon.core.webui.keyword.WebUiBuiltInKeywords$verifyTextPresent$6.call(Unknown Source)&#xD;
	at Delete_RoleInactive_ShouldSucceed.run(Delete_RoleInactive_ShouldSucceed:44)&#xD;
	at com.kms.katalon.core.main.ScriptEngine.run(ScriptEngine.java:194)&#xD;
	at com.kms.katalon.core.main.ScriptEngine.runScriptAsRawText(ScriptEngine.java:119)&#xD;
	at com.kms.katalon.core.main.TestCaseExecutor.runScript(TestCaseExecutor.java:337)&#xD;
	at com.kms.katalon.core.main.TestCaseExecutor.doExecute(TestCaseExecutor.java:328)&#xD;
	at com.kms.katalon.core.main.TestCaseExecutor.processExecutionPhase(TestCaseExecutor.java:307)&#xD;
	at com.kms.katalon.core.main.TestCaseExecutor.accessMainPhase(TestCaseExecutor.java:299)&#xD;
	at com.kms.katalon.core.main.TestCaseExecutor.execute(TestCaseExecutor.java:233)&#xD;
	at com.kms.katalon.core.main.TestSuiteExecutor.accessTestCaseMainPhase(TestSuiteExecutor.java:133)&#xD;
	at com.kms.katalon.core.main.TestSuiteExecutor.accessTestSuiteMainPhase(TestSuiteExecutor.java:116)&#xD;
	at com.kms.katalon.core.main.TestSuiteExecutor.execute(TestSuiteExecutor.java:83)&#xD;
	at com.kms.katalon.core.main.TestCaseMain.startTestSuite(TestCaseMain.java:157)&#xD;
	at com.kms.katalon.core.main.TestCaseMain$startTestSuite$0.call(Unknown Source)&#xD;
	at TempTestSuite1570790696642.run(TempTestSuite1570790696642.groovy:35)&#xD;
)&#xD;
&#xD;
2019-10-11 16:20:53 - [MESSAGE][FAILED] - Unable to verify text 'deleted successfully' is present  (Root cause: com.kms.katalon.core.exception.StepFailedException: Unable to verify text 'deleted successfully' is present &#xD;
	at com.kms.katalon.core.webui.keyword.internal.WebUIKeywordMain.stepFailed(WebUIKeywordMain.groovy:64)&#xD;
	at com.kms.katalon.core.webui.keyword.internal.WebUIKeywordMain.runKeyword(WebUIKeywordMain.groovy:26)&#xD;
	at com.kms.katalon.core.webui.keyword.builtin.VerifyTextPresentKeyword.verifyTextPresent(VerifyTextPresentKeyword.groovy:83)&#xD;
	at com.kms.katalon.core.webui.keyword.builtin.VerifyTextPresentKeyword.execute(VerifyTextPresentKeyword.groovy:68)&#xD;
	at com.kms.katalon.core.keyword.internal.KeywordExecutor.executeKeywordForPlatform(KeywordExecutor.groovy:56)&#xD;
	at com.kms.katalon.core.webui.keyword.WebUiBuiltInKeywords.verifyTextPresent(WebUiBuiltInKeywords.groovy:1693)&#xD;
	at com.kms.katalon.core.webui.keyword.WebUiBuiltInKeywords$verifyTextPresent$6.call(Unknown Source)&#xD;
	at Delete_RoleInactive_ShouldSucceed.run(Delete_RoleInactive_ShouldSucceed:44)&#xD;
	at com.kms.katalon.core.main.ScriptEngine.run(ScriptEngine.java:194)&#xD;
	at com.kms.katalon.core.main.ScriptEngine.runScriptAsRawText(ScriptEngine.java:119)&#xD;
	at com.kms.katalon.core.main.TestCaseExecutor.runScript(TestCaseExecutor.java:337)&#xD;
	at com.kms.katalon.core.main.TestCaseExecutor.doExecute(TestCaseExecutor.java:328)&#xD;
	at com.kms.katalon.core.main.TestCaseExecutor.processExecutionPhase(TestCaseExecutor.java:307)&#xD;
	at com.kms.katalon.core.main.TestCaseExecutor.accessMainPhase(TestCaseExecutor.java:299)&#xD;
	at com.kms.katalon.core.main.TestCaseExecutor.execute(TestCaseExecutor.java:233)&#xD;
	at com.kms.katalon.core.main.TestSuiteExecutor.accessTestCaseMainPhase(TestSuiteExecutor.java:133)&#xD;
	at com.kms.katalon.core.main.TestSuiteExecutor.accessTestSuiteMainPhase(TestSuiteExecutor.java:116)&#xD;
	at com.kms.katalon.core.main.TestSuiteExecutor.execute(TestSuiteExecutor.java:83)&#xD;
	at com.kms.katalon.core.main.TestCaseMain.startTestSuite(TestCaseMain.java:157)&#xD;
	at com.kms.katalon.core.main.TestCaseMain$startTestSuite$0.call(Unknown Source)&#xD;
	at TempTestSuite1570790696642.run(TempTestSuite1570790696642.groovy:35)&#xD;
Caused by: com.kms.katalon.core.exception.StepFailedException: Text 'deleted successfully' is not present on page &#xD;
	at com.kms.katalon.core.webui.keyword.internal.WebUIKeywordMain.stepFailed(WebUIKeywordMain.groovy:64)&#xD;
	at com.kms.katalon.core.webui.keyword.builtin.VerifyTextPresentKeyword$_verifyTextPresent_closure1.doCall(VerifyTextPresentKeyword.groovy:79)&#xD;
	at com.kms.katalon.core.webui.keyword.builtin.VerifyTextPresentKeyword$_verifyTextPresent_closure1.call(VerifyTextPresentKeyword.groovy)&#xD;
	at com.kms.katalon.core.webui.keyword.internal.WebUIKeywordMain.runKeyword(WebUIKeywordMain.groovy:20)&#xD;
	... 19 more&#xD;
)&#xD;
[[ATTACHMENT|C:\\Users\\vinayaka.prabhu\\Katalon Studio\\Unified_Wallet_UI_Test\\Reports\\Complete_Wallet_UI\\Complete_Wallet_UI\\20191011_161456\\1570791053279.png]]</system-out>
            <system-err>2019-10-11 16:20:35 - [TEST_CASE][FAILED] - Test Cases/Employee/Employee_Role_And_Task/Task Group/Delete/Delete_RoleInactive_ShouldSucceed: Test Cases/Employee/Employee_Role_And_Task/Task Group/Delete/Delete_RoleInactive_ShouldSucceed FAILED.
Reason:
com.kms.katalon.core.exception.StepFailedException: Unable to verify text 'deleted successfully' is present &#xD;
	at com.kms.katalon.core.webui.keyword.internal.WebUIKeywordMain.stepFailed(WebUIKeywordMain.groovy:64)&#xD;
	at com.kms.katalon.core.webui.keyword.internal.WebUIKeywordMain.runKeyword(WebUIKeywordMain.groovy:26)&#xD;
	at com.kms.katalon.core.webui.keyword.builtin.VerifyTextPresentKeyword.verifyTextPresent(VerifyTextPresentKeyword.groovy:83)&#xD;
	at com.kms.katalon.core.webui.keyword.builtin.VerifyTextPresentKeyword.execute(VerifyTextPresentKeyword.groovy:68)&#xD;
	at com.kms.katalon.core.keyword.internal.KeywordExecutor.executeKeywordForPlatform(KeywordExecutor.groovy:56)&#xD;
	at com.kms.katalon.core.webui.keyword.WebUiBuiltInKeywords.verifyTextPresent(WebUiBuiltInKeywords.groovy:1693)&#xD;
	at com.kms.katalon.core.webui.keyword.WebUiBuiltInKeywords$verifyTextPresent$6.call(Unknown Source)&#xD;
	at Delete_RoleInactive_ShouldSucceed.run(Delete_RoleInactive_ShouldSucceed:44)&#xD;
	at com.kms.katalon.core.main.ScriptEngine.run(ScriptEngine.java:194)&#xD;
	at com.kms.katalon.core.main.ScriptEngine.runScriptAsRawText(ScriptEngine.java:119)&#xD;
	at com.kms.katalon.core.main.TestCaseExecutor.runScript(TestCaseExecutor.java:337)&#xD;
	at com.kms.katalon.core.main.TestCaseExecutor.doExecute(TestCaseExecutor.java:328)&#xD;
	at com.kms.katalon.core.main.TestCaseExecutor.processExecutionPhase(TestCaseExecutor.java:307)&#xD;
	at com.kms.katalon.core.main.TestCaseExecutor.accessMainPhase(TestCaseExecutor.java:299)&#xD;
	at com.kms.katalon.core.main.TestCaseExecutor.execute(TestCaseExecutor.java:233)&#xD;
	at com.kms.katalon.core.main.TestSuiteExecutor.accessTestCaseMainPhase(TestSuiteExecutor.java:133)&#xD;
	at com.kms.katalon.core.main.TestSuiteExecutor.accessTestSuiteMainPhase(TestSuiteExecutor.java:116)&#xD;
	at com.kms.katalon.core.main.TestSuiteExecutor.execute(TestSuiteExecutor.java:83)&#xD;
	at com.kms.katalon.core.main.TestCaseMain.startTestSuite(TestCaseMain.java:157)&#xD;
	at com.kms.katalon.core.main.TestCaseMain$startTestSuite$0.call(Unknown Source)&#xD;
	at TempTestSuite1570790696642.run(TempTestSuite1570790696642.groovy:35)&#xD;
Caused by: com.kms.katalon.core.exception.StepFailedException: Text 'deleted successfully' is not present on page &#xD;
	at com.kms.katalon.core.webui.keyword.internal.WebUIKeywordMain.stepFailed(WebUIKeywordMain.groovy:64)&#xD;
	at com.kms.katalon.core.webui.keyword.builtin.VerifyTextPresentKeyword$_verifyTextPresent_closure1.doCall(VerifyTextPresentKeyword.groovy:79)&#xD;
	at com.kms.katalon.core.webui.keyword.builtin.VerifyTextPresentKeyword$_verifyTextPresent_closure1.call(VerifyTextPresentKeyword.groovy)&#xD;
	at com.kms.katalon.core.webui.keyword.internal.WebUIKeywordMain.runKeyword(WebUIKeywordMain.groovy:20)&#xD;
	... 19 more</system-err>
        </testcase>
        <system-out>2019-10-11 16:14:59 - [TEST_SUITE][INCOMPLETE] - Complete_Wallet_UI: null</system-out>
        <system-err>2019-10-11 16:14:59 - [TEST_SUITE][INCOMPLETE] - Complete_Wallet_UI: null</system-err>
    </testsuite>
</testsuites>
