<?xml version="1.0" encoding="UTF-8" standalone="yes"?>
<testsuites name="employee testsuite" time="20" tests="1" failures="0" errors="0">
    <testsuite name="employee testsuite" tests="1" failures="0" errors="0" time="20" timestamp="2019-08-28 15:09:42" hostname="vinayaka.prabhu - BLRW-36SF9X2.scientificgames.com" id="Test Suites/Employee/employee testsuite">
        <properties>
            <property name="deviceName" value=""/>
            <property name="devicePlatform" value=""/>
            <property name="logFolder" value="C:\\Users\\vinayaka.prabhu\\Katalon Studio\\Unified_Wallet_UI_Test\\Reports\\Employee\\employee testsuite\\20190828_150940"/>
            <property name="logFiles" value="C:\\Users\\vinayaka.prabhu\\Katalon Studio\\Unified_Wallet_UI_Test\\Reports\\Employee\\employee testsuite\\20190828_150940\\execution0.log"/>
            <property name="attachments" value=""/>
            <property name="hostName" value="vinayaka.prabhu - BLRW-36SF9X2.scientificgames.com"/>
            <property name="os" value="Windows 10 64bit"/>
            <property name="katalonVersion" value="6.2.2.4"/>
            <property name="browser" value="Chrome 76.0.3809.100"/>
            <property name="hostAddress" value="10.2.200.95"/>
            <property name="sessionId" value="c75eeb34cff780b04b3294ac549aeddf"/>
            <property name="seleniumVersion" value="3.141.59"/>
            <property name="proxyInformation" value="ProxyInformation{proxyOption=NO_PROXY, proxyServerType=HTTP, password=, proxyServerAddress=, proxyServerPort=0}"/>
            <property name="platform" value="Windows 10"/>
        </properties>
        <testcase name="Test Cases/Login/AdminLogin_ShouldSucceed" classname="Test Cases/Login/AdminLogin_ShouldSucceed" status="PASSED">
            <system-out>2019-08-28 15:09:43 - [TEST_CASE][PASSED] - Test Cases/Login/AdminLogin_ShouldSucceed: Test Cases/Login/AdminLogin_ShouldSucceed&#xD;
&#xD;
2019-08-28 15:09:43 - [TEST_STEP][PASSED] - openBrowser(""): Browser is opened with url: ''&#xD;
&#xD;
2019-08-28 15:09:43 - [MESSAGE][INFO] - Starting 'Chrome' driver&#xD;
&#xD;
2019-08-28 15:09:43 - [MESSAGE][INFO] - Action delay is set to 1 seconds&#xD;
&#xD;
2019-08-28 15:09:48 - [MESSAGE][PASSED] - Browser is opened with url: ''&#xD;
&#xD;
2019-08-28 15:09:48 - [TEST_STEP][PASSED] - maximizeWindow(): Current window maximized&#xD;
&#xD;
2019-08-28 15:09:51 - [MESSAGE][PASSED] - Current window maximized&#xD;
&#xD;
2019-08-28 15:09:51 - [TEST_STEP][PASSED] - navigateToUrl(login_url): Navigate to 'https://10.2.200.25:8441/login' successfully&#xD;
&#xD;
2019-08-28 15:09:53 - [MESSAGE][PASSED] - Navigate to 'https://10.2.200.25:8441/login' successfully&#xD;
&#xD;
2019-08-28 15:09:53 - [TEST_STEP][PASSED] - setText(findTestObject("Object Repository/Login_OR/AdminLogin_ShouldSucceed/Page_Unified Wallet/input_Sign in_mat-input-0"), username_admin): Text 'admin' is set on object 'Object Repository/Login_OR/AdminLogin_ShouldSucceed/Page_Unified Wallet/input_Sign in_mat-input-0'&#xD;
&#xD;
2019-08-28 15:09:56 - [MESSAGE][PASSED] - Text 'admin' is set on object 'Object Repository/Login_OR/AdminLogin_ShouldSucceed/Page_Unified Wallet/input_Sign in_mat-input-0'&#xD;
&#xD;
2019-08-28 15:09:56 - [TEST_STEP][PASSED] - setEncryptedText(findTestObject("Object Repository/Login_OR/AdminLogin_ShouldSucceed/Page_Unified Wallet/input_Username_mat-input-1"), username_admins_Password): Text ****** has been set on object 'Object Repository/Login_OR/AdminLogin_ShouldSucceed/Page_Unified Wallet/input_Username_mat-input-1'&#xD;
&#xD;
2019-08-28 15:09:59 - [MESSAGE][PASSED] - Text ****** has been set on object 'Object Repository/Login_OR/AdminLogin_ShouldSucceed/Page_Unified Wallet/input_Username_mat-input-1'&#xD;
&#xD;
2019-08-28 15:09:59 - [TEST_STEP][PASSED] - click(findTestObject("Object Repository/Login_OR/AdminLogin_ShouldSucceed/Page_Unified Wallet/button_Login")): Object: 'Object Repository/Login_OR/AdminLogin_ShouldSucceed/Page_Unified Wallet/button_Login' is clicked on&#xD;
&#xD;
2019-08-28 15:10:01 - [MESSAGE][PASSED] - Object: 'Object Repository/Login_OR/AdminLogin_ShouldSucceed/Page_Unified Wallet/button_Login' is clicked on&#xD;
&#xD;
2019-08-28 15:10:01 - [TEST_STEP][PASSED] - closeBrowser(): Browser is closed&#xD;
&#xD;
2019-08-28 15:10:03 - [MESSAGE][PASSED] - Browser is closed</system-out>
            <system-err></system-err>
        </testcase>
        <system-out>2019-08-28 15:09:42 - [TEST_SUITE][INCOMPLETE] - employee testsuite: null</system-out>
        <system-err>2019-08-28 15:09:42 - [TEST_SUITE][INCOMPLETE] - employee testsuite: null</system-err>
    </testsuite>
</testsuites>
